[2023-10-03 15:49:02.385] [info] Kempe type: Projective
[2023-10-03 15:49:02.393] [info] Vertex size: 32, Edge size: 55, Ring size: 14
[2023-10-03 15:49:05.500] [info] Started D-reducibility check
[2023-10-03 15:49:05.500] [info] #1: Feasible / Total: 21292 / 199291
[2023-10-03 15:50:57.557] [info] #2: Feasible / Total: 28752 / 199291
[2023-10-03 15:51:19.614] [info] #3: Feasible / Total: 32890 / 199291
[2023-10-03 15:51:34.879] [info] #4: Feasible / Total: 34993 / 199291
[2023-10-03 15:51:47.626] [info] #5: Feasible / Total: 36348 / 199291
[2023-10-03 15:51:58.000] [info] #6: Feasible / Total: 37340 / 199291
[2023-10-03 15:52:08.610] [info] #7: Feasible / Total: 38195 / 199291
[2023-10-03 15:52:21.393] [info] #8: Feasible / Total: 39153 / 199291
[2023-10-03 15:52:32.071] [info] #9: Feasible / Total: 40147 / 199291
[2023-10-03 15:52:43.853] [info] #10: Feasible / Total: 41394 / 199291
[2023-10-03 15:52:54.333] [info] #11: Feasible / Total: 43209 / 199291
[2023-10-03 15:53:10.507] [info] #12: Feasible / Total: 46126 / 199291
[2023-10-03 15:53:31.636] [info] #13: Feasible / Total: 50466 / 199291
[2023-10-03 15:54:05.442] [info] #14: Feasible / Total: 57210 / 199291
[2023-10-03 15:54:55.967] [info] #15: Feasible / Total: 68225 / 199291
[2023-10-03 15:56:07.391] [info] #16: Feasible / Total: 88275 / 199291
[2023-10-03 15:57:25.283] [info] #17: Feasible / Total: 120294 / 199291
[2023-10-03 15:58:17.359] [info] #18: Feasible / Total: 160800 / 199291
[2023-10-03 15:58:22.216] [info] #19: Feasible / Total: 168632 / 199291
[2023-10-03 15:58:22.820] [info] #19: Feasible / Total: 168632 / 199291
[2023-10-03 15:58:22.820] [info] Graph is not D-reducible.
[2023-10-03 15:58:22.876] [info] Started C-reducibility check
[2023-10-03 16:00:01.845] [info] Trying 21299021 possible contractions
[2023-10-03 16:00:01.845] [info] [0/21299021] Starting contraction of size 1
[2023-10-03 16:00:02.405] [info] All colors passed! Contracted: 16
[2023-10-03 16:00:02.405] [info] Graph is C-reducible!
