[2023-10-01 10:31:59.047] [info] Kempe type: Projective
[2023-10-01 10:31:59.047] [info] Vertex size: 36, Edge size: 61, Ring size: 14
[2023-10-01 10:32:00.818] [info] Started D-reducibility check
[2023-10-01 10:32:00.818] [info] #1: Feasible / Total: 29102 / 199291
[2023-10-01 10:33:11.952] [info] #2: Feasible / Total: 62712 / 199291
[2023-10-01 10:33:57.377] [info] #3: Feasible / Total: 93502 / 199291
[2023-10-01 10:34:32.171] [info] #4: Feasible / Total: 132179 / 199291
[2023-10-01 10:34:41.780] [info] #5: Feasible / Total: 146387 / 199291
[2023-10-01 10:34:43.616] [info] #6: Feasible / Total: 147608 / 199291
[2023-10-01 10:34:44.567] [info] #7: Feasible / Total: 148094 / 199291
[2023-10-01 10:34:45.233] [info] #8: Feasible / Total: 148267 / 199291
[2023-10-01 10:34:45.843] [info] #9: Feasible / Total: 148290 / 199291
[2023-10-01 10:34:46.438] [info] #10: Feasible / Total: 148295 / 199291
[2023-10-01 10:34:46.909] [info] #10: Feasible / Total: 148295 / 199291
[2023-10-01 10:34:46.909] [info] Graph is not D-reducible.
[2023-10-01 10:34:46.936] [info] Started C-reducibility check
[2023-10-01 10:43:53.231] [info] Trying 3911222 possible contractions
[2023-10-01 10:43:53.231] [info] [0/3911222] Starting contraction of size 1
[2023-10-01 10:44:39.440] [info] All colors passed! Contracted: 16
[2023-10-01 10:44:39.440] [info] Graph is C-reducible!
