[2023-09-30 16:28:17.980] [info] Kempe type: Projective
[2023-09-30 16:28:17.980] [info] Vertex size: 25, Edge size: 43, Ring size: 11
[2023-09-30 16:28:18.074] [info] Started D-reducibility check
[2023-09-30 16:28:18.075] [info] #1: Feasible / Total: 1506 / 7381
[2023-09-30 16:28:18.756] [info] #2: Feasible / Total: 2204 / 7381
[2023-09-30 16:28:19.045] [info] #3: Feasible / Total: 2631 / 7381
[2023-09-30 16:28:19.351] [info] #4: Feasible / Total: 3391 / 7381
[2023-09-30 16:28:19.692] [info] #5: Feasible / Total: 4478 / 7381
[2023-09-30 16:28:19.913] [info] #6: Feasible / Total: 5344 / 7381
[2023-09-30 16:28:19.976] [info] #7: Feasible / Total: 5530 / 7381
[2023-09-30 16:28:20.004] [info] #8: Feasible / Total: 5566 / 7381
[2023-09-30 16:28:20.031] [info] #8: Feasible / Total: 5566 / 7381
[2023-09-30 16:28:20.031] [info] Graph is not D-reducible.
[2023-09-30 16:28:20.032] [info] Started C-reducibility check
[2023-09-30 16:28:22.227] [info] Trying 220501 possible contractions
[2023-09-30 16:28:22.227] [info] [0/220501] Starting contraction of size 1
[2023-09-30 16:28:22.759] [info] [32/220501] Starting contraction of size 2
[2023-09-30 16:28:29.852] [info] [475/220501] Starting contraction of size 3
[2023-09-30 16:29:04.236] [info] [3976/220501] Starting contraction of size 4
[2023-09-30 16:30:49.179] [info] [21563/220501] Starting contraction of size 5
[2023-09-30 16:35:16.938] [info] [80931/220501] Starting contraction of size 6
[2023-09-30 16:37:06.744] [info] All colors passed! Contracted: 20, 21, 25, 28, 34, 39
[2023-09-30 16:37:06.744] [info] Graph is C-reducible!
