[2023-09-30 14:52:46.405] [info] Kempe type: Projective
[2023-09-30 14:52:46.405] [info] Vertex size: 23, Edge size: 40, Ring size: 11
[2023-09-30 14:52:46.419] [info] Started D-reducibility check
[2023-09-30 14:52:46.419] [info] #1: Feasible / Total: 1314 / 7381
[2023-09-30 14:52:46.839] [info] #2: Feasible / Total: 1958 / 7381
[2023-09-30 14:52:46.938] [info] #3: Feasible / Total: 2369 / 7381
[2023-09-30 14:52:47.105] [info] #4: Feasible / Total: 2817 / 7381
[2023-09-30 14:52:47.274] [info] #5: Feasible / Total: 3402 / 7381
[2023-09-30 14:52:47.479] [info] #6: Feasible / Total: 4098 / 7381
[2023-09-30 14:52:47.623] [info] #7: Feasible / Total: 5086 / 7381
[2023-09-30 14:52:47.686] [info] #8: Feasible / Total: 5543 / 7381
[2023-09-30 14:52:47.705] [info] #9: Feasible / Total: 5553 / 7381
[2023-09-30 14:52:47.711] [info] #9: Feasible / Total: 5553 / 7381
[2023-09-30 14:52:47.711] [info] Graph is not D-reducible.
[2023-09-30 14:52:47.713] [info] Started C-reducibility check
[2023-09-30 14:52:48.129] [info] Trying 105765 possible contractions
[2023-09-30 14:52:48.129] [info] [0/105765] Starting contraction of size 1
[2023-09-30 14:52:48.701] [info] [29/105765] Starting contraction of size 2
[2023-09-30 14:52:54.255] [info] [388/105765] Starting contraction of size 3
[2023-09-30 14:53:00.059] [info] All colors passed! Contracted: 12, 16, 36
[2023-09-30 14:53:00.059] [info] Graph is C-reducible!
