[2023-10-02 21:50:37.614] [info] Kempe type: Projective
[2023-10-02 21:50:37.615] [info] Vertex size: 32, Edge size: 55, Ring size: 14
[2023-10-02 21:50:38.046] [info] Started D-reducibility check
[2023-10-02 21:50:38.047] [info] #1: Feasible / Total: 20606 / 199291
[2023-10-02 21:51:37.406] [info] #2: Feasible / Total: 30213 / 199291
[2023-10-02 21:52:17.309] [info] #3: Feasible / Total: 36771 / 199291
[2023-10-02 21:52:48.841] [info] #4: Feasible / Total: 41281 / 199291
[2023-10-02 21:53:18.223] [info] #5: Feasible / Total: 46812 / 199291
[2023-10-02 21:54:05.484] [info] #6: Feasible / Total: 55436 / 199291
[2023-10-02 21:54:58.750] [info] #7: Feasible / Total: 67467 / 199291
[2023-10-02 21:56:09.231] [info] #8: Feasible / Total: 86549 / 199291
[2023-10-02 21:57:23.588] [info] #9: Feasible / Total: 114066 / 199291
[2023-10-02 21:58:08.829] [info] #10: Feasible / Total: 137429 / 199291
[2023-10-02 21:58:35.326] [info] #11: Feasible / Total: 155014 / 199291
[2023-10-02 21:58:43.629] [info] #12: Feasible / Total: 160082 / 199291
[2023-10-02 21:58:44.701] [info] #13: Feasible / Total: 160231 / 199291
[2023-10-02 21:58:45.499] [info] #14: Feasible / Total: 160243 / 199291
[2023-10-02 21:58:46.288] [info] #15: Feasible / Total: 160247 / 199291
[2023-10-02 21:58:47.046] [info] #15: Feasible / Total: 160247 / 199291
[2023-10-02 21:58:47.046] [info] Graph is not D-reducible.
[2023-10-02 21:58:47.109] [info] Started C-reducibility check
[2023-10-02 21:59:59.533] [info] Trying 1463361 possible contractions
[2023-10-02 21:59:59.533] [info] [0/1463361] Starting contraction of size 1
[2023-10-02 22:00:19.723] [info] [41/1463361] Starting contraction of size 2
[2023-10-02 22:05:14.448] [info] [793/1463361] Starting contraction of size 3
[2023-10-02 22:41:27.859] [info] [8968/1463361] Starting contraction of size 4
[2023-10-03 02:35:20.608] [info] [67849/1463361] Starting contraction of size 5
[2023-10-03 16:38:58.785] [info] [365768/1463361] Starting contraction of size 6
[2023-10-03 17:00:32.396] [info] All colors passed! Contracted: 21, 24, 28, 32, 35, 49
[2023-10-03 17:00:32.396] [info] Graph is C-reducible!
