[2023-10-01 00:58:46.308] [info] Kempe type: Projective
[2023-10-01 00:58:46.308] [info] Vertex size: 35, Edge size: 60, Ring size: 15
[2023-10-01 00:58:48.168] [info] Started D-reducibility check
[2023-10-01 00:58:48.168] [info] #1: Feasible / Total: 57449 / 597871
[2023-10-01 01:05:50.824] [info] #2: Feasible / Total: 82018 / 597871
[2023-10-01 01:09:39.380] [info] #3: Feasible / Total: 101131 / 597871
[2023-10-01 01:12:31.883] [info] #4: Feasible / Total: 120288 / 597871
[2023-10-01 01:15:26.204] [info] #5: Feasible / Total: 141413 / 597871
[2023-10-01 01:18:46.663] [info] #6: Feasible / Total: 165497 / 597871
[2023-10-01 01:22:39.624] [info] #7: Feasible / Total: 197764 / 597871
[2023-10-01 01:27:55.689] [info] #8: Feasible / Total: 252774 / 597871
[2023-10-01 01:33:57.881] [info] #9: Feasible / Total: 342343 / 597871
[2023-10-01 01:37:51.380] [info] #10: Feasible / Total: 428519 / 597871
[2023-10-01 01:38:39.150] [info] #11: Feasible / Total: 457748 / 597871
[2023-10-01 01:38:43.732] [info] #12: Feasible / Total: 459282 / 597871
[2023-10-01 01:38:45.720] [info] #12: Feasible / Total: 459282 / 597871
[2023-10-01 01:38:45.720] [info] Graph is not D-reducible.
[2023-10-01 01:38:45.857] [info] Started C-reducibility check
[2023-10-01 01:43:16.449] [info] Trying 2912732 possible contractions
[2023-10-01 01:43:16.449] [info] [0/2912732] Starting contraction of size 1
[2023-10-01 01:44:27.573] [info] [45/2912732] Starting contraction of size 2
[2023-10-01 02:02:45.285] [info] [960/2912732] Starting contraction of size 3
[2023-10-01 04:14:32.479] [info] All colors passed! Contracted: 46, 48, 59
[2023-10-01 04:14:32.479] [info] Graph is C-reducible!
