[2023-10-04 10:10:41.725] [info] Kempe type: Projective
[2023-10-04 10:10:41.750] [info] Vertex size: 31, Edge size: 53, Ring size: 13
[2023-10-04 10:10:42.336] [info] Started D-reducibility check
[2023-10-04 10:10:42.336] [info] #1: Feasible / Total: 9493 / 66430
[2023-10-04 10:10:50.924] [info] #2: Feasible / Total: 12692 / 66430
[2023-10-04 10:10:54.382] [info] #3: Feasible / Total: 15227 / 66430
[2023-10-04 10:10:57.210] [info] #4: Feasible / Total: 17524 / 66430
[2023-10-04 10:10:59.058] [info] #5: Feasible / Total: 19171 / 66430
[2023-10-04 10:11:00.779] [info] #6: Feasible / Total: 20482 / 66430
[2023-10-04 10:11:02.169] [info] #7: Feasible / Total: 21674 / 66430
[2023-10-04 10:11:03.389] [info] #8: Feasible / Total: 22803 / 66430
[2023-10-04 10:11:04.531] [info] #9: Feasible / Total: 23897 / 66430
[2023-10-04 10:11:05.628] [info] #10: Feasible / Total: 24877 / 66430
[2023-10-04 10:11:07.387] [info] #11: Feasible / Total: 26455 / 66430
[2023-10-04 10:11:09.059] [info] #12: Feasible / Total: 28598 / 66430
[2023-10-04 10:11:10.171] [info] #13: Feasible / Total: 30598 / 66430
[2023-10-04 10:11:12.223] [info] #14: Feasible / Total: 33672 / 66430
[2023-10-04 10:11:12.973] [info] #15: Feasible / Total: 35727 / 66430
[2023-10-04 10:11:13.228] [info] #16: Feasible / Total: 35791 / 66430
[2023-10-04 10:11:13.467] [info] #17: Feasible / Total: 35812 / 66430
[2023-10-04 10:11:13.699] [info] #18: Feasible / Total: 35820 / 66430
[2023-10-04 10:11:13.929] [info] #19: Feasible / Total: 35827 / 66430
[2023-10-04 10:11:14.161] [info] #19: Feasible / Total: 35827 / 66430
[2023-10-04 10:11:14.161] [info] Graph is not D-reducible.
[2023-10-04 10:11:14.170] [info] Started C-reducibility check
[2023-10-04 10:12:03.534] [info] Trying 15257459 possible contractions
[2023-10-04 10:12:03.542] [info] [0/15257459] Starting contraction of size 1
[2023-10-04 10:12:03.794] [info] All colors passed! Contracted: 26
[2023-10-04 10:12:03.802] [info] Graph is C-reducible!
