[2023-10-07 16:46:20.318] [info] Kempe type: Projective
[2023-10-07 16:46:20.318] [info] Vertex size: 43, Edge size: 73, Ring size: 17
[2023-10-07 16:46:52.650] [info] Started D-reducibility check
[2023-10-07 16:46:52.650] [info] #1: Feasible / Total: 429114 / 5380840
[2023-10-07 20:38:53.694] [info] #2: Feasible / Total: 826066 / 5380840
[2023-10-08 00:08:58.675] [info] #3: Feasible / Total: 1252838 / 5380840
[2023-10-08 03:31:52.294] [info] #4: Feasible / Total: 1744107 / 5380840
[2023-10-08 07:31:24.049] [info] #5: Feasible / Total: 2417028 / 5380840
[2023-10-08 12:25:59.816] [info] #6: Feasible / Total: 3467651 / 5380840
[2023-10-08 14:30:17.467] [info] #7: Feasible / Total: 4505565 / 5380840
[2023-10-08 14:41:58.746] [info] #8: Feasible / Total: 4559980 / 5380840
[2023-10-08 14:43:19.516] [info] #9: Feasible / Total: 4562311 / 5380840
[2023-10-08 14:43:54.201] [info] #10: Feasible / Total: 4562338 / 5380840
[2023-10-08 14:44:27.612] [info] #10: Feasible / Total: 4562338 / 5380840
[2023-10-08 14:44:27.612] [info] Graph is not D-reducible.
[2023-10-08 14:44:29.253] [info] Started C-reducibility check
[2023-10-08 23:07:58.498] [info] Trying 13988135 possible contractions
[2023-10-08 23:07:58.498] [info] [0/13988135] Starting contraction of size 1
[2023-10-08 23:31:43.581] [info] [56/13988135] Starting contraction of size 2
[2023-10-08 23:42:41.267] [info] All colors passed! Contracted: 42, 45
[2023-10-08 23:42:41.267] [info] Graph is C-reducible!
