[2023-09-30 16:50:13.058] [info] Kempe type: Projective
[2023-09-30 16:50:13.058] [info] Vertex size: 29, Edge size: 50, Ring size: 13
[2023-09-30 16:50:13.383] [info] Started D-reducibility check
[2023-09-30 16:50:13.383] [info] #1: Feasible / Total: 8492 / 66430
[2023-09-30 16:50:23.191] [info] #2: Feasible / Total: 11874 / 66430
[2023-09-30 16:50:26.893] [info] #3: Feasible / Total: 13502 / 66430
[2023-09-30 16:50:29.451] [info] #4: Feasible / Total: 14639 / 66430
[2023-09-30 16:50:31.489] [info] #5: Feasible / Total: 15500 / 66430
[2023-09-30 16:50:33.884] [info] #6: Feasible / Total: 16480 / 66430
[2023-09-30 16:50:36.565] [info] #7: Feasible / Total: 17814 / 66430
[2023-09-30 16:50:38.685] [info] #8: Feasible / Total: 19429 / 66430
[2023-09-30 16:50:41.157] [info] #9: Feasible / Total: 21422 / 66430
[2023-09-30 16:50:44.947] [info] #10: Feasible / Total: 24350 / 66430
[2023-09-30 16:50:48.762] [info] #11: Feasible / Total: 28397 / 66430
[2023-09-30 16:50:52.426] [info] #12: Feasible / Total: 33893 / 66430
[2023-09-30 16:50:55.558] [info] #13: Feasible / Total: 39072 / 66430
[2023-09-30 16:50:57.297] [info] #14: Feasible / Total: 41764 / 66430
[2023-09-30 16:50:57.757] [info] #15: Feasible / Total: 42465 / 66430
[2023-09-30 16:50:58.114] [info] #16: Feasible / Total: 42473 / 66430
[2023-09-30 16:50:58.279] [info] #16: Feasible / Total: 42473 / 66430
[2023-09-30 16:50:58.279] [info] Graph is not D-reducible.
[2023-09-30 16:50:58.289] [info] Started C-reducibility check
[2023-09-30 16:51:08.822] [info] Trying 678884 possible contractions
[2023-09-30 16:51:08.823] [info] [0/678884] Starting contraction of size 1
[2023-09-30 16:51:15.595] [info] [37/678884] Starting contraction of size 2
[2023-09-30 16:52:48.507] [info] [642/678884] Starting contraction of size 3
[2023-09-30 16:53:50.394] [info] All colors passed! Contracted: 29, 35, 48
[2023-09-30 16:53:50.394] [info] Graph is C-reducible!
