[2023-10-02 21:50:37.793] [info] Kempe type: Projective
[2023-10-02 21:50:37.798] [info] Vertex size: 33, Edge size: 56, Ring size: 13
[2023-10-02 21:50:39.881] [info] Started D-reducibility check
[2023-10-02 21:50:39.881] [info] #1: Feasible / Total: 10707 / 66430
[2023-10-02 21:51:09.606] [info] #2: Feasible / Total: 15576 / 66430
[2023-10-02 21:51:29.208] [info] #3: Feasible / Total: 20803 / 66430
[2023-10-02 21:51:35.395] [info] #4: Feasible / Total: 24996 / 66430
[2023-10-02 21:51:39.214] [info] #5: Feasible / Total: 27713 / 66430
[2023-10-02 21:51:43.294] [info] #6: Feasible / Total: 30450 / 66430
[2023-10-02 21:51:46.496] [info] #7: Feasible / Total: 33780 / 66430
[2023-10-02 21:51:48.001] [info] #8: Feasible / Total: 35744 / 66430
[2023-10-02 21:51:48.714] [info] #9: Feasible / Total: 36416 / 66430
[2023-10-02 21:51:49.178] [info] #10: Feasible / Total: 36440 / 66430
[2023-10-02 21:51:49.594] [info] #11: Feasible / Total: 36443 / 66430
[2023-10-02 21:51:50.013] [info] #11: Feasible / Total: 36443 / 66430
[2023-10-02 21:51:50.026] [info] Graph is not D-reducible.
[2023-10-02 21:51:50.049] [info] Started C-reducibility check
[2023-10-02 21:55:17.781] [info] Trying 2029778 possible contractions
[2023-10-02 21:55:17.790] [info] [0/2029778] Starting contraction of size 1
[2023-10-02 21:55:47.271] [info] [43/2029778] Starting contraction of size 2
[2023-10-02 22:02:39.533] [info] [873/2029778] Starting contraction of size 3
[2023-10-02 22:44:00.455] [info] [10406/2029778] Starting contraction of size 4
[2023-10-03 02:58:50.888] [info] [83274/2029778] Starting contraction of size 5
[2023-10-03 19:19:56.216] [info] [476493/2029778] Starting contraction of size 6
[2023-10-05 22:49:30.866] [info] All colors passed! Contracted: 16, 34, 36, 38, 45, 52
[2023-10-05 22:49:30.867] [info] Graph is C-reducible!
