[2023-09-30 14:52:46.425] [info] Kempe type: Projective
[2023-09-30 14:52:46.425] [info] Vertex size: 23, Edge size: 40, Ring size: 11
[2023-09-30 14:52:46.458] [info] Started D-reducibility check
[2023-09-30 14:52:46.458] [info] #1: Feasible / Total: 1346 / 7381
[2023-09-30 14:52:46.974] [info] #2: Feasible / Total: 1576 / 7381
[2023-09-30 14:52:47.164] [info] #3: Feasible / Total: 1667 / 7381
[2023-09-30 14:52:47.292] [info] #4: Feasible / Total: 1721 / 7381
[2023-09-30 14:52:47.394] [info] #5: Feasible / Total: 1770 / 7381
[2023-09-30 14:52:47.531] [info] #6: Feasible / Total: 1819 / 7381
[2023-09-30 14:52:47.644] [info] #7: Feasible / Total: 1879 / 7381
[2023-09-30 14:52:47.756] [info] #8: Feasible / Total: 1922 / 7381
[2023-09-30 14:52:47.841] [info] #9: Feasible / Total: 1954 / 7381
[2023-09-30 14:52:47.969] [info] #10: Feasible / Total: 1990 / 7381
[2023-09-30 14:52:48.078] [info] #11: Feasible / Total: 2037 / 7381
[2023-09-30 14:52:48.209] [info] #12: Feasible / Total: 2128 / 7381
[2023-09-30 14:52:48.397] [info] #13: Feasible / Total: 2268 / 7381
[2023-09-30 14:52:48.639] [info] #14: Feasible / Total: 2575 / 7381
[2023-09-30 14:52:48.880] [info] #15: Feasible / Total: 3091 / 7381
[2023-09-30 14:52:49.081] [info] #16: Feasible / Total: 3676 / 7381
[2023-09-30 14:52:49.395] [info] #17: Feasible / Total: 4480 / 7381
[2023-09-30 14:52:49.616] [info] #18: Feasible / Total: 5065 / 7381
[2023-09-30 14:52:49.695] [info] #19: Feasible / Total: 5119 / 7381
[2023-09-30 14:52:49.727] [info] #20: Feasible / Total: 5120 / 7381
[2023-09-30 14:52:49.747] [info] #20: Feasible / Total: 5120 / 7381
[2023-09-30 14:52:49.747] [info] Graph is not D-reducible.
[2023-09-30 14:52:49.748] [info] Started C-reducibility check
[2023-09-30 14:52:50.581] [info] Trying 105758 possible contractions
[2023-09-30 14:52:50.581] [info] [0/105758] Starting contraction of size 1
[2023-09-30 14:52:51.528] [info] [29/105758] Starting contraction of size 2
[2023-09-30 14:53:00.117] [info] [388/105758] Starting contraction of size 3
[2023-09-30 14:53:04.133] [info] All colors passed! Contracted: 17, 36, 37
[2023-09-30 14:53:04.133] [info] Graph is C-reducible!
