[2023-09-30 23:27:32.378] [info] Kempe type: Projective
[2023-09-30 23:27:32.378] [info] Vertex size: 31, Edge size: 53, Ring size: 13
[2023-09-30 23:27:32.586] [info] Started D-reducibility check
[2023-09-30 23:27:32.586] [info] #1: Feasible / Total: 9443 / 66430
[2023-09-30 23:27:44.456] [info] #2: Feasible / Total: 14441 / 66430
[2023-09-30 23:27:47.842] [info] #3: Feasible / Total: 16538 / 66430
[2023-09-30 23:27:50.555] [info] #4: Feasible / Total: 18493 / 66430
[2023-09-30 23:27:53.752] [info] #5: Feasible / Total: 21556 / 66430
[2023-09-30 23:27:57.751] [info] #6: Feasible / Total: 26535 / 66430
[2023-09-30 23:28:05.022] [info] #7: Feasible / Total: 34036 / 66430
[2023-09-30 23:28:10.415] [info] #8: Feasible / Total: 44039 / 66430
[2023-09-30 23:28:11.887] [info] #9: Feasible / Total: 50434 / 66430
[2023-09-30 23:28:12.018] [info] #10: Feasible / Total: 50662 / 66430
[2023-09-30 23:28:12.123] [info] #10: Feasible / Total: 50662 / 66430
[2023-09-30 23:28:12.123] [info] Graph is not D-reducible.
[2023-09-30 23:28:12.132] [info] Started C-reducibility check
[2023-09-30 23:28:41.932] [info] Trying 1200171 possible contractions
[2023-09-30 23:28:41.932] [info] [0/1200171] Starting contraction of size 1
[2023-09-30 23:28:44.339] [info] All colors passed! Contracted: 36
[2023-09-30 23:28:44.339] [info] Graph is C-reducible!
