[2023-10-03 15:49:02.308] [info] Kempe type: Projective
[2023-10-03 15:49:02.318] [info] Vertex size: 34, Edge size: 58, Ring size: 14
[2023-10-03 15:49:05.321] [info] Started D-reducibility check
[2023-10-03 15:49:05.322] [info] #1: Feasible / Total: 25342 / 199291
[2023-10-03 15:52:04.663] [info] #2: Feasible / Total: 42292 / 199291
[2023-10-03 15:53:16.446] [info] #3: Feasible / Total: 54828 / 199291
[2023-10-03 15:54:18.924] [info] #4: Feasible / Total: 67553 / 199291
[2023-10-03 15:55:32.101] [info] #5: Feasible / Total: 84763 / 199291
[2023-10-03 15:56:42.909] [info] #6: Feasible / Total: 107547 / 199291
[2023-10-03 15:57:43.786] [info] #7: Feasible / Total: 132061 / 199291
[2023-10-03 15:58:09.189] [info] #8: Feasible / Total: 145596 / 199291
[2023-10-03 15:58:14.972] [info] #9: Feasible / Total: 147865 / 199291
[2023-10-03 15:58:16.362] [info] #10: Feasible / Total: 147972 / 199291
[2023-10-03 15:58:17.525] [info] #11: Feasible / Total: 147974 / 199291
[2023-10-03 15:58:18.996] [info] #11: Feasible / Total: 147974 / 199291
[2023-10-03 15:58:18.996] [info] Graph is not D-reducible.
[2023-10-03 15:58:19.098] [info] Started C-reducibility check
[2023-10-03 16:03:32.774] [info] Trying 48583065 possible contractions
[2023-10-03 16:03:32.774] [info] [0/48583065] Starting contraction of size 1
[2023-10-03 16:04:12.372] [info] [44/48583065] Starting contraction of size 2
[2023-10-03 16:14:23.001] [info] [916/48583065] Starting contraction of size 3
[2023-10-03 17:25:15.838] [info] [11237/48583065] Starting contraction of size 4
[2023-10-04 01:42:40.429] [info] [92857/48583065] Starting contraction of size 5
[2023-10-05 14:15:32.977] [info] [550433/48583065] Starting contraction of size 6
[2023-10-07 06:13:18.804] [info] All colors passed! Contracted: 17, 30, 36, 40, 44, 48
[2023-10-07 06:13:18.804] [info] Graph is C-reducible!
