[2023-09-30 14:52:46.460] [info] Kempe type: Projective
[2023-09-30 14:52:46.460] [info] Vertex size: 26, Edge size: 45, Ring size: 12
[2023-09-30 14:52:46.709] [info] Started D-reducibility check
[2023-09-30 14:52:46.709] [info] #1: Feasible / Total: 3308 / 22144
[2023-09-30 14:52:49.859] [info] #2: Feasible / Total: 5475 / 22144
[2023-09-30 14:52:50.433] [info] #3: Feasible / Total: 6517 / 22144
[2023-09-30 14:52:50.777] [info] #4: Feasible / Total: 7380 / 22144
[2023-09-30 14:52:51.344] [info] #5: Feasible / Total: 8373 / 22144
[2023-09-30 14:52:52.288] [info] #6: Feasible / Total: 9787 / 22144
[2023-09-30 14:52:53.500] [info] #7: Feasible / Total: 12266 / 22144
[2023-09-30 14:52:54.349] [info] #8: Feasible / Total: 14434 / 22144
[2023-09-30 14:52:54.600] [info] #9: Feasible / Total: 15204 / 22144
[2023-09-30 14:52:54.663] [info] #10: Feasible / Total: 15359 / 22144
[2023-09-30 14:52:54.708] [info] #10: Feasible / Total: 15359 / 22144
[2023-09-30 14:52:54.708] [info] Graph is not D-reducible.
[2023-09-30 14:52:54.712] [info] Started C-reducibility check
[2023-09-30 14:52:56.352] [info] Trying 285050 possible contractions
[2023-09-30 14:52:56.352] [info] [0/285050] Starting contraction of size 1
[2023-09-30 14:52:58.663] [info] [33/285050] Starting contraction of size 2
[2023-09-30 14:53:22.044] [info] [507/285050] Starting contraction of size 3
[2023-09-30 14:53:40.584] [info] All colors passed! Contracted: 20, 29, 31
[2023-09-30 14:53:40.584] [info] Graph is C-reducible!
