[2023-10-04 10:10:41.733] [info] Kempe type: Projective
[2023-10-04 10:10:41.733] [info] Vertex size: 34, Edge size: 58, Ring size: 14
[2023-10-04 10:10:43.558] [info] Started D-reducibility check
[2023-10-04 10:10:43.558] [info] #1: Feasible / Total: 23106 / 199291
[2023-10-04 10:12:55.909] [info] #2: Feasible / Total: 32286 / 199291
[2023-10-04 10:13:26.290] [info] #3: Feasible / Total: 36011 / 199291
[2023-10-04 10:13:48.860] [info] #4: Feasible / Total: 38647 / 199291
[2023-10-04 10:14:06.224] [info] #5: Feasible / Total: 40966 / 199291
[2023-10-04 10:14:24.112] [info] #6: Feasible / Total: 43401 / 199291
[2023-10-04 10:14:44.419] [info] #7: Feasible / Total: 46755 / 199291
[2023-10-04 10:15:13.423] [info] #8: Feasible / Total: 51726 / 199291
[2023-10-04 10:15:49.595] [info] #9: Feasible / Total: 58546 / 199291
[2023-10-04 10:16:24.436] [info] #10: Feasible / Total: 68227 / 199291
[2023-10-04 10:17:03.315] [info] #11: Feasible / Total: 80062 / 199291
[2023-10-04 10:17:57.220] [info] #12: Feasible / Total: 95717 / 199291
[2023-10-04 10:18:56.486] [info] #13: Feasible / Total: 118476 / 199291
[2023-10-04 10:19:17.272] [info] #14: Feasible / Total: 134931 / 199291
[2023-10-04 10:19:19.266] [info] #15: Feasible / Total: 136013 / 199291
[2023-10-04 10:19:20.812] [info] #16: Feasible / Total: 136015 / 199291
[2023-10-04 10:19:22.568] [info] #16: Feasible / Total: 136015 / 199291
[2023-10-04 10:19:22.568] [info] Graph is not D-reducible.
[2023-10-04 10:19:22.649] [info] Started C-reducibility check
[2023-10-04 10:24:38.951] [info] Trying 48587792 possible contractions
[2023-10-04 10:24:38.951] [info] [0/48587792] Starting contraction of size 1
[2023-10-04 10:25:09.211] [info] [44/48587792] Starting contraction of size 2
[2023-10-04 10:28:49.283] [info] All colors passed! Contracted: 30, 48
[2023-10-04 10:28:49.284] [info] Graph is C-reducible!
