[2023-10-02 21:50:37.728] [info] Kempe type: Projective
[2023-10-02 21:50:37.728] [info] Vertex size: 32, Edge size: 55, Ring size: 14
[2023-10-02 21:50:39.234] [info] Started D-reducibility check
[2023-10-02 21:50:39.234] [info] #1: Feasible / Total: 21196 / 199291
[2023-10-02 21:52:32.343] [info] #2: Feasible / Total: 35557 / 199291
[2023-10-02 21:53:19.742] [info] #3: Feasible / Total: 43282 / 199291
[2023-10-02 21:54:00.589] [info] #4: Feasible / Total: 50092 / 199291
[2023-10-02 21:54:38.461] [info] #5: Feasible / Total: 56945 / 199291
[2023-10-02 21:55:10.453] [info] #6: Feasible / Total: 65218 / 199291
[2023-10-02 21:55:46.756] [info] #7: Feasible / Total: 75252 / 199291
[2023-10-02 21:56:35.213] [info] #8: Feasible / Total: 90252 / 199291
[2023-10-02 21:57:19.525] [info] #9: Feasible / Total: 109350 / 199291
[2023-10-02 21:57:46.502] [info] #10: Feasible / Total: 122500 / 199291
[2023-10-02 21:57:54.295] [info] #11: Feasible / Total: 125660 / 199291
[2023-10-02 21:57:57.054] [info] #12: Feasible / Total: 126174 / 199291
[2023-10-02 21:57:58.961] [info] #13: Feasible / Total: 126431 / 199291
[2023-10-02 21:58:00.951] [info] #14: Feasible / Total: 126452 / 199291
[2023-10-02 21:58:02.745] [info] #14: Feasible / Total: 126452 / 199291
[2023-10-02 21:58:02.745] [info] Graph is not D-reducible.
[2023-10-02 21:58:02.810] [info] Started C-reducibility check
[2023-10-02 21:59:24.965] [info] Trying 1463178 possible contractions
[2023-10-02 21:59:24.965] [info] [0/1463178] Starting contraction of size 1
[2023-10-02 21:59:48.287] [info] All colors passed! Contracted: 33
[2023-10-02 21:59:48.287] [info] Graph is C-reducible!
