[2023-10-02 23:43:09.636] [info] Kempe type: Projective
[2023-10-02 23:43:09.646] [info] Vertex size: 34, Edge size: 58, Ring size: 14
[2023-10-02 23:43:15.220] [info] Started D-reducibility check
[2023-10-02 23:43:15.246] [info] #1: Feasible / Total: 24386 / 199291
[2023-10-02 23:47:06.709] [info] #2: Feasible / Total: 43104 / 199291
[2023-10-02 23:48:15.909] [info] #3: Feasible / Total: 59448 / 199291
[2023-10-02 23:49:31.645] [info] #4: Feasible / Total: 78077 / 199291
[2023-10-02 23:50:36.083] [info] #5: Feasible / Total: 99030 / 199291
[2023-10-02 23:51:26.708] [info] #6: Feasible / Total: 118329 / 199291
[2023-10-02 23:51:57.604] [info] #7: Feasible / Total: 132137 / 199291
[2023-10-02 23:52:08.139] [info] #8: Feasible / Total: 136666 / 199291
[2023-10-02 23:52:11.216] [info] #9: Feasible / Total: 137165 / 199291
[2023-10-02 23:52:13.298] [info] #10: Feasible / Total: 137374 / 199291
[2023-10-02 23:52:14.789] [info] #11: Feasible / Total: 137433 / 199291
[2023-10-02 23:52:16.085] [info] #12: Feasible / Total: 137439 / 199291
[2023-10-02 23:52:17.368] [info] #12: Feasible / Total: 137439 / 199291
[2023-10-02 23:52:17.374] [info] Graph is not D-reducible.
[2023-10-02 23:52:17.424] [info] Started C-reducibility check
[2023-10-02 23:57:42.919] [info] Trying 2436755 possible contractions
[2023-10-02 23:57:42.919] [info] [0/2436755] Starting contraction of size 1
[2023-10-02 23:58:56.801] [info] [44/2436755] Starting contraction of size 2
[2023-10-03 00:18:11.549] [info] [916/2436755] Starting contraction of size 3
[2023-10-03 01:43:01.017] [info] All colors passed! Contracted: 28, 30, 55
[2023-10-03 01:43:01.018] [info] Graph is C-reducible!
