[2023-10-05 16:02:09.168] [info] Kempe type: Projective
[2023-10-05 16:02:09.174] [info] Vertex size: 38, Edge size: 64, Ring size: 14
[2023-10-05 16:02:13.477] [info] Started D-reducibility check
[2023-10-05 16:02:13.477] [info] #1: Feasible / Total: 28204 / 199291
[2023-10-05 16:03:56.802] [info] #2: Feasible / Total: 46369 / 199291
[2023-10-05 16:04:29.053] [info] #3: Feasible / Total: 63560 / 199291
[2023-10-05 16:04:59.658] [info] #4: Feasible / Total: 87310 / 199291
[2023-10-05 16:05:36.421] [info] #5: Feasible / Total: 119534 / 199291
[2023-10-05 16:05:52.319] [info] #6: Feasible / Total: 142341 / 199291
[2023-10-05 16:05:55.442] [info] #7: Feasible / Total: 147502 / 199291
[2023-10-05 16:05:56.201] [info] #8: Feasible / Total: 148038 / 199291
[2023-10-05 16:05:56.729] [info] #9: Feasible / Total: 148065 / 199291
[2023-10-05 16:05:57.230] [info] #10: Feasible / Total: 148069 / 199291
[2023-10-05 16:05:57.729] [info] #10: Feasible / Total: 148069 / 199291
[2023-10-05 16:05:57.730] [info] Graph is not D-reducible.
[2023-10-05 16:05:57.765] [info] Started C-reducibility check
[2023-10-05 16:46:05.110] [info] Trying 81899899 possible contractions
[2023-10-05 16:46:05.110] [info] [0/81899899] Starting contraction of size 1
[2023-10-05 16:47:58.841] [info] [50/81899899] Starting contraction of size 2
[2023-10-05 17:23:38.583] [info] [1189/81899899] Starting contraction of size 3
[2023-10-05 22:41:33.775] [info] All colors passed! Contracted: 31, 45, 59
[2023-10-05 22:41:33.775] [info] Graph is C-reducible!
