[2023-10-02 16:31:56.341] [info] Kempe type: Projective
[2023-10-02 16:31:56.402] [info] Vertex size: 28, Edge size: 48, Ring size: 12
[2023-10-02 16:31:56.735] [info] Started D-reducibility check
[2023-10-02 16:31:56.735] [info] #1: Feasible / Total: 3893 / 22144
[2023-10-02 16:32:01.212] [info] #2: Feasible / Total: 5407 / 22144
[2023-10-02 16:32:02.031] [info] #3: Feasible / Total: 6377 / 22144
[2023-10-02 16:32:02.877] [info] #4: Feasible / Total: 7300 / 22144
[2023-10-02 16:32:03.745] [info] #5: Feasible / Total: 8357 / 22144
[2023-10-02 16:32:05.030] [info] #6: Feasible / Total: 10049 / 22144
[2023-10-02 16:32:06.394] [info] #7: Feasible / Total: 13034 / 22144
[2023-10-02 16:32:07.570] [info] #8: Feasible / Total: 16741 / 22144
[2023-10-02 16:32:07.812] [info] #9: Feasible / Total: 17947 / 22144
[2023-10-02 16:32:07.862] [info] #10: Feasible / Total: 17988 / 22144
[2023-10-02 16:32:07.914] [info] #10: Feasible / Total: 17988 / 22144
[2023-10-02 16:32:07.914] [info] Graph is not D-reducible.
[2023-10-02 16:32:07.918] [info] Started C-reducibility check
[2023-10-02 16:32:15.871] [info] Trying 542466 possible contractions
[2023-10-02 16:32:15.871] [info] [0/542466] Starting contraction of size 1
[2023-10-02 16:32:18.169] [info] [36/542466] Starting contraction of size 2
[2023-10-02 16:32:19.439] [info] All colors passed! Contracted: 19, 42
[2023-10-02 16:32:19.439] [info] Graph is C-reducible!
