[2023-10-04 10:10:41.753] [info] Kempe type: Projective
[2023-10-04 10:10:41.770] [info] Vertex size: 40, Edge size: 68, Ring size: 16
[2023-10-04 10:11:37.040] [info] Started D-reducibility check
[2023-10-04 10:11:37.040] [info] #1: Feasible / Total: 155469 / 1793614
[2023-10-04 10:45:18.819] [info] #2: Feasible / Total: 211268 / 1793614
[2023-10-04 10:58:52.808] [info] #3: Feasible / Total: 249425 / 1793614
[2023-10-04 11:10:11.337] [info] #4: Feasible / Total: 282592 / 1793614
[2023-10-04 11:18:04.533] [info] #5: Feasible / Total: 313354 / 1793614
[2023-10-04 11:24:06.410] [info] #6: Feasible / Total: 339169 / 1793614
[2023-10-04 11:29:20.181] [info] #7: Feasible / Total: 359078 / 1793614
[2023-10-04 11:33:32.242] [info] #8: Feasible / Total: 375764 / 1793614
[2023-10-04 11:37:24.801] [info] #9: Feasible / Total: 390758 / 1793614
[2023-10-04 11:40:53.936] [info] #10: Feasible / Total: 404456 / 1793614
[2023-10-04 11:44:22.494] [info] #11: Feasible / Total: 418202 / 1793614
[2023-10-04 11:47:52.408] [info] #12: Feasible / Total: 432404 / 1793614
[2023-10-04 11:51:23.433] [info] #13: Feasible / Total: 447721 / 1793614
[2023-10-04 11:55:20.351] [info] #14: Feasible / Total: 466220 / 1793614
[2023-10-04 12:00:29.066] [info] #15: Feasible / Total: 489601 / 1793614
[2023-10-04 12:07:02.146] [info] #16: Feasible / Total: 522294 / 1793614
[2023-10-04 12:16:25.164] [info] #17: Feasible / Total: 571706 / 1793614
[2023-10-04 12:29:13.038] [info] #18: Feasible / Total: 641174 / 1793614
[2023-10-04 12:46:00.372] [info] #19: Feasible / Total: 740504 / 1793614
[2023-10-04 13:07:11.754] [info] #20: Feasible / Total: 896822 / 1793614
[2023-10-04 13:38:27.689] [info] #21: Feasible / Total: 1132154 / 1793614
[2023-10-04 14:04:12.251] [info] #22: Feasible / Total: 1358499 / 1793614
[2023-10-04 14:06:26.961] [info] #23: Feasible / Total: 1384586 / 1793614
[2023-10-04 14:08:06.211] [info] #24: Feasible / Total: 1388706 / 1793614
[2023-10-04 14:09:36.859] [info] #25: Feasible / Total: 1391555 / 1793614
[2023-10-04 14:11:06.130] [info] #26: Feasible / Total: 1394345 / 1793614
[2023-10-04 14:12:43.638] [info] #27: Feasible / Total: 1398454 / 1793614
[2023-10-04 14:15:15.607] [info] #28: Feasible / Total: 1404705 / 1793614
[2023-10-04 14:18:02.521] [info] #29: Feasible / Total: 1412320 / 1793614
[2023-10-04 14:19:44.247] [info] #30: Feasible / Total: 1417372 / 1793614
[2023-10-04 14:20:51.607] [info] #31: Feasible / Total: 1420247 / 1793614
[2023-10-04 14:21:32.383] [info] #32: Feasible / Total: 1421823 / 1793614
[2023-10-04 14:22:12.637] [info] #33: Feasible / Total: 1422901 / 1793614
[2023-10-04 14:23:01.069] [info] #34: Feasible / Total: 1424556 / 1793614
[2023-10-04 14:24:37.656] [info] #35: Feasible / Total: 1427234 / 1793614
[2023-10-04 14:26:38.632] [info] #36: Feasible / Total: 1431702 / 1793614
[2023-10-04 14:29:35.910] [info] #37: Feasible / Total: 1439774 / 1793614
[2023-10-04 14:35:26.394] [info] #38: Feasible / Total: 1458790 / 1793614
[2023-10-04 14:44:08.937] [info] #39: Feasible / Total: 1492570 / 1793614
[2023-10-04 14:50:21.102] [info] #40: Feasible / Total: 1527062 / 1793614
[2023-10-04 14:50:53.757] [info] #41: Feasible / Total: 1530793 / 1793614
[2023-10-04 14:51:03.822] [info] #41: Feasible / Total: 1530793 / 1793614
[2023-10-04 14:51:03.822] [info] Graph is not D-reducible.
[2023-10-04 14:51:04.770] [info] Started C-reducibility check
[2023-10-04 16:42:35.798] [info] Trying 364484858 possible contractions
[2023-10-04 16:42:35.798] [info] [0/364484858] Starting contraction of size 1
[2023-10-04 16:43:57.137] [info] All colors passed! Contracted: 30
[2023-10-04 16:43:57.137] [info] Graph is C-reducible!
