[2023-10-02 12:25:42.370] [info] Kempe type: Projective
[2023-10-02 12:25:42.370] [info] Vertex size: 26, Edge size: 45, Ring size: 12
[2023-10-02 12:25:42.488] [info] Started D-reducibility check
[2023-10-02 12:25:42.488] [info] #1: Feasible / Total: 3286 / 22144
[2023-10-02 12:25:45.529] [info] #2: Feasible / Total: 4784 / 22144
[2023-10-02 12:25:46.867] [info] #3: Feasible / Total: 5995 / 22144
[2023-10-02 12:25:47.810] [info] #4: Feasible / Total: 6999 / 22144
[2023-10-02 12:25:48.925] [info] #5: Feasible / Total: 8177 / 22144
[2023-10-02 12:25:50.052] [info] #6: Feasible / Total: 9616 / 22144
[2023-10-02 12:25:51.129] [info] #7: Feasible / Total: 11045 / 22144
[2023-10-02 12:25:51.998] [info] #8: Feasible / Total: 12434 / 22144
[2023-10-02 12:25:52.371] [info] #9: Feasible / Total: 13020 / 22144
[2023-10-02 12:25:52.612] [info] #10: Feasible / Total: 13140 / 22144
[2023-10-02 12:25:52.910] [info] #11: Feasible / Total: 13397 / 22144
[2023-10-02 12:25:53.295] [info] #12: Feasible / Total: 13739 / 22144
[2023-10-02 12:25:53.576] [info] #13: Feasible / Total: 13941 / 22144
[2023-10-02 12:25:53.744] [info] #14: Feasible / Total: 14006 / 22144
[2023-10-02 12:25:54.020] [info] #15: Feasible / Total: 14240 / 22144
[2023-10-02 12:25:54.427] [info] #16: Feasible / Total: 14766 / 22144
[2023-10-02 12:25:54.666] [info] #17: Feasible / Total: 15104 / 22144
[2023-10-02 12:25:54.776] [info] #18: Feasible / Total: 15112 / 22144
[2023-10-02 12:25:54.890] [info] #18: Feasible / Total: 15112 / 22144
[2023-10-02 12:25:54.890] [info] Graph is not D-reducible.
[2023-10-02 12:25:54.894] [info] Started C-reducibility check
[2023-10-02 12:25:57.784] [info] Trying 285052 possible contractions
[2023-10-02 12:25:57.787] [info] [0/285052] Starting contraction of size 1
[2023-10-02 12:26:00.173] [info] [33/285052] Starting contraction of size 2
[2023-10-02 12:26:32.919] [info] [507/285052] Starting contraction of size 3
[2023-10-02 12:27:47.150] [info] All colors passed! Contracted: 14, 16, 44
[2023-10-02 12:27:47.150] [info] Graph is C-reducible!
