[2023-10-03 15:49:02.128] [info] Kempe type: Projective
[2023-10-03 15:49:02.129] [info] Vertex size: 36, Edge size: 61, Ring size: 14
[2023-10-03 15:49:06.626] [info] Started D-reducibility check
[2023-10-03 15:49:06.627] [info] #1: Feasible / Total: 28996 / 199291
[2023-10-03 15:51:01.605] [info] #2: Feasible / Total: 51679 / 199291
[2023-10-03 15:52:43.075] [info] #3: Feasible / Total: 78481 / 199291
[2023-10-03 15:54:22.632] [info] #4: Feasible / Total: 116169 / 199291
[2023-10-03 15:54:55.000] [info] #5: Feasible / Total: 141533 / 199291
[2023-10-03 15:55:04.766] [info] #6: Feasible / Total: 144749 / 199291
[2023-10-03 15:55:07.433] [info] #7: Feasible / Total: 145338 / 199291
[2023-10-03 15:55:08.707] [info] #8: Feasible / Total: 145552 / 199291
[2023-10-03 15:55:09.698] [info] #9: Feasible / Total: 145604 / 199291
[2023-10-03 15:55:10.621] [info] #10: Feasible / Total: 145607 / 199291
[2023-10-03 15:55:11.579] [info] #10: Feasible / Total: 145607 / 199291
[2023-10-03 15:55:11.579] [info] Graph is not D-reducible.
[2023-10-03 15:55:11.624] [info] Started C-reducibility check
[2023-10-03 16:11:49.385] [info] Trying 105336935 possible contractions
[2023-10-03 16:11:49.386] [info] [0/105336935] Starting contraction of size 1
[2023-10-03 16:12:18.473] [info] All colors passed! Contracted: 14
[2023-10-03 16:12:18.473] [info] Graph is C-reducible!
