[2023-10-02 21:50:37.666] [info] Kempe type: Projective
[2023-10-02 21:50:37.667] [info] Vertex size: 39, Edge size: 66, Ring size: 15
[2023-10-02 21:50:59.786] [info] Started D-reducibility check
[2023-10-02 21:50:59.786] [info] #1: Feasible / Total: 73322 / 597871
[2023-10-02 22:05:01.467] [info] #2: Feasible / Total: 144588 / 597871
[2023-10-02 22:13:06.837] [info] #3: Feasible / Total: 235601 / 597871
[2023-10-02 22:18:42.417] [info] #4: Feasible / Total: 347712 / 597871
[2023-10-02 22:20:20.643] [info] #5: Feasible / Total: 412268 / 597871
[2023-10-02 22:20:54.879] [info] #6: Feasible / Total: 422019 / 597871
[2023-10-02 22:21:13.265] [info] #7: Feasible / Total: 426370 / 597871
[2023-10-02 22:21:20.899] [info] #8: Feasible / Total: 428123 / 597871
[2023-10-02 22:21:25.409] [info] #9: Feasible / Total: 428631 / 597871
[2023-10-02 22:21:28.220] [info] #10: Feasible / Total: 428811 / 597871
[2023-10-02 22:21:30.404] [info] #11: Feasible / Total: 428827 / 597871
[2023-10-02 22:21:33.560] [info] #11: Feasible / Total: 428827 / 597871
[2023-10-02 22:21:33.560] [info] Graph is not D-reducible.
[2023-10-02 22:21:33.749] [info] Started C-reducibility check
[2023-10-02 23:19:42.345] [info] Trying 7094576 possible contractions
[2023-10-02 23:19:42.345] [info] [0/7094576] Starting contraction of size 1
[2023-10-02 23:23:20.640] [info] All colors passed! Contracted: 15
[2023-10-02 23:23:20.640] [info] Graph is C-reducible!
