[2023-10-02 12:25:42.395] [info] Kempe type: Projective
[2023-10-02 12:25:42.397] [info] Vertex size: 30, Edge size: 52, Ring size: 14
[2023-10-02 12:25:43.103] [info] Started D-reducibility check
[2023-10-02 12:25:43.103] [info] #1: Feasible / Total: 18176 / 199291
[2023-10-02 12:27:28.040] [info] #2: Feasible / Total: 31611 / 199291
[2023-10-02 12:27:46.796] [info] #3: Feasible / Total: 36242 / 199291
[2023-10-02 12:27:56.871] [info] #4: Feasible / Total: 39747 / 199291
[2023-10-02 12:28:06.336] [info] #5: Feasible / Total: 43038 / 199291
[2023-10-02 12:28:16.869] [info] #6: Feasible / Total: 46605 / 199291
[2023-10-02 12:28:25.075] [info] #7: Feasible / Total: 50713 / 199291
[2023-10-02 12:28:34.095] [info] #8: Feasible / Total: 55035 / 199291
[2023-10-02 12:28:43.900] [info] #9: Feasible / Total: 59667 / 199291
[2023-10-02 12:28:58.653] [info] #10: Feasible / Total: 65031 / 199291
[2023-10-02 12:29:09.029] [info] #11: Feasible / Total: 70787 / 199291
[2023-10-02 12:29:20.081] [info] #12: Feasible / Total: 76400 / 199291
[2023-10-02 12:29:27.740] [info] #13: Feasible / Total: 81116 / 199291
[2023-10-02 12:29:33.596] [info] #14: Feasible / Total: 84324 / 199291
[2023-10-02 12:29:36.755] [info] #15: Feasible / Total: 86247 / 199291
[2023-10-02 12:29:38.669] [info] #16: Feasible / Total: 87126 / 199291
[2023-10-02 12:29:40.184] [info] #17: Feasible / Total: 87267 / 199291
[2023-10-02 12:29:41.602] [info] #18: Feasible / Total: 87295 / 199291
[2023-10-02 12:29:42.813] [info] #19: Feasible / Total: 87338 / 199291
[2023-10-02 12:29:44.248] [info] #20: Feasible / Total: 87360 / 199291
[2023-10-02 12:29:45.383] [info] #21: Feasible / Total: 87368 / 199291
[2023-10-02 12:29:46.608] [info] #21: Feasible / Total: 87368 / 199291
[2023-10-02 12:29:46.608] [info] Graph is not D-reducible.
[2023-10-02 12:29:46.638] [info] Started C-reducibility check
[2023-10-02 12:30:01.037] [info] Trying 846826 possible contractions
[2023-10-02 12:30:01.037] [info] [0/846826] Starting contraction of size 1
[2023-10-02 12:30:02.128] [info] All colors passed! Contracted: 44
[2023-10-02 12:30:02.138] [info] Graph is C-reducible!
