[2023-09-30 23:35:48.164] [info] Kempe type: Projective
[2023-09-30 23:35:48.164] [info] Vertex size: 38, Edge size: 65, Ring size: 16
[2023-09-30 23:36:14.391] [info] Started D-reducibility check
[2023-09-30 23:36:14.391] [info] #1: Feasible / Total: 142028 / 1793614
[2023-10-01 00:13:03.170] [info] #2: Feasible / Total: 212044 / 1793614
[2023-10-01 00:26:41.340] [info] #3: Feasible / Total: 252233 / 1793614
[2023-10-01 00:38:53.449] [info] #4: Feasible / Total: 292625 / 1793614
[2023-10-01 00:52:45.094] [info] #5: Feasible / Total: 340757 / 1793614
[2023-10-01 01:21:45.485] [info] #6: Feasible / Total: 406148 / 1793614
[2023-10-01 01:50:23.969] [info] #7: Feasible / Total: 501556 / 1793614
[2023-10-01 02:23:40.051] [info] #8: Feasible / Total: 661591 / 1793614
[2023-10-01 03:06:28.234] [info] #9: Feasible / Total: 951710 / 1793614
[2023-10-01 03:50:03.062] [info] #10: Feasible / Total: 1418837 / 1793614
[2023-10-01 04:04:43.309] [info] #11: Feasible / Total: 1752639 / 1793614
[2023-10-01 04:05:04.578] [info] #12: Feasible / Total: 1765318 / 1793614
[2023-10-01 04:05:05.167] [info] #12: Feasible / Total: 1765318 / 1793614
[2023-10-01 04:05:05.167] [info] Graph is not D-reducible.
[2023-10-01 04:05:05.607] [info] Started C-reducibility check
[2023-10-01 04:27:55.244] [info] Trying 5421024 possible contractions
[2023-10-01 04:27:55.244] [info] [0/5421024] Starting contraction of size 1
[2023-10-01 04:33:12.545] [info] All colors passed! Contracted: 52
[2023-10-01 04:33:12.545] [info] Graph is C-reducible!
