[2023-09-30 14:55:36.095] [info] Kempe type: Projective
[2023-09-30 14:55:36.095] [info] Vertex size: 31, Edge size: 53, Ring size: 13
[2023-09-30 14:55:37.134] [info] Started D-reducibility check
[2023-09-30 14:55:37.134] [info] #1: Feasible / Total: 10030 / 66430
[2023-09-30 14:56:00.378] [info] #2: Feasible / Total: 15913 / 66430
[2023-09-30 14:56:07.516] [info] #3: Feasible / Total: 19133 / 66430
[2023-09-30 14:56:10.937] [info] #4: Feasible / Total: 21135 / 66430
[2023-09-30 14:56:13.846] [info] #5: Feasible / Total: 22661 / 66430
[2023-09-30 14:56:16.840] [info] #6: Feasible / Total: 24288 / 66430
[2023-09-30 14:56:20.364] [info] #7: Feasible / Total: 26701 / 66430
[2023-09-30 14:56:27.198] [info] #8: Feasible / Total: 31985 / 66430
[2023-09-30 14:56:39.447] [info] #9: Feasible / Total: 46804 / 66430
[2023-09-30 14:56:45.492] [info] #10: Feasible / Total: 62060 / 66430
[2023-09-30 14:56:45.649] [info] #11: Feasible / Total: 62770 / 66430
[2023-09-30 14:56:45.693] [info] #11: Feasible / Total: 62770 / 66430
[2023-09-30 14:56:45.693] [info] Graph is not D-reducible.
[2023-09-30 14:56:45.709] [info] Started C-reducibility check
[2023-09-30 14:57:13.091] [info] Trying 1202750 possible contractions
[2023-09-30 14:57:13.092] [info] [0/1202750] Starting contraction of size 1
[2023-09-30 14:57:13.260] [info] All colors passed! Contracted: 41
[2023-09-30 14:57:13.260] [info] Graph is C-reducible!
