[2023-10-04 20:51:57.114] [info] Kempe type: Projective
[2023-10-04 20:51:57.156] [info] Vertex size: 34, Edge size: 58, Ring size: 14
[2023-10-04 20:52:02.207] [info] Started D-reducibility check
[2023-10-04 20:52:02.208] [info] #1: Feasible / Total: 23645 / 199291
[2023-10-04 20:52:34.052] [info] #2: Feasible / Total: 30730 / 199291
[2023-10-04 20:52:55.189] [info] #3: Feasible / Total: 36788 / 199291
[2023-10-04 20:53:15.675] [info] #4: Feasible / Total: 42649 / 199291
[2023-10-04 20:53:39.725] [info] #5: Feasible / Total: 49266 / 199291
[2023-10-04 20:54:12.854] [info] #6: Feasible / Total: 57033 / 199291
[2023-10-04 20:54:48.827] [info] #7: Feasible / Total: 65516 / 199291
[2023-10-04 20:55:30.255] [info] #8: Feasible / Total: 75841 / 199291
[2023-10-04 20:56:14.452] [info] #9: Feasible / Total: 87910 / 199291
[2023-10-04 20:56:49.591] [info] #10: Feasible / Total: 99776 / 199291
[2023-10-04 20:57:23.428] [info] #11: Feasible / Total: 112107 / 199291
[2023-10-04 20:57:52.443] [info] #12: Feasible / Total: 122279 / 199291
[2023-10-04 20:58:03.534] [info] #13: Feasible / Total: 125780 / 199291
[2023-10-04 20:58:07.512] [info] #14: Feasible / Total: 126369 / 199291
[2023-10-04 20:58:09.392] [info] #15: Feasible / Total: 126401 / 199291
[2023-10-04 20:58:10.935] [info] #15: Feasible / Total: 126401 / 199291
[2023-10-04 20:58:10.935] [info] Graph is not D-reducible.
[2023-10-04 20:58:11.020] [info] Started C-reducibility check
[2023-10-04 21:04:04.940] [info] Trying 48588905 possible contractions
[2023-10-04 21:04:04.940] [info] [0/48588905] Starting contraction of size 1
[2023-10-04 21:04:06.684] [info] All colors passed! Contracted: 49
[2023-10-04 21:04:06.694] [info] Graph is C-reducible!
