[2023-09-30 15:10:14.072] [info] Kempe type: Projective
[2023-09-30 15:10:14.072] [info] Vertex size: 34, Edge size: 58, Ring size: 14
[2023-09-30 15:10:16.633] [info] Started D-reducibility check
[2023-09-30 15:10:16.642] [info] #1: Feasible / Total: 26285 / 199291
[2023-09-30 15:12:12.080] [info] #2: Feasible / Total: 42239 / 199291
[2023-09-30 15:12:45.272] [info] #3: Feasible / Total: 54344 / 199291
[2023-09-30 15:13:22.435] [info] #4: Feasible / Total: 67683 / 199291
[2023-09-30 15:13:48.395] [info] #5: Feasible / Total: 87700 / 199291
[2023-09-30 15:14:22.066] [info] #6: Feasible / Total: 120964 / 199291
[2023-09-30 15:14:37.026] [info] #7: Feasible / Total: 147530 / 199291
[2023-09-30 15:14:39.949] [info] #8: Feasible / Total: 149857 / 199291
[2023-09-30 15:14:40.499] [info] #9: Feasible / Total: 149969 / 199291
[2023-09-30 15:14:40.958] [info] #10: Feasible / Total: 149991 / 199291
[2023-09-30 15:14:41.408] [info] #10: Feasible / Total: 149991 / 199291
[2023-09-30 15:14:41.408] [info] Graph is not D-reducible.
[2023-09-30 15:14:41.438] [info] Started C-reducibility check
[2023-09-30 15:17:01.033] [info] Trying 2440478 possible contractions
[2023-09-30 15:17:01.033] [info] [0/2440478] Starting contraction of size 1
[2023-09-30 15:17:38.967] [info] [44/2440478] Starting contraction of size 2
[2023-09-30 15:19:33.225] [info] All colors passed! Contracted: 17, 45
[2023-09-30 15:19:33.225] [info] Graph is C-reducible!
