[2023-09-30 14:52:46.437] [info] Kempe type: Projective
[2023-09-30 14:52:46.437] [info] Vertex size: 23, Edge size: 40, Ring size: 11
[2023-09-30 14:52:46.477] [info] Started D-reducibility check
[2023-09-30 14:52:46.477] [info] #1: Feasible / Total: 1358 / 7381
[2023-09-30 14:52:47.150] [info] #2: Feasible / Total: 1639 / 7381
[2023-09-30 14:52:47.432] [info] #3: Feasible / Total: 1853 / 7381
[2023-09-30 14:52:47.612] [info] #4: Feasible / Total: 2150 / 7381
[2023-09-30 14:52:47.874] [info] #5: Feasible / Total: 2610 / 7381
[2023-09-30 14:52:48.358] [info] #6: Feasible / Total: 3642 / 7381
[2023-09-30 14:52:48.997] [info] #7: Feasible / Total: 5578 / 7381
[2023-09-30 14:52:49.186] [info] #8: Feasible / Total: 6924 / 7381
[2023-09-30 14:52:49.206] [info] #9: Feasible / Total: 6993 / 7381
[2023-09-30 14:52:49.215] [info] #9: Feasible / Total: 6993 / 7381
[2023-09-30 14:52:49.215] [info] Graph is not D-reducible.
[2023-09-30 14:52:49.216] [info] Started C-reducibility check
[2023-09-30 14:52:50.034] [info] Trying 105290 possible contractions
[2023-09-30 14:52:50.034] [info] [0/105290] Starting contraction of size 1
[2023-09-30 14:52:50.774] [info] [29/105290] Starting contraction of size 2
[2023-09-30 14:52:56.593] [info] [388/105290] Starting contraction of size 3
[2023-09-30 14:52:56.827] [info] All colors passed! Contracted: 12, 14, 22
[2023-09-30 14:52:56.827] [info] Graph is C-reducible!
