[2023-10-04 10:10:41.955] [info] Kempe type: Projective
[2023-10-04 10:10:42.038] [info] Vertex size: 33, Edge size: 56, Ring size: 13
[2023-10-04 10:10:43.578] [info] Started D-reducibility check
[2023-10-04 10:10:43.578] [info] #1: Feasible / Total: 10969 / 66430
[2023-10-04 10:11:15.855] [info] #2: Feasible / Total: 17637 / 66430
[2023-10-04 10:11:29.401] [info] #3: Feasible / Total: 23186 / 66430
[2023-10-04 10:11:35.767] [info] #4: Feasible / Total: 26493 / 66430
[2023-10-04 10:11:38.783] [info] #5: Feasible / Total: 27454 / 66430
[2023-10-04 10:11:42.398] [info] #6: Feasible / Total: 28636 / 66430
[2023-10-04 10:11:51.135] [info] #7: Feasible / Total: 31788 / 66430
[2023-10-04 10:12:03.604] [info] #8: Feasible / Total: 38932 / 66430
[2023-10-04 10:12:14.453] [info] #9: Feasible / Total: 48604 / 66430
[2023-10-04 10:12:16.162] [info] #10: Feasible / Total: 51548 / 66430
[2023-10-04 10:12:16.533] [info] #11: Feasible / Total: 51564 / 66430
[2023-10-04 10:12:16.859] [info] #11: Feasible / Total: 51564 / 66430
[2023-10-04 10:12:16.859] [info] Graph is not D-reducible.
[2023-10-04 10:12:16.888] [info] Started C-reducibility check
[2023-10-04 10:16:44.943] [info] Trying 35776498 possible contractions
[2023-10-04 10:16:44.943] [info] [0/35776498] Starting contraction of size 1
[2023-10-04 10:17:04.419] [info] [43/35776498] Starting contraction of size 2
[2023-10-04 10:22:03.469] [info] [873/35776498] Starting contraction of size 3
[2023-10-04 10:25:06.185] [info] All colors passed! Contracted: 18, 37, 45
[2023-10-04 10:25:06.185] [info] Graph is C-reducible!
