[2023-09-30 23:27:32.420] [info] Kempe type: Projective
[2023-09-30 23:27:32.420] [info] Vertex size: 38, Edge size: 64, Ring size: 14
[2023-09-30 23:27:38.434] [info] Started D-reducibility check
[2023-09-30 23:27:38.434] [info] #1: Feasible / Total: 29214 / 199291
[2023-09-30 23:28:57.686] [info] #2: Feasible / Total: 52110 / 199291
[2023-09-30 23:29:26.550] [info] #3: Feasible / Total: 71221 / 199291
[2023-09-30 23:29:47.702] [info] #4: Feasible / Total: 88072 / 199291
[2023-09-30 23:30:02.655] [info] #5: Feasible / Total: 99985 / 199291
[2023-09-30 23:30:17.230] [info] #6: Feasible / Total: 111996 / 199291
[2023-09-30 23:30:35.541] [info] #7: Feasible / Total: 131795 / 199291
[2023-09-30 23:30:50.309] [info] #8: Feasible / Total: 159359 / 199291
[2023-09-30 23:30:52.815] [info] #9: Feasible / Total: 164853 / 199291
[2023-09-30 23:30:53.328] [info] #10: Feasible / Total: 165303 / 199291
[2023-09-30 23:30:53.620] [info] #11: Feasible / Total: 165307 / 199291
[2023-09-30 23:30:53.911] [info] #11: Feasible / Total: 165307 / 199291
[2023-09-30 23:30:53.911] [info] Graph is not D-reducible.
[2023-09-30 23:30:53.940] [info] Started C-reducibility check
[2023-10-01 00:04:20.831] [info] Trying 6081628 possible contractions
[2023-10-01 00:04:20.831] [info] [0/6081628] Starting contraction of size 1
[2023-10-01 00:05:11.463] [info] All colors passed! Contracted: 19
[2023-10-01 00:05:11.463] [info] Graph is C-reducible!
