[2023-10-01 11:31:08.960] [info] Kempe type: Projective
[2023-10-01 11:31:08.960] [info] Vertex size: 34, Edge size: 58, Ring size: 14
[2023-10-01 11:31:12.634] [info] Started D-reducibility check
[2023-10-01 11:31:12.634] [info] #1: Feasible / Total: 25391 / 199291
[2023-10-01 11:32:48.741] [info] #2: Feasible / Total: 45307 / 199291
[2023-10-01 11:33:50.522] [info] #3: Feasible / Total: 65078 / 199291
[2023-10-01 11:35:03.876] [info] #4: Feasible / Total: 96477 / 199291
[2023-10-01 11:36:03.996] [info] #5: Feasible / Total: 135860 / 199291
[2023-10-01 11:36:17.553] [info] #6: Feasible / Total: 148978 / 199291
[2023-10-01 11:36:19.800] [info] #7: Feasible / Total: 149430 / 199291
[2023-10-01 11:36:21.295] [info] #8: Feasible / Total: 149503 / 199291
[2023-10-01 11:36:22.288] [info] #9: Feasible / Total: 149515 / 199291
[2023-10-01 11:36:23.209] [info] #9: Feasible / Total: 149515 / 199291
[2023-10-01 11:36:23.209] [info] Graph is not D-reducible.
[2023-10-01 11:36:23.240] [info] Started C-reducibility check
[2023-10-01 11:40:44.627] [info] Trying 2436830 possible contractions
[2023-10-01 11:40:44.627] [info] [0/2436830] Starting contraction of size 1
[2023-10-01 11:41:24.091] [info] [44/2436830] Starting contraction of size 2
[2023-10-01 11:52:18.740] [info] [916/2436830] Starting contraction of size 3
[2023-10-01 11:53:12.510] [info] All colors passed! Contracted: 21, 34, 35
[2023-10-01 11:53:12.510] [info] Graph is C-reducible!
