[2023-10-03 15:49:02.136] [info] Kempe type: Projective
[2023-10-03 15:49:02.136] [info] Vertex size: 41, Edge size: 70, Ring size: 17
[2023-10-03 15:49:46.034] [info] Started D-reducibility check
[2023-10-03 15:49:46.042] [info] #1: Feasible / Total: 343335 / 5380840
[2023-10-03 19:43:02.053] [info] #2: Feasible / Total: 571439 / 5380840
[2023-10-03 21:45:33.282] [info] #3: Feasible / Total: 740882 / 5380840
[2023-10-03 23:33:04.085] [info] #4: Feasible / Total: 910363 / 5380840
[2023-10-04 01:29:53.118] [info] #5: Feasible / Total: 1120136 / 5380840
[2023-10-04 03:49:45.562] [info] #6: Feasible / Total: 1408910 / 5380840
[2023-10-04 06:44:57.986] [info] #7: Feasible / Total: 1828936 / 5380840
[2023-10-04 10:09:46.851] [info] #8: Feasible / Total: 2445724 / 5380840
[2023-10-04 14:21:16.517] [info] #9: Feasible / Total: 3273596 / 5380840
[2023-10-04 16:44:15.683] [info] #10: Feasible / Total: 3991963 / 5380840
[2023-10-04 16:57:03.039] [info] #11: Feasible / Total: 4076676 / 5380840
[2023-10-04 16:58:53.333] [info] #12: Feasible / Total: 4078601 / 5380840
[2023-10-04 17:00:03.305] [info] #13: Feasible / Total: 4078723 / 5380840
[2023-10-04 17:01:09.796] [info] #14: Feasible / Total: 4078729 / 5380840
[2023-10-04 17:02:18.328] [info] #14: Feasible / Total: 4078729 / 5380840
[2023-10-04 17:02:18.328] [info] Graph is not D-reducible.
[2023-10-04 17:02:20.969] [info] Started C-reducibility check
[2023-10-04 19:36:43.304] [info] Trying 467286942 possible contractions
[2023-10-04 19:36:43.304] [info] [0/467286942] Starting contraction of size 1
[2023-10-04 19:37:58.871] [info] All colors passed! Contracted: 34
[2023-10-04 19:37:58.871] [info] Graph is C-reducible!
