[2023-10-02 12:25:42.431] [info] Kempe type: Projective
[2023-10-02 12:25:42.450] [info] Vertex size: 32, Edge size: 55, Ring size: 14
[2023-10-02 12:25:45.951] [info] Started D-reducibility check
[2023-10-02 12:25:45.951] [info] #1: Feasible / Total: 21925 / 199291
[2023-10-02 12:27:02.357] [info] #2: Feasible / Total: 31743 / 199291
[2023-10-02 12:27:23.570] [info] #3: Feasible / Total: 37300 / 199291
[2023-10-02 12:27:38.045] [info] #4: Feasible / Total: 41532 / 199291
[2023-10-02 12:27:50.359] [info] #5: Feasible / Total: 45297 / 199291
[2023-10-02 12:28:02.351] [info] #6: Feasible / Total: 49657 / 199291
[2023-10-02 12:28:14.614] [info] #7: Feasible / Total: 55373 / 199291
[2023-10-02 12:28:29.825] [info] #8: Feasible / Total: 63322 / 199291
[2023-10-02 12:28:53.233] [info] #9: Feasible / Total: 75200 / 199291
[2023-10-02 12:29:20.426] [info] #10: Feasible / Total: 91259 / 199291
[2023-10-02 12:29:42.622] [info] #11: Feasible / Total: 108974 / 199291
[2023-10-02 12:29:57.905] [info] #12: Feasible / Total: 123380 / 199291
[2023-10-02 12:30:02.608] [info] #13: Feasible / Total: 127277 / 199291
[2023-10-02 12:30:04.017] [info] #14: Feasible / Total: 127821 / 199291
[2023-10-02 12:30:04.742] [info] #15: Feasible / Total: 127852 / 199291
[2023-10-02 12:30:05.417] [info] #15: Feasible / Total: 127852 / 199291
[2023-10-02 12:30:05.417] [info] Graph is not D-reducible.
[2023-10-02 12:30:05.447] [info] Started C-reducibility check
[2023-10-02 12:31:02.238] [info] Trying 1469151 possible contractions
[2023-10-02 12:31:02.239] [info] [0/1469151] Starting contraction of size 1
[2023-10-02 12:31:21.781] [info] [41/1469151] Starting contraction of size 2
[2023-10-02 12:36:10.774] [info] [793/1469151] Starting contraction of size 3
[2023-10-02 12:38:59.919] [info] All colors passed! Contracted: 27, 29, 51
[2023-10-02 12:38:59.919] [info] Graph is C-reducible!
