[2023-10-03 15:49:02.236] [info] Kempe type: Projective
[2023-10-03 15:49:02.255] [info] Vertex size: 31, Edge size: 53, Ring size: 13
[2023-10-03 15:49:04.111] [info] Started D-reducibility check
[2023-10-03 15:49:04.111] [info] #1: Feasible / Total: 9443 / 66430
[2023-10-03 15:49:26.688] [info] #2: Feasible / Total: 12194 / 66430
[2023-10-03 15:49:35.461] [info] #3: Feasible / Total: 14101 / 66430
[2023-10-03 15:49:41.575] [info] #4: Feasible / Total: 15395 / 66430
[2023-10-03 15:49:47.615] [info] #5: Feasible / Total: 16906 / 66430
[2023-10-03 15:49:54.598] [info] #6: Feasible / Total: 19036 / 66430
[2023-10-03 15:50:04.027] [info] #7: Feasible / Total: 22330 / 66430
[2023-10-03 15:50:18.692] [info] #8: Feasible / Total: 27897 / 66430
[2023-10-03 15:50:35.664] [info] #9: Feasible / Total: 36765 / 66430
[2023-10-03 15:50:50.329] [info] #10: Feasible / Total: 49086 / 66430
[2023-10-03 15:50:54.522] [info] #11: Feasible / Total: 54688 / 66430
[2023-10-03 15:50:54.839] [info] #12: Feasible / Total: 54782 / 66430
[2023-10-03 15:50:55.077] [info] #12: Feasible / Total: 54782 / 66430
[2023-10-03 15:50:55.077] [info] Graph is not D-reducible.
[2023-10-03 15:50:55.119] [info] Started C-reducibility check
[2023-10-03 15:52:19.495] [info] Trying 15318485 possible contractions
[2023-10-03 15:52:19.495] [info] [0/15318485] Starting contraction of size 1
[2023-10-03 15:52:19.921] [info] All colors passed! Contracted: 31
[2023-10-03 15:52:19.921] [info] Graph is C-reducible!
