[2023-10-02 21:50:37.595] [info] Kempe type: Projective
[2023-10-02 21:50:37.595] [info] Vertex size: 29, Edge size: 50, Ring size: 13
[2023-10-02 21:50:37.744] [info] Started D-reducibility check
[2023-10-02 21:50:37.744] [info] #1: Feasible / Total: 8655 / 66430
[2023-10-02 21:50:42.730] [info] #2: Feasible / Total: 11572 / 66430
[2023-10-02 21:50:44.945] [info] #3: Feasible / Total: 13300 / 66430
[2023-10-02 21:50:46.761] [info] #4: Feasible / Total: 14748 / 66430
[2023-10-02 21:50:48.945] [info] #5: Feasible / Total: 16764 / 66430
[2023-10-02 21:50:51.757] [info] #6: Feasible / Total: 20025 / 66430
[2023-10-02 21:50:55.374] [info] #7: Feasible / Total: 25141 / 66430
[2023-10-02 21:51:00.175] [info] #8: Feasible / Total: 33250 / 66430
[2023-10-02 21:51:07.678] [info] #9: Feasible / Total: 48003 / 66430
[2023-10-02 21:51:09.844] [info] #10: Feasible / Total: 54467 / 66430
[2023-10-02 21:51:10.014] [info] #11: Feasible / Total: 54478 / 66430
[2023-10-02 21:51:10.177] [info] #11: Feasible / Total: 54478 / 66430
[2023-10-02 21:51:10.177] [info] Graph is not D-reducible.
[2023-10-02 21:51:10.200] [info] Started C-reducibility check
[2023-10-02 21:51:21.255] [info] Trying 678757 possible contractions
[2023-10-02 21:51:21.262] [info] [0/678757] Starting contraction of size 1
[2023-10-02 21:51:26.138] [info] All colors passed! Contracted: 43
[2023-10-02 21:51:26.138] [info] Graph is C-reducible!
