[2023-10-04 13:28:03.741] [info] Kempe type: Projective
[2023-10-04 13:28:03.754] [info] Vertex size: 36, Edge size: 61, Ring size: 14
[2023-10-04 13:28:13.855] [info] Started D-reducibility check
[2023-10-04 13:28:13.855] [info] #1: Feasible / Total: 27146 / 199291
[2023-10-04 13:31:53.934] [info] #2: Feasible / Total: 49513 / 199291
[2023-10-04 13:33:59.558] [info] #3: Feasible / Total: 72629 / 199291
[2023-10-04 13:36:16.365] [info] #4: Feasible / Total: 109044 / 199291
[2023-10-04 13:37:54.610] [info] #5: Feasible / Total: 159737 / 199291
[2023-10-04 13:38:07.709] [info] #6: Feasible / Total: 178782 / 199291
[2023-10-04 13:38:08.761] [info] #7: Feasible / Total: 179371 / 199291
[2023-10-04 13:38:09.218] [info] #8: Feasible / Total: 179385 / 199291
[2023-10-04 13:38:09.427] [info] #8: Feasible / Total: 179385 / 199291
[2023-10-04 13:38:09.427] [info] Graph is not D-reducible.
[2023-10-04 13:38:09.457] [info] Started C-reducibility check
[2023-10-04 13:58:38.255] [info] Trying 105368124 possible contractions
[2023-10-04 13:58:38.270] [info] [0/105368124] Starting contraction of size 1
[2023-10-04 14:00:31.373] [info] [47/105368124] Starting contraction of size 2
[2023-10-04 14:31:06.580] [info] [1048/105368124] Starting contraction of size 3
[2023-10-04 14:34:32.671] [info] All colors passed! Contracted: 22, 38, 55
[2023-10-04 14:34:32.671] [info] Graph is C-reducible!
