[2023-10-02 00:12:27.841] [info] Kempe type: Projective
[2023-10-02 00:12:27.886] [info] Vertex size: 34, Edge size: 58, Ring size: 14
[2023-10-02 00:12:33.377] [info] Started D-reducibility check
[2023-10-02 00:12:33.377] [info] #1: Feasible / Total: 26002 / 199291
[2023-10-02 00:14:45.886] [info] #2: Feasible / Total: 36015 / 199291
[2023-10-02 00:15:36.110] [info] #3: Feasible / Total: 43612 / 199291
[2023-10-02 00:16:32.181] [info] #4: Feasible / Total: 51928 / 199291
[2023-10-02 00:17:21.045] [info] #5: Feasible / Total: 60594 / 199291
[2023-10-02 00:18:06.992] [info] #6: Feasible / Total: 69534 / 199291
[2023-10-02 00:18:59.814] [info] #7: Feasible / Total: 80306 / 199291
[2023-10-02 00:20:15.441] [info] #8: Feasible / Total: 97493 / 199291
[2023-10-02 00:21:43.094] [info] #9: Feasible / Total: 123778 / 199291
[2023-10-02 00:22:37.041] [info] #10: Feasible / Total: 145988 / 199291
[2023-10-02 00:22:48.614] [info] #11: Feasible / Total: 150820 / 199291
[2023-10-02 00:22:50.708] [info] #12: Feasible / Total: 151044 / 199291
[2023-10-02 00:22:52.124] [info] #12: Feasible / Total: 151044 / 199291
[2023-10-02 00:22:52.124] [info] Graph is not D-reducible.
[2023-10-02 00:22:52.201] [info] Started C-reducibility check
[2023-10-02 00:31:09.767] [info] Trying 48595056 possible contractions
[2023-10-02 00:31:09.786] [info] [0/48595056] Starting contraction of size 1
[2023-10-02 00:32:10.546] [info] All colors passed! Contracted: 38
[2023-10-02 00:32:10.547] [info] Graph is C-reducible!
