[2023-09-30 20:00:26.225] [info] Kempe type: Projective
[2023-09-30 20:00:26.225] [info] Vertex size: 25, Edge size: 43, Ring size: 11
[2023-09-30 20:00:26.290] [info] Started D-reducibility check
[2023-09-30 20:00:26.290] [info] #1: Feasible / Total: 1527 / 7381
[2023-09-30 20:00:26.595] [info] #2: Feasible / Total: 2246 / 7381
[2023-09-30 20:00:26.801] [info] #3: Feasible / Total: 2582 / 7381
[2023-09-30 20:00:26.931] [info] #4: Feasible / Total: 2807 / 7381
[2023-09-30 20:00:27.077] [info] #5: Feasible / Total: 3170 / 7381
[2023-09-30 20:00:27.276] [info] #6: Feasible / Total: 3670 / 7381
[2023-09-30 20:00:27.487] [info] #7: Feasible / Total: 4313 / 7381
[2023-09-30 20:00:27.593] [info] #8: Feasible / Total: 4806 / 7381
[2023-09-30 20:00:27.657] [info] #9: Feasible / Total: 4922 / 7381
[2023-09-30 20:00:27.688] [info] #10: Feasible / Total: 4943 / 7381
[2023-09-30 20:00:27.722] [info] #11: Feasible / Total: 4947 / 7381
[2023-09-30 20:00:27.751] [info] #11: Feasible / Total: 4947 / 7381
[2023-09-30 20:00:27.751] [info] Graph is not D-reducible.
[2023-09-30 20:00:27.753] [info] Started C-reducibility check
[2023-09-30 20:00:29.464] [info] Trying 220490 possible contractions
[2023-09-30 20:00:29.464] [info] [0/220490] Starting contraction of size 1
[2023-09-30 20:00:30.269] [info] [32/220490] Starting contraction of size 2
[2023-09-30 20:00:35.561] [info] [475/220490] Starting contraction of size 3
[2023-09-30 20:00:59.694] [info] All colors passed! Contracted: 30, 32, 41
[2023-09-30 20:00:59.694] [info] Graph is C-reducible!
