[2023-10-03 15:49:02.429] [info] Kempe type: Projective
[2023-10-03 15:49:02.506] [info] Vertex size: 34, Edge size: 58, Ring size: 14
[2023-10-03 15:49:05.423] [info] Started D-reducibility check
[2023-10-03 15:49:05.423] [info] #1: Feasible / Total: 23254 / 199291
[2023-10-03 15:51:38.927] [info] #2: Feasible / Total: 34947 / 199291
[2023-10-03 15:52:38.733] [info] #3: Feasible / Total: 43752 / 199291
[2023-10-03 15:53:42.212] [info] #4: Feasible / Total: 55268 / 199291
[2023-10-03 15:54:51.326] [info] #5: Feasible / Total: 70938 / 199291
[2023-10-03 15:56:23.156] [info] #6: Feasible / Total: 94742 / 199291
[2023-10-03 15:57:50.066] [info] #7: Feasible / Total: 130256 / 199291
[2023-10-03 15:58:40.612] [info] #8: Feasible / Total: 170632 / 199291
[2023-10-03 15:58:49.963] [info] #9: Feasible / Total: 181695 / 199291
[2023-10-03 15:58:50.441] [info] #10: Feasible / Total: 181697 / 199291
[2023-10-03 15:58:50.975] [info] #10: Feasible / Total: 181697 / 199291
[2023-10-03 15:58:50.975] [info] Graph is not D-reducible.
[2023-10-03 15:58:51.053] [info] Started C-reducibility check
[2023-10-03 16:04:02.361] [info] Trying 48595854 possible contractions
[2023-10-03 16:04:02.361] [info] [0/48595854] Starting contraction of size 1
[2023-10-03 16:04:31.170] [info] [44/48595854] Starting contraction of size 2
[2023-10-03 16:09:52.748] [info] All colors passed! Contracted: 34, 51
[2023-10-03 16:09:52.748] [info] Graph is C-reducible!
