[2023-10-02 12:25:42.424] [info] Kempe type: Projective
[2023-10-02 12:25:42.425] [info] Vertex size: 33, Edge size: 57, Ring size: 15
[2023-10-02 12:25:46.921] [info] Started D-reducibility check
[2023-10-02 12:25:46.921] [info] #1: Feasible / Total: 47000 / 597871
[2023-10-02 12:29:02.924] [info] #2: Feasible / Total: 68121 / 597871
[2023-10-02 12:30:14.474] [info] #3: Feasible / Total: 74323 / 597871
[2023-10-02 12:30:50.670] [info] #4: Feasible / Total: 77787 / 597871
[2023-10-02 12:31:13.033] [info] #5: Feasible / Total: 79988 / 597871
[2023-10-02 12:31:32.239] [info] #6: Feasible / Total: 81626 / 597871
[2023-10-02 12:31:49.296] [info] #7: Feasible / Total: 83228 / 597871
[2023-10-02 12:32:07.649] [info] #8: Feasible / Total: 84935 / 597871
[2023-10-02 12:32:26.768] [info] #9: Feasible / Total: 86763 / 597871
[2023-10-02 12:32:45.315] [info] #10: Feasible / Total: 88699 / 597871
[2023-10-02 12:33:03.714] [info] #11: Feasible / Total: 90803 / 597871
[2023-10-02 12:33:20.991] [info] #12: Feasible / Total: 92901 / 597871
[2023-10-02 12:33:41.746] [info] #13: Feasible / Total: 94774 / 597871
[2023-10-02 12:34:03.178] [info] #14: Feasible / Total: 96354 / 597871
[2023-10-02 12:34:20.935] [info] #15: Feasible / Total: 98089 / 597871
[2023-10-02 12:34:41.628] [info] #16: Feasible / Total: 99903 / 597871
[2023-10-02 12:34:59.430] [info] #17: Feasible / Total: 101919 / 597871
[2023-10-02 12:35:21.142] [info] #18: Feasible / Total: 104349 / 597871
[2023-10-02 12:35:42.015] [info] #19: Feasible / Total: 107138 / 597871
[2023-10-02 12:36:08.946] [info] #20: Feasible / Total: 110079 / 597871
[2023-10-02 12:36:33.144] [info] #21: Feasible / Total: 112749 / 597871
[2023-10-02 12:36:51.645] [info] #22: Feasible / Total: 115071 / 597871
[2023-10-02 12:37:09.292] [info] #23: Feasible / Total: 117053 / 597871
[2023-10-02 12:37:27.677] [info] #24: Feasible / Total: 118869 / 597871
[2023-10-02 12:37:43.620] [info] #25: Feasible / Total: 120428 / 597871
[2023-10-02 12:37:59.667] [info] #26: Feasible / Total: 121963 / 597871
[2023-10-02 12:38:16.471] [info] #27: Feasible / Total: 123709 / 597871
[2023-10-02 12:38:35.288] [info] #28: Feasible / Total: 125652 / 597871
[2023-10-02 12:38:57.453] [info] #29: Feasible / Total: 128437 / 597871
[2023-10-02 12:39:19.983] [info] #30: Feasible / Total: 131645 / 597871
[2023-10-02 12:39:43.031] [info] #31: Feasible / Total: 134684 / 597871
[2023-10-02 12:40:07.265] [info] #32: Feasible / Total: 138006 / 597871
[2023-10-02 12:40:33.884] [info] #33: Feasible / Total: 141762 / 597871
[2023-10-02 12:41:06.245] [info] #34: Feasible / Total: 147029 / 597871
[2023-10-02 12:41:48.263] [info] #35: Feasible / Total: 154889 / 597871
[2023-10-02 12:42:52.064] [info] #36: Feasible / Total: 166811 / 597871
[2023-10-02 12:44:18.444] [info] #37: Feasible / Total: 185332 / 597871
[2023-10-02 12:46:11.575] [info] #38: Feasible / Total: 212179 / 597871
[2023-10-02 12:48:20.147] [info] #39: Feasible / Total: 246539 / 597871
[2023-10-02 12:50:20.420] [info] #40: Feasible / Total: 284649 / 597871
[2023-10-02 12:52:23.406] [info] #41: Feasible / Total: 330138 / 597871
[2023-10-02 12:54:18.923] [info] #42: Feasible / Total: 385511 / 597871
[2023-10-02 12:55:16.572] [info] #43: Feasible / Total: 418003 / 597871
[2023-10-02 12:55:29.152] [info] #44: Feasible / Total: 422231 / 597871
[2023-10-02 12:55:34.531] [info] #45: Feasible / Total: 423341 / 597871
[2023-10-02 12:55:37.085] [info] #46: Feasible / Total: 423343 / 597871
[2023-10-02 12:55:39.499] [info] #46: Feasible / Total: 423343 / 597871
[2023-10-02 12:55:39.499] [info] Graph is not D-reducible.
[2023-10-02 12:55:39.598] [info] Started C-reducibility check
[2023-10-02 12:56:45.538] [info] Trying 1775941 possible contractions
[2023-10-02 12:56:45.538] [info] [0/1775941] Starting contraction of size 1
[2023-10-02 12:57:08.868] [info] All colors passed! Contracted: 29
[2023-10-02 12:57:08.868] [info] Graph is C-reducible!
