[2023-10-05 00:48:35.829] [info] Kempe type: Projective
[2023-10-05 00:48:35.847] [info] Vertex size: 34, Edge size: 58, Ring size: 14
[2023-10-05 00:48:41.227] [info] Started D-reducibility check
[2023-10-05 00:48:41.250] [info] #1: Feasible / Total: 26205 / 199291
[2023-10-05 00:50:37.779] [info] #2: Feasible / Total: 33170 / 199291
[2023-10-05 00:51:12.313] [info] #3: Feasible / Total: 37145 / 199291
[2023-10-05 00:51:35.730] [info] #4: Feasible / Total: 40358 / 199291
[2023-10-05 00:51:59.285] [info] #5: Feasible / Total: 43501 / 199291
[2023-10-05 00:52:18.293] [info] #6: Feasible / Total: 46413 / 199291
[2023-10-05 00:52:33.536] [info] #7: Feasible / Total: 49457 / 199291
[2023-10-05 00:52:51.511] [info] #8: Feasible / Total: 52646 / 199291
[2023-10-05 00:53:13.433] [info] #9: Feasible / Total: 55975 / 199291
[2023-10-05 00:53:37.686] [info] #10: Feasible / Total: 59899 / 199291
[2023-10-05 00:54:02.194] [info] #11: Feasible / Total: 65083 / 199291
[2023-10-05 00:54:38.666] [info] #12: Feasible / Total: 72348 / 199291
[2023-10-05 00:55:13.413] [info] #13: Feasible / Total: 80635 / 199291
[2023-10-05 00:55:35.141] [info] #14: Feasible / Total: 88104 / 199291
[2023-10-05 00:55:48.704] [info] #15: Feasible / Total: 93226 / 199291
[2023-10-05 00:56:00.913] [info] #16: Feasible / Total: 95730 / 199291
[2023-10-05 00:56:10.504] [info] #17: Feasible / Total: 97294 / 199291
[2023-10-05 00:56:18.941] [info] #18: Feasible / Total: 98602 / 199291
[2023-10-05 00:56:25.266] [info] #19: Feasible / Total: 100225 / 199291
[2023-10-05 00:56:35.462] [info] #20: Feasible / Total: 102753 / 199291
[2023-10-05 00:56:47.483] [info] #21: Feasible / Total: 105868 / 199291
[2023-10-05 00:57:00.739] [info] #22: Feasible / Total: 108148 / 199291
[2023-10-05 00:57:17.730] [info] #23: Feasible / Total: 110848 / 199291
[2023-10-05 00:57:35.501] [info] #24: Feasible / Total: 115297 / 199291
[2023-10-05 00:57:55.492] [info] #25: Feasible / Total: 120991 / 199291
[2023-10-05 00:58:15.050] [info] #26: Feasible / Total: 126791 / 199291
[2023-10-05 00:58:28.132] [info] #27: Feasible / Total: 131616 / 199291
[2023-10-05 00:58:47.863] [info] #28: Feasible / Total: 138768 / 199291
[2023-10-05 00:59:06.497] [info] #29: Feasible / Total: 145271 / 199291
[2023-10-05 00:59:14.572] [info] #30: Feasible / Total: 147125 / 199291
[2023-10-05 00:59:19.257] [info] #31: Feasible / Total: 148175 / 199291
[2023-10-05 00:59:20.660] [info] #32: Feasible / Total: 148349 / 199291
[2023-10-05 00:59:21.756] [info] #33: Feasible / Total: 148364 / 199291
[2023-10-05 00:59:22.835] [info] #34: Feasible / Total: 148374 / 199291
[2023-10-05 00:59:23.899] [info] #35: Feasible / Total: 148377 / 199291
[2023-10-05 00:59:24.976] [info] #35: Feasible / Total: 148377 / 199291
[2023-10-05 00:59:24.977] [info] Graph is not D-reducible.
[2023-10-05 00:59:25.031] [info] Started C-reducibility check
[2023-10-05 01:04:49.142] [info] Trying 48777421 possible contractions
[2023-10-05 01:04:49.142] [info] [0/48777421] Starting contraction of size 1
[2023-10-05 01:05:12.678] [info] All colors passed! Contracted: 16
[2023-10-05 01:05:12.678] [info] Graph is C-reducible!
