[2023-10-05 00:48:35.733] [info] Kempe type: Projective
[2023-10-05 00:48:35.758] [info] Vertex size: 34, Edge size: 58, Ring size: 14
[2023-10-05 00:48:40.274] [info] Started D-reducibility check
[2023-10-05 00:48:40.294] [info] #1: Feasible / Total: 26237 / 199291
[2023-10-05 00:50:44.704] [info] #2: Feasible / Total: 36828 / 199291
[2023-10-05 00:51:23.184] [info] #3: Feasible / Total: 45150 / 199291
[2023-10-05 00:52:03.123] [info] #4: Feasible / Total: 53368 / 199291
[2023-10-05 00:52:47.759] [info] #5: Feasible / Total: 64059 / 199291
[2023-10-05 00:53:35.949] [info] #6: Feasible / Total: 77562 / 199291
[2023-10-05 00:54:15.224] [info] #7: Feasible / Total: 92318 / 199291
[2023-10-05 00:54:44.572] [info] #8: Feasible / Total: 105727 / 199291
[2023-10-05 00:55:01.413] [info] #9: Feasible / Total: 112980 / 199291
[2023-10-05 00:55:08.291] [info] #10: Feasible / Total: 116005 / 199291
[2023-10-05 00:55:10.695] [info] #11: Feasible / Total: 116518 / 199291
[2023-10-05 00:55:12.472] [info] #12: Feasible / Total: 116522 / 199291
[2023-10-05 00:55:14.009] [info] #12: Feasible / Total: 116522 / 199291
[2023-10-05 00:55:14.009] [info] Graph is not D-reducible.
[2023-10-05 00:55:14.060] [info] Started C-reducibility check
[2023-10-05 01:01:15.973] [info] Trying 48582895 possible contractions
[2023-10-05 01:01:15.974] [info] [0/48582895] Starting contraction of size 1
[2023-10-05 01:01:22.390] [info] All colors passed! Contracted: 23
[2023-10-05 01:01:22.394] [info] Graph is C-reducible!
