[2023-10-04 13:28:03.490] [info] Kempe type: Projective
[2023-10-04 13:28:03.490] [info] Vertex size: 28, Edge size: 48, Ring size: 12
[2023-10-04 13:28:03.787] [info] Started D-reducibility check
[2023-10-04 13:28:03.787] [info] #1: Feasible / Total: 3608 / 22144
[2023-10-04 13:28:05.707] [info] #2: Feasible / Total: 4300 / 22144
[2023-10-04 13:28:06.319] [info] #3: Feasible / Total: 4853 / 22144
[2023-10-04 13:28:06.875] [info] #4: Feasible / Total: 5325 / 22144
[2023-10-04 13:28:07.325] [info] #5: Feasible / Total: 5678 / 22144
[2023-10-04 13:28:07.744] [info] #6: Feasible / Total: 6012 / 22144
[2023-10-04 13:28:08.148] [info] #7: Feasible / Total: 6311 / 22144
[2023-10-04 13:28:08.466] [info] #8: Feasible / Total: 6534 / 22144
[2023-10-04 13:28:08.750] [info] #9: Feasible / Total: 6708 / 22144
[2023-10-04 13:28:09.018] [info] #10: Feasible / Total: 6893 / 22144
[2023-10-04 13:28:09.354] [info] #11: Feasible / Total: 7195 / 22144
[2023-10-04 13:28:09.903] [info] #12: Feasible / Total: 7746 / 22144
[2023-10-04 13:28:10.395] [info] #13: Feasible / Total: 8300 / 22144
[2023-10-04 13:28:10.950] [info] #14: Feasible / Total: 8888 / 22144
[2023-10-04 13:28:11.231] [info] #15: Feasible / Total: 9523 / 22144
[2023-10-04 13:28:11.466] [info] #16: Feasible / Total: 10248 / 22144
[2023-10-04 13:28:11.815] [info] #17: Feasible / Total: 10744 / 22144
[2023-10-04 13:28:12.067] [info] #18: Feasible / Total: 11135 / 22144
[2023-10-04 13:28:12.363] [info] #19: Feasible / Total: 11797 / 22144
[2023-10-04 13:28:12.708] [info] #20: Feasible / Total: 12412 / 22144
[2023-10-04 13:28:13.016] [info] #21: Feasible / Total: 12933 / 22144
[2023-10-04 13:28:13.287] [info] #22: Feasible / Total: 13382 / 22144
[2023-10-04 13:28:13.593] [info] #23: Feasible / Total: 14188 / 22144
[2023-10-04 13:28:13.981] [info] #24: Feasible / Total: 15254 / 22144
[2023-10-04 13:28:14.196] [info] #25: Feasible / Total: 15806 / 22144
[2023-10-04 13:28:14.280] [info] #26: Feasible / Total: 15916 / 22144
[2023-10-04 13:28:14.340] [info] #26: Feasible / Total: 15916 / 22144
[2023-10-04 13:28:14.340] [info] Graph is not D-reducible.
[2023-10-04 13:28:14.353] [info] Started C-reducibility check
[2023-10-04 13:28:26.070] [info] Trying 4235648 possible contractions
[2023-10-04 13:28:26.070] [info] [0/4235648] Starting contraction of size 1
[2023-10-04 13:28:28.476] [info] [36/4235648] Starting contraction of size 2
[2023-10-04 13:28:52.067] [info] All colors passed! Contracted: 29, 40
[2023-10-04 13:28:52.067] [info] Graph is C-reducible!
