[2023-09-30 16:50:13.060] [info] Kempe type: Projective
[2023-09-30 16:50:13.060] [info] Vertex size: 32, Edge size: 55, Ring size: 14
[2023-09-30 16:50:14.306] [info] Started D-reducibility check
[2023-09-30 16:50:14.306] [info] #1: Feasible / Total: 22523 / 199291
[2023-09-30 16:51:05.553] [info] #2: Feasible / Total: 29608 / 199291
[2023-09-30 16:51:24.158] [info] #3: Feasible / Total: 33673 / 199291
[2023-09-30 16:51:36.568] [info] #4: Feasible / Total: 37102 / 199291
[2023-09-30 16:51:47.684] [info] #5: Feasible / Total: 40681 / 199291
[2023-09-30 16:51:58.985] [info] #6: Feasible / Total: 44935 / 199291
[2023-09-30 16:52:13.554] [info] #7: Feasible / Total: 50560 / 199291
[2023-09-30 16:52:32.050] [info] #8: Feasible / Total: 59098 / 199291
[2023-09-30 16:52:54.487] [info] #9: Feasible / Total: 72663 / 199291
[2023-09-30 16:53:37.388] [info] #10: Feasible / Total: 92551 / 199291
[2023-09-30 16:54:13.337] [info] #11: Feasible / Total: 119426 / 199291
[2023-09-30 16:54:43.726] [info] #12: Feasible / Total: 147124 / 199291
[2023-09-30 16:54:55.291] [info] #13: Feasible / Total: 158244 / 199291
[2023-09-30 16:54:57.561] [info] #14: Feasible / Total: 159282 / 199291
[2023-09-30 16:54:58.004] [info] #15: Feasible / Total: 159294 / 199291
[2023-09-30 16:54:58.398] [info] #15: Feasible / Total: 159294 / 199291
[2023-09-30 16:54:58.398] [info] Graph is not D-reducible.
[2023-09-30 16:54:58.427] [info] Started C-reducibility check
[2023-09-30 16:55:42.159] [info] Trying 1466283 possible contractions
[2023-09-30 16:55:42.160] [info] [0/1466283] Starting contraction of size 1
[2023-09-30 16:56:05.289] [info] [41/1466283] Starting contraction of size 2
[2023-09-30 17:01:23.809] [info] [793/1466283] Starting contraction of size 3
[2023-09-30 17:49:01.800] [info] [8969/1466283] Starting contraction of size 4
[2023-09-30 19:21:31.747] [info] All colors passed! Contracted: 26, 28, 35, 39
[2023-09-30 19:21:31.747] [info] Graph is C-reducible!
