[2023-10-04 20:51:57.150] [info] Kempe type: Projective
[2023-10-04 20:51:57.178] [info] Vertex size: 32, Edge size: 55, Ring size: 14
[2023-10-04 20:51:59.073] [info] Started D-reducibility check
[2023-10-04 20:51:59.073] [info] #1: Feasible / Total: 21635 / 199291
[2023-10-04 20:54:14.173] [info] #2: Feasible / Total: 41546 / 199291
[2023-10-04 20:55:13.429] [info] #3: Feasible / Total: 52428 / 199291
[2023-10-04 20:56:10.296] [info] #4: Feasible / Total: 64166 / 199291
[2023-10-04 20:57:16.587] [info] #5: Feasible / Total: 81576 / 199291
[2023-10-04 20:58:14.303] [info] #6: Feasible / Total: 103022 / 199291
[2023-10-04 20:58:48.850] [info] #7: Feasible / Total: 120772 / 199291
[2023-10-04 20:58:59.452] [info] #8: Feasible / Total: 125809 / 199291
[2023-10-04 20:59:01.778] [info] #9: Feasible / Total: 125961 / 199291
[2023-10-04 20:59:03.473] [info] #10: Feasible / Total: 125964 / 199291
[2023-10-04 20:59:04.476] [info] #10: Feasible / Total: 125964 / 199291
[2023-10-04 20:59:04.476] [info] Graph is not D-reducible.
[2023-10-04 20:59:04.520] [info] Started C-reducibility check
[2023-10-04 21:00:52.123] [info] Trying 21303624 possible contractions
[2023-10-04 21:00:52.123] [info] [0/21303624] Starting contraction of size 1
[2023-10-04 21:00:57.865] [info] All colors passed! Contracted: 38
[2023-10-04 21:00:57.878] [info] Graph is C-reducible!
