[2023-10-04 20:51:57.207] [info] Kempe type: Projective
[2023-10-04 20:51:57.226] [info] Vertex size: 34, Edge size: 58, Ring size: 14
[2023-10-04 20:52:01.430] [info] Started D-reducibility check
[2023-10-04 20:52:01.431] [info] #1: Feasible / Total: 23093 / 199291
[2023-10-04 20:54:42.179] [info] #2: Feasible / Total: 31963 / 199291
[2023-10-04 20:55:29.915] [info] #3: Feasible / Total: 39626 / 199291
[2023-10-04 20:56:19.590] [info] #4: Feasible / Total: 49601 / 199291
[2023-10-04 20:57:15.103] [info] #5: Feasible / Total: 63079 / 199291
[2023-10-04 20:58:21.450] [info] #6: Feasible / Total: 78438 / 199291
[2023-10-04 20:59:28.731] [info] #7: Feasible / Total: 96547 / 199291
[2023-10-04 21:00:16.419] [info] #8: Feasible / Total: 114638 / 199291
[2023-10-04 21:00:32.749] [info] #9: Feasible / Total: 126625 / 199291
[2023-10-04 21:00:35.190] [info] #10: Feasible / Total: 127497 / 199291
[2023-10-04 21:00:36.766] [info] #10: Feasible / Total: 127497 / 199291
[2023-10-04 21:00:36.778] [info] Graph is not D-reducible.
[2023-10-04 21:00:36.850] [info] Started C-reducibility check
[2023-10-04 21:06:33.128] [info] Trying 48766084 possible contractions
[2023-10-04 21:06:33.128] [info] [0/48766084] Starting contraction of size 1
[2023-10-04 21:06:34.017] [info] All colors passed! Contracted: 48
[2023-10-04 21:06:34.018] [info] Graph is C-reducible!
