[2023-10-02 12:25:42.464] [info] Kempe type: Projective
[2023-10-02 12:25:42.478] [info] Vertex size: 29, Edge size: 50, Ring size: 13
[2023-10-02 12:25:43.375] [info] Started D-reducibility check
[2023-10-02 12:25:43.375] [info] #1: Feasible / Total: 8627 / 66430
[2023-10-02 12:26:01.637] [info] #2: Feasible / Total: 12472 / 66430
[2023-10-02 12:26:07.502] [info] #3: Feasible / Total: 14243 / 66430
[2023-10-02 12:26:10.799] [info] #4: Feasible / Total: 15587 / 66430
[2023-10-02 12:26:13.567] [info] #5: Feasible / Total: 16804 / 66430
[2023-10-02 12:26:16.241] [info] #6: Feasible / Total: 18015 / 66430
[2023-10-02 12:26:19.158] [info] #7: Feasible / Total: 19272 / 66430
[2023-10-02 12:26:22.033] [info] #8: Feasible / Total: 20661 / 66430
[2023-10-02 12:26:25.264] [info] #9: Feasible / Total: 22186 / 66430
[2023-10-02 12:26:28.702] [info] #10: Feasible / Total: 23905 / 66430
[2023-10-02 12:26:31.870] [info] #11: Feasible / Total: 25468 / 66430
[2023-10-02 12:26:35.022] [info] #12: Feasible / Total: 27137 / 66430
[2023-10-02 12:26:38.204] [info] #13: Feasible / Total: 28985 / 66430
[2023-10-02 12:26:40.399] [info] #14: Feasible / Total: 30480 / 66430
[2023-10-02 12:26:41.839] [info] #15: Feasible / Total: 31467 / 66430
[2023-10-02 12:26:42.355] [info] #16: Feasible / Total: 31716 / 66430
[2023-10-02 12:26:42.872] [info] #17: Feasible / Total: 31756 / 66430
[2023-10-02 12:26:43.378] [info] #18: Feasible / Total: 31763 / 66430
[2023-10-02 12:26:43.853] [info] #18: Feasible / Total: 31763 / 66430
[2023-10-02 12:26:43.866] [info] Graph is not D-reducible.
[2023-10-02 12:26:43.876] [info] Started C-reducibility check
[2023-10-02 12:26:57.038] [info] Trying 678764 possible contractions
[2023-10-02 12:26:57.038] [info] [0/678764] Starting contraction of size 1
[2023-10-02 12:27:03.364] [info] [37/678764] Starting contraction of size 2
[2023-10-02 12:28:10.005] [info] [642/678764] Starting contraction of size 3
[2023-10-02 12:36:10.335] [info] [6426/678764] Starting contraction of size 4
[2023-10-02 12:41:13.164] [info] All colors passed! Contracted: 24, 36, 46, 47
[2023-10-02 12:41:13.165] [info] Graph is C-reducible!
