[2023-10-04 10:10:41.717] [info] Kempe type: Projective
[2023-10-04 10:10:41.722] [info] Vertex size: 37, Edge size: 63, Ring size: 15
[2023-10-04 10:10:46.387] [info] Started D-reducibility check
[2023-10-04 10:10:46.387] [info] #1: Feasible / Total: 65606 / 597871
[2023-10-04 10:18:26.399] [info] #2: Feasible / Total: 95752 / 597871
[2023-10-04 10:21:48.118] [info] #3: Feasible / Total: 120513 / 597871
[2023-10-04 10:24:58.644] [info] #4: Feasible / Total: 147224 / 597871
[2023-10-04 10:29:13.137] [info] #5: Feasible / Total: 185029 / 597871
[2023-10-04 10:34:58.385] [info] #6: Feasible / Total: 251363 / 597871
[2023-10-04 10:41:35.170] [info] #7: Feasible / Total: 357103 / 597871
[2023-10-04 10:46:44.612] [info] #8: Feasible / Total: 479307 / 597871
[2023-10-04 10:47:21.610] [info] #9: Feasible / Total: 508412 / 597871
[2023-10-04 10:47:22.928] [info] #10: Feasible / Total: 508447 / 597871
[2023-10-04 10:47:24.199] [info] #10: Feasible / Total: 508447 / 597871
[2023-10-04 10:47:24.199] [info] Graph is not D-reducible.
[2023-10-04 10:47:24.286] [info] Started C-reducibility check
[2023-10-04 11:07:44.996] [info] Trying 139031977 possible contractions
[2023-10-04 11:07:44.996] [info] [0/139031977] Starting contraction of size 1
[2023-10-04 11:08:00.004] [info] All colors passed! Contracted: 53
[2023-10-04 11:08:00.004] [info] Graph is C-reducible!
