[2023-10-01 10:31:59.061] [info] Kempe type: Projective
[2023-10-01 10:31:59.061] [info] Vertex size: 37, Edge size: 63, Ring size: 15
[2023-10-01 10:32:02.517] [info] Started D-reducibility check
[2023-10-01 10:32:02.517] [info] #1: Feasible / Total: 64120 / 597871
[2023-10-01 10:37:19.617] [info] #2: Feasible / Total: 113231 / 597871
[2023-10-01 10:40:52.648] [info] #3: Feasible / Total: 158235 / 597871
[2023-10-01 10:44:59.786] [info] #4: Feasible / Total: 224627 / 597871
[2023-10-01 10:48:51.714] [info] #5: Feasible / Total: 315399 / 597871
[2023-10-01 10:51:18.944] [info] #6: Feasible / Total: 410561 / 597871
[2023-10-01 10:51:52.354] [info] #7: Feasible / Total: 438879 / 597871
[2023-10-01 10:52:04.704] [info] #8: Feasible / Total: 441640 / 597871
[2023-10-01 10:52:15.538] [info] #9: Feasible / Total: 443329 / 597871
[2023-10-01 10:52:21.490] [info] #10: Feasible / Total: 444744 / 597871
[2023-10-01 10:52:28.256] [info] #11: Feasible / Total: 445860 / 597871
[2023-10-01 10:52:33.210] [info] #12: Feasible / Total: 446467 / 597871
[2023-10-01 10:52:36.027] [info] #13: Feasible / Total: 446806 / 597871
[2023-10-01 10:52:38.349] [info] #14: Feasible / Total: 446945 / 597871
[2023-10-01 10:52:40.393] [info] #15: Feasible / Total: 446953 / 597871
[2023-10-01 10:52:42.447] [info] #15: Feasible / Total: 446953 / 597871
[2023-10-01 10:52:42.447] [info] Graph is not D-reducible.
[2023-10-01 10:52:42.534] [info] Started C-reducibility check
[2023-10-01 11:05:45.900] [info] Trying 4615583 possible contractions
[2023-10-01 11:05:45.900] [info] [0/4615583] Starting contraction of size 1
[2023-10-01 11:07:53.373] [info] [48/4615583] Starting contraction of size 2
[2023-10-01 11:10:38.688] [info] All colors passed! Contracted: 20, 39
[2023-10-01 11:10:38.688] [info] Graph is C-reducible!
