[2023-10-04 13:28:03.695] [info] Kempe type: Projective
[2023-10-04 13:28:03.722] [info] Vertex size: 34, Edge size: 58, Ring size: 14
[2023-10-04 13:28:08.570] [info] Started D-reducibility check
[2023-10-04 13:28:08.578] [info] #1: Feasible / Total: 25623 / 199291
[2023-10-04 13:30:46.104] [info] #2: Feasible / Total: 38665 / 199291
[2023-10-04 13:31:37.322] [info] #3: Feasible / Total: 47554 / 199291
[2023-10-04 13:32:20.415] [info] #4: Feasible / Total: 54997 / 199291
[2023-10-04 13:33:15.756] [info] #5: Feasible / Total: 64607 / 199291
[2023-10-04 13:34:14.339] [info] #6: Feasible / Total: 78742 / 199291
[2023-10-04 13:35:40.402] [info] #7: Feasible / Total: 102035 / 199291
[2023-10-04 13:36:54.996] [info] #8: Feasible / Total: 136751 / 199291
[2023-10-04 13:37:26.352] [info] #9: Feasible / Total: 167724 / 199291
[2023-10-04 13:37:28.517] [info] #10: Feasible / Total: 171961 / 199291
[2023-10-04 13:37:29.132] [info] #10: Feasible / Total: 171961 / 199291
[2023-10-04 13:37:29.132] [info] Graph is not D-reducible.
[2023-10-04 13:37:29.206] [info] Started C-reducibility check
[2023-10-04 13:43:59.407] [info] Trying 48800108 possible contractions
[2023-10-04 13:43:59.414] [info] [0/48800108] Starting contraction of size 1
[2023-10-04 13:44:01.219] [info] All colors passed! Contracted: 26
[2023-10-04 13:44:01.220] [info] Graph is C-reducible!
