[2023-10-04 13:28:03.633] [info] Kempe type: Projective
[2023-10-04 13:28:03.640] [info] Vertex size: 28, Edge size: 48, Ring size: 12
[2023-10-04 13:28:04.142] [info] Started D-reducibility check
[2023-10-04 13:28:04.142] [info] #1: Feasible / Total: 3568 / 22144
[2023-10-04 13:28:11.234] [info] #2: Feasible / Total: 4976 / 22144
[2023-10-04 13:28:13.115] [info] #3: Feasible / Total: 5612 / 22144
[2023-10-04 13:28:14.600] [info] #4: Feasible / Total: 6316 / 22144
[2023-10-04 13:28:16.724] [info] #5: Feasible / Total: 7505 / 22144
[2023-10-04 13:28:19.348] [info] #6: Feasible / Total: 9304 / 22144
[2023-10-04 13:28:22.842] [info] #7: Feasible / Total: 12069 / 22144
[2023-10-04 13:28:25.572] [info] #8: Feasible / Total: 14693 / 22144
[2023-10-04 13:28:26.299] [info] #9: Feasible / Total: 15461 / 22144
[2023-10-04 13:28:26.528] [info] #10: Feasible / Total: 15525 / 22144
[2023-10-04 13:28:26.712] [info] #11: Feasible / Total: 15527 / 22144
[2023-10-04 13:28:26.877] [info] #11: Feasible / Total: 15527 / 22144
[2023-10-04 13:28:26.886] [info] Graph is not D-reducible.
[2023-10-04 13:28:26.896] [info] Started C-reducibility check
[2023-10-04 13:28:55.808] [info] Trying 4251610 possible contractions
[2023-10-04 13:28:55.808] [info] [0/4251610] Starting contraction of size 1
[2023-10-04 13:29:03.282] [info] [36/4251610] Starting contraction of size 2
[2023-10-04 13:30:23.808] [info] [606/4251610] Starting contraction of size 3
[2023-10-04 13:37:27.101] [info] [5855/4251610] Starting contraction of size 4
[2023-10-04 14:04:27.463] [info] [37223/4251610] Starting contraction of size 5
[2023-10-04 14:29:05.667] [info] All colors passed! Contracted: 13, 17, 22, 26, 33
[2023-10-04 14:29:05.668] [info] Graph is C-reducible!
