[2023-10-01 11:31:08.925] [info] Kempe type: Projective
[2023-10-01 11:31:08.925] [info] Vertex size: 33, Edge size: 56, Ring size: 13
[2023-10-01 11:31:10.063] [info] Started D-reducibility check
[2023-10-01 11:31:10.063] [info] #1: Feasible / Total: 11952 / 66430
[2023-10-01 11:31:32.949] [info] #2: Feasible / Total: 17245 / 66430
[2023-10-01 11:31:41.234] [info] #3: Feasible / Total: 20133 / 66430
[2023-10-01 11:31:46.581] [info] #4: Feasible / Total: 21817 / 66430
[2023-10-01 11:31:50.925] [info] #5: Feasible / Total: 23624 / 66430
[2023-10-01 11:31:57.108] [info] #6: Feasible / Total: 26838 / 66430
[2023-10-01 11:32:02.463] [info] #7: Feasible / Total: 31181 / 66430
[2023-10-01 11:32:09.240] [info] #8: Feasible / Total: 36283 / 66430
[2023-10-01 11:32:13.511] [info] #9: Feasible / Total: 39625 / 66430
[2023-10-01 11:32:14.740] [info] #10: Feasible / Total: 40244 / 66430
[2023-10-01 11:32:15.311] [info] #11: Feasible / Total: 40346 / 66430
[2023-10-01 11:32:15.885] [info] #12: Feasible / Total: 40377 / 66430
[2023-10-01 11:32:16.413] [info] #13: Feasible / Total: 40380 / 66430
[2023-10-01 11:32:16.972] [info] #13: Feasible / Total: 40380 / 66430
[2023-10-01 11:32:16.972] [info] Graph is not D-reducible.
[2023-10-01 11:32:16.994] [info] Started C-reducibility check
[2023-10-01 11:35:38.213] [info] Trying 2029851 possible contractions
[2023-10-01 11:35:38.213] [info] [0/2029851] Starting contraction of size 1
[2023-10-01 11:35:56.719] [info] All colors passed! Contracted: 19
[2023-10-01 11:35:56.719] [info] Graph is C-reducible!
