[2023-10-04 13:28:03.495] [info] Kempe type: Projective
[2023-10-04 13:28:03.496] [info] Vertex size: 34, Edge size: 58, Ring size: 14
[2023-10-04 13:28:04.317] [info] Started D-reducibility check
[2023-10-04 13:28:04.317] [info] #1: Feasible / Total: 25151 / 199291
[2023-10-04 13:29:05.322] [info] #2: Feasible / Total: 38344 / 199291
[2023-10-04 13:30:05.588] [info] #3: Feasible / Total: 53244 / 199291
[2023-10-04 13:31:37.939] [info] #4: Feasible / Total: 76349 / 199291
[2023-10-04 13:33:27.326] [info] #5: Feasible / Total: 113860 / 199291
[2023-10-04 13:34:36.896] [info] #6: Feasible / Total: 154992 / 199291
[2023-10-04 13:34:44.812] [info] #7: Feasible / Total: 162108 / 199291
[2023-10-04 13:34:45.500] [info] #8: Feasible / Total: 162189 / 199291
[2023-10-04 13:34:46.447] [info] #8: Feasible / Total: 162189 / 199291
[2023-10-04 13:34:46.450] [info] Graph is not D-reducible.
[2023-10-04 13:34:46.497] [info] Started C-reducibility check
[2023-10-04 13:41:02.588] [info] Trying 48599479 possible contractions
[2023-10-04 13:41:02.588] [info] [0/48599479] Starting contraction of size 1
[2023-10-04 13:41:55.908] [info] [44/48599479] Starting contraction of size 2
[2023-10-04 13:55:14.086] [info] [916/48599479] Starting contraction of size 3
[2023-10-04 14:19:46.641] [info] All colors passed! Contracted: 22, 47, 56
[2023-10-04 14:19:46.641] [info] Graph is C-reducible!
