[2023-10-03 15:49:02.165] [info] Kempe type: Projective
[2023-10-03 15:49:02.165] [info] Vertex size: 37, Edge size: 63, Ring size: 15
[2023-10-03 15:49:15.774] [info] Started D-reducibility check
[2023-10-03 15:49:15.774] [info] #1: Feasible / Total: 60322 / 597871
[2023-10-03 15:56:14.052] [info] #2: Feasible / Total: 79424 / 597871
[2023-10-03 15:58:52.294] [info] #3: Feasible / Total: 92971 / 597871
[2023-10-03 16:01:07.646] [info] #4: Feasible / Total: 104620 / 597871
[2023-10-03 16:03:05.194] [info] #5: Feasible / Total: 119047 / 597871
[2023-10-03 16:05:17.328] [info] #6: Feasible / Total: 137651 / 597871
[2023-10-03 16:07:30.720] [info] #7: Feasible / Total: 161484 / 597871
[2023-10-03 16:10:11.285] [info] #8: Feasible / Total: 190176 / 597871
[2023-10-03 16:12:47.049] [info] #9: Feasible / Total: 221450 / 597871
[2023-10-03 16:15:19.661] [info] #10: Feasible / Total: 256635 / 597871
[2023-10-03 16:17:45.899] [info] #11: Feasible / Total: 291875 / 597871
[2023-10-03 16:19:22.020] [info] #12: Feasible / Total: 316846 / 597871
[2023-10-03 16:20:03.482] [info] #13: Feasible / Total: 327671 / 597871
[2023-10-03 16:20:25.103] [info] #14: Feasible / Total: 331201 / 597871
[2023-10-03 16:20:30.570] [info] #15: Feasible / Total: 331849 / 597871
[2023-10-03 16:20:34.784] [info] #16: Feasible / Total: 331881 / 597871
[2023-10-03 16:20:39.374] [info] #16: Feasible / Total: 331881 / 597871
[2023-10-03 16:20:39.374] [info] Graph is not D-reducible.
[2023-10-03 16:20:39.478] [info] Started C-reducibility check
[2023-10-03 16:38:24.780] [info] Trying 139524473 possible contractions
[2023-10-03 16:38:24.780] [info] [0/139524473] Starting contraction of size 1
[2023-10-03 16:38:32.756] [info] All colors passed! Contracted: 31
[2023-10-03 16:38:32.757] [info] Graph is C-reducible!
