[2023-09-30 23:35:48.215] [info] Kempe type: Projective
[2023-09-30 23:35:48.215] [info] Vertex size: 35, Edge size: 60, Ring size: 15
[2023-09-30 23:35:55.628] [info] Started D-reducibility check
[2023-09-30 23:35:55.628] [info] #1: Feasible / Total: 55050 / 597871
[2023-09-30 23:40:51.413] [info] #2: Feasible / Total: 81507 / 597871
[2023-09-30 23:42:16.577] [info] #3: Feasible / Total: 94305 / 597871
[2023-09-30 23:42:59.238] [info] #4: Feasible / Total: 102087 / 597871
[2023-09-30 23:43:32.138] [info] #5: Feasible / Total: 107887 / 597871
[2023-09-30 23:43:54.400] [info] #6: Feasible / Total: 111395 / 597871
[2023-09-30 23:44:12.466] [info] #7: Feasible / Total: 113592 / 597871
[2023-09-30 23:44:26.542] [info] #8: Feasible / Total: 115342 / 597871
[2023-09-30 23:44:41.556] [info] #9: Feasible / Total: 116905 / 597871
[2023-09-30 23:44:54.163] [info] #10: Feasible / Total: 118410 / 597871
[2023-09-30 23:45:06.692] [info] #11: Feasible / Total: 119749 / 597871
[2023-09-30 23:45:19.780] [info] #12: Feasible / Total: 120963 / 597871
[2023-09-30 23:45:31.744] [info] #13: Feasible / Total: 122222 / 597871
[2023-09-30 23:45:44.202] [info] #14: Feasible / Total: 123527 / 597871
[2023-09-30 23:45:55.372] [info] #15: Feasible / Total: 124515 / 597871
[2023-09-30 23:46:05.670] [info] #16: Feasible / Total: 125658 / 597871
[2023-09-30 23:46:16.604] [info] #17: Feasible / Total: 126956 / 597871
[2023-09-30 23:46:28.369] [info] #18: Feasible / Total: 128487 / 597871
[2023-09-30 23:46:40.641] [info] #19: Feasible / Total: 130003 / 597871
[2023-09-30 23:46:52.791] [info] #20: Feasible / Total: 131743 / 597871
[2023-09-30 23:47:07.113] [info] #21: Feasible / Total: 133900 / 597871
[2023-09-30 23:47:22.976] [info] #22: Feasible / Total: 136603 / 597871
[2023-09-30 23:47:40.038] [info] #23: Feasible / Total: 139875 / 597871
[2023-09-30 23:47:59.932] [info] #24: Feasible / Total: 143799 / 597871
[2023-09-30 23:48:22.484] [info] #25: Feasible / Total: 148540 / 597871
[2023-09-30 23:48:48.916] [info] #26: Feasible / Total: 154564 / 597871
[2023-09-30 23:49:22.834] [info] #27: Feasible / Total: 162843 / 597871
[2023-09-30 23:50:06.988] [info] #28: Feasible / Total: 173934 / 597871
[2023-09-30 23:50:52.420] [info] #29: Feasible / Total: 188030 / 597871
[2023-09-30 23:51:38.021] [info] #30: Feasible / Total: 203865 / 597871
[2023-09-30 23:52:24.766] [info] #31: Feasible / Total: 221837 / 597871
[2023-09-30 23:53:15.682] [info] #32: Feasible / Total: 241817 / 597871
[2023-09-30 23:54:11.938] [info] #33: Feasible / Total: 263041 / 597871
[2023-09-30 23:54:54.514] [info] #34: Feasible / Total: 279413 / 597871
[2023-09-30 23:55:15.380] [info] #35: Feasible / Total: 287927 / 597871
[2023-09-30 23:55:23.878] [info] #36: Feasible / Total: 291063 / 597871
[2023-09-30 23:55:28.833] [info] #37: Feasible / Total: 292125 / 597871
[2023-09-30 23:55:32.881] [info] #38: Feasible / Total: 292394 / 597871
[2023-09-30 23:55:36.732] [info] #39: Feasible / Total: 292420 / 597871
[2023-09-30 23:55:40.530] [info] #40: Feasible / Total: 292422 / 597871
[2023-09-30 23:55:44.314] [info] #40: Feasible / Total: 292422 / 597871
[2023-09-30 23:55:44.314] [info] Graph is not D-reducible.
[2023-09-30 23:55:44.399] [info] Started C-reducibility check
[2023-09-30 23:59:24.310] [info] Trying 2912758 possible contractions
[2023-09-30 23:59:24.310] [info] [0/2912758] Starting contraction of size 1
[2023-10-01 00:00:29.747] [info] [45/2912758] Starting contraction of size 2
[2023-10-01 00:19:07.033] [info] [960/2912758] Starting contraction of size 3
[2023-10-01 00:49:54.576] [info] All colors passed! Contracted: 32, 34, 51
[2023-10-01 00:49:54.576] [info] Graph is C-reducible!
