[2023-10-04 13:28:03.702] [info] Kempe type: Projective
[2023-10-04 13:28:03.718] [info] Vertex size: 39, Edge size: 66, Ring size: 15
[2023-10-04 13:28:24.134] [info] Started D-reducibility check
[2023-10-04 13:28:24.134] [info] #1: Feasible / Total: 72959 / 597871
[2023-10-04 13:42:30.172] [info] #2: Feasible / Total: 129300 / 597871
[2023-10-04 13:52:00.388] [info] #3: Feasible / Total: 201767 / 597871
[2023-10-04 14:00:26.388] [info] #4: Feasible / Total: 297556 / 597871
[2023-10-04 14:04:50.668] [info] #5: Feasible / Total: 401070 / 597871
[2023-10-04 14:06:27.462] [info] #6: Feasible / Total: 425610 / 597871
[2023-10-04 14:07:28.641] [info] #7: Feasible / Total: 437648 / 597871
[2023-10-04 14:07:46.763] [info] #8: Feasible / Total: 440219 / 597871
[2023-10-04 14:07:51.766] [info] #9: Feasible / Total: 440653 / 597871
[2023-10-04 14:07:54.750] [info] #10: Feasible / Total: 440671 / 597871
[2023-10-04 14:07:58.931] [info] #10: Feasible / Total: 440671 / 597871
[2023-10-04 14:07:58.931] [info] Graph is not D-reducible.
[2023-10-04 14:07:59.023] [info] Started C-reducibility check
[2023-10-04 15:27:14.459] [info] Trying 281443853 possible contractions
[2023-10-04 15:27:14.460] [info] [0/281443853] Starting contraction of size 1
[2023-10-04 15:28:19.558] [info] All colors passed! Contracted: 37
[2023-10-04 15:28:19.559] [info] Graph is C-reducible!
