[2023-10-03 17:50:33.113] [info] Kempe type: Projective
[2023-10-03 17:50:33.196] [info] Vertex size: 34, Edge size: 58, Ring size: 14
[2023-10-03 17:50:39.281] [info] Started D-reducibility check
[2023-10-03 17:50:39.281] [info] #1: Feasible / Total: 24071 / 199291
[2023-10-03 17:53:02.267] [info] #2: Feasible / Total: 32121 / 199291
[2023-10-03 17:53:50.082] [info] #3: Feasible / Total: 37403 / 199291
[2023-10-03 17:54:26.924] [info] #4: Feasible / Total: 41813 / 199291
[2023-10-03 17:55:03.279] [info] #5: Feasible / Total: 46763 / 199291
[2023-10-03 17:55:50.145] [info] #6: Feasible / Total: 53397 / 199291
[2023-10-03 17:56:41.542] [info] #7: Feasible / Total: 62739 / 199291
[2023-10-03 17:57:52.095] [info] #8: Feasible / Total: 76788 / 199291
[2023-10-03 17:59:21.843] [info] #9: Feasible / Total: 99646 / 199291
[2023-10-03 18:00:40.567] [info] #10: Feasible / Total: 126794 / 199291
[2023-10-03 18:01:10.979] [info] #11: Feasible / Total: 138343 / 199291
[2023-10-03 18:01:14.602] [info] #12: Feasible / Total: 139590 / 199291
[2023-10-03 18:01:16.341] [info] #13: Feasible / Total: 139603 / 199291
[2023-10-03 18:01:18.263] [info] #13: Feasible / Total: 139603 / 199291
[2023-10-03 18:01:18.282] [info] Graph is not D-reducible.
[2023-10-03 18:01:18.373] [info] Started C-reducibility check
[2023-10-03 18:08:18.959] [info] Trying 48389378 possible contractions
[2023-10-03 18:08:18.959] [info] [0/48389378] Starting contraction of size 1
[2023-10-03 18:09:22.021] [info] [44/48389378] Starting contraction of size 2
[2023-10-03 18:25:50.910] [info] [916/48389378] Starting contraction of size 3
[2023-10-03 20:15:26.039] [info] [11236/48389378] Starting contraction of size 4
[2023-10-04 00:13:05.735] [info] All colors passed! Contracted: 20, 24, 31, 54
[2023-10-04 00:13:05.735] [info] Graph is C-reducible!
