[2023-10-04 13:28:03.794] [info] Kempe type: Projective
[2023-10-04 13:28:03.810] [info] Vertex size: 37, Edge size: 63, Ring size: 15
[2023-10-04 13:28:22.136] [info] Started D-reducibility check
[2023-10-04 13:28:22.150] [info] #1: Feasible / Total: 64273 / 597871
[2023-10-04 13:38:28.893] [info] #2: Feasible / Total: 97043 / 597871
[2023-10-04 13:43:01.045] [info] #3: Feasible / Total: 118738 / 597871
[2023-10-04 13:46:44.804] [info] #4: Feasible / Total: 138255 / 597871
[2023-10-04 13:51:02.779] [info] #5: Feasible / Total: 166451 / 597871
[2023-10-04 13:57:07.340] [info] #6: Feasible / Total: 216165 / 597871
[2023-10-04 14:05:40.890] [info] #7: Feasible / Total: 307566 / 597871
[2023-10-04 14:13:36.444] [info] #8: Feasible / Total: 462794 / 597871
[2023-10-04 14:15:16.434] [info] #9: Feasible / Total: 537078 / 597871
[2023-10-04 14:15:19.946] [info] #10: Feasible / Total: 539671 / 597871
[2023-10-04 14:15:21.032] [info] #10: Feasible / Total: 539671 / 597871
[2023-10-04 14:15:21.042] [info] Graph is not D-reducible.
[2023-10-04 14:15:21.230] [info] Started C-reducibility check
[2023-10-04 14:38:31.290] [info] Trying 139549806 possible contractions
[2023-10-04 14:38:31.290] [info] [0/139549806] Starting contraction of size 1
[2023-10-04 14:39:07.511] [info] All colors passed! Contracted: 44
[2023-10-04 14:39:07.511] [info] Graph is C-reducible!
