[2023-10-02 21:50:37.611] [info] Kempe type: Projective
[2023-10-02 21:50:37.612] [info] Vertex size: 29, Edge size: 50, Ring size: 13
[2023-10-02 21:50:37.806] [info] Started D-reducibility check
[2023-10-02 21:50:37.806] [info] #1: Feasible / Total: 8352 / 66430
[2023-10-02 21:50:43.229] [info] #2: Feasible / Total: 10915 / 66430
[2023-10-02 21:50:45.103] [info] #3: Feasible / Total: 12460 / 66430
[2023-10-02 21:50:47.323] [info] #4: Feasible / Total: 13617 / 66430
[2023-10-02 21:50:49.357] [info] #5: Feasible / Total: 14654 / 66430
[2023-10-02 21:50:50.567] [info] #6: Feasible / Total: 15623 / 66430
[2023-10-02 21:50:52.019] [info] #7: Feasible / Total: 16612 / 66430
[2023-10-02 21:50:53.776] [info] #8: Feasible / Total: 17701 / 66430
[2023-10-02 21:50:55.139] [info] #9: Feasible / Total: 18804 / 66430
[2023-10-02 21:50:57.596] [info] #10: Feasible / Total: 20031 / 66430
[2023-10-02 21:50:59.392] [info] #11: Feasible / Total: 21312 / 66430
[2023-10-02 21:51:01.385] [info] #12: Feasible / Total: 22743 / 66430
[2023-10-02 21:51:04.349] [info] #13: Feasible / Total: 24711 / 66430
[2023-10-02 21:51:07.740] [info] #14: Feasible / Total: 27064 / 66430
[2023-10-02 21:51:11.341] [info] #15: Feasible / Total: 30162 / 66430
[2023-10-02 21:51:14.994] [info] #16: Feasible / Total: 34370 / 66430
[2023-10-02 21:51:17.800] [info] #17: Feasible / Total: 38402 / 66430
[2023-10-02 21:51:19.987] [info] #18: Feasible / Total: 41060 / 66430
[2023-10-02 21:51:20.938] [info] #19: Feasible / Total: 41759 / 66430
[2023-10-02 21:51:21.338] [info] #20: Feasible / Total: 41777 / 66430
[2023-10-02 21:51:21.688] [info] #20: Feasible / Total: 41777 / 66430
[2023-10-02 21:51:21.688] [info] Graph is not D-reducible.
[2023-10-02 21:51:21.709] [info] Started C-reducibility check
[2023-10-02 21:51:33.398] [info] Trying 678889 possible contractions
[2023-10-02 21:51:33.406] [info] [0/678889] Starting contraction of size 1
[2023-10-02 21:51:40.908] [info] [37/678889] Starting contraction of size 2
[2023-10-02 21:53:51.682] [info] [642/678889] Starting contraction of size 3
[2023-10-02 22:00:22.184] [info] All colors passed! Contracted: 23, 25, 49
[2023-10-02 22:00:22.184] [info] Graph is C-reducible!
