[2023-10-04 20:51:56.981] [info] Kempe type: Projective
[2023-10-04 20:51:56.981] [info] Vertex size: 36, Edge size: 61, Ring size: 14
[2023-10-04 20:51:58.700] [info] Started D-reducibility check
[2023-10-04 20:51:58.700] [info] #1: Feasible / Total: 26773 / 199291
[2023-10-04 20:52:53.524] [info] #2: Feasible / Total: 41189 / 199291
[2023-10-04 20:53:45.098] [info] #3: Feasible / Total: 55507 / 199291
[2023-10-04 20:55:09.684] [info] #4: Feasible / Total: 77081 / 199291
[2023-10-04 20:56:38.522] [info] #5: Feasible / Total: 108590 / 199291
[2023-10-04 20:57:24.420] [info] #6: Feasible / Total: 135579 / 199291
[2023-10-04 20:57:31.765] [info] #7: Feasible / Total: 139474 / 199291
[2023-10-04 20:57:34.136] [info] #8: Feasible / Total: 139740 / 199291
[2023-10-04 20:57:37.373] [info] #9: Feasible / Total: 139945 / 199291
[2023-10-04 20:57:40.039] [info] #10: Feasible / Total: 140124 / 199291
[2023-10-04 20:57:42.143] [info] #11: Feasible / Total: 140216 / 199291
[2023-10-04 20:57:43.046] [info] #12: Feasible / Total: 140218 / 199291
[2023-10-04 20:57:44.405] [info] #12: Feasible / Total: 140218 / 199291
[2023-10-04 20:57:44.405] [info] Graph is not D-reducible.
[2023-10-04 20:57:44.481] [info] Started C-reducibility check
[2023-10-04 21:15:27.684] [info] Trying 104963502 possible contractions
[2023-10-04 21:15:27.684] [info] [0/104963502] Starting contraction of size 1
[2023-10-04 21:17:07.141] [info] [47/104963502] Starting contraction of size 2
[2023-10-04 21:43:27.939] [info] [1048/104963502] Starting contraction of size 3
[2023-10-04 22:15:00.572] [info] All colors passed! Contracted: 21, 46, 52
[2023-10-04 22:15:00.572] [info] Graph is C-reducible!
