[2023-09-30 23:27:32.378] [info] Kempe type: Projective
[2023-09-30 23:27:32.378] [info] Vertex size: 31, Edge size: 53, Ring size: 13
[2023-09-30 23:27:32.577] [info] Started D-reducibility check
[2023-09-30 23:27:32.578] [info] #1: Feasible / Total: 9124 / 66430
[2023-09-30 23:27:41.880] [info] #2: Feasible / Total: 13732 / 66430
[2023-09-30 23:27:47.257] [info] #3: Feasible / Total: 17367 / 66430
[2023-09-30 23:27:50.355] [info] #4: Feasible / Total: 20590 / 66430
[2023-09-30 23:27:53.717] [info] #5: Feasible / Total: 23774 / 66430
[2023-09-30 23:27:58.237] [info] #6: Feasible / Total: 27965 / 66430
[2023-09-30 23:28:03.204] [info] #7: Feasible / Total: 33601 / 66430
[2023-09-30 23:28:06.577] [info] #8: Feasible / Total: 39778 / 66430
[2023-09-30 23:28:09.560] [info] #9: Feasible / Total: 47596 / 66430
[2023-09-30 23:28:11.936] [info] #10: Feasible / Total: 52725 / 66430
[2023-09-30 23:28:12.303] [info] #11: Feasible / Total: 53028 / 66430
[2023-09-30 23:28:12.494] [info] #12: Feasible / Total: 53051 / 66430
[2023-09-30 23:28:12.673] [info] #12: Feasible / Total: 53051 / 66430
[2023-09-30 23:28:12.673] [info] Graph is not D-reducible.
[2023-09-30 23:28:12.694] [info] Started C-reducibility check
[2023-09-30 23:28:39.697] [info] Trying 1197463 possible contractions
[2023-09-30 23:28:39.697] [info] [0/1197463] Starting contraction of size 1
[2023-09-30 23:28:46.485] [info] [40/1197463] Starting contraction of size 2
[2023-09-30 23:30:19.008] [info] [753/1197463] Starting contraction of size 3
[2023-09-30 23:38:44.580] [info] All colors passed! Contracted: 23, 25, 49
[2023-09-30 23:38:44.580] [info] Graph is C-reducible!
