[2023-10-04 21:56:06.834] [info] Kempe type: Projective
[2023-10-04 21:56:06.836] [info] Vertex size: 31, Edge size: 53, Ring size: 13
[2023-10-04 21:56:08.116] [info] Started D-reducibility check
[2023-10-04 21:56:08.122] [info] #1: Feasible / Total: 9977 / 66430
[2023-10-04 21:56:19.580] [info] #2: Feasible / Total: 13923 / 66430
[2023-10-04 21:56:24.611] [info] #3: Feasible / Total: 17936 / 66430
[2023-10-04 21:56:33.424] [info] #4: Feasible / Total: 23697 / 66430
[2023-10-04 21:56:41.059] [info] #5: Feasible / Total: 34707 / 66430
[2023-10-04 21:56:48.015] [info] #6: Feasible / Total: 51730 / 66430
[2023-10-04 21:56:49.279] [info] #7: Feasible / Total: 58890 / 66430
[2023-10-04 21:56:49.358] [info] #8: Feasible / Total: 59026 / 66430
[2023-10-04 21:56:49.411] [info] #8: Feasible / Total: 59026 / 66430
[2023-10-04 21:56:49.411] [info] Graph is not D-reducible.
[2023-10-04 21:56:49.422] [info] Started C-reducibility check
[2023-10-04 21:57:27.075] [info] Trying 15194183 possible contractions
[2023-10-04 21:57:27.075] [info] [0/15194183] Starting contraction of size 1
[2023-10-04 21:57:38.422] [info] [40/15194183] Starting contraction of size 2
[2023-10-04 22:00:42.689] [info] [753/15194183] Starting contraction of size 3
[2023-10-04 22:01:17.601] [info] All colors passed! Contracted: 29, 36, 46
[2023-10-04 22:01:17.601] [info] Graph is C-reducible!
