[2023-10-04 13:28:03.641] [info] Kempe type: Projective
[2023-10-04 13:28:03.642] [info] Vertex size: 36, Edge size: 62, Ring size: 16
[2023-10-04 13:28:25.590] [info] Started D-reducibility check
[2023-10-04 13:28:25.614] [info] #1: Feasible / Total: 119402 / 1793614
[2023-10-04 14:08:36.937] [info] #2: Feasible / Total: 164900 / 1793614
[2023-10-04 14:17:39.836] [info] #3: Feasible / Total: 180506 / 1793614
[2023-10-04 14:22:53.353] [info] #4: Feasible / Total: 188623 / 1793614
[2023-10-04 14:27:01.870] [info] #5: Feasible / Total: 194137 / 1793614
[2023-10-04 14:29:51.845] [info] #6: Feasible / Total: 198385 / 1793614
[2023-10-04 14:32:21.831] [info] #7: Feasible / Total: 201523 / 1793614
[2023-10-04 14:34:16.993] [info] #8: Feasible / Total: 203980 / 1793614
[2023-10-04 14:36:47.674] [info] #9: Feasible / Total: 206130 / 1793614
[2023-10-04 14:38:37.130] [info] #10: Feasible / Total: 208123 / 1793614
[2023-10-04 14:40:41.539] [info] #11: Feasible / Total: 209771 / 1793614
[2023-10-04 14:42:26.848] [info] #12: Feasible / Total: 211298 / 1793614
[2023-10-04 14:44:15.410] [info] #13: Feasible / Total: 212648 / 1793614
[2023-10-04 14:46:05.185] [info] #14: Feasible / Total: 213839 / 1793614
[2023-10-04 14:47:43.688] [info] #15: Feasible / Total: 214965 / 1793614
[2023-10-04 14:49:12.017] [info] #16: Feasible / Total: 216037 / 1793614
[2023-10-04 14:50:34.726] [info] #17: Feasible / Total: 217090 / 1793614
[2023-10-04 14:52:09.944] [info] #18: Feasible / Total: 218083 / 1793614
[2023-10-04 14:53:44.274] [info] #19: Feasible / Total: 218978 / 1793614
[2023-10-04 14:55:13.247] [info] #20: Feasible / Total: 219841 / 1793614
[2023-10-04 14:56:21.558] [info] #21: Feasible / Total: 220649 / 1793614
[2023-10-04 14:57:39.603] [info] #22: Feasible / Total: 221550 / 1793614
[2023-10-04 14:59:01.278] [info] #23: Feasible / Total: 222648 / 1793614
[2023-10-04 15:00:24.537] [info] #24: Feasible / Total: 223617 / 1793614
[2023-10-04 15:01:41.498] [info] #25: Feasible / Total: 224456 / 1793614
[2023-10-04 15:02:50.533] [info] #26: Feasible / Total: 225319 / 1793614
[2023-10-04 15:04:07.214] [info] #27: Feasible / Total: 226266 / 1793614
[2023-10-04 15:05:19.414] [info] #28: Feasible / Total: 227257 / 1793614
[2023-10-04 15:06:44.885] [info] #29: Feasible / Total: 228278 / 1793614
[2023-10-04 15:08:09.646] [info] #30: Feasible / Total: 229406 / 1793614
[2023-10-04 15:09:37.457] [info] #31: Feasible / Total: 230504 / 1793614
[2023-10-04 15:10:58.913] [info] #32: Feasible / Total: 231533 / 1793614
[2023-10-04 15:12:23.192] [info] #33: Feasible / Total: 232713 / 1793614
[2023-10-04 15:13:44.654] [info] #34: Feasible / Total: 234012 / 1793614
[2023-10-04 15:15:09.906] [info] #35: Feasible / Total: 235529 / 1793614
[2023-10-04 15:16:44.953] [info] #36: Feasible / Total: 237181 / 1793614
[2023-10-04 15:18:18.864] [info] #37: Feasible / Total: 238914 / 1793614
[2023-10-04 15:19:53.964] [info] #38: Feasible / Total: 240971 / 1793614
[2023-10-04 15:21:39.420] [info] #39: Feasible / Total: 243445 / 1793614
[2023-10-04 15:24:04.460] [info] #40: Feasible / Total: 246461 / 1793614
[2023-10-04 15:26:31.002] [info] #41: Feasible / Total: 249843 / 1793614
[2023-10-04 15:29:06.123] [info] #42: Feasible / Total: 253943 / 1793614
[2023-10-04 15:31:55.324] [info] #43: Feasible / Total: 259030 / 1793614
[2023-10-04 15:35:01.138] [info] #44: Feasible / Total: 265064 / 1793614
[2023-10-04 15:38:39.161] [info] #45: Feasible / Total: 272653 / 1793614
[2023-10-04 15:43:05.497] [info] #46: Feasible / Total: 281416 / 1793614
[2023-10-04 15:47:44.205] [info] #47: Feasible / Total: 292406 / 1793614
[2023-10-04 15:53:18.135] [info] #48: Feasible / Total: 306881 / 1793614
[2023-10-04 15:59:41.065] [info] #49: Feasible / Total: 324906 / 1793614
[2023-10-04 16:07:22.514] [info] #50: Feasible / Total: 346865 / 1793614
[2023-10-04 16:16:21.043] [info] #51: Feasible / Total: 372276 / 1793614
[2023-10-04 16:26:26.991] [info] #52: Feasible / Total: 400444 / 1793614
[2023-10-04 16:38:30.958] [info] #53: Feasible / Total: 427011 / 1793614
[2023-10-04 16:47:56.057] [info] #54: Feasible / Total: 452071 / 1793614
[2023-10-04 16:58:48.507] [info] #55: Feasible / Total: 484522 / 1793614
[2023-10-04 17:11:41.363] [info] #56: Feasible / Total: 528808 / 1793614
[2023-10-04 17:26:24.280] [info] #57: Feasible / Total: 589848 / 1793614
[2023-10-04 17:46:30.207] [info] #58: Feasible / Total: 676137 / 1793614
[2023-10-04 18:12:04.828] [info] #59: Feasible / Total: 808808 / 1793614
[2023-10-04 18:43:04.824] [info] #60: Feasible / Total: 1015660 / 1793614
[2023-10-04 19:09:17.739] [info] #61: Feasible / Total: 1240433 / 1793614
[2023-10-04 19:17:47.608] [info] #62: Feasible / Total: 1344712 / 1793614
[2023-10-04 19:18:11.949] [info] #63: Feasible / Total: 1346060 / 1793614
[2023-10-04 19:18:23.990] [info] #63: Feasible / Total: 1346060 / 1793614
[2023-10-04 19:18:23.990] [info] Graph is not D-reducible.
[2023-10-04 19:18:24.488] [info] Started C-reducibility check
[2023-10-04 19:25:17.217] [info] Trying 88081678 possible contractions
[2023-10-04 19:25:17.218] [info] [0/88081678] Starting contraction of size 1
[2023-10-04 19:25:27.000] [info] All colors passed! Contracted: 25
[2023-10-04 19:25:27.001] [info] Graph is C-reducible!
