[2023-10-01 10:31:59.081] [info] Kempe type: Projective
[2023-10-01 10:31:59.081] [info] Vertex size: 37, Edge size: 63, Ring size: 15
[2023-10-01 10:32:05.049] [info] Started D-reducibility check
[2023-10-01 10:32:05.058] [info] #1: Feasible / Total: 61695 / 597871
[2023-10-01 10:37:16.416] [info] #2: Feasible / Total: 103593 / 597871
[2023-10-01 10:39:55.909] [info] #3: Feasible / Total: 140509 / 597871
[2023-10-01 10:42:36.506] [info] #4: Feasible / Total: 186848 / 597871
[2023-10-01 10:45:34.371] [info] #5: Feasible / Total: 241070 / 597871
[2023-10-01 10:48:29.753] [info] #6: Feasible / Total: 296778 / 597871
[2023-10-01 10:50:20.886] [info] #7: Feasible / Total: 342140 / 597871
[2023-10-01 10:51:01.956] [info] #8: Feasible / Total: 361222 / 597871
[2023-10-01 10:51:16.197] [info] #9: Feasible / Total: 366028 / 597871
[2023-10-01 10:51:24.843] [info] #10: Feasible / Total: 367898 / 597871
[2023-10-01 10:51:28.992] [info] #11: Feasible / Total: 368341 / 597871
[2023-10-01 10:51:32.526] [info] #12: Feasible / Total: 368533 / 597871
[2023-10-01 10:51:35.770] [info] #13: Feasible / Total: 368700 / 597871
[2023-10-01 10:51:40.230] [info] #14: Feasible / Total: 369271 / 597871
[2023-10-01 10:51:45.124] [info] #15: Feasible / Total: 370127 / 597871
[2023-10-01 10:51:48.318] [info] #16: Feasible / Total: 370211 / 597871
[2023-10-01 10:51:51.247] [info] #16: Feasible / Total: 370211 / 597871
[2023-10-01 10:51:51.247] [info] Graph is not D-reducible.
[2023-10-01 10:51:51.340] [info] Started C-reducibility check
[2023-10-01 11:05:00.700] [info] Trying 4609685 possible contractions
[2023-10-01 11:05:00.700] [info] [0/4609685] Starting contraction of size 1
[2023-10-01 11:07:08.722] [info] [48/4609685] Starting contraction of size 2
[2023-10-01 11:58:09.799] [info] [1095/4609685] Starting contraction of size 3
[2023-10-01 19:58:54.976] [info] [14868/4609685] Starting contraction of size 4
[2023-10-03 20:26:04.788] [info] All colors passed! Contracted: 22, 28, 57, 61
[2023-10-03 20:26:04.789] [info] Graph is C-reducible!
