[2023-10-02 23:43:09.815] [info] Kempe type: Projective
[2023-10-02 23:43:09.910] [info] Vertex size: 34, Edge size: 58, Ring size: 14
[2023-10-02 23:43:14.788] [info] Started D-reducibility check
[2023-10-02 23:43:14.789] [info] #1: Feasible / Total: 23221 / 199291
[2023-10-02 23:44:18.787] [info] #2: Feasible / Total: 32953 / 199291
[2023-10-02 23:44:46.163] [info] #3: Feasible / Total: 39779 / 199291
[2023-10-02 23:45:13.368] [info] #4: Feasible / Total: 45236 / 199291
[2023-10-02 23:45:45.135] [info] #5: Feasible / Total: 51425 / 199291
[2023-10-02 23:46:12.711] [info] #6: Feasible / Total: 57258 / 199291
[2023-10-02 23:46:48.023] [info] #7: Feasible / Total: 63629 / 199291
[2023-10-02 23:47:28.416] [info] #8: Feasible / Total: 71778 / 199291
[2023-10-02 23:48:33.395] [info] #9: Feasible / Total: 85160 / 199291
[2023-10-02 23:49:59.430] [info] #10: Feasible / Total: 110162 / 199291
[2023-10-02 23:51:05.114] [info] #11: Feasible / Total: 145492 / 199291
[2023-10-02 23:51:22.699] [info] #12: Feasible / Total: 159307 / 199291
[2023-10-02 23:51:24.623] [info] #13: Feasible / Total: 159731 / 199291
[2023-10-02 23:51:25.747] [info] #13: Feasible / Total: 159731 / 199291
[2023-10-02 23:51:25.748] [info] Graph is not D-reducible.
[2023-10-02 23:51:25.839] [info] Started C-reducibility check
[2023-10-02 23:56:39.141] [info] Trying 2432196 possible contractions
[2023-10-02 23:56:39.141] [info] [0/2432196] Starting contraction of size 1
[2023-10-02 23:56:45.361] [info] All colors passed! Contracted: 30
[2023-10-02 23:56:45.361] [info] Graph is C-reducible!
