[2023-10-04 13:28:03.713] [info] Kempe type: Projective
[2023-10-04 13:28:03.734] [info] Vertex size: 31, Edge size: 53, Ring size: 13
[2023-10-04 13:28:05.334] [info] Started D-reducibility check
[2023-10-04 13:28:05.334] [info] #1: Feasible / Total: 9779 / 66430
[2023-10-04 13:28:34.862] [info] #2: Feasible / Total: 12653 / 66430
[2023-10-04 13:28:44.023] [info] #3: Feasible / Total: 14179 / 66430
[2023-10-04 13:28:50.255] [info] #4: Feasible / Total: 15241 / 66430
[2023-10-04 13:28:56.683] [info] #5: Feasible / Total: 16458 / 66430
[2023-10-04 13:29:03.752] [info] #6: Feasible / Total: 18046 / 66430
[2023-10-04 13:29:12.862] [info] #7: Feasible / Total: 20338 / 66430
[2023-10-04 13:29:24.226] [info] #8: Feasible / Total: 23958 / 66430
[2023-10-04 13:29:39.732] [info] #9: Feasible / Total: 30414 / 66430
[2023-10-04 13:29:58.839] [info] #10: Feasible / Total: 40122 / 66430
[2023-10-04 13:30:10.645] [info] #11: Feasible / Total: 47711 / 66430
[2023-10-04 13:30:13.301] [info] #12: Feasible / Total: 49789 / 66430
[2023-10-04 13:30:13.891] [info] #13: Feasible / Total: 49852 / 66430
[2023-10-04 13:30:14.330] [info] #13: Feasible / Total: 49852 / 66430
[2023-10-04 13:30:14.330] [info] Graph is not D-reducible.
[2023-10-04 13:30:14.376] [info] Started C-reducibility check
[2023-10-04 13:31:50.935] [info] Trying 15319393 possible contractions
[2023-10-04 13:31:50.935] [info] [0/15319393] Starting contraction of size 1
[2023-10-04 13:32:09.591] [info] [40/15319393] Starting contraction of size 2
[2023-10-04 13:36:19.709] [info] [753/15319393] Starting contraction of size 3
[2023-10-04 13:39:24.011] [info] All colors passed! Contracted: 22, 24, 52
[2023-10-04 13:39:24.034] [info] Graph is C-reducible!
