[2023-10-05 00:48:35.866] [info] Kempe type: Projective
[2023-10-05 00:48:35.906] [info] Vertex size: 29, Edge size: 50, Ring size: 13
[2023-10-05 00:48:37.149] [info] Started D-reducibility check
[2023-10-05 00:48:37.149] [info] #1: Feasible / Total: 8404 / 66430
[2023-10-05 00:49:00.976] [info] #2: Feasible / Total: 10646 / 66430
[2023-10-05 00:49:07.572] [info] #3: Feasible / Total: 11548 / 66430
[2023-10-05 00:49:11.789] [info] #4: Feasible / Total: 12041 / 66430
[2023-10-05 00:49:15.293] [info] #5: Feasible / Total: 12418 / 66430
[2023-10-05 00:49:18.452] [info] #6: Feasible / Total: 12733 / 66430
[2023-10-05 00:49:21.836] [info] #7: Feasible / Total: 13065 / 66430
[2023-10-05 00:49:25.253] [info] #8: Feasible / Total: 13510 / 66430
[2023-10-05 00:49:28.034] [info] #9: Feasible / Total: 13889 / 66430
[2023-10-05 00:49:31.003] [info] #10: Feasible / Total: 14306 / 66430
[2023-10-05 00:49:33.774] [info] #11: Feasible / Total: 14707 / 66430
[2023-10-05 00:49:36.492] [info] #12: Feasible / Total: 15085 / 66430
[2023-10-05 00:49:39.184] [info] #13: Feasible / Total: 15455 / 66430
[2023-10-05 00:49:42.380] [info] #14: Feasible / Total: 15894 / 66430
[2023-10-05 00:49:45.946] [info] #15: Feasible / Total: 16463 / 66430
[2023-10-05 00:49:50.470] [info] #16: Feasible / Total: 17309 / 66430
[2023-10-05 00:49:55.976] [info] #17: Feasible / Total: 18458 / 66430
[2023-10-05 00:50:01.698] [info] #18: Feasible / Total: 20221 / 66430
[2023-10-05 00:50:09.631] [info] #19: Feasible / Total: 23288 / 66430
[2023-10-05 00:50:19.438] [info] #20: Feasible / Total: 27715 / 66430
[2023-10-05 00:50:27.580] [info] #21: Feasible / Total: 32070 / 66430
[2023-10-05 00:50:33.757] [info] #22: Feasible / Total: 35181 / 66430
[2023-10-05 00:50:43.278] [info] #23: Feasible / Total: 39801 / 66430
[2023-10-05 00:50:52.842] [info] #24: Feasible / Total: 46586 / 66430
[2023-10-05 00:50:56.907] [info] #25: Feasible / Total: 50429 / 66430
[2023-10-05 00:50:57.655] [info] #26: Feasible / Total: 50785 / 66430
[2023-10-05 00:50:57.988] [info] #27: Feasible / Total: 50787 / 66430
[2023-10-05 00:50:58.306] [info] #27: Feasible / Total: 50787 / 66430
[2023-10-05 00:50:58.322] [info] Graph is not D-reducible.
[2023-10-05 00:50:58.337] [info] Started C-reducibility check
[2023-10-05 00:51:23.958] [info] Trying 6122805 possible contractions
[2023-10-05 00:51:23.958] [info] [0/6122805] Starting contraction of size 1
[2023-10-05 00:51:31.854] [info] [37/6122805] Starting contraction of size 2
[2023-10-05 00:52:10.375] [info] All colors passed! Contracted: 27, 46
[2023-10-05 00:52:10.376] [info] Graph is C-reducible!
