[2023-09-30 16:50:13.058] [info] Kempe type: Projective
[2023-09-30 16:50:13.058] [info] Vertex size: 26, Edge size: 45, Ring size: 12
[2023-09-30 16:50:13.319] [info] Started D-reducibility check
[2023-09-30 16:50:13.319] [info] #1: Feasible / Total: 3268 / 22144
[2023-09-30 16:50:18.659] [info] #2: Feasible / Total: 4795 / 22144
[2023-09-30 16:50:19.224] [info] #3: Feasible / Total: 5363 / 22144
[2023-09-30 16:50:19.754] [info] #4: Feasible / Total: 5788 / 22144
[2023-09-30 16:50:20.389] [info] #5: Feasible / Total: 6153 / 22144
[2023-09-30 16:50:20.825] [info] #6: Feasible / Total: 6655 / 22144
[2023-09-30 16:50:21.251] [info] #7: Feasible / Total: 7168 / 22144
[2023-09-30 16:50:21.723] [info] #8: Feasible / Total: 7659 / 22144
[2023-09-30 16:50:22.193] [info] #9: Feasible / Total: 8256 / 22144
[2023-09-30 16:50:23.001] [info] #10: Feasible / Total: 9042 / 22144
[2023-09-30 16:50:23.983] [info] #11: Feasible / Total: 9851 / 22144
[2023-09-30 16:50:24.649] [info] #12: Feasible / Total: 10569 / 22144
[2023-09-30 16:50:25.140] [info] #13: Feasible / Total: 11147 / 22144
[2023-09-30 16:50:25.420] [info] #14: Feasible / Total: 11387 / 22144
[2023-09-30 16:50:25.629] [info] #15: Feasible / Total: 11494 / 22144
[2023-09-30 16:50:25.828] [info] #16: Feasible / Total: 11521 / 22144
[2023-09-30 16:50:25.985] [info] #16: Feasible / Total: 11521 / 22144
[2023-09-30 16:50:25.985] [info] Graph is not D-reducible.
[2023-09-30 16:50:25.989] [info] Started C-reducibility check
[2023-09-30 16:50:29.593] [info] Trying 284062 possible contractions
[2023-09-30 16:50:29.593] [info] [0/284062] Starting contraction of size 1
[2023-09-30 16:50:31.771] [info] All colors passed! Contracted: 16
[2023-09-30 16:50:31.771] [info] Graph is C-reducible!
