[2023-10-02 16:31:56.339] [info] Kempe type: Projective
[2023-10-02 16:31:56.378] [info] Vertex size: 33, Edge size: 56, Ring size: 13
[2023-10-02 16:31:57.739] [info] Started D-reducibility check
[2023-10-02 16:31:57.739] [info] #1: Feasible / Total: 10923 / 66430
[2023-10-02 16:32:11.459] [info] #2: Feasible / Total: 15325 / 66430
[2023-10-02 16:32:16.146] [info] #3: Feasible / Total: 18569 / 66430
[2023-10-02 16:32:20.078] [info] #4: Feasible / Total: 20652 / 66430
[2023-10-02 16:32:23.224] [info] #5: Feasible / Total: 22337 / 66430
[2023-10-02 16:32:25.866] [info] #6: Feasible / Total: 23600 / 66430
[2023-10-02 16:32:28.213] [info] #7: Feasible / Total: 24683 / 66430
[2023-10-02 16:32:30.377] [info] #8: Feasible / Total: 25905 / 66430
[2023-10-02 16:32:32.989] [info] #9: Feasible / Total: 27487 / 66430
[2023-10-02 16:32:35.558] [info] #10: Feasible / Total: 29875 / 66430
[2023-10-02 16:32:39.083] [info] #11: Feasible / Total: 33345 / 66430
[2023-10-02 16:32:42.461] [info] #12: Feasible / Total: 37612 / 66430
[2023-10-02 16:32:43.634] [info] #13: Feasible / Total: 39379 / 66430
[2023-10-02 16:32:44.049] [info] #14: Feasible / Total: 39415 / 66430
[2023-10-02 16:32:44.432] [info] #14: Feasible / Total: 39415 / 66430
[2023-10-02 16:32:44.432] [info] Graph is not D-reducible.
[2023-10-02 16:32:44.452] [info] Started C-reducibility check
[2023-10-02 16:34:30.075] [info] Trying 2029569 possible contractions
[2023-10-02 16:34:30.075] [info] [0/2029569] Starting contraction of size 1
[2023-10-02 16:34:43.252] [info] [43/2029569] Starting contraction of size 2
[2023-10-02 16:38:10.833] [info] [873/2029569] Starting contraction of size 3
[2023-10-02 17:09:56.554] [info] [10406/2029569] Starting contraction of size 4
[2023-10-02 18:50:53.885] [info] All colors passed! Contracted: 26, 43, 45, 51
[2023-10-02 18:50:53.885] [info] Graph is C-reducible!
