[2023-10-05 00:48:35.475] [info] Kempe type: Projective
[2023-10-05 00:48:35.475] [info] Vertex size: 33, Edge size: 56, Ring size: 13
[2023-10-05 00:48:35.671] [info] Started D-reducibility check
[2023-10-05 00:48:35.671] [info] #1: Feasible / Total: 10584 / 66430
[2023-10-05 00:48:41.726] [info] #2: Feasible / Total: 15546 / 66430
[2023-10-05 00:48:45.430] [info] #3: Feasible / Total: 19857 / 66430
[2023-10-05 00:48:48.959] [info] #4: Feasible / Total: 24902 / 66430
[2023-10-05 00:48:51.208] [info] #5: Feasible / Total: 29189 / 66430
[2023-10-05 00:48:52.358] [info] #6: Feasible / Total: 30937 / 66430
[2023-10-05 00:48:52.833] [info] #7: Feasible / Total: 31239 / 66430
[2023-10-05 00:48:53.140] [info] #8: Feasible / Total: 31297 / 66430
[2023-10-05 00:48:53.414] [info] #9: Feasible / Total: 31335 / 66430
[2023-10-05 00:48:53.674] [info] #10: Feasible / Total: 31342 / 66430
[2023-10-05 00:48:53.928] [info] #10: Feasible / Total: 31342 / 66430
[2023-10-05 00:48:53.928] [info] Graph is not D-reducible.
[2023-10-05 00:48:53.937] [info] Started C-reducibility check
[2023-10-05 00:52:10.021] [info] Trying 35465593 possible contractions
[2023-10-05 00:52:10.021] [info] [0/35465593] Starting contraction of size 1
[2023-10-05 00:52:18.556] [info] All colors passed! Contracted: 45
[2023-10-05 00:52:18.556] [info] Graph is C-reducible!
