[2023-10-03 17:50:33.027] [info] Kempe type: Projective
[2023-10-03 17:50:33.038] [info] Vertex size: 40, Edge size: 68, Ring size: 16
[2023-10-03 17:51:42.883] [info] Started D-reducibility check
[2023-10-03 17:51:42.883] [info] #1: Feasible / Total: 164309 / 1793614
[2023-10-03 18:48:30.247] [info] #2: Feasible / Total: 230672 / 1793614
[2023-10-03 19:15:53.222] [info] #3: Feasible / Total: 295794 / 1793614
[2023-10-03 19:40:37.899] [info] #4: Feasible / Total: 368011 / 1793614
[2023-10-03 20:13:26.601] [info] #5: Feasible / Total: 481035 / 1793614
[2023-10-03 20:56:55.668] [info] #6: Feasible / Total: 686223 / 1793614
[2023-10-03 21:49:12.932] [info] #7: Feasible / Total: 1026254 / 1793614
[2023-10-03 22:22:47.171] [info] #8: Feasible / Total: 1365631 / 1793614
[2023-10-03 22:27:35.552] [info] #9: Feasible / Total: 1427585 / 1793614
[2023-10-03 22:27:45.166] [info] #10: Feasible / Total: 1427591 / 1793614
[2023-10-03 22:27:54.211] [info] #10: Feasible / Total: 1427591 / 1793614
[2023-10-03 22:27:54.211] [info] Graph is not D-reducible.
[2023-10-03 22:27:54.698] [info] Started C-reducibility check
[2023-10-03 23:58:50.606] [info] Trying 363346359 possible contractions
[2023-10-03 23:58:50.606] [info] [0/363346359] Starting contraction of size 1
[2023-10-03 23:59:39.743] [info] All colors passed! Contracted: 41
[2023-10-03 23:59:39.743] [info] Graph is C-reducible!
