[2023-09-30 17:37:16.152] [info] Kempe type: Projective
[2023-09-30 17:37:16.152] [info] Vertex size: 34, Edge size: 58, Ring size: 14
[2023-09-30 17:37:19.805] [info] Started D-reducibility check
[2023-09-30 17:37:19.805] [info] #1: Feasible / Total: 25844 / 199291
[2023-09-30 17:38:53.568] [info] #2: Feasible / Total: 36164 / 199291
[2023-09-30 17:39:24.361] [info] #3: Feasible / Total: 43251 / 199291
[2023-09-30 17:39:40.719] [info] #4: Feasible / Total: 50959 / 199291
[2023-09-30 17:40:04.955] [info] #5: Feasible / Total: 62735 / 199291
[2023-09-30 17:40:41.024] [info] #6: Feasible / Total: 82886 / 199291
[2023-09-30 17:41:28.956] [info] #7: Feasible / Total: 121623 / 199291
[2023-09-30 17:42:00.327] [info] #8: Feasible / Total: 164271 / 199291
[2023-09-30 17:42:05.769] [info] #9: Feasible / Total: 171627 / 199291
[2023-09-30 17:42:06.177] [info] #10: Feasible / Total: 171729 / 199291
[2023-09-30 17:42:06.454] [info] #10: Feasible / Total: 171729 / 199291
[2023-09-30 17:42:06.454] [info] Graph is not D-reducible.
[2023-09-30 17:42:06.485] [info] Started C-reducibility check
[2023-09-30 17:44:34.193] [info] Trying 2436519 possible contractions
[2023-09-30 17:44:34.193] [info] [0/2436519] Starting contraction of size 1
[2023-09-30 17:44:49.169] [info] All colors passed! Contracted: 28
[2023-09-30 17:44:49.169] [info] Graph is C-reducible!
