[2023-10-02 21:50:37.668] [info] Kempe type: Projective
[2023-10-02 21:50:37.674] [info] Vertex size: 36, Edge size: 61, Ring size: 14
[2023-10-02 21:50:43.787] [info] Started D-reducibility check
[2023-10-02 21:50:43.806] [info] #1: Feasible / Total: 28704 / 199291
[2023-10-02 21:53:36.793] [info] #2: Feasible / Total: 51380 / 199291
[2023-10-02 21:55:15.947] [info] #3: Feasible / Total: 77275 / 199291
[2023-10-02 21:56:45.783] [info] #4: Feasible / Total: 108888 / 199291
[2023-10-02 21:57:17.498] [info] #5: Feasible / Total: 131530 / 199291
[2023-10-02 21:57:26.560] [info] #6: Feasible / Total: 134311 / 199291
[2023-10-02 21:57:31.492] [info] #7: Feasible / Total: 135224 / 199291
[2023-10-02 21:57:34.252] [info] #8: Feasible / Total: 135623 / 199291
[2023-10-02 21:57:35.700] [info] #9: Feasible / Total: 135753 / 199291
[2023-10-02 21:57:37.033] [info] #10: Feasible / Total: 135787 / 199291
[2023-10-02 21:57:38.363] [info] #11: Feasible / Total: 135790 / 199291
[2023-10-02 21:57:39.633] [info] #11: Feasible / Total: 135790 / 199291
[2023-10-02 21:57:39.633] [info] Graph is not D-reducible.
[2023-10-02 21:57:39.697] [info] Started C-reducibility check
[2023-10-02 22:12:05.405] [info] Trying 3911163 possible contractions
[2023-10-02 22:12:05.405] [info] [0/3911163] Starting contraction of size 1
[2023-10-02 22:13:08.056] [info] [47/3911163] Starting contraction of size 2
[2023-10-02 22:30:07.282] [info] [1048/3911163] Starting contraction of size 3
[2023-10-03 01:23:36.856] [info] [13866/3911163] Starting contraction of size 4
[2023-10-03 13:32:27.387] [info] All colors passed! Contracted: 15, 19, 45, 54
[2023-10-03 13:32:27.388] [info] Graph is C-reducible!
