[2023-09-30 23:27:32.380] [info] Kempe type: Projective
[2023-09-30 23:27:32.380] [info] Vertex size: 32, Edge size: 55, Ring size: 14
[2023-09-30 23:27:32.800] [info] Started D-reducibility check
[2023-09-30 23:27:32.800] [info] #1: Feasible / Total: 22218 / 199291
[2023-09-30 23:28:26.168] [info] #2: Feasible / Total: 32498 / 199291
[2023-09-30 23:28:44.105] [info] #3: Feasible / Total: 40471 / 199291
[2023-09-30 23:29:00.483] [info] #4: Feasible / Total: 48866 / 199291
[2023-09-30 23:29:20.402] [info] #5: Feasible / Total: 59990 / 199291
[2023-09-30 23:29:46.681] [info] #6: Feasible / Total: 77144 / 199291
[2023-09-30 23:30:24.904] [info] #7: Feasible / Total: 104697 / 199291
[2023-09-30 23:30:51.500] [info] #8: Feasible / Total: 134531 / 199291
[2023-09-30 23:30:56.900] [info] #9: Feasible / Total: 142641 / 199291
[2023-09-30 23:30:57.597] [info] #10: Feasible / Total: 142795 / 199291
[2023-09-30 23:30:58.116] [info] #10: Feasible / Total: 142795 / 199291
[2023-09-30 23:30:58.116] [info] Graph is not D-reducible.
[2023-09-30 23:30:58.141] [info] Started C-reducibility check
[2023-09-30 23:31:34.886] [info] Trying 1463175 possible contractions
[2023-09-30 23:31:34.886] [info] [0/1463175] Starting contraction of size 1
[2023-09-30 23:31:38.045] [info] All colors passed! Contracted: 45
[2023-09-30 23:31:38.045] [info] Graph is C-reducible!
