[2023-09-30 23:27:32.380] [info] Kempe type: Projective
[2023-09-30 23:27:32.380] [info] Vertex size: 32, Edge size: 55, Ring size: 14
[2023-09-30 23:27:33.147] [info] Started D-reducibility check
[2023-09-30 23:27:33.147] [info] #1: Feasible / Total: 21475 / 199291
[2023-09-30 23:28:21.482] [info] #2: Feasible / Total: 35297 / 199291
[2023-09-30 23:28:43.862] [info] #3: Feasible / Total: 42090 / 199291
[2023-09-30 23:28:58.829] [info] #4: Feasible / Total: 48672 / 199291
[2023-09-30 23:29:16.920] [info] #5: Feasible / Total: 57673 / 199291
[2023-09-30 23:29:39.015] [info] #6: Feasible / Total: 71013 / 199291
[2023-09-30 23:30:07.964] [info] #7: Feasible / Total: 92822 / 199291
[2023-09-30 23:30:42.872] [info] #8: Feasible / Total: 126862 / 199291
[2023-09-30 23:30:58.794] [info] #9: Feasible / Total: 155011 / 199291
[2023-09-30 23:30:59.866] [info] #10: Feasible / Total: 156863 / 199291
[2023-09-30 23:31:00.256] [info] #11: Feasible / Total: 156871 / 199291
[2023-09-30 23:31:00.644] [info] #11: Feasible / Total: 156871 / 199291
[2023-09-30 23:31:00.644] [info] Graph is not D-reducible.
[2023-09-30 23:31:00.669] [info] Started C-reducibility check
[2023-09-30 23:31:37.228] [info] Trying 1463174 possible contractions
[2023-09-30 23:31:37.228] [info] [0/1463174] Starting contraction of size 1
[2023-09-30 23:31:37.802] [info] All colors passed! Contracted: 33
[2023-09-30 23:31:37.802] [info] Graph is C-reducible!
