[2023-10-02 23:43:09.547] [info] Kempe type: Projective
[2023-10-02 23:43:09.548] [info] Vertex size: 29, Edge size: 50, Ring size: 13
[2023-10-02 23:43:09.754] [info] Started D-reducibility check
[2023-10-02 23:43:09.754] [info] #1: Feasible / Total: 8581 / 66430
[2023-10-02 23:43:20.185] [info] #2: Feasible / Total: 11585 / 66430
[2023-10-02 23:43:31.372] [info] #3: Feasible / Total: 13924 / 66430
[2023-10-02 23:43:43.362] [info] #4: Feasible / Total: 16296 / 66430
[2023-10-02 23:43:57.127] [info] #5: Feasible / Total: 19777 / 66430
[2023-10-02 23:44:16.580] [info] #6: Feasible / Total: 25630 / 66430
[2023-10-02 23:44:40.929] [info] #7: Feasible / Total: 37021 / 66430
[2023-10-02 23:44:57.789] [info] #8: Feasible / Total: 51917 / 66430
[2023-10-02 23:44:59.580] [info] #9: Feasible / Total: 55748 / 66430
[2023-10-02 23:44:59.828] [info] #10: Feasible / Total: 55749 / 66430
[2023-10-02 23:45:00.012] [info] #10: Feasible / Total: 55749 / 66430
[2023-10-02 23:45:00.012] [info] Graph is not D-reducible.
[2023-10-02 23:45:00.029] [info] Started C-reducibility check
[2023-10-02 23:45:20.932] [info] Trying 678757 possible contractions
[2023-10-02 23:45:20.942] [info] [0/678757] Starting contraction of size 1
[2023-10-02 23:45:27.109] [info] All colors passed! Contracted: 22
[2023-10-02 23:45:27.114] [info] Graph is C-reducible!
