[2023-10-03 15:49:02.281] [info] Kempe type: Projective
[2023-10-03 15:49:02.281] [info] Vertex size: 34, Edge size: 58, Ring size: 14
[2023-10-03 15:49:05.781] [info] Started D-reducibility check
[2023-10-03 15:49:05.781] [info] #1: Feasible / Total: 23370 / 199291
[2023-10-03 15:51:05.269] [info] #2: Feasible / Total: 33916 / 199291
[2023-10-03 15:51:54.621] [info] #3: Feasible / Total: 41813 / 199291
[2023-10-03 15:52:41.236] [info] #4: Feasible / Total: 49907 / 199291
[2023-10-03 15:53:26.992] [info] #5: Feasible / Total: 59580 / 199291
[2023-10-03 15:54:18.514] [info] #6: Feasible / Total: 73749 / 199291
[2023-10-03 15:55:21.419] [info] #7: Feasible / Total: 92695 / 199291
[2023-10-03 15:56:18.973] [info] #8: Feasible / Total: 114178 / 199291
[2023-10-03 15:56:54.677] [info] #9: Feasible / Total: 133695 / 199291
[2023-10-03 15:57:08.123] [info] #10: Feasible / Total: 147084 / 199291
[2023-10-03 15:57:09.044] [info] #11: Feasible / Total: 147347 / 199291
[2023-10-03 15:57:09.986] [info] #11: Feasible / Total: 147347 / 199291
[2023-10-03 15:57:09.986] [info] Graph is not D-reducible.
[2023-10-03 15:57:10.044] [info] Started C-reducibility check
[2023-10-03 16:02:51.499] [info] Trying 48599953 possible contractions
[2023-10-03 16:02:51.499] [info] [0/48599953] Starting contraction of size 1
[2023-10-03 16:02:52.382] [info] All colors passed! Contracted: 32
[2023-10-03 16:02:52.383] [info] Graph is C-reducible!
