[2023-10-04 20:51:57.055] [info] Kempe type: Projective
[2023-10-04 20:51:57.055] [info] Vertex size: 34, Edge size: 58, Ring size: 14
[2023-10-04 20:52:00.668] [info] Started D-reducibility check
[2023-10-04 20:52:00.675] [info] #1: Feasible / Total: 22691 / 199291
[2023-10-04 20:54:16.002] [info] #2: Feasible / Total: 30119 / 199291
[2023-10-04 20:54:55.358] [info] #3: Feasible / Total: 34459 / 199291
[2023-10-04 20:55:25.871] [info] #4: Feasible / Total: 37839 / 199291
[2023-10-04 20:55:48.293] [info] #5: Feasible / Total: 39922 / 199291
[2023-10-04 20:56:02.909] [info] #6: Feasible / Total: 41539 / 199291
[2023-10-04 20:56:16.311] [info] #7: Feasible / Total: 43086 / 199291
[2023-10-04 20:56:30.820] [info] #8: Feasible / Total: 44635 / 199291
[2023-10-04 20:56:42.288] [info] #9: Feasible / Total: 46091 / 199291
[2023-10-04 20:56:52.810] [info] #10: Feasible / Total: 47404 / 199291
[2023-10-04 20:57:03.031] [info] #11: Feasible / Total: 48678 / 199291
[2023-10-04 20:57:12.365] [info] #12: Feasible / Total: 49889 / 199291
[2023-10-04 20:57:22.435] [info] #13: Feasible / Total: 51175 / 199291
[2023-10-04 20:57:32.469] [info] #14: Feasible / Total: 52525 / 199291
[2023-10-04 20:57:43.921] [info] #15: Feasible / Total: 54087 / 199291
[2023-10-04 20:57:58.849] [info] #16: Feasible / Total: 55955 / 199291
[2023-10-04 20:58:12.404] [info] #17: Feasible / Total: 57881 / 199291
[2023-10-04 20:58:26.364] [info] #18: Feasible / Total: 59913 / 199291
[2023-10-04 20:58:40.759] [info] #19: Feasible / Total: 62025 / 199291
[2023-10-04 20:58:59.566] [info] #20: Feasible / Total: 64429 / 199291
[2023-10-04 20:59:19.637] [info] #21: Feasible / Total: 67244 / 199291
[2023-10-04 20:59:49.458] [info] #22: Feasible / Total: 73234 / 199291
[2023-10-04 21:00:27.031] [info] #23: Feasible / Total: 83196 / 199291
[2023-10-04 21:01:10.027] [info] #24: Feasible / Total: 95662 / 199291
[2023-10-04 21:01:57.420] [info] #25: Feasible / Total: 112468 / 199291
[2023-10-04 21:02:23.257] [info] #26: Feasible / Total: 122725 / 199291
[2023-10-04 21:02:49.669] [info] #27: Feasible / Total: 135317 / 199291
[2023-10-04 21:03:03.954] [info] #28: Feasible / Total: 148413 / 199291
[2023-10-04 21:03:05.529] [info] #29: Feasible / Total: 149142 / 199291
[2023-10-04 21:03:06.546] [info] #29: Feasible / Total: 149142 / 199291
[2023-10-04 21:03:06.546] [info] Graph is not D-reducible.
[2023-10-04 21:03:06.606] [info] Started C-reducibility check
[2023-10-04 21:08:45.582] [info] Trying 48585194 possible contractions
[2023-10-04 21:08:45.586] [info] [0/48585194] Starting contraction of size 1
[2023-10-04 21:09:33.277] [info] [44/48585194] Starting contraction of size 2
[2023-10-04 21:21:08.396] [info] [916/48585194] Starting contraction of size 3
[2023-10-04 21:36:57.634] [info] All colors passed! Contracted: 28, 37, 48
[2023-10-04 21:36:57.635] [info] Graph is C-reducible!
