[2023-10-02 12:25:42.370] [info] Kempe type: Projective
[2023-10-02 12:25:42.370] [info] Vertex size: 25, Edge size: 43, Ring size: 11
[2023-10-02 12:25:42.401] [info] Started D-reducibility check
[2023-10-02 12:25:42.401] [info] #1: Feasible / Total: 1447 / 7381
[2023-10-02 12:25:42.739] [info] #2: Feasible / Total: 1791 / 7381
[2023-10-02 12:25:42.837] [info] #3: Feasible / Total: 1962 / 7381
[2023-10-02 12:25:42.932] [info] #4: Feasible / Total: 2088 / 7381
[2023-10-02 12:25:43.004] [info] #5: Feasible / Total: 2191 / 7381
[2023-10-02 12:25:43.084] [info] #6: Feasible / Total: 2292 / 7381
[2023-10-02 12:25:43.193] [info] #7: Feasible / Total: 2401 / 7381
[2023-10-02 12:25:43.270] [info] #8: Feasible / Total: 2520 / 7381
[2023-10-02 12:25:43.385] [info] #9: Feasible / Total: 2669 / 7381
[2023-10-02 12:25:43.537] [info] #10: Feasible / Total: 2974 / 7381
[2023-10-02 12:25:43.762] [info] #11: Feasible / Total: 3516 / 7381
[2023-10-02 12:25:43.911] [info] #12: Feasible / Total: 3889 / 7381
[2023-10-02 12:25:43.975] [info] #13: Feasible / Total: 3994 / 7381
[2023-10-02 12:25:44.021] [info] #14: Feasible / Total: 4025 / 7381
[2023-10-02 12:25:44.058] [info] #15: Feasible / Total: 4037 / 7381
[2023-10-02 12:25:44.090] [info] #16: Feasible / Total: 4048 / 7381
[2023-10-02 12:25:44.126] [info] #17: Feasible / Total: 4050 / 7381
[2023-10-02 12:25:44.170] [info] #17: Feasible / Total: 4050 / 7381
[2023-10-02 12:25:44.170] [info] Graph is not D-reducible.
[2023-10-02 12:25:44.171] [info] Started C-reducibility check
[2023-10-02 12:25:46.204] [info] Trying 219683 possible contractions
[2023-10-02 12:25:46.204] [info] [0/219683] Starting contraction of size 1
[2023-10-02 12:25:47.718] [info] [32/219683] Starting contraction of size 2
[2023-10-02 12:26:03.854] [info] [475/219683] Starting contraction of size 3
[2023-10-02 12:27:13.796] [info] All colors passed! Contracted: 25, 29, 40
[2023-10-02 12:27:13.796] [info] Graph is C-reducible!
