[2023-10-03 15:49:02.152] [info] Kempe type: Projective
[2023-10-03 15:49:02.152] [info] Vertex size: 35, Edge size: 60, Ring size: 15
[2023-10-03 15:49:06.121] [info] Started D-reducibility check
[2023-10-03 15:49:06.121] [info] #1: Feasible / Total: 55176 / 597871
[2023-10-03 15:56:48.334] [info] #2: Feasible / Total: 76391 / 597871
[2023-10-03 16:00:12.870] [info] #3: Feasible / Total: 92870 / 597871
[2023-10-03 16:03:09.593] [info] #4: Feasible / Total: 110095 / 597871
[2023-10-03 16:06:06.829] [info] #5: Feasible / Total: 132372 / 597871
[2023-10-03 16:09:16.287] [info] #6: Feasible / Total: 165809 / 597871
[2023-10-03 16:13:37.222] [info] #7: Feasible / Total: 218052 / 597871
[2023-10-03 16:18:07.531] [info] #8: Feasible / Total: 294316 / 597871
[2023-10-03 16:21:34.335] [info] #9: Feasible / Total: 384618 / 597871
[2023-10-03 16:22:38.538] [info] #10: Feasible / Total: 433408 / 597871
[2023-10-03 16:22:41.479] [info] #11: Feasible / Total: 434435 / 597871
[2023-10-03 16:22:43.736] [info] #11: Feasible / Total: 434435 / 597871
[2023-10-03 16:22:43.736] [info] Graph is not D-reducible.
[2023-10-03 16:22:43.888] [info] Started C-reducibility check
[2023-10-03 16:28:10.553] [info] Trying 65698011 possible contractions
[2023-10-03 16:28:10.553] [info] [0/65698011] Starting contraction of size 1
[2023-10-03 16:28:11.615] [info] All colors passed! Contracted: 32
[2023-10-03 16:28:11.616] [info] Graph is C-reducible!
