[2023-09-30 15:10:14.088] [info] Kempe type: Projective
[2023-09-30 15:10:14.088] [info] Vertex size: 31, Edge size: 53, Ring size: 13
[2023-09-30 15:10:14.706] [info] Started D-reducibility check
[2023-09-30 15:10:14.706] [info] #1: Feasible / Total: 9435 / 66430
[2023-09-30 15:10:25.406] [info] #2: Feasible / Total: 11986 / 66430
[2023-09-30 15:10:30.919] [info] #3: Feasible / Total: 14008 / 66430
[2023-09-30 15:10:35.081] [info] #4: Feasible / Total: 15836 / 66430
[2023-09-30 15:10:38.643] [info] #5: Feasible / Total: 17420 / 66430
[2023-09-30 15:10:41.585] [info] #6: Feasible / Total: 19193 / 66430
[2023-09-30 15:10:44.083] [info] #7: Feasible / Total: 20830 / 66430
[2023-09-30 15:10:46.430] [info] #8: Feasible / Total: 22578 / 66430
[2023-09-30 15:10:48.774] [info] #9: Feasible / Total: 24315 / 66430
[2023-09-30 15:10:51.255] [info] #10: Feasible / Total: 26301 / 66430
[2023-09-30 15:10:53.198] [info] #11: Feasible / Total: 28030 / 66430
[2023-09-30 15:10:54.754] [info] #12: Feasible / Total: 29171 / 66430
[2023-09-30 15:10:55.960] [info] #13: Feasible / Total: 30158 / 66430
[2023-09-30 15:10:56.858] [info] #14: Feasible / Total: 30638 / 66430
[2023-09-30 15:10:57.670] [info] #15: Feasible / Total: 30897 / 66430
[2023-09-30 15:10:58.275] [info] #16: Feasible / Total: 30961 / 66430
[2023-09-30 15:10:58.824] [info] #17: Feasible / Total: 30990 / 66430
[2023-09-30 15:10:59.365] [info] #18: Feasible / Total: 31025 / 66430
[2023-09-30 15:10:59.923] [info] #19: Feasible / Total: 31059 / 66430
[2023-09-30 15:11:00.502] [info] #20: Feasible / Total: 31104 / 66430
[2023-09-30 15:11:01.083] [info] #21: Feasible / Total: 31152 / 66430
[2023-09-30 15:11:01.587] [info] #22: Feasible / Total: 31171 / 66430
[2023-09-30 15:11:02.091] [info] #23: Feasible / Total: 31181 / 66430
[2023-09-30 15:11:02.572] [info] #24: Feasible / Total: 31184 / 66430
[2023-09-30 15:11:03.063] [info] #24: Feasible / Total: 31184 / 66430
[2023-09-30 15:11:03.063] [info] Graph is not D-reducible.
[2023-09-30 15:11:03.085] [info] Started C-reducibility check
[2023-09-30 15:11:44.573] [info] Trying 1202731 possible contractions
[2023-09-30 15:11:44.573] [info] [0/1202731] Starting contraction of size 1
[2023-09-30 15:11:55.719] [info] [40/1202731] Starting contraction of size 2
[2023-09-30 15:14:45.420] [info] [753/1202731] Starting contraction of size 3
[2023-09-30 15:31:21.546] [info] [8255/1202731] Starting contraction of size 4
[2023-09-30 15:48:44.848] [info] All colors passed! Contracted: 16, 20, 37, 39
[2023-09-30 15:48:44.848] [info] Graph is C-reducible!
