[2023-10-01 00:58:46.349] [info] Kempe type: Projective
[2023-10-01 00:58:46.349] [info] Vertex size: 41, Edge size: 69, Ring size: 15
[2023-10-01 00:59:34.200] [info] Started D-reducibility check
[2023-10-01 00:59:34.200] [info] #1: Feasible / Total: 76197 / 597871
[2023-10-01 01:12:12.668] [info] #2: Feasible / Total: 140194 / 597871
[2023-10-01 01:19:43.411] [info] #3: Feasible / Total: 221170 / 597871
[2023-10-01 01:28:47.755] [info] #4: Feasible / Total: 368878 / 597871
[2023-10-01 01:31:28.147] [info] #5: Feasible / Total: 479521 / 597871
[2023-10-01 01:32:32.211] [info] #6: Feasible / Total: 510739 / 597871
[2023-10-01 01:33:16.560] [info] #7: Feasible / Total: 555707 / 597871
[2023-10-01 01:33:19.465] [info] #8: Feasible / Total: 558174 / 597871
[2023-10-01 01:33:20.355] [info] #9: Feasible / Total: 558175 / 597871
[2023-10-01 01:33:21.098] [info] #9: Feasible / Total: 558175 / 597871
[2023-10-01 01:33:21.098] [info] Graph is not D-reducible.
[2023-10-01 01:33:21.190] [info] Started C-reducibility check
[2023-10-01 04:44:43.970] [info] Trying 10607032 possible contractions
[2023-10-01 04:44:43.970] [info] [0/10607032] Starting contraction of size 1
[2023-10-01 04:52:38.411] [info] [54/10607032] Starting contraction of size 2
[2023-10-01 07:29:54.256] [info] [1392/10607032] Starting contraction of size 3
[2023-10-01 07:36:20.570] [info] All colors passed! Contracted: 16, 32, 67
[2023-10-01 07:36:20.570] [info] Graph is C-reducible!
