[2023-10-04 13:28:03.738] [info] Kempe type: Projective
[2023-10-04 13:28:03.750] [info] Vertex size: 37, Edge size: 63, Ring size: 15
[2023-10-04 13:28:16.254] [info] Started D-reducibility check
[2023-10-04 13:28:16.270] [info] #1: Feasible / Total: 59676 / 597871
[2023-10-04 13:36:04.439] [info] #2: Feasible / Total: 82420 / 597871
[2023-10-04 13:39:56.808] [info] #3: Feasible / Total: 101070 / 597871
[2023-10-04 13:43:07.421] [info] #4: Feasible / Total: 116242 / 597871
[2023-10-04 13:45:51.628] [info] #5: Feasible / Total: 129015 / 597871
[2023-10-04 13:48:23.558] [info] #6: Feasible / Total: 142861 / 597871
[2023-10-04 13:51:23.000] [info] #7: Feasible / Total: 162279 / 597871
[2023-10-04 13:55:10.628] [info] #8: Feasible / Total: 192543 / 597871
[2023-10-04 14:00:33.853] [info] #9: Feasible / Total: 242493 / 597871
[2023-10-04 14:07:09.183] [info] #10: Feasible / Total: 329612 / 597871
[2023-10-04 14:12:24.857] [info] #11: Feasible / Total: 444907 / 597871
[2023-10-04 14:13:46.817] [info] #12: Feasible / Total: 510510 / 597871
[2023-10-04 14:13:50.922] [info] #13: Feasible / Total: 516691 / 597871
[2023-10-04 14:13:52.014] [info] #13: Feasible / Total: 516691 / 597871
[2023-10-04 14:13:52.014] [info] Graph is not D-reducible.
[2023-10-04 14:13:52.109] [info] Started C-reducibility check
[2023-10-04 14:37:14.123] [info] Trying 138985503 possible contractions
[2023-10-04 14:37:14.123] [info] [0/138985503] Starting contraction of size 1
[2023-10-04 14:37:17.727] [info] All colors passed! Contracted: 48
[2023-10-04 14:37:17.742] [info] Graph is C-reducible!
