[2023-10-02 12:25:42.573] [info] Kempe type: Projective
[2023-10-02 12:25:42.590] [info] Vertex size: 29, Edge size: 50, Ring size: 13
[2023-10-02 12:25:43.531] [info] Started D-reducibility check
[2023-10-02 12:25:43.531] [info] #1: Feasible / Total: 8382 / 66430
[2023-10-02 12:25:59.252] [info] #2: Feasible / Total: 10888 / 66430
[2023-10-02 12:26:04.695] [info] #3: Feasible / Total: 12662 / 66430
[2023-10-02 12:26:07.491] [info] #4: Feasible / Total: 13788 / 66430
[2023-10-02 12:26:09.690] [info] #5: Feasible / Total: 14637 / 66430
[2023-10-02 12:26:11.808] [info] #6: Feasible / Total: 15496 / 66430
[2023-10-02 12:26:14.404] [info] #7: Feasible / Total: 16452 / 66430
[2023-10-02 12:26:17.589] [info] #8: Feasible / Total: 17761 / 66430
[2023-10-02 12:26:20.675] [info] #9: Feasible / Total: 19393 / 66430
[2023-10-02 12:26:24.280] [info] #10: Feasible / Total: 21524 / 66430
[2023-10-02 12:26:28.890] [info] #11: Feasible / Total: 24505 / 66430
[2023-10-02 12:26:35.369] [info] #12: Feasible / Total: 28717 / 66430
[2023-10-02 12:26:42.108] [info] #13: Feasible / Total: 33919 / 66430
[2023-10-02 12:26:46.997] [info] #14: Feasible / Total: 38926 / 66430
[2023-10-02 12:26:49.104] [info] #15: Feasible / Total: 41913 / 66430
[2023-10-02 12:26:49.703] [info] #16: Feasible / Total: 42243 / 66430
[2023-10-02 12:26:50.045] [info] #17: Feasible / Total: 42246 / 66430
[2023-10-02 12:26:50.393] [info] #17: Feasible / Total: 42246 / 66430
[2023-10-02 12:26:50.393] [info] Graph is not D-reducible.
[2023-10-02 12:26:50.413] [info] Started C-reducibility check
[2023-10-02 12:27:02.837] [info] Trying 677108 possible contractions
[2023-10-02 12:27:02.838] [info] [0/677108] Starting contraction of size 1
[2023-10-02 12:27:04.503] [info] All colors passed! Contracted: 41
[2023-10-02 12:27:04.514] [info] Graph is C-reducible!
