[2023-10-02 21:50:37.671] [info] Kempe type: Projective
[2023-10-02 21:50:37.694] [info] Vertex size: 33, Edge size: 56, Ring size: 13
[2023-10-02 21:50:39.789] [info] Started D-reducibility check
[2023-10-02 21:50:39.789] [info] #1: Feasible / Total: 10707 / 66430
[2023-10-02 21:51:10.013] [info] #2: Feasible / Total: 15538 / 66430
[2023-10-02 21:51:31.497] [info] #3: Feasible / Total: 20766 / 66430
[2023-10-02 21:51:44.364] [info] #4: Feasible / Total: 25135 / 66430
[2023-10-02 21:51:50.977] [info] #5: Feasible / Total: 28332 / 66430
[2023-10-02 21:51:54.556] [info] #6: Feasible / Total: 31116 / 66430
[2023-10-02 21:51:58.068] [info] #7: Feasible / Total: 34122 / 66430
[2023-10-02 21:52:00.059] [info] #8: Feasible / Total: 35925 / 66430
[2023-10-02 21:52:00.439] [info] #9: Feasible / Total: 36643 / 66430
[2023-10-02 21:52:00.654] [info] #10: Feasible / Total: 36663 / 66430
[2023-10-02 21:52:01.358] [info] #10: Feasible / Total: 36663 / 66430
[2023-10-02 21:52:01.358] [info] Graph is not D-reducible.
[2023-10-02 21:52:01.388] [info] Started C-reducibility check
[2023-10-02 21:55:31.801] [info] Trying 2029779 possible contractions
[2023-10-02 21:55:31.806] [info] [0/2029779] Starting contraction of size 1
[2023-10-02 21:55:57.522] [info] [43/2029779] Starting contraction of size 2
[2023-10-02 22:01:41.582] [info] [873/2029779] Starting contraction of size 3
[2023-10-02 22:37:41.703] [info] [10406/2029779] Starting contraction of size 4
[2023-10-03 02:14:44.795] [info] [83274/2029779] Starting contraction of size 5
[2023-10-03 06:24:10.795] [info] All colors passed! Contracted: 16, 23, 27, 37, 53
[2023-10-03 06:24:10.795] [info] Graph is C-reducible!
