[2023-10-03 17:50:32.889] [info] Kempe type: Projective
[2023-10-03 17:50:32.958] [info] Vertex size: 31, Edge size: 53, Ring size: 13
[2023-10-03 17:50:34.239] [info] Started D-reducibility check
[2023-10-03 17:50:34.239] [info] #1: Feasible / Total: 9870 / 66430
[2023-10-03 17:51:02.721] [info] #2: Feasible / Total: 12425 / 66430
[2023-10-03 17:51:13.511] [info] #3: Feasible / Total: 14170 / 66430
[2023-10-03 17:51:24.117] [info] #4: Feasible / Total: 15976 / 66430
[2023-10-03 17:51:35.340] [info] #5: Feasible / Total: 18179 / 66430
[2023-10-03 17:51:50.503] [info] #6: Feasible / Total: 21616 / 66430
[2023-10-03 17:52:07.835] [info] #7: Feasible / Total: 27580 / 66430
[2023-10-03 17:52:29.857] [info] #8: Feasible / Total: 37296 / 66430
[2023-10-03 17:52:44.729] [info] #9: Feasible / Total: 47457 / 66430
[2023-10-03 17:52:47.881] [info] #10: Feasible / Total: 50111 / 66430
[2023-10-03 17:52:48.376] [info] #11: Feasible / Total: 50149 / 66430
[2023-10-03 17:52:48.840] [info] #11: Feasible / Total: 50149 / 66430
[2023-10-03 17:52:48.841] [info] Graph is not D-reducible.
[2023-10-03 17:52:48.899] [info] Started C-reducibility check
[2023-10-03 17:54:32.528] [info] Trying 15193170 possible contractions
[2023-10-03 17:54:32.538] [info] [0/15193170] Starting contraction of size 1
[2023-10-03 17:54:33.037] [info] All colors passed! Contracted: 44
[2023-10-03 17:54:33.042] [info] Graph is C-reducible!
