[2023-10-03 15:49:02.390] [info] Kempe type: Projective
[2023-10-03 15:49:02.422] [info] Vertex size: 32, Edge size: 55, Ring size: 14
[2023-10-03 15:49:04.848] [info] Started D-reducibility check
[2023-10-03 15:49:04.848] [info] #1: Feasible / Total: 20840 / 199291
[2023-10-03 15:51:10.450] [info] #2: Feasible / Total: 32519 / 199291
[2023-10-03 15:51:55.460] [info] #3: Feasible / Total: 39457 / 199291
[2023-10-03 15:52:36.713] [info] #4: Feasible / Total: 45933 / 199291
[2023-10-03 15:53:18.272] [info] #5: Feasible / Total: 55212 / 199291
[2023-10-03 15:54:25.263] [info] #6: Feasible / Total: 71474 / 199291
[2023-10-03 15:55:50.829] [info] #7: Feasible / Total: 101191 / 199291
[2023-10-03 15:57:04.088] [info] #8: Feasible / Total: 136574 / 199291
[2023-10-03 15:57:23.164] [info] #9: Feasible / Total: 149071 / 199291
[2023-10-03 15:57:25.104] [info] #10: Feasible / Total: 149593 / 199291
[2023-10-03 15:57:26.238] [info] #11: Feasible / Total: 149759 / 199291
[2023-10-03 15:57:27.215] [info] #11: Feasible / Total: 149759 / 199291
[2023-10-03 15:57:27.216] [info] Graph is not D-reducible.
[2023-10-03 15:57:27.265] [info] Started C-reducibility check
[2023-10-03 15:59:08.305] [info] Trying 21213924 possible contractions
[2023-10-03 15:59:08.305] [info] [0/21213924] Starting contraction of size 1
[2023-10-03 15:59:29.757] [info] All colors passed! Contracted: 51
[2023-10-03 15:59:29.757] [info] Graph is C-reducible!
