[2023-10-04 20:51:57.088] [info] Kempe type: Projective
[2023-10-04 20:51:57.090] [info] Vertex size: 37, Edge size: 63, Ring size: 15
[2023-10-04 20:52:10.202] [info] Started D-reducibility check
[2023-10-04 20:52:10.203] [info] #1: Feasible / Total: 65674 / 597871
[2023-10-04 21:03:32.602] [info] #2: Feasible / Total: 105498 / 597871
[2023-10-04 21:08:59.876] [info] #3: Feasible / Total: 140775 / 597871
[2023-10-04 21:13:31.928] [info] #4: Feasible / Total: 181955 / 597871
[2023-10-04 21:19:08.943] [info] #5: Feasible / Total: 238475 / 597871
[2023-10-04 21:24:35.957] [info] #6: Feasible / Total: 308120 / 597871
[2023-10-04 21:27:18.088] [info] #7: Feasible / Total: 357545 / 597871
[2023-10-04 21:27:45.836] [info] #8: Feasible / Total: 368770 / 597871
[2023-10-04 21:27:54.476] [info] #9: Feasible / Total: 369301 / 597871
[2023-10-04 21:28:01.335] [info] #10: Feasible / Total: 369357 / 597871
[2023-10-04 21:28:06.797] [info] #11: Feasible / Total: 369358 / 597871
[2023-10-04 21:28:12.764] [info] #11: Feasible / Total: 369358 / 597871
[2023-10-04 21:28:12.764] [info] Graph is not D-reducible.
[2023-10-04 21:28:12.965] [info] Started C-reducibility check
[2023-10-04 21:50:05.303] [info] Trying 138510690 possible contractions
[2023-10-04 21:50:05.304] [info] [0/138510690] Starting contraction of size 1
[2023-10-04 21:50:24.961] [info] All colors passed! Contracted: 33
[2023-10-04 21:50:24.962] [info] Graph is C-reducible!
