[2023-10-03 17:50:33.151] [info] Kempe type: Projective
[2023-10-03 17:50:33.166] [info] Vertex size: 38, Edge size: 65, Ring size: 16
[2023-10-03 17:51:25.154] [info] Started D-reducibility check
[2023-10-03 17:51:25.154] [info] #1: Feasible / Total: 134516 / 1793614
[2023-10-03 18:30:40.930] [info] #2: Feasible / Total: 173364 / 1793614
[2023-10-03 18:42:42.653] [info] #3: Feasible / Total: 195579 / 1793614
[2023-10-03 18:49:10.826] [info] #4: Feasible / Total: 207386 / 1793614
[2023-10-03 18:54:06.152] [info] #5: Feasible / Total: 215745 / 1793614
[2023-10-03 18:58:36.808] [info] #6: Feasible / Total: 221854 / 1793614
[2023-10-03 19:02:10.657] [info] #7: Feasible / Total: 226463 / 1793614
[2023-10-03 19:05:21.339] [info] #8: Feasible / Total: 230442 / 1793614
[2023-10-03 19:07:49.226] [info] #9: Feasible / Total: 234190 / 1793614
[2023-10-03 19:10:19.354] [info] #10: Feasible / Total: 237255 / 1793614
[2023-10-03 19:12:21.624] [info] #11: Feasible / Total: 240231 / 1793614
[2023-10-03 19:14:27.459] [info] #12: Feasible / Total: 242878 / 1793614
[2023-10-03 19:16:11.371] [info] #13: Feasible / Total: 245272 / 1793614
[2023-10-03 19:18:02.140] [info] #14: Feasible / Total: 247485 / 1793614
[2023-10-03 19:19:50.885] [info] #15: Feasible / Total: 249663 / 1793614
[2023-10-03 19:21:53.613] [info] #16: Feasible / Total: 251770 / 1793614
[2023-10-03 19:23:46.393] [info] #17: Feasible / Total: 253813 / 1793614
[2023-10-03 19:25:28.109] [info] #18: Feasible / Total: 255805 / 1793614
[2023-10-03 19:27:08.460] [info] #19: Feasible / Total: 257661 / 1793614
[2023-10-03 19:28:43.679] [info] #20: Feasible / Total: 259449 / 1793614
[2023-10-03 19:30:18.688] [info] #21: Feasible / Total: 261382 / 1793614
[2023-10-03 19:32:05.966] [info] #22: Feasible / Total: 264012 / 1793614
[2023-10-03 19:34:02.103] [info] #23: Feasible / Total: 267294 / 1793614
[2023-10-03 19:36:16.347] [info] #24: Feasible / Total: 270857 / 1793614
[2023-10-03 19:38:32.753] [info] #25: Feasible / Total: 275238 / 1793614
[2023-10-03 19:41:01.363] [info] #26: Feasible / Total: 280762 / 1793614
[2023-10-03 19:44:02.626] [info] #27: Feasible / Total: 287455 / 1793614
[2023-10-03 19:47:16.515] [info] #28: Feasible / Total: 295492 / 1793614
[2023-10-03 19:51:08.718] [info] #29: Feasible / Total: 306299 / 1793614
[2023-10-03 19:56:04.375] [info] #30: Feasible / Total: 319613 / 1793614
[2023-10-03 20:01:30.762] [info] #31: Feasible / Total: 335637 / 1793614
[2023-10-03 20:07:16.030] [info] #32: Feasible / Total: 354762 / 1793614
[2023-10-03 20:13:47.607] [info] #33: Feasible / Total: 377217 / 1793614
[2023-10-03 20:21:03.897] [info] #34: Feasible / Total: 403981 / 1793614
[2023-10-03 20:29:54.813] [info] #35: Feasible / Total: 437523 / 1793614
[2023-10-03 20:39:53.476] [info] #36: Feasible / Total: 480644 / 1793614
[2023-10-03 20:51:19.786] [info] #37: Feasible / Total: 533161 / 1793614
[2023-10-03 21:03:32.660] [info] #38: Feasible / Total: 593300 / 1793614
[2023-10-03 21:16:26.317] [info] #39: Feasible / Total: 658549 / 1793614
[2023-10-03 21:29:42.788] [info] #40: Feasible / Total: 732883 / 1793614
[2023-10-03 21:43:38.818] [info] #41: Feasible / Total: 820199 / 1793614
[2023-10-03 21:55:53.245] [info] #42: Feasible / Total: 915103 / 1793614
[2023-10-03 22:00:58.243] [info] #43: Feasible / Total: 962944 / 1793614
[2023-10-03 22:01:44.800] [info] #44: Feasible / Total: 966497 / 1793614
[2023-10-03 22:02:08.188] [info] #45: Feasible / Total: 966508 / 1793614
[2023-10-03 22:02:31.360] [info] #45: Feasible / Total: 966508 / 1793614
[2023-10-03 22:02:31.360] [info] Graph is not D-reducible.
[2023-10-03 22:02:31.872] [info] Started C-reducibility check
[2023-10-03 22:27:54.583] [info] Trying 183340546 possible contractions
[2023-10-03 22:27:54.583] [info] [0/183340546] Starting contraction of size 1
[2023-10-03 22:28:40.186] [info] All colors passed! Contracted: 38
[2023-10-03 22:28:40.186] [info] Graph is C-reducible!
