[2023-10-01 00:58:46.300] [info] Kempe type: Projective
[2023-10-01 00:58:46.300] [info] Vertex size: 38, Edge size: 65, Ring size: 16
[2023-10-01 00:58:56.769] [info] Started D-reducibility check
[2023-10-01 00:58:56.786] [info] #1: Feasible / Total: 144364 / 1793614
[2023-10-01 01:49:07.998] [info] #2: Feasible / Total: 194789 / 1793614
[2023-10-01 01:58:22.784] [info] #3: Feasible / Total: 220817 / 1793614
[2023-10-01 02:06:51.480] [info] #4: Feasible / Total: 246189 / 1793614
[2023-10-01 02:15:04.279] [info] #5: Feasible / Total: 274034 / 1793614
[2023-10-01 02:25:53.477] [info] #6: Feasible / Total: 308825 / 1793614
[2023-10-01 02:39:24.074] [info] #7: Feasible / Total: 356112 / 1793614
[2023-10-01 02:55:27.219] [info] #8: Feasible / Total: 420311 / 1793614
[2023-10-01 03:17:30.847] [info] #9: Feasible / Total: 514508 / 1793614
[2023-10-01 03:45:09.299] [info] #10: Feasible / Total: 654462 / 1793614
[2023-10-01 04:20:44.963] [info] #11: Feasible / Total: 892651 / 1793614
[2023-10-01 04:56:14.169] [info] #12: Feasible / Total: 1238862 / 1793614
[2023-10-01 05:08:43.527] [info] #13: Feasible / Total: 1447927 / 1793614
[2023-10-01 05:09:10.610] [info] #14: Feasible / Total: 1454705 / 1793614
[2023-10-01 05:09:18.623] [info] #14: Feasible / Total: 1454705 / 1793614
[2023-10-01 05:09:18.623] [info] Graph is not D-reducible.
[2023-10-01 05:09:19.066] [info] Started C-reducibility check
[2023-10-01 05:31:46.600] [info] Trying 5414594 possible contractions
[2023-10-01 05:31:46.600] [info] [0/5414594] Starting contraction of size 1
[2023-10-01 05:32:35.902] [info] All colors passed! Contracted: 25
[2023-10-01 05:32:35.902] [info] Graph is C-reducible!
