[2023-10-03 15:49:02.207] [info] Kempe type: Projective
[2023-10-03 15:49:02.214] [info] Vertex size: 32, Edge size: 55, Ring size: 14
[2023-10-03 15:49:05.478] [info] Started D-reducibility check
[2023-10-03 15:49:05.478] [info] #1: Feasible / Total: 21202 / 199291
[2023-10-03 15:51:38.619] [info] #2: Feasible / Total: 31051 / 199291
[2023-10-03 15:52:12.519] [info] #3: Feasible / Total: 35653 / 199291
[2023-10-03 15:52:35.721] [info] #4: Feasible / Total: 38248 / 199291
[2023-10-03 15:52:51.356] [info] #5: Feasible / Total: 40197 / 199291
[2023-10-03 15:53:06.168] [info] #6: Feasible / Total: 42261 / 199291
[2023-10-03 15:53:23.187] [info] #7: Feasible / Total: 44950 / 199291
[2023-10-03 15:53:39.835] [info] #8: Feasible / Total: 47940 / 199291
[2023-10-03 15:53:55.069] [info] #9: Feasible / Total: 50606 / 199291
[2023-10-03 15:54:10.397] [info] #10: Feasible / Total: 52744 / 199291
[2023-10-03 15:54:24.024] [info] #11: Feasible / Total: 54542 / 199291
[2023-10-03 15:54:38.016] [info] #12: Feasible / Total: 56446 / 199291
[2023-10-03 15:54:53.225] [info] #13: Feasible / Total: 58802 / 199291
[2023-10-03 15:55:08.836] [info] #14: Feasible / Total: 61775 / 199291
[2023-10-03 15:55:35.051] [info] #15: Feasible / Total: 65914 / 199291
[2023-10-03 15:56:00.738] [info] #16: Feasible / Total: 71933 / 199291
[2023-10-03 15:56:36.595] [info] #17: Feasible / Total: 81243 / 199291
[2023-10-03 15:57:21.358] [info] #18: Feasible / Total: 94352 / 199291
[2023-10-03 15:58:03.673] [info] #19: Feasible / Total: 109170 / 199291
[2023-10-03 15:58:34.334] [info] #20: Feasible / Total: 122620 / 199291
[2023-10-03 15:58:46.517] [info] #21: Feasible / Total: 129346 / 199291
[2023-10-03 15:58:50.548] [info] #22: Feasible / Total: 130453 / 199291
[2023-10-03 15:58:53.019] [info] #23: Feasible / Total: 130671 / 199291
[2023-10-03 15:58:55.075] [info] #24: Feasible / Total: 130750 / 199291
[2023-10-03 15:58:56.607] [info] #25: Feasible / Total: 130780 / 199291
[2023-10-03 15:58:58.227] [info] #26: Feasible / Total: 130782 / 199291
[2023-10-03 15:59:00.148] [info] #26: Feasible / Total: 130782 / 199291
[2023-10-03 15:59:00.149] [info] Graph is not D-reducible.
[2023-10-03 15:59:00.244] [info] Started C-reducibility check
[2023-10-03 16:00:35.833] [info] Trying 21216530 possible contractions
[2023-10-03 16:00:35.833] [info] [0/21216530] Starting contraction of size 1
[2023-10-03 16:01:13.195] [info] [41/21216530] Starting contraction of size 2
[2023-10-03 16:09:20.007] [info] [793/21216530] Starting contraction of size 3
[2023-10-03 17:00:02.811] [info] All colors passed! Contracted: 38, 40, 50
[2023-10-03 17:00:02.811] [info] Graph is C-reducible!
