[2023-10-01 00:58:46.377] [info] Kempe type: Projective
[2023-10-01 00:58:46.377] [info] Vertex size: 32, Edge size: 55, Ring size: 14
[2023-10-01 00:58:47.627] [info] Started D-reducibility check
[2023-10-01 00:58:47.627] [info] #1: Feasible / Total: 21830 / 199291
[2023-10-01 01:00:20.423] [info] #2: Feasible / Total: 36563 / 199291
[2023-10-01 01:01:22.460] [info] #3: Feasible / Total: 48687 / 199291
[2023-10-01 01:02:25.762] [info] #4: Feasible / Total: 64898 / 199291
[2023-10-01 01:03:47.634] [info] #5: Feasible / Total: 90923 / 199291
[2023-10-01 01:05:16.122] [info] #6: Feasible / Total: 128422 / 199291
[2023-10-01 01:06:00.665] [info] #7: Feasible / Total: 157225 / 199291
[2023-10-01 01:06:08.913] [info] #8: Feasible / Total: 162291 / 199291
[2023-10-01 01:06:09.903] [info] #9: Feasible / Total: 162447 / 199291
[2023-10-01 01:06:10.592] [info] #10: Feasible / Total: 162448 / 199291
[2023-10-01 01:06:11.292] [info] #10: Feasible / Total: 162448 / 199291
[2023-10-01 01:06:11.292] [info] Graph is not D-reducible.
[2023-10-01 01:06:11.343] [info] Started C-reducibility check
[2023-10-01 01:07:31.636] [info] Trying 1463368 possible contractions
[2023-10-01 01:07:31.636] [info] [0/1463368] Starting contraction of size 1
[2023-10-01 01:08:03.088] [info] [41/1463368] Starting contraction of size 2
[2023-10-01 01:15:24.402] [info] [793/1463368] Starting contraction of size 3
[2023-10-01 01:34:41.154] [info] All colors passed! Contracted: 32, 45, 50
[2023-10-01 01:34:41.154] [info] Graph is C-reducible!
