[2023-10-04 21:56:06.792] [info] Kempe type: Projective
[2023-10-04 21:56:06.810] [info] Vertex size: 31, Edge size: 53, Ring size: 13
[2023-10-04 21:56:07.488] [info] Started D-reducibility check
[2023-10-04 21:56:07.488] [info] #1: Feasible / Total: 8623 / 66430
[2023-10-04 21:56:18.518] [info] #2: Feasible / Total: 13192 / 66430
[2023-10-04 21:56:24.924] [info] #3: Feasible / Total: 16597 / 66430
[2023-10-04 21:56:30.302] [info] #4: Feasible / Total: 19695 / 66430
[2023-10-04 21:56:34.572] [info] #5: Feasible / Total: 22570 / 66430
[2023-10-04 21:56:37.490] [info] #6: Feasible / Total: 24735 / 66430
[2023-10-04 21:56:41.510] [info] #7: Feasible / Total: 27315 / 66430
[2023-10-04 21:56:47.238] [info] #8: Feasible / Total: 31783 / 66430
[2023-10-04 21:56:53.476] [info] #9: Feasible / Total: 38600 / 66430
[2023-10-04 21:56:55.456] [info] #10: Feasible / Total: 43411 / 66430
[2023-10-04 21:56:55.640] [info] #11: Feasible / Total: 43555 / 66430
[2023-10-04 21:56:55.797] [info] #11: Feasible / Total: 43555 / 66430
[2023-10-04 21:56:55.798] [info] Graph is not D-reducible.
[2023-10-04 21:56:55.809] [info] Started C-reducibility check
[2023-10-04 21:57:50.038] [info] Trying 15192288 possible contractions
[2023-10-04 21:57:50.042] [info] [0/15192288] Starting contraction of size 1
[2023-10-04 21:57:50.241] [info] All colors passed! Contracted: 13
[2023-10-04 21:57:50.241] [info] Graph is C-reducible!
