[2023-10-01 11:31:08.949] [info] Kempe type: Projective
[2023-10-01 11:31:08.949] [info] Vertex size: 37, Edge size: 63, Ring size: 15
[2023-10-01 11:31:12.957] [info] Started D-reducibility check
[2023-10-01 11:31:12.957] [info] #1: Feasible / Total: 65592 / 597871
[2023-10-01 11:38:36.688] [info] #2: Feasible / Total: 104912 / 597871
[2023-10-01 11:43:30.703] [info] #3: Feasible / Total: 144504 / 597871
[2023-10-01 11:49:31.976] [info] #4: Feasible / Total: 209588 / 597871
[2023-10-01 11:57:03.450] [info] #5: Feasible / Total: 338979 / 597871
[2023-10-01 12:01:05.057] [info] #6: Feasible / Total: 486059 / 597871
[2023-10-01 12:01:27.152] [info] #7: Feasible / Total: 507852 / 597871
[2023-10-01 12:01:34.088] [info] #8: Feasible / Total: 508837 / 597871
[2023-10-01 12:01:37.769] [info] #9: Feasible / Total: 509164 / 597871
[2023-10-01 12:01:39.010] [info] #10: Feasible / Total: 509173 / 597871
[2023-10-01 12:01:40.387] [info] #10: Feasible / Total: 509173 / 597871
[2023-10-01 12:01:40.387] [info] Graph is not D-reducible.
[2023-10-01 12:01:40.472] [info] Started C-reducibility check
[2023-10-01 12:19:03.265] [info] Trying 4615192 possible contractions
[2023-10-01 12:19:03.265] [info] [0/4615192] Starting contraction of size 1
[2023-10-01 12:19:56.105] [info] All colors passed! Contracted: 15
[2023-10-01 12:19:56.105] [info] Graph is C-reducible!
