[2023-09-30 20:00:26.237] [info] Kempe type: Projective
[2023-09-30 20:00:26.237] [info] Vertex size: 35, Edge size: 59, Ring size: 13
[2023-09-30 20:00:27.057] [info] Started D-reducibility check
[2023-09-30 20:00:27.057] [info] #1: Feasible / Total: 12072 / 66430
[2023-09-30 20:00:35.584] [info] #2: Feasible / Total: 19408 / 66430
[2023-09-30 20:00:38.658] [info] #3: Feasible / Total: 24360 / 66430
[2023-09-30 20:00:40.731] [info] #4: Feasible / Total: 27418 / 66430
[2023-09-30 20:00:42.753] [info] #5: Feasible / Total: 29982 / 66430
[2023-09-30 20:00:45.322] [info] #6: Feasible / Total: 33819 / 66430
[2023-09-30 20:00:49.908] [info] #7: Feasible / Total: 43223 / 66430
[2023-09-30 20:00:54.013] [info] #8: Feasible / Total: 60649 / 66430
[2023-09-30 20:00:54.535] [info] #9: Feasible / Total: 64795 / 66430
[2023-09-30 20:00:54.548] [info] #10: Feasible / Total: 64810 / 66430
[2023-09-30 20:00:54.557] [info] #10: Feasible / Total: 64810 / 66430
[2023-09-30 20:00:54.557] [info] Graph is not D-reducible.
[2023-09-30 20:00:54.566] [info] Started C-reducibility check
[2023-09-30 20:06:12.512] [info] Trying 3298471 possible contractions
[2023-09-30 20:06:12.512] [info] [0/3298471] Starting contraction of size 1
[2023-09-30 20:06:15.051] [info] All colors passed! Contracted: 31
[2023-09-30 20:06:15.051] [info] Graph is C-reducible!
