[2023-09-30 23:35:48.146] [info] Kempe type: Projective
[2023-09-30 23:35:48.146] [info] Vertex size: 35, Edge size: 60, Ring size: 15
[2023-09-30 23:35:50.351] [info] Started D-reducibility check
[2023-09-30 23:35:50.351] [info] #1: Feasible / Total: 56684 / 597871
[2023-09-30 23:40:17.233] [info] #2: Feasible / Total: 84764 / 597871
[2023-09-30 23:42:10.715] [info] #3: Feasible / Total: 100894 / 597871
[2023-09-30 23:43:22.576] [info] #4: Feasible / Total: 112953 / 597871
[2023-09-30 23:44:29.189] [info] #5: Feasible / Total: 124756 / 597871
[2023-09-30 23:45:37.639] [info] #6: Feasible / Total: 138815 / 597871
[2023-09-30 23:46:59.562] [info] #7: Feasible / Total: 158499 / 597871
[2023-09-30 23:48:39.528] [info] #8: Feasible / Total: 184546 / 597871
[2023-09-30 23:50:27.838] [info] #9: Feasible / Total: 215234 / 597871
[2023-09-30 23:52:34.979] [info] #10: Feasible / Total: 255318 / 597871
[2023-09-30 23:54:52.739] [info] #11: Feasible / Total: 304558 / 597871
[2023-09-30 23:56:45.434] [info] #12: Feasible / Total: 350092 / 597871
[2023-09-30 23:57:31.732] [info] #13: Feasible / Total: 371528 / 597871
[2023-09-30 23:57:40.613] [info] #14: Feasible / Total: 374205 / 597871
[2023-09-30 23:57:43.724] [info] #15: Feasible / Total: 374371 / 597871
[2023-09-30 23:57:46.624] [info] #15: Feasible / Total: 374371 / 597871
[2023-09-30 23:57:46.624] [info] Graph is not D-reducible.
[2023-09-30 23:57:46.721] [info] Started C-reducibility check
[2023-10-01 00:01:29.527] [info] Trying 2908589 possible contractions
[2023-10-01 00:01:29.527] [info] [0/2908589] Starting contraction of size 1
[2023-10-01 00:02:26.077] [info] [45/2908589] Starting contraction of size 2
[2023-10-01 00:18:33.764] [info] [960/2908589] Starting contraction of size 3
[2023-10-01 02:35:39.539] [info] All colors passed! Contracted: 25, 27, 55
[2023-10-01 02:35:39.539] [info] Graph is C-reducible!
