[2023-10-01 10:31:59.048] [info] Kempe type: Projective
[2023-10-01 10:31:59.048] [info] Vertex size: 31, Edge size: 53, Ring size: 13
[2023-10-01 10:31:59.232] [info] Started D-reducibility check
[2023-10-01 10:31:59.232] [info] #1: Feasible / Total: 9480 / 66430
[2023-10-01 10:32:10.045] [info] #2: Feasible / Total: 16190 / 66430
[2023-10-01 10:32:16.712] [info] #3: Feasible / Total: 20512 / 66430
[2023-10-01 10:32:22.374] [info] #4: Feasible / Total: 24880 / 66430
[2023-10-01 10:32:27.997] [info] #5: Feasible / Total: 30587 / 66430
[2023-10-01 10:32:34.199] [info] #6: Feasible / Total: 37710 / 66430
[2023-10-01 10:32:36.125] [info] #7: Feasible / Total: 44960 / 66430
[2023-10-01 10:32:36.428] [info] #8: Feasible / Total: 45758 / 66430
[2023-10-01 10:32:36.582] [info] #9: Feasible / Total: 45772 / 66430
[2023-10-01 10:32:36.739] [info] #10: Feasible / Total: 45773 / 66430
[2023-10-01 10:32:36.880] [info] #10: Feasible / Total: 45773 / 66430
[2023-10-01 10:32:36.880] [info] Graph is not D-reducible.
[2023-10-01 10:32:36.890] [info] Started C-reducibility check
[2023-10-01 10:33:06.106] [info] Trying 1200171 possible contractions
[2023-10-01 10:33:06.106] [info] [0/1200171] Starting contraction of size 1
[2023-10-01 10:33:12.058] [info] [40/1200171] Starting contraction of size 2
[2023-10-01 10:34:46.120] [info] [753/1200171] Starting contraction of size 3
[2023-10-01 10:35:45.450] [info] All colors passed! Contracted: 14, 21, 28
[2023-10-01 10:35:45.450] [info] Graph is C-reducible!
