[2023-10-02 23:43:09.597] [info] Kempe type: Projective
[2023-10-02 23:43:09.618] [info] Vertex size: 32, Edge size: 55, Ring size: 14
[2023-10-02 23:43:13.845] [info] Started D-reducibility check
[2023-10-02 23:43:13.845] [info] #1: Feasible / Total: 21633 / 199291
[2023-10-02 23:45:26.196] [info] #2: Feasible / Total: 34335 / 199291
[2023-10-02 23:46:08.657] [info] #3: Feasible / Total: 42588 / 199291
[2023-10-02 23:46:45.198] [info] #4: Feasible / Total: 50535 / 199291
[2023-10-02 23:47:30.286] [info] #5: Feasible / Total: 59101 / 199291
[2023-10-02 23:48:24.967] [info] #6: Feasible / Total: 71789 / 199291
[2023-10-02 23:49:37.083] [info] #7: Feasible / Total: 93176 / 199291
[2023-10-02 23:50:33.644] [info] #8: Feasible / Total: 116531 / 199291
[2023-10-02 23:50:59.354] [info] #9: Feasible / Total: 127349 / 199291
[2023-10-02 23:51:04.690] [info] #10: Feasible / Total: 129304 / 199291
[2023-10-02 23:51:06.595] [info] #11: Feasible / Total: 129421 / 199291
[2023-10-02 23:51:08.320] [info] #12: Feasible / Total: 129457 / 199291
[2023-10-02 23:51:10.058] [info] #13: Feasible / Total: 129471 / 199291
[2023-10-02 23:51:11.842] [info] #13: Feasible / Total: 129471 / 199291
[2023-10-02 23:51:11.842] [info] Graph is not D-reducible.
[2023-10-02 23:51:11.893] [info] Started C-reducibility check
[2023-10-02 23:52:40.384] [info] Trying 1463171 possible contractions
[2023-10-02 23:52:40.384] [info] [0/1463171] Starting contraction of size 1
[2023-10-02 23:53:00.249] [info] All colors passed! Contracted: 18
[2023-10-02 23:53:00.249] [info] Graph is C-reducible!
