[2023-10-01 11:34:47.529] [info] Kempe type: Projective
[2023-10-01 11:34:47.529] [info] Vertex size: 29, Edge size: 50, Ring size: 13
[2023-10-01 11:34:47.956] [info] Started D-reducibility check
[2023-10-01 11:34:47.956] [info] #1: Feasible / Total: 8546 / 66430
[2023-10-01 11:35:00.109] [info] #2: Feasible / Total: 11874 / 66430
[2023-10-01 11:35:04.852] [info] #3: Feasible / Total: 13404 / 66430
[2023-10-01 11:35:07.662] [info] #4: Feasible / Total: 14482 / 66430
[2023-10-01 11:35:10.797] [info] #5: Feasible / Total: 15524 / 66430
[2023-10-01 11:35:14.010] [info] #6: Feasible / Total: 16680 / 66430
[2023-10-01 11:35:16.896] [info] #7: Feasible / Total: 17888 / 66430
[2023-10-01 11:35:20.469] [info] #8: Feasible / Total: 19351 / 66430
[2023-10-01 11:35:25.592] [info] #9: Feasible / Total: 21275 / 66430
[2023-10-01 11:35:31.511] [info] #10: Feasible / Total: 23759 / 66430
[2023-10-01 11:35:35.982] [info] #11: Feasible / Total: 26414 / 66430
[2023-10-01 11:35:40.054] [info] #12: Feasible / Total: 28926 / 66430
[2023-10-01 11:35:43.171] [info] #13: Feasible / Total: 30874 / 66430
[2023-10-01 11:35:45.570] [info] #14: Feasible / Total: 32412 / 66430
[2023-10-01 11:35:47.546] [info] #15: Feasible / Total: 33609 / 66430
[2023-10-01 11:35:48.720] [info] #16: Feasible / Total: 34201 / 66430
[2023-10-01 11:35:49.430] [info] #17: Feasible / Total: 34374 / 66430
[2023-10-01 11:35:49.920] [info] #18: Feasible / Total: 34450 / 66430
[2023-10-01 11:35:50.404] [info] #19: Feasible / Total: 34503 / 66430
[2023-10-01 11:35:50.872] [info] #20: Feasible / Total: 34516 / 66430
[2023-10-01 11:35:51.309] [info] #21: Feasible / Total: 34520 / 66430
[2023-10-01 11:35:51.777] [info] #22: Feasible / Total: 34523 / 66430
[2023-10-01 11:35:52.481] [info] #23: Feasible / Total: 34525 / 66430
[2023-10-01 11:35:53.038] [info] #23: Feasible / Total: 34525 / 66430
[2023-10-01 11:35:53.038] [info] Graph is not D-reducible.
[2023-10-01 11:35:53.051] [info] Started C-reducibility check
[2023-10-01 11:36:11.630] [info] Trying 6122566 possible contractions
[2023-10-01 11:36:11.630] [info] [0/6122566] Starting contraction of size 1
[2023-10-01 11:36:20.371] [info] [37/6122566] Starting contraction of size 2
[2023-10-01 11:38:20.912] [info] [642/6122566] Starting contraction of size 3
[2023-10-01 11:51:47.383] [info] [6426/6122566] Starting contraction of size 4
[2023-10-01 12:44:25.026] [info] [42516/6122566] Starting contraction of size 5
[2023-10-01 15:23:37.962] [info] [198164/6122566] Starting contraction of size 6
[2023-10-01 22:19:50.477] [info] [678885/6122566] Starting contraction of size 7
[2023-10-02 13:35:10.864] [info] [1770670/6122566] Starting contraction of size 8
[2023-10-02 22:15:48.342] [info] All colors passed! Contracted: 19, 21, 25, 27, 28, 34, 46, 48
[2023-10-02 22:15:48.342] [info] Graph is C-reducible!
