[2023-09-30 17:37:16.227] [info] Kempe type: Projective
[2023-09-30 17:37:16.227] [info] Vertex size: 29, Edge size: 50, Ring size: 13
[2023-09-30 17:37:16.990] [info] Started D-reducibility check
[2023-09-30 17:37:16.990] [info] #1: Feasible / Total: 8506 / 66430
[2023-09-30 17:37:33.514] [info] #2: Feasible / Total: 11618 / 66430
[2023-09-30 17:37:39.999] [info] #3: Feasible / Total: 13498 / 66430
[2023-09-30 17:37:44.148] [info] #4: Feasible / Total: 14795 / 66430
[2023-09-30 17:37:48.866] [info] #5: Feasible / Total: 16157 / 66430
[2023-09-30 17:37:54.018] [info] #6: Feasible / Total: 17679 / 66430
[2023-09-30 17:37:59.486] [info] #7: Feasible / Total: 19578 / 66430
[2023-09-30 17:38:04.852] [info] #8: Feasible / Total: 21597 / 66430
[2023-09-30 17:38:10.152] [info] #9: Feasible / Total: 23639 / 66430
[2023-09-30 17:38:14.664] [info] #10: Feasible / Total: 25766 / 66430
[2023-09-30 17:38:19.935] [info] #11: Feasible / Total: 28458 / 66430
[2023-09-30 17:38:25.508] [info] #12: Feasible / Total: 32906 / 66430
[2023-09-30 17:38:32.566] [info] #13: Feasible / Total: 39597 / 66430
[2023-09-30 17:38:36.087] [info] #14: Feasible / Total: 44247 / 66430
[2023-09-30 17:38:36.734] [info] #15: Feasible / Total: 44828 / 66430
[2023-09-30 17:38:37.051] [info] #16: Feasible / Total: 44835 / 66430
[2023-09-30 17:38:37.343] [info] #16: Feasible / Total: 44835 / 66430
[2023-09-30 17:38:37.350] [info] Graph is not D-reducible.
[2023-09-30 17:38:37.369] [info] Started C-reducibility check
[2023-09-30 17:38:50.843] [info] Trying 678759 possible contractions
[2023-09-30 17:38:50.843] [info] [0/678759] Starting contraction of size 1
[2023-09-30 17:38:57.375] [info] [37/678759] Starting contraction of size 2
[2023-09-30 17:40:04.129] [info] [642/678759] Starting contraction of size 3
[2023-09-30 17:47:12.808] [info] [6426/678759] Starting contraction of size 4
[2023-09-30 18:00:55.953] [info] All colors passed! Contracted: 24, 27, 29, 45
[2023-09-30 18:00:55.953] [info] Graph is C-reducible!
