[2023-10-04 13:28:03.530] [info] Kempe type: Projective
[2023-10-04 13:28:03.540] [info] Vertex size: 34, Edge size: 58, Ring size: 14
[2023-10-04 13:28:08.223] [info] Started D-reducibility check
[2023-10-04 13:28:08.223] [info] #1: Feasible / Total: 24693 / 199291
[2023-10-04 13:30:01.573] [info] #2: Feasible / Total: 32586 / 199291
[2023-10-04 13:30:30.462] [info] #3: Feasible / Total: 37575 / 199291
[2023-10-04 13:31:05.104] [info] #4: Feasible / Total: 43387 / 199291
[2023-10-04 13:31:49.795] [info] #5: Feasible / Total: 52386 / 199291
[2023-10-04 13:32:47.609] [info] #6: Feasible / Total: 66141 / 199291
[2023-10-04 13:33:52.173] [info] #7: Feasible / Total: 85242 / 199291
[2023-10-04 13:35:00.008] [info] #8: Feasible / Total: 107901 / 199291
[2023-10-04 13:35:46.130] [info] #9: Feasible / Total: 126956 / 199291
[2023-10-04 13:36:01.287] [info] #10: Feasible / Total: 135100 / 199291
[2023-10-04 13:36:03.514] [info] #11: Feasible / Total: 135834 / 199291
[2023-10-04 13:36:04.859] [info] #12: Feasible / Total: 135837 / 199291
[2023-10-04 13:36:05.775] [info] #12: Feasible / Total: 135837 / 199291
[2023-10-04 13:36:05.775] [info] Graph is not D-reducible.
[2023-10-04 13:36:05.838] [info] Started C-reducibility check
[2023-10-04 13:41:57.972] [info] Trying 48577199 possible contractions
[2023-10-04 13:41:57.972] [info] [0/48577199] Starting contraction of size 1
[2023-10-04 13:41:59.390] [info] All colors passed! Contracted: 49
[2023-10-04 13:41:59.391] [info] Graph is C-reducible!
