[2023-10-04 20:51:57.036] [info] Kempe type: Projective
[2023-10-04 20:51:57.042] [info] Vertex size: 41, Edge size: 69, Ring size: 15
[2023-10-04 20:52:36.599] [info] Started D-reducibility check
[2023-10-04 20:52:36.599] [info] #1: Feasible / Total: 79209 / 597871
[2023-10-04 21:06:06.748] [info] #2: Feasible / Total: 145594 / 597871
[2023-10-04 21:14:36.417] [info] #3: Feasible / Total: 228752 / 597871
[2023-10-04 21:21:35.212] [info] #4: Feasible / Total: 335154 / 597871
[2023-10-04 21:24:25.733] [info] #5: Feasible / Total: 423885 / 597871
[2023-10-04 21:25:32.893] [info] #6: Feasible / Total: 442501 / 597871
[2023-10-04 21:26:11.618] [info] #7: Feasible / Total: 450692 / 597871
[2023-10-04 21:26:26.642] [info] #8: Feasible / Total: 454484 / 597871
[2023-10-04 21:26:32.946] [info] #9: Feasible / Total: 455506 / 597871
[2023-10-04 21:26:35.413] [info] #10: Feasible / Total: 455591 / 597871
[2023-10-04 21:26:38.496] [info] #10: Feasible / Total: 455591 / 597871
[2023-10-04 21:26:38.496] [info] Graph is not D-reducible.
[2023-10-04 21:26:38.678] [info] Started C-reducibility check
[2023-10-05 01:16:31.704] [info] Trying 545782127 possible contractions
[2023-10-05 01:16:31.710] [info] [0/545782127] Starting contraction of size 1
[2023-10-05 01:24:24.692] [info] All colors passed! Contracted: 52
[2023-10-05 01:24:24.703] [info] Graph is C-reducible!
