[2023-10-01 18:29:47.316] [info] Kempe type: Projective
[2023-10-01 18:29:47.316] [info] Vertex size: 36, Edge size: 62, Ring size: 16
[2023-10-01 18:29:58.596] [info] Started D-reducibility check
[2023-10-01 18:29:58.596] [info] #1: Feasible / Total: 115741 / 1793614
[2023-10-01 19:09:25.070] [info] #2: Feasible / Total: 205055 / 1793614
[2023-10-01 19:21:05.135] [info] #3: Feasible / Total: 238857 / 1793614
[2023-10-01 19:28:22.644] [info] #4: Feasible / Total: 261212 / 1793614
[2023-10-01 19:33:41.867] [info] #5: Feasible / Total: 279852 / 1793614
[2023-10-01 19:39:19.858] [info] #6: Feasible / Total: 298952 / 1793614
[2023-10-01 19:45:13.888] [info] #7: Feasible / Total: 319823 / 1793614
[2023-10-01 19:51:55.287] [info] #8: Feasible / Total: 344248 / 1793614
[2023-10-01 19:59:58.703] [info] #9: Feasible / Total: 374638 / 1793614
[2023-10-01 20:09:56.181] [info] #10: Feasible / Total: 415984 / 1793614
[2023-10-01 20:22:56.549] [info] #11: Feasible / Total: 475661 / 1793614
[2023-10-01 20:38:02.098] [info] #12: Feasible / Total: 555549 / 1793614
[2023-10-01 20:54:22.950] [info] #13: Feasible / Total: 656813 / 1793614
[2023-10-01 21:10:56.561] [info] #14: Feasible / Total: 780727 / 1793614
[2023-10-01 21:24:39.393] [info] #15: Feasible / Total: 903849 / 1793614
[2023-10-01 21:32:20.700] [info] #16: Feasible / Total: 983397 / 1793614
[2023-10-01 21:35:10.209] [info] #17: Feasible / Total: 1003029 / 1793614
[2023-10-01 21:36:23.610] [info] #18: Feasible / Total: 1006962 / 1793614
[2023-10-01 21:37:01.034] [info] #19: Feasible / Total: 1007956 / 1793614
[2023-10-01 21:37:27.710] [info] #20: Feasible / Total: 1008538 / 1793614
[2023-10-01 21:37:51.685] [info] #21: Feasible / Total: 1008850 / 1793614
[2023-10-01 21:38:13.887] [info] #22: Feasible / Total: 1008992 / 1793614
[2023-10-01 21:38:35.224] [info] #23: Feasible / Total: 1009007 / 1793614
[2023-10-01 21:38:56.366] [info] #24: Feasible / Total: 1009008 / 1793614
[2023-10-01 21:39:17.278] [info] #24: Feasible / Total: 1009008 / 1793614
[2023-10-01 21:39:17.278] [info] Graph is not D-reducible.
[2023-10-01 21:39:17.830] [info] Started C-reducibility check
[2023-10-01 21:45:58.335] [info] Trying 88094649 possible contractions
[2023-10-01 21:45:58.335] [info] [0/88094649] Starting contraction of size 1
[2023-10-01 21:47:24.797] [info] All colors passed! Contracted: 38
[2023-10-01 21:47:24.798] [info] Graph is C-reducible!
