[2023-10-04 13:28:03.756] [info] Kempe type: Projective
[2023-10-04 13:28:03.760] [info] Vertex size: 39, Edge size: 66, Ring size: 15
[2023-10-04 13:28:21.805] [info] Started D-reducibility check
[2023-10-04 13:28:21.814] [info] #1: Feasible / Total: 70349 / 597871
[2023-10-04 13:36:56.932] [info] #2: Feasible / Total: 87400 / 597871
[2023-10-04 13:39:39.933] [info] #3: Feasible / Total: 97478 / 597871
[2023-10-04 13:41:44.793] [info] #4: Feasible / Total: 106929 / 597871
[2023-10-04 13:44:09.299] [info] #5: Feasible / Total: 118375 / 597871
[2023-10-04 13:46:43.968] [info] #6: Feasible / Total: 134596 / 597871
[2023-10-04 13:50:32.159] [info] #7: Feasible / Total: 161959 / 597871
[2023-10-04 13:56:24.236] [info] #8: Feasible / Total: 216083 / 597871
[2023-10-04 14:05:05.967] [info] #9: Feasible / Total: 337182 / 597871
[2023-10-04 14:10:34.519] [info] #10: Feasible / Total: 494351 / 597871
[2023-10-04 14:11:06.603] [info] #11: Feasible / Total: 516991 / 597871
[2023-10-04 14:11:08.918] [info] #11: Feasible / Total: 516991 / 597871
[2023-10-04 14:11:08.918] [info] Graph is not D-reducible.
[2023-10-04 14:11:09.133] [info] Started C-reducibility check
[2023-10-04 15:29:49.012] [info] Trying 280509570 possible contractions
[2023-10-04 15:29:49.022] [info] [0/280509570] Starting contraction of size 1
[2023-10-04 15:30:12.695] [info] All colors passed! Contracted: 22
[2023-10-04 15:30:12.695] [info] Graph is C-reducible!
