[2023-09-30 20:00:26.202] [info] Kempe type: Projective
[2023-09-30 20:00:26.202] [info] Vertex size: 29, Edge size: 50, Ring size: 13
[2023-09-30 20:00:26.391] [info] Started D-reducibility check
[2023-09-30 20:00:26.391] [info] #1: Feasible / Total: 8439 / 66430
[2023-09-30 20:00:32.471] [info] #2: Feasible / Total: 11687 / 66430
[2023-09-30 20:00:34.650] [info] #3: Feasible / Total: 13017 / 66430
[2023-09-30 20:00:35.959] [info] #4: Feasible / Total: 13986 / 66430
[2023-09-30 20:00:37.269] [info] #5: Feasible / Total: 14975 / 66430
[2023-09-30 20:00:38.667] [info] #6: Feasible / Total: 16034 / 66430
[2023-09-30 20:00:40.200] [info] #7: Feasible / Total: 17341 / 66430
[2023-09-30 20:00:42.000] [info] #8: Feasible / Total: 18979 / 66430
[2023-09-30 20:00:44.086] [info] #9: Feasible / Total: 20990 / 66430
[2023-09-30 20:00:46.487] [info] #10: Feasible / Total: 23699 / 66430
[2023-09-30 20:00:49.533] [info] #11: Feasible / Total: 27879 / 66430
[2023-09-30 20:00:53.677] [info] #12: Feasible / Total: 35710 / 66430
[2023-09-30 20:00:58.462] [info] #13: Feasible / Total: 49146 / 66430
[2023-09-30 20:01:00.127] [info] #14: Feasible / Total: 55483 / 66430
[2023-09-30 20:01:00.434] [info] #15: Feasible / Total: 56337 / 66430
[2023-09-30 20:01:00.538] [info] #16: Feasible / Total: 56365 / 66430
[2023-09-30 20:01:00.613] [info] #16: Feasible / Total: 56365 / 66430
[2023-09-30 20:01:00.613] [info] Graph is not D-reducible.
[2023-09-30 20:01:00.623] [info] Started C-reducibility check
[2023-09-30 20:01:07.168] [info] Trying 680663 possible contractions
[2023-09-30 20:01:07.168] [info] [0/680663] Starting contraction of size 1
[2023-09-30 20:01:10.377] [info] [37/680663] Starting contraction of size 2
[2023-09-30 20:01:55.527] [info] [642/680663] Starting contraction of size 3
[2023-09-30 20:03:30.829] [info] All colors passed! Contracted: 20, 22, 44
[2023-09-30 20:03:30.829] [info] Graph is C-reducible!
