[2023-10-03 17:50:33.128] [info] Kempe type: Projective
[2023-10-03 17:50:33.138] [info] Vertex size: 35, Edge size: 60, Ring size: 15
[2023-10-03 17:50:40.929] [info] Started D-reducibility check
[2023-10-03 17:50:40.929] [info] #1: Feasible / Total: 55424 / 597871
[2023-10-03 17:58:54.204] [info] #2: Feasible / Total: 67484 / 597871
[2023-10-03 18:01:32.161] [info] #3: Feasible / Total: 74002 / 597871
[2023-10-03 18:03:10.037] [info] #4: Feasible / Total: 78642 / 597871
[2023-10-03 18:04:40.541] [info] #5: Feasible / Total: 83153 / 597871
[2023-10-03 18:06:13.162] [info] #6: Feasible / Total: 87856 / 597871
[2023-10-03 18:07:49.586] [info] #7: Feasible / Total: 93118 / 597871
[2023-10-03 18:09:26.612] [info] #8: Feasible / Total: 99434 / 597871
[2023-10-03 18:11:02.780] [info] #9: Feasible / Total: 106844 / 597871
[2023-10-03 18:12:45.855] [info] #10: Feasible / Total: 115458 / 597871
[2023-10-03 18:14:35.934] [info] #11: Feasible / Total: 126012 / 597871
[2023-10-03 18:16:46.328] [info] #12: Feasible / Total: 139291 / 597871
[2023-10-03 18:19:01.853] [info] #13: Feasible / Total: 157129 / 597871
[2023-10-03 18:21:48.085] [info] #14: Feasible / Total: 180330 / 597871
[2023-10-03 18:24:54.765] [info] #15: Feasible / Total: 210065 / 597871
[2023-10-03 18:28:15.381] [info] #16: Feasible / Total: 245260 / 597871
[2023-10-03 18:31:57.533] [info] #17: Feasible / Total: 287821 / 597871
[2023-10-03 18:35:28.081] [info] #18: Feasible / Total: 333232 / 597871
[2023-10-03 18:37:25.296] [info] #19: Feasible / Total: 363460 / 597871
[2023-10-03 18:37:52.037] [info] #20: Feasible / Total: 370817 / 597871
[2023-10-03 18:37:59.613] [info] #21: Feasible / Total: 371075 / 597871
[2023-10-03 18:38:05.842] [info] #21: Feasible / Total: 371075 / 597871
[2023-10-03 18:38:05.846] [info] Graph is not D-reducible.
[2023-10-03 18:38:06.055] [info] Started C-reducibility check
[2023-10-03 18:45:53.213] [info] Trying 65699756 possible contractions
[2023-10-03 18:45:53.213] [info] [0/65699756] Starting contraction of size 1
[2023-10-03 18:45:57.093] [info] All colors passed! Contracted: 15
[2023-10-03 18:45:57.111] [info] Graph is C-reducible!
