[2023-10-02 23:43:09.724] [info] Kempe type: Projective
[2023-10-02 23:43:09.730] [info] Vertex size: 31, Edge size: 53, Ring size: 13
[2023-10-02 23:43:11.690] [info] Started D-reducibility check
[2023-10-02 23:43:11.690] [info] #1: Feasible / Total: 9677 / 66430
[2023-10-02 23:43:36.564] [info] #2: Feasible / Total: 12869 / 66430
[2023-10-02 23:43:48.368] [info] #3: Feasible / Total: 15019 / 66430
[2023-10-02 23:43:57.818] [info] #4: Feasible / Total: 17009 / 66430
[2023-10-02 23:44:07.811] [info] #5: Feasible / Total: 19525 / 66430
[2023-10-02 23:44:16.847] [info] #6: Feasible / Total: 22449 / 66430
[2023-10-02 23:44:31.217] [info] #7: Feasible / Total: 26613 / 66430
[2023-10-02 23:44:46.303] [info] #8: Feasible / Total: 32371 / 66430
[2023-10-02 23:44:57.094] [info] #9: Feasible / Total: 37684 / 66430
[2023-10-02 23:45:01.736] [info] #10: Feasible / Total: 40112 / 66430
[2023-10-02 23:45:03.669] [info] #11: Feasible / Total: 40405 / 66430
[2023-10-02 23:45:04.465] [info] #12: Feasible / Total: 40424 / 66430
[2023-10-02 23:45:05.210] [info] #12: Feasible / Total: 40424 / 66430
[2023-10-02 23:45:05.210] [info] Graph is not D-reducible.
[2023-10-02 23:45:05.243] [info] Started C-reducibility check
[2023-10-02 23:46:24.267] [info] Trying 1202705 possible contractions
[2023-10-02 23:46:24.267] [info] [0/1202705] Starting contraction of size 1
[2023-10-02 23:46:25.728] [info] All colors passed! Contracted: 30
[2023-10-02 23:46:25.742] [info] Graph is C-reducible!
