[2023-10-01 11:31:08.965] [info] Kempe type: Projective
[2023-10-01 11:31:08.965] [info] Vertex size: 34, Edge size: 58, Ring size: 14
[2023-10-01 11:31:11.074] [info] Started D-reducibility check
[2023-10-01 11:31:11.074] [info] #1: Feasible / Total: 25265 / 199291
[2023-10-01 11:32:03.106] [info] #2: Feasible / Total: 40107 / 199291
[2023-10-01 11:32:38.138] [info] #3: Feasible / Total: 52639 / 199291
[2023-10-01 11:33:20.658] [info] #4: Feasible / Total: 67745 / 199291
[2023-10-01 11:34:16.625] [info] #5: Feasible / Total: 90235 / 199291
[2023-10-01 11:35:14.350] [info] #6: Feasible / Total: 117048 / 199291
[2023-10-01 11:36:08.240] [info] #7: Feasible / Total: 154995 / 199291
[2023-10-01 11:36:22.396] [info] #8: Feasible / Total: 171327 / 199291
[2023-10-01 11:36:28.384] [info] #9: Feasible / Total: 183641 / 199291
[2023-10-01 11:36:28.815] [info] #10: Feasible / Total: 183919 / 199291
[2023-10-01 11:36:28.959] [info] #10: Feasible / Total: 183919 / 199291
[2023-10-01 11:36:28.959] [info] Graph is not D-reducible.
[2023-10-01 11:36:28.988] [info] Started C-reducibility check
[2023-10-01 11:40:44.484] [info] Trying 2436804 possible contractions
[2023-10-01 11:40:44.484] [info] [0/2436804] Starting contraction of size 1
[2023-10-01 11:40:45.506] [info] All colors passed! Contracted: 17
[2023-10-01 11:40:45.506] [info] Graph is C-reducible!
