[2023-10-02 19:57:05.407] [info] Kempe type: Projective
[2023-10-02 19:57:05.458] [info] Vertex size: 30, Edge size: 51, Ring size: 12
[2023-10-02 19:57:06.221] [info] Started D-reducibility check
[2023-10-02 19:57:06.221] [info] #1: Feasible / Total: 4312 / 22144
[2023-10-02 19:57:11.675] [info] #2: Feasible / Total: 5787 / 22144
[2023-10-02 19:57:14.035] [info] #3: Feasible / Total: 6704 / 22144
[2023-10-02 19:57:15.746] [info] #4: Feasible / Total: 7777 / 22144
[2023-10-02 19:57:17.296] [info] #5: Feasible / Total: 8852 / 22144
[2023-10-02 19:57:19.190] [info] #6: Feasible / Total: 10246 / 22144
[2023-10-02 19:57:20.951] [info] #7: Feasible / Total: 12089 / 22144
[2023-10-02 19:57:22.290] [info] #8: Feasible / Total: 14857 / 22144
[2023-10-02 19:57:22.548] [info] #9: Feasible / Total: 15564 / 22144
[2023-10-02 19:57:22.680] [info] #10: Feasible / Total: 15580 / 22144
[2023-10-02 19:57:22.819] [info] #10: Feasible / Total: 15580 / 22144
[2023-10-02 19:57:22.819] [info] Graph is not D-reducible.
[2023-10-02 19:57:22.823] [info] Started C-reducibility check
[2023-10-02 19:58:23.291] [info] Trying 977732 possible contractions
[2023-10-02 19:58:23.291] [info] [0/977732] Starting contraction of size 1
[2023-10-02 19:58:24.196] [info] All colors passed! Contracted: 26
[2023-10-02 19:58:24.196] [info] Graph is C-reducible!
