[2023-10-02 09:49:22.737] [info] Kempe type: Projective
[2023-10-02 09:49:22.755] [info] Vertex size: 34, Edge size: 58, Ring size: 14
[2023-10-02 09:49:28.184] [info] Started D-reducibility check
[2023-10-02 09:49:28.184] [info] #1: Feasible / Total: 25843 / 199291
[2023-10-02 09:52:52.158] [info] #2: Feasible / Total: 38704 / 199291
[2023-10-02 09:54:15.479] [info] #3: Feasible / Total: 50796 / 199291
[2023-10-02 09:55:31.186] [info] #4: Feasible / Total: 65449 / 199291
[2023-10-02 09:57:06.856] [info] #5: Feasible / Total: 88336 / 199291
[2023-10-02 09:58:42.687] [info] #6: Feasible / Total: 118601 / 199291
[2023-10-02 09:59:28.780] [info] #7: Feasible / Total: 137914 / 199291
[2023-10-02 09:59:45.583] [info] #8: Feasible / Total: 144104 / 199291
[2023-10-02 09:59:49.086] [info] #9: Feasible / Total: 144799 / 199291
[2023-10-02 09:59:50.396] [info] #9: Feasible / Total: 144799 / 199291
[2023-10-02 09:59:50.396] [info] Graph is not D-reducible.
[2023-10-02 09:59:50.453] [info] Started C-reducibility check
[2023-10-02 10:05:27.678] [info] Trying 2440475 possible contractions
[2023-10-02 10:05:27.678] [info] [0/2440475] Starting contraction of size 1
[2023-10-02 10:06:13.141] [info] [44/2440475] Starting contraction of size 2
[2023-10-02 10:18:10.146] [info] [916/2440475] Starting contraction of size 3
[2023-10-02 11:38:32.093] [info] [11238/2440475] Starting contraction of size 4
[2023-10-02 11:47:11.533] [info] All colors passed! Contracted: 15, 29, 54, 56
[2023-10-02 11:47:11.533] [info] Graph is C-reducible!
