[2023-09-30 16:28:17.928] [info] Kempe type: Projective
[2023-09-30 16:28:17.928] [info] Vertex size: 31, Edge size: 53, Ring size: 13
[2023-09-30 16:28:18.836] [info] Started D-reducibility check
[2023-09-30 16:28:18.836] [info] #1: Feasible / Total: 9454 / 66430
[2023-09-30 16:28:25.613] [info] #2: Feasible / Total: 11841 / 66430
[2023-09-30 16:28:28.100] [info] #3: Feasible / Total: 13744 / 66430
[2023-09-30 16:28:30.103] [info] #4: Feasible / Total: 15814 / 66430
[2023-09-30 16:28:31.569] [info] #5: Feasible / Total: 17538 / 66430
[2023-09-30 16:28:32.699] [info] #6: Feasible / Total: 18686 / 66430
[2023-09-30 16:28:33.756] [info] #7: Feasible / Total: 19453 / 66430
[2023-09-30 16:28:35.028] [info] #8: Feasible / Total: 20141 / 66430
[2023-09-30 16:28:35.857] [info] #9: Feasible / Total: 20942 / 66430
[2023-09-30 16:28:36.599] [info] #10: Feasible / Total: 21680 / 66430
[2023-09-30 16:28:37.416] [info] #11: Feasible / Total: 22421 / 66430
[2023-09-30 16:28:38.390] [info] #12: Feasible / Total: 23276 / 66430
[2023-09-30 16:28:39.249] [info] #13: Feasible / Total: 24141 / 66430
[2023-09-30 16:28:40.200] [info] #14: Feasible / Total: 25034 / 66430
[2023-09-30 16:28:41.386] [info] #15: Feasible / Total: 26345 / 66430
[2023-09-30 16:28:42.841] [info] #16: Feasible / Total: 28579 / 66430
[2023-09-30 16:28:44.550] [info] #17: Feasible / Total: 30980 / 66430
[2023-09-30 16:28:45.220] [info] #18: Feasible / Total: 32035 / 66430
[2023-09-30 16:28:45.478] [info] #19: Feasible / Total: 32096 / 66430
[2023-09-30 16:28:45.726] [info] #19: Feasible / Total: 32096 / 66430
[2023-09-30 16:28:45.726] [info] Graph is not D-reducible.
[2023-09-30 16:28:45.736] [info] Started C-reducibility check
[2023-09-30 16:29:14.675] [info] Trying 1202928 possible contractions
[2023-09-30 16:29:14.675] [info] [0/1202928] Starting contraction of size 1
[2023-09-30 16:29:24.523] [info] [40/1202928] Starting contraction of size 2
[2023-09-30 16:29:27.919] [info] All colors passed! Contracted: 32, 40
[2023-09-30 16:29:27.919] [info] Graph is C-reducible!
