[2023-10-02 09:49:22.676] [info] Kempe type: Projective
[2023-10-02 09:49:22.677] [info] Vertex size: 35, Edge size: 60, Ring size: 15
[2023-10-02 09:49:32.092] [info] Started D-reducibility check
[2023-10-02 09:49:32.092] [info] #1: Feasible / Total: 54865 / 597871
[2023-10-02 09:59:41.884] [info] #2: Feasible / Total: 79862 / 597871
[2023-10-02 10:02:30.623] [info] #3: Feasible / Total: 94471 / 597871
[2023-10-02 10:04:45.542] [info] #4: Feasible / Total: 107362 / 597871
[2023-10-02 10:06:43.100] [info] #5: Feasible / Total: 121146 / 597871
[2023-10-02 10:08:46.535] [info] #6: Feasible / Total: 135587 / 597871
[2023-10-02 10:11:03.108] [info] #7: Feasible / Total: 151274 / 597871
[2023-10-02 10:13:41.446] [info] #8: Feasible / Total: 171502 / 597871
[2023-10-02 10:16:59.277] [info] #9: Feasible / Total: 198856 / 597871
[2023-10-02 10:21:01.549] [info] #10: Feasible / Total: 233789 / 597871
[2023-10-02 10:26:12.856] [info] #11: Feasible / Total: 285221 / 597871
[2023-10-02 10:31:32.290] [info] #12: Feasible / Total: 354841 / 597871
[2023-10-02 10:34:22.374] [info] #13: Feasible / Total: 400505 / 597871
[2023-10-02 10:34:40.334] [info] #14: Feasible / Total: 407857 / 597871
[2023-10-02 10:34:44.180] [info] #15: Feasible / Total: 407871 / 597871
[2023-10-02 10:34:49.374] [info] #15: Feasible / Total: 407871 / 597871
[2023-10-02 10:34:49.374] [info] Graph is not D-reducible.
[2023-10-02 10:34:49.464] [info] Started C-reducibility check
[2023-10-02 10:40:57.150] [info] Trying 2912233 possible contractions
[2023-10-02 10:40:57.151] [info] [0/2912233] Starting contraction of size 1
[2023-10-02 10:42:37.156] [info] [45/2912233] Starting contraction of size 2
[2023-10-02 11:07:50.145] [info] [960/2912233] Starting contraction of size 3
[2023-10-02 14:28:52.841] [info] [12111/2912233] Starting contraction of size 4
[2023-10-03 13:15:14.604] [info] [103263/2912233] Starting contraction of size 5
[2023-10-03 15:40:50.411] [info] All colors passed! Contracted: 22, 23, 28, 44, 46
[2023-10-03 15:40:50.411] [info] Graph is C-reducible!
