[2023-09-30 15:10:14.011] [info] Kempe type: Projective
[2023-09-30 15:10:14.011] [info] Vertex size: 33, Edge size: 56, Ring size: 13
[2023-09-30 15:10:14.565] [info] Started D-reducibility check
[2023-09-30 15:10:14.565] [info] #1: Feasible / Total: 12114 / 66430
[2023-09-30 15:10:35.764] [info] #2: Feasible / Total: 19144 / 66430
[2023-09-30 15:10:45.236] [info] #3: Feasible / Total: 24949 / 66430
[2023-09-30 15:10:53.476] [info] #4: Feasible / Total: 32048 / 66430
[2023-09-30 15:10:59.389] [info] #5: Feasible / Total: 40412 / 66430
[2023-09-30 15:11:00.787] [info] #6: Feasible / Total: 43204 / 66430
[2023-09-30 15:11:01.423] [info] #7: Feasible / Total: 43527 / 66430
[2023-09-30 15:11:01.847] [info] #8: Feasible / Total: 43613 / 66430
[2023-09-30 15:11:02.210] [info] #9: Feasible / Total: 43672 / 66430
[2023-09-30 15:11:02.599] [info] #10: Feasible / Total: 43728 / 66430
[2023-09-30 15:11:02.943] [info] #11: Feasible / Total: 43776 / 66430
[2023-09-30 15:11:03.279] [info] #12: Feasible / Total: 43798 / 66430
[2023-09-30 15:11:03.589] [info] #13: Feasible / Total: 43808 / 66430
[2023-09-30 15:11:03.904] [info] #13: Feasible / Total: 43808 / 66430
[2023-09-30 15:11:03.904] [info] Graph is not D-reducible.
[2023-09-30 15:11:03.926] [info] Started C-reducibility check
[2023-09-30 15:13:21.069] [info] Trying 2033134 possible contractions
[2023-09-30 15:13:21.069] [info] [0/2033134] Starting contraction of size 1
[2023-09-30 15:13:26.461] [info] All colors passed! Contracted: 28
[2023-09-30 15:13:26.461] [info] Graph is C-reducible!
