[2023-10-02 23:43:09.603] [info] Kempe type: Projective
[2023-10-02 23:43:09.614] [info] Vertex size: 32, Edge size: 55, Ring size: 14
[2023-10-02 23:43:13.327] [info] Started D-reducibility check
[2023-10-02 23:43:13.327] [info] #1: Feasible / Total: 22064 / 199291
[2023-10-02 23:45:42.741] [info] #2: Feasible / Total: 32298 / 199291
[2023-10-02 23:46:14.794] [info] #3: Feasible / Total: 37704 / 199291
[2023-10-02 23:46:40.794] [info] #4: Feasible / Total: 42140 / 199291
[2023-10-02 23:47:08.390] [info] #5: Feasible / Total: 46902 / 199291
[2023-10-02 23:47:41.617] [info] #6: Feasible / Total: 53675 / 199291
[2023-10-02 23:48:25.708] [info] #7: Feasible / Total: 64901 / 199291
[2023-10-02 23:49:27.411] [info] #8: Feasible / Total: 84737 / 199291
[2023-10-02 23:50:47.722] [info] #9: Feasible / Total: 120155 / 199291
[2023-10-02 23:51:42.734] [info] #10: Feasible / Total: 165764 / 199291
[2023-10-02 23:51:46.038] [info] #11: Feasible / Total: 172214 / 199291
[2023-10-02 23:51:46.631] [info] #11: Feasible / Total: 172214 / 199291
[2023-10-02 23:51:46.631] [info] Graph is not D-reducible.
[2023-10-02 23:51:46.701] [info] Started C-reducibility check
[2023-10-02 23:53:15.586] [info] Trying 1466059 possible contractions
[2023-10-02 23:53:15.586] [info] [0/1466059] Starting contraction of size 1
[2023-10-02 23:53:16.248] [info] All colors passed! Contracted: 41
[2023-10-02 23:53:16.248] [info] Graph is C-reducible!
