[2023-10-02 23:43:09.702] [info] Kempe type: Projective
[2023-10-02 23:43:09.758] [info] Vertex size: 33, Edge size: 56, Ring size: 13
[2023-10-02 23:43:11.942] [info] Started D-reducibility check
[2023-10-02 23:43:11.942] [info] #1: Feasible / Total: 10764 / 66430
[2023-10-02 23:43:41.344] [info] #2: Feasible / Total: 14165 / 66430
[2023-10-02 23:43:53.379] [info] #3: Feasible / Total: 17777 / 66430
[2023-10-02 23:44:04.773] [info] #4: Feasible / Total: 21080 / 66430
[2023-10-02 23:44:12.368] [info] #5: Feasible / Total: 23411 / 66430
[2023-10-02 23:44:18.004] [info] #6: Feasible / Total: 24959 / 66430
[2023-10-02 23:44:22.923] [info] #7: Feasible / Total: 26357 / 66430
[2023-10-02 23:44:28.032] [info] #8: Feasible / Total: 28070 / 66430
[2023-10-02 23:44:34.239] [info] #9: Feasible / Total: 30566 / 66430
[2023-10-02 23:44:41.076] [info] #10: Feasible / Total: 33875 / 66430
[2023-10-02 23:44:45.500] [info] #11: Feasible / Total: 37069 / 66430
[2023-10-02 23:44:47.532] [info] #12: Feasible / Total: 39144 / 66430
[2023-10-02 23:44:48.148] [info] #13: Feasible / Total: 39223 / 66430
[2023-10-02 23:44:48.706] [info] #13: Feasible / Total: 39223 / 66430
[2023-10-02 23:44:48.706] [info] Graph is not D-reducible.
[2023-10-02 23:44:48.729] [info] Started C-reducibility check
[2023-10-02 23:49:14.341] [info] Trying 2029592 possible contractions
[2023-10-02 23:49:14.346] [info] [0/2029592] Starting contraction of size 1
[2023-10-02 23:49:47.574] [info] [43/2029592] Starting contraction of size 2
[2023-10-02 23:57:07.826] [info] [873/2029592] Starting contraction of size 3
[2023-10-03 00:50:34.289] [info] [10406/2029592] Starting contraction of size 4
[2023-10-03 01:43:23.595] [info] All colors passed! Contracted: 16, 21, 34, 46
[2023-10-03 01:43:23.595] [info] Graph is C-reducible!
