[2023-09-30 20:00:26.203] [info] Kempe type: Projective
[2023-09-30 20:00:26.203] [info] Vertex size: 35, Edge size: 59, Ring size: 13
[2023-09-30 20:00:26.787] [info] Started D-reducibility check
[2023-09-30 20:00:26.787] [info] #1: Feasible / Total: 11615 / 66430
[2023-09-30 20:00:35.469] [info] #2: Feasible / Total: 19080 / 66430
[2023-09-30 20:00:39.136] [info] #3: Feasible / Total: 24490 / 66430
[2023-09-30 20:00:41.413] [info] #4: Feasible / Total: 27866 / 66430
[2023-09-30 20:00:43.667] [info] #5: Feasible / Total: 30367 / 66430
[2023-09-30 20:00:46.131] [info] #6: Feasible / Total: 33963 / 66430
[2023-09-30 20:00:49.434] [info] #7: Feasible / Total: 41037 / 66430
[2023-09-30 20:00:52.917] [info] #8: Feasible / Total: 51672 / 66430
[2023-09-30 20:00:54.247] [info] #9: Feasible / Total: 56177 / 66430
[2023-09-30 20:00:54.414] [info] #10: Feasible / Total: 56507 / 66430
[2023-09-30 20:00:54.481] [info] #11: Feasible / Total: 56508 / 66430
[2023-09-30 20:00:54.548] [info] #11: Feasible / Total: 56508 / 66430
[2023-09-30 20:00:54.548] [info] Graph is not D-reducible.
[2023-09-30 20:00:54.558] [info] Started C-reducibility check
[2023-09-30 20:06:02.258] [info] Trying 3302906 possible contractions
[2023-09-30 20:06:02.258] [info] [0/3302906] Starting contraction of size 1
[2023-09-30 20:06:17.397] [info] [46/3302906] Starting contraction of size 2
[2023-09-30 20:10:33.876] [info] All colors passed! Contracted: 50, 57
[2023-09-30 20:10:33.876] [info] Graph is C-reducible!
