[2023-09-30 16:50:13.034] [info] Kempe type: Projective
[2023-09-30 16:50:13.034] [info] Vertex size: 29, Edge size: 50, Ring size: 13
[2023-09-30 16:50:13.296] [info] Started D-reducibility check
[2023-09-30 16:50:13.296] [info] #1: Feasible / Total: 8750 / 66430
[2023-09-30 16:50:20.051] [info] #2: Feasible / Total: 10220 / 66430
[2023-09-30 16:50:21.570] [info] #3: Feasible / Total: 10932 / 66430
[2023-09-30 16:50:22.562] [info] #4: Feasible / Total: 11384 / 66430
[2023-09-30 16:50:23.330] [info] #5: Feasible / Total: 11643 / 66430
[2023-09-30 16:50:24.125] [info] #6: Feasible / Total: 11923 / 66430
[2023-09-30 16:50:24.831] [info] #7: Feasible / Total: 12167 / 66430
[2023-09-30 16:50:25.469] [info] #8: Feasible / Total: 12359 / 66430
[2023-09-30 16:50:26.055] [info] #9: Feasible / Total: 12478 / 66430
[2023-09-30 16:50:26.675] [info] #10: Feasible / Total: 12587 / 66430
[2023-09-30 16:50:27.262] [info] #11: Feasible / Total: 12704 / 66430
[2023-09-30 16:50:27.732] [info] #12: Feasible / Total: 12804 / 66430
[2023-09-30 16:50:28.204] [info] #13: Feasible / Total: 12919 / 66430
[2023-09-30 16:50:28.729] [info] #14: Feasible / Total: 13001 / 66430
[2023-09-30 16:50:29.171] [info] #15: Feasible / Total: 13093 / 66430
[2023-09-30 16:50:29.602] [info] #16: Feasible / Total: 13169 / 66430
[2023-09-30 16:50:30.188] [info] #17: Feasible / Total: 13224 / 66430
[2023-09-30 16:50:30.734] [info] #18: Feasible / Total: 13286 / 66430
[2023-09-30 16:50:31.356] [info] #19: Feasible / Total: 13324 / 66430
[2023-09-30 16:50:31.883] [info] #20: Feasible / Total: 13345 / 66430
[2023-09-30 16:50:32.284] [info] #21: Feasible / Total: 13358 / 66430
[2023-09-30 16:50:32.673] [info] #22: Feasible / Total: 13379 / 66430
[2023-09-30 16:50:33.125] [info] #23: Feasible / Total: 13406 / 66430
[2023-09-30 16:50:33.517] [info] #24: Feasible / Total: 13434 / 66430
[2023-09-30 16:50:34.047] [info] #25: Feasible / Total: 13473 / 66430
[2023-09-30 16:50:34.504] [info] #26: Feasible / Total: 13565 / 66430
[2023-09-30 16:50:35.092] [info] #27: Feasible / Total: 13680 / 66430
[2023-09-30 16:50:35.772] [info] #28: Feasible / Total: 13820 / 66430
[2023-09-30 16:50:36.270] [info] #29: Feasible / Total: 13955 / 66430
[2023-09-30 16:50:36.750] [info] #30: Feasible / Total: 14089 / 66430
[2023-09-30 16:50:37.288] [info] #31: Feasible / Total: 14235 / 66430
[2023-09-30 16:50:37.816] [info] #32: Feasible / Total: 14347 / 66430
[2023-09-30 16:50:38.353] [info] #33: Feasible / Total: 14464 / 66430
[2023-09-30 16:50:38.969] [info] #34: Feasible / Total: 14558 / 66430
[2023-09-30 16:50:39.502] [info] #35: Feasible / Total: 14597 / 66430
[2023-09-30 16:50:40.150] [info] #36: Feasible / Total: 14653 / 66430
[2023-09-30 16:50:40.613] [info] #37: Feasible / Total: 14782 / 66430
[2023-09-30 16:50:41.438] [info] #38: Feasible / Total: 14989 / 66430
[2023-09-30 16:50:41.963] [info] #39: Feasible / Total: 15135 / 66430
[2023-09-30 16:50:42.532] [info] #40: Feasible / Total: 15276 / 66430
[2023-09-30 16:50:43.137] [info] #41: Feasible / Total: 15520 / 66430
[2023-09-30 16:50:44.001] [info] #42: Feasible / Total: 15944 / 66430
[2023-09-30 16:50:45.588] [info] #43: Feasible / Total: 16609 / 66430
[2023-09-30 16:50:47.332] [info] #44: Feasible / Total: 17482 / 66430
[2023-09-30 16:50:49.092] [info] #45: Feasible / Total: 18533 / 66430
[2023-09-30 16:50:51.331] [info] #46: Feasible / Total: 19867 / 66430
[2023-09-30 16:50:53.219] [info] #47: Feasible / Total: 21549 / 66430
[2023-09-30 16:50:55.544] [info] #48: Feasible / Total: 23708 / 66430
[2023-09-30 16:50:57.939] [info] #49: Feasible / Total: 26526 / 66430
[2023-09-30 16:51:01.501] [info] #50: Feasible / Total: 31040 / 66430
[2023-09-30 16:51:07.016] [info] #51: Feasible / Total: 37480 / 66430
[2023-09-30 16:51:10.150] [info] #52: Feasible / Total: 42518 / 66430
[2023-09-30 16:51:11.837] [info] #53: Feasible / Total: 44353 / 66430
[2023-09-30 16:51:12.286] [info] #54: Feasible / Total: 44409 / 66430
[2023-09-30 16:51:12.584] [info] #54: Feasible / Total: 44409 / 66430
[2023-09-30 16:51:12.584] [info] Graph is not D-reducible.
[2023-09-30 16:51:12.607] [info] Started C-reducibility check
[2023-09-30 16:51:22.244] [info] Trying 680646 possible contractions
[2023-09-30 16:51:22.244] [info] [0/680646] Starting contraction of size 1
[2023-09-30 16:51:26.127] [info] [37/680646] Starting contraction of size 2
[2023-09-30 16:52:30.769] [info] [642/680646] Starting contraction of size 3
[2023-09-30 16:58:46.788] [info] All colors passed! Contracted: 31, 35, 49
[2023-09-30 16:58:46.788] [info] Graph is C-reducible!
