[2023-10-04 13:28:03.689] [info] Kempe type: Projective
[2023-10-04 13:28:03.691] [info] Vertex size: 34, Edge size: 58, Ring size: 14
[2023-10-04 13:28:06.731] [info] Started D-reducibility check
[2023-10-04 13:28:06.731] [info] #1: Feasible / Total: 25285 / 199291
[2023-10-04 13:30:08.461] [info] #2: Feasible / Total: 34042 / 199291
[2023-10-04 13:30:42.618] [info] #3: Feasible / Total: 40138 / 199291
[2023-10-04 13:31:15.993] [info] #4: Feasible / Total: 46095 / 199291
[2023-10-04 13:31:59.819] [info] #5: Feasible / Total: 54311 / 199291
[2023-10-04 13:32:47.301] [info] #6: Feasible / Total: 67182 / 199291
[2023-10-04 13:33:50.916] [info] #7: Feasible / Total: 85698 / 199291
[2023-10-04 13:34:58.844] [info] #8: Feasible / Total: 107787 / 199291
[2023-10-04 13:35:46.952] [info] #9: Feasible / Total: 130026 / 199291
[2023-10-04 13:35:56.192] [info] #10: Feasible / Total: 138704 / 199291
[2023-10-04 13:35:57.652] [info] #11: Feasible / Total: 138889 / 199291
[2023-10-04 13:35:58.848] [info] #11: Feasible / Total: 138889 / 199291
[2023-10-04 13:35:58.854] [info] Graph is not D-reducible.
[2023-10-04 13:35:58.919] [info] Started C-reducibility check
[2023-10-04 13:42:09.231] [info] Trying 48767230 possible contractions
[2023-10-04 13:42:09.231] [info] [0/48767230] Starting contraction of size 1
[2023-10-04 13:42:58.839] [info] [44/48767230] Starting contraction of size 2
[2023-10-04 13:54:57.721] [info] [916/48767230] Starting contraction of size 3
[2023-10-04 14:01:22.622] [info] All colors passed! Contracted: 21, 29, 57
[2023-10-04 14:01:22.623] [info] Graph is C-reducible!
