[2023-10-04 13:28:03.530] [info] Kempe type: Projective
[2023-10-04 13:28:03.534] [info] Vertex size: 39, Edge size: 66, Ring size: 15
[2023-10-04 13:28:25.783] [info] Started D-reducibility check
[2023-10-04 13:28:25.802] [info] #1: Feasible / Total: 78645 / 597871
[2023-10-04 13:40:37.043] [info] #2: Feasible / Total: 126976 / 597871
[2023-10-04 13:45:48.948] [info] #3: Feasible / Total: 160926 / 597871
[2023-10-04 13:49:30.376] [info] #4: Feasible / Total: 187651 / 597871
[2023-10-04 13:53:11.099] [info] #5: Feasible / Total: 217037 / 597871
[2023-10-04 13:57:57.786] [info] #6: Feasible / Total: 263992 / 597871
[2023-10-04 14:02:41.477] [info] #7: Feasible / Total: 329328 / 597871
[2023-10-04 14:06:24.550] [info] #8: Feasible / Total: 402950 / 597871
[2023-10-04 14:07:29.031] [info] #9: Feasible / Total: 438396 / 597871
[2023-10-04 14:07:39.047] [info] #10: Feasible / Total: 442885 / 597871
[2023-10-04 14:07:42.428] [info] #11: Feasible / Total: 442970 / 597871
[2023-10-04 14:07:46.224] [info] #11: Feasible / Total: 442970 / 597871
[2023-10-04 14:07:46.230] [info] Graph is not D-reducible.
[2023-10-04 14:07:46.406] [info] Started C-reducibility check
[2023-10-04 15:28:43.296] [info] Trying 281469418 possible contractions
[2023-10-04 15:28:43.298] [info] [0/281469418] Starting contraction of size 1
[2023-10-04 15:29:08.678] [info] All colors passed! Contracted: 45
[2023-10-04 15:29:08.679] [info] Graph is C-reducible!
