[2023-10-02 09:49:22.790] [info] Kempe type: Projective
[2023-10-02 09:49:22.855] [info] Vertex size: 34, Edge size: 58, Ring size: 14
[2023-10-02 09:49:29.908] [info] Started D-reducibility check
[2023-10-02 09:49:29.908] [info] #1: Feasible / Total: 24326 / 199291
[2023-10-02 09:51:42.537] [info] #2: Feasible / Total: 42158 / 199291
[2023-10-02 09:52:42.898] [info] #3: Feasible / Total: 55528 / 199291
[2023-10-02 09:53:50.112] [info] #4: Feasible / Total: 70539 / 199291
[2023-10-02 09:55:09.795] [info] #5: Feasible / Total: 90960 / 199291
[2023-10-02 09:56:17.494] [info] #6: Feasible / Total: 116493 / 199291
[2023-10-02 09:56:59.536] [info] #7: Feasible / Total: 138767 / 199291
[2023-10-02 09:57:11.115] [info] #8: Feasible / Total: 147412 / 199291
[2023-10-02 09:57:13.030] [info] #9: Feasible / Total: 148126 / 199291
[2023-10-02 09:57:14.442] [info] #10: Feasible / Total: 148133 / 199291
[2023-10-02 09:57:15.852] [info] #11: Feasible / Total: 148134 / 199291
[2023-10-02 09:57:17.199] [info] #11: Feasible / Total: 148134 / 199291
[2023-10-02 09:57:17.199] [info] Graph is not D-reducible.
[2023-10-02 09:57:17.281] [info] Started C-reducibility check
[2023-10-02 10:02:56.821] [info] Trying 2436754 possible contractions
[2023-10-02 10:02:56.830] [info] [0/2436754] Starting contraction of size 1
[2023-10-02 10:03:59.410] [info] [44/2436754] Starting contraction of size 2
[2023-10-02 10:19:50.739] [info] [916/2436754] Starting contraction of size 3
[2023-10-02 12:03:30.392] [info] [11237/2436754] Starting contraction of size 4
[2023-10-02 13:28:34.195] [info] All colors passed! Contracted: 24, 49, 53, 56
[2023-10-02 13:28:34.195] [info] Graph is C-reducible!
