[2023-09-30 14:55:36.129] [info] Kempe type: Projective
[2023-09-30 14:55:36.129] [info] Vertex size: 30, Edge size: 51, Ring size: 12
[2023-09-30 14:55:36.293] [info] Started D-reducibility check
[2023-09-30 14:55:36.293] [info] #1: Feasible / Total: 4489 / 22144
[2023-09-30 14:55:38.060] [info] #2: Feasible / Total: 6128 / 22144
[2023-09-30 14:55:38.710] [info] #3: Feasible / Total: 8188 / 22144
[2023-09-30 14:55:39.299] [info] #4: Feasible / Total: 10582 / 22144
[2023-09-30 14:55:40.142] [info] #5: Feasible / Total: 12686 / 22144
[2023-09-30 14:55:40.473] [info] #6: Feasible / Total: 13383 / 22144
[2023-09-30 14:55:40.574] [info] #7: Feasible / Total: 13579 / 22144
[2023-09-30 14:55:40.642] [info] #8: Feasible / Total: 13646 / 22144
[2023-09-30 14:55:40.695] [info] #9: Feasible / Total: 13680 / 22144
[2023-09-30 14:55:40.746] [info] #10: Feasible / Total: 13713 / 22144
[2023-09-30 14:55:40.800] [info] #11: Feasible / Total: 13743 / 22144
[2023-09-30 14:55:40.849] [info] #12: Feasible / Total: 13758 / 22144
[2023-09-30 14:55:40.892] [info] #13: Feasible / Total: 13759 / 22144
[2023-09-30 14:55:40.934] [info] #13: Feasible / Total: 13759 / 22144
[2023-09-30 14:55:40.934] [info] Graph is not D-reducible.
[2023-09-30 14:55:40.938] [info] Started C-reducibility check
[2023-09-30 14:56:10.997] [info] Trying 977508 possible contractions
[2023-09-30 14:56:11.010] [info] [0/977508] Starting contraction of size 1
[2023-09-30 14:56:16.657] [info] [39/977508] Starting contraction of size 2
[2023-09-30 14:57:08.468] [info] [714/977508] Starting contraction of size 3
[2023-09-30 15:01:52.981] [info] [7578/977508] Starting contraction of size 4
[2023-09-30 15:29:25.762] [info] [53388/977508] Starting contraction of size 5
[2023-09-30 15:40:17.936] [info] All colors passed! Contracted: 20, 22, 26, 38, 49
[2023-09-30 15:40:17.936] [info] Graph is C-reducible!
