[2023-10-05 16:00:24.278] [info] Kempe type: Projective
[2023-10-05 16:00:24.278] [info] Vertex size: 40, Edge size: 68, Ring size: 16
[2023-10-05 16:00:39.803] [info] Started D-reducibility check
[2023-10-05 16:00:39.803] [info] #1: Feasible / Total: 162425 / 1793614
[2023-10-05 17:07:52.352] [info] #2: Feasible / Total: 291413 / 1793614
[2023-10-05 17:41:57.931] [info] #3: Feasible / Total: 411174 / 1793614
[2023-10-05 18:24:36.162] [info] #4: Feasible / Total: 583666 / 1793614
[2023-10-05 19:19:11.187] [info] #5: Feasible / Total: 882965 / 1793614
[2023-10-05 19:57:49.560] [info] #6: Feasible / Total: 1273022 / 1793614
[2023-10-05 20:04:40.241] [info] #7: Feasible / Total: 1397263 / 1793614
[2023-10-05 20:05:57.400] [info] #8: Feasible / Total: 1405763 / 1793614
[2023-10-05 20:06:43.425] [info] #9: Feasible / Total: 1409671 / 1793614
[2023-10-05 20:07:21.050] [info] #10: Feasible / Total: 1411896 / 1793614
[2023-10-05 20:07:49.877] [info] #11: Feasible / Total: 1413120 / 1793614
[2023-10-05 20:08:13.298] [info] #12: Feasible / Total: 1414275 / 1793614
[2023-10-05 20:08:34.711] [info] #13: Feasible / Total: 1415103 / 1793614
[2023-10-05 20:08:46.328] [info] #14: Feasible / Total: 1415214 / 1793614
[2023-10-05 20:08:55.895] [info] #15: Feasible / Total: 1415220 / 1793614
[2023-10-05 20:09:05.291] [info] #15: Feasible / Total: 1415220 / 1793614
[2023-10-05 20:09:05.291] [info] Graph is not D-reducible.
[2023-10-05 20:09:05.804] [info] Started C-reducibility check
[2023-10-05 21:35:12.990] [info] Trying 127348105 possible contractions
[2023-10-05 21:35:12.990] [info] [0/127348105] Starting contraction of size 1
[2023-10-05 21:45:44.570] [info] [52/127348105] Starting contraction of size 2
[2023-10-06 01:12:26.828] [info] [1290/127348105] Starting contraction of size 3
[2023-10-06 17:23:05.377] [info] All colors passed! Contracted: 23, 56, 60
[2023-10-06 17:23:05.377] [info] Graph is C-reducible!
