[2023-10-01 10:31:59.082] [info] Kempe type: Projective
[2023-10-01 10:31:59.082] [info] Vertex size: 37, Edge size: 63, Ring size: 15
[2023-10-01 10:32:03.322] [info] Started D-reducibility check
[2023-10-01 10:32:03.322] [info] #1: Feasible / Total: 65272 / 597871
[2023-10-01 10:36:37.205] [info] #2: Feasible / Total: 101453 / 597871
[2023-10-01 10:39:20.193] [info] #3: Feasible / Total: 135962 / 597871
[2023-10-01 10:42:12.236] [info] #4: Feasible / Total: 180984 / 597871
[2023-10-01 10:45:18.640] [info] #5: Feasible / Total: 238495 / 597871
[2023-10-01 10:48:18.711] [info] #6: Feasible / Total: 311761 / 597871
[2023-10-01 10:49:28.267] [info] #7: Feasible / Total: 356925 / 597871
[2023-10-01 10:49:38.891] [info] #8: Feasible / Total: 364359 / 597871
[2023-10-01 10:49:42.562] [info] #9: Feasible / Total: 364809 / 597871
[2023-10-01 10:49:45.727] [info] #10: Feasible / Total: 364857 / 597871
[2023-10-01 10:49:48.799] [info] #11: Feasible / Total: 364861 / 597871
[2023-10-01 10:49:51.853] [info] #11: Feasible / Total: 364861 / 597871
[2023-10-01 10:49:51.853] [info] Graph is not D-reducible.
[2023-10-01 10:49:51.937] [info] Started C-reducibility check
[2023-10-01 11:03:30.278] [info] Trying 4610194 possible contractions
[2023-10-01 11:03:30.278] [info] [0/4610194] Starting contraction of size 1
[2023-10-01 11:04:13.347] [info] All colors passed! Contracted: 52
[2023-10-01 11:04:13.347] [info] Graph is C-reducible!
