[2023-10-03 15:49:02.343] [info] Kempe type: Projective
[2023-10-03 15:49:02.366] [info] Vertex size: 35, Edge size: 60, Ring size: 15
[2023-10-03 15:49:12.023] [info] Started D-reducibility check
[2023-10-03 15:49:12.023] [info] #1: Feasible / Total: 55972 / 597871
[2023-10-03 15:58:36.168] [info] #2: Feasible / Total: 82941 / 597871
[2023-10-03 16:03:00.335] [info] #3: Feasible / Total: 103511 / 597871
[2023-10-03 16:06:33.025] [info] #4: Feasible / Total: 127276 / 597871
[2023-10-03 16:11:10.286] [info] #5: Feasible / Total: 165509 / 597871
[2023-10-03 16:18:02.287] [info] #6: Feasible / Total: 237487 / 597871
[2023-10-03 16:25:29.270] [info] #7: Feasible / Total: 373583 / 597871
[2023-10-03 16:29:40.943] [info] #8: Feasible / Total: 534782 / 597871
[2023-10-03 16:30:05.371] [info] #9: Feasible / Total: 562187 / 597871
[2023-10-03 16:30:06.020] [info] #10: Feasible / Total: 562188 / 597871
[2023-10-03 16:30:06.855] [info] #10: Feasible / Total: 562188 / 597871
[2023-10-03 16:30:06.855] [info] Graph is not D-reducible.
[2023-10-03 16:30:06.944] [info] Started C-reducibility check
[2023-10-03 16:34:59.252] [info] Trying 65697863 possible contractions
[2023-10-03 16:34:59.253] [info] [0/65697863] Starting contraction of size 1
[2023-10-03 16:35:08.612] [info] All colors passed! Contracted: 18
[2023-10-03 16:35:08.612] [info] Graph is C-reducible!
