[2023-10-02 12:25:42.372] [info] Kempe type: Projective
[2023-10-02 12:25:42.374] [info] Vertex size: 26, Edge size: 45, Ring size: 12
[2023-10-02 12:25:42.457] [info] Started D-reducibility check
[2023-10-02 12:25:42.457] [info] #1: Feasible / Total: 3421 / 22144
[2023-10-02 12:25:47.710] [info] #2: Feasible / Total: 4790 / 22144
[2023-10-02 12:25:49.021] [info] #3: Feasible / Total: 5479 / 22144
[2023-10-02 12:25:49.844] [info] #4: Feasible / Total: 6021 / 22144
[2023-10-02 12:25:50.489] [info] #5: Feasible / Total: 6559 / 22144
[2023-10-02 12:25:51.314] [info] #6: Feasible / Total: 7183 / 22144
[2023-10-02 12:25:52.169] [info] #7: Feasible / Total: 7965 / 22144
[2023-10-02 12:25:53.219] [info] #8: Feasible / Total: 9118 / 22144
[2023-10-02 12:25:54.192] [info] #9: Feasible / Total: 10248 / 22144
[2023-10-02 12:25:54.928] [info] #10: Feasible / Total: 11114 / 22144
[2023-10-02 12:25:55.625] [info] #11: Feasible / Total: 12049 / 22144
[2023-10-02 12:25:56.454] [info] #12: Feasible / Total: 13385 / 22144
[2023-10-02 12:25:56.917] [info] #13: Feasible / Total: 14136 / 22144
[2023-10-02 12:25:57.117] [info] #14: Feasible / Total: 14240 / 22144
[2023-10-02 12:25:57.221] [info] #15: Feasible / Total: 14242 / 22144
[2023-10-02 12:25:57.362] [info] #15: Feasible / Total: 14242 / 22144
[2023-10-02 12:25:57.362] [info] Graph is not D-reducible.
[2023-10-02 12:25:57.373] [info] Started C-reducibility check
[2023-10-02 12:26:00.206] [info] Trying 284981 possible contractions
[2023-10-02 12:26:00.206] [info] [0/284981] Starting contraction of size 1
[2023-10-02 12:26:01.198] [info] All colors passed! Contracted: 34
[2023-10-02 12:26:01.202] [info] Graph is C-reducible!
