[2023-10-02 21:50:37.993] [info] Kempe type: Projective
[2023-10-02 21:50:38.000] [info] Vertex size: 32, Edge size: 55, Ring size: 14
[2023-10-02 21:50:41.409] [info] Started D-reducibility check
[2023-10-02 21:50:41.426] [info] #1: Feasible / Total: 19036 / 199291
[2023-10-02 21:51:49.385] [info] #2: Feasible / Total: 31517 / 199291
[2023-10-02 21:52:12.561] [info] #3: Feasible / Total: 36133 / 199291
[2023-10-02 21:52:33.528] [info] #4: Feasible / Total: 39616 / 199291
[2023-10-02 21:52:48.350] [info] #5: Feasible / Total: 41902 / 199291
[2023-10-02 21:52:58.322] [info] #6: Feasible / Total: 43475 / 199291
[2023-10-02 21:53:07.768] [info] #7: Feasible / Total: 44933 / 199291
[2023-10-02 21:53:15.625] [info] #8: Feasible / Total: 46558 / 199291
[2023-10-02 21:53:25.065] [info] #9: Feasible / Total: 48490 / 199291
[2023-10-02 21:53:34.974] [info] #10: Feasible / Total: 50729 / 199291
[2023-10-02 21:53:45.432] [info] #11: Feasible / Total: 53450 / 199291
[2023-10-02 21:53:59.245] [info] #12: Feasible / Total: 56582 / 199291
[2023-10-02 21:54:14.561] [info] #13: Feasible / Total: 59843 / 199291
[2023-10-02 21:54:27.549] [info] #14: Feasible / Total: 63416 / 199291
[2023-10-02 21:54:39.227] [info] #15: Feasible / Total: 66487 / 199291
[2023-10-02 21:54:47.991] [info] #16: Feasible / Total: 68847 / 199291
[2023-10-02 21:54:56.364] [info] #17: Feasible / Total: 70804 / 199291
[2023-10-02 21:55:03.454] [info] #18: Feasible / Total: 72350 / 199291
[2023-10-02 21:55:08.924] [info] #19: Feasible / Total: 73397 / 199291
[2023-10-02 21:55:13.885] [info] #20: Feasible / Total: 73981 / 199291
[2023-10-02 21:55:17.836] [info] #21: Feasible / Total: 74320 / 199291
[2023-10-02 21:55:20.874] [info] #22: Feasible / Total: 74581 / 199291
[2023-10-02 21:55:24.463] [info] #23: Feasible / Total: 74858 / 199291
[2023-10-02 21:55:27.449] [info] #24: Feasible / Total: 75062 / 199291
[2023-10-02 21:55:30.517] [info] #25: Feasible / Total: 75219 / 199291
[2023-10-02 21:55:33.720] [info] #26: Feasible / Total: 75425 / 199291
[2023-10-02 21:55:36.978] [info] #27: Feasible / Total: 75558 / 199291
[2023-10-02 21:55:40.677] [info] #28: Feasible / Total: 75604 / 199291
[2023-10-02 21:55:43.403] [info] #29: Feasible / Total: 75619 / 199291
[2023-10-02 21:55:45.663] [info] #30: Feasible / Total: 75621 / 199291
[2023-10-02 21:55:48.468] [info] #30: Feasible / Total: 75621 / 199291
[2023-10-02 21:55:48.468] [info] Graph is not D-reducible.
[2023-10-02 21:55:48.560] [info] Started C-reducibility check
[2023-10-02 21:57:24.879] [info] Trying 1466067 possible contractions
[2023-10-02 21:57:24.879] [info] [0/1466067] Starting contraction of size 1
[2023-10-02 21:58:00.663] [info] [41/1466067] Starting contraction of size 2
[2023-10-02 22:05:36.162] [info] [793/1466067] Starting contraction of size 3
[2023-10-02 22:42:32.020] [info] All colors passed! Contracted: 35, 39, 51
[2023-10-02 22:42:32.020] [info] Graph is C-reducible!
