[2023-10-04 10:10:41.935] [info] Kempe type: Projective
[2023-10-04 10:10:41.986] [info] Vertex size: 33, Edge size: 56, Ring size: 13
[2023-10-04 10:10:43.271] [info] Started D-reducibility check
[2023-10-04 10:10:43.271] [info] #1: Feasible / Total: 10714 / 66430
[2023-10-04 10:11:15.750] [info] #2: Feasible / Total: 16271 / 66430
[2023-10-04 10:11:28.742] [info] #3: Feasible / Total: 20877 / 66430
[2023-10-04 10:11:35.262] [info] #4: Feasible / Total: 23543 / 66430
[2023-10-04 10:11:41.359] [info] #5: Feasible / Total: 25899 / 66430
[2023-10-04 10:11:50.887] [info] #6: Feasible / Total: 29889 / 66430
[2023-10-04 10:12:00.695] [info] #7: Feasible / Total: 36683 / 66430
[2023-10-04 10:12:06.048] [info] #8: Feasible / Total: 42243 / 66430
[2023-10-04 10:12:07.453] [info] #9: Feasible / Total: 43278 / 66430
[2023-10-04 10:12:08.230] [info] #10: Feasible / Total: 43504 / 66430
[2023-10-04 10:12:08.870] [info] #11: Feasible / Total: 43566 / 66430
[2023-10-04 10:12:09.260] [info] #12: Feasible / Total: 43571 / 66430
[2023-10-04 10:12:09.675] [info] #12: Feasible / Total: 43571 / 66430
[2023-10-04 10:12:09.675] [info] Graph is not D-reducible.
[2023-10-04 10:12:09.717] [info] Started C-reducibility check
[2023-10-04 10:16:32.188] [info] Trying 35904225 possible contractions
[2023-10-04 10:16:32.188] [info] [0/35904225] Starting contraction of size 1
[2023-10-04 10:16:49.841] [info] [43/35904225] Starting contraction of size 2
[2023-10-04 10:21:45.969] [info] [873/35904225] Starting contraction of size 3
[2023-10-04 10:33:36.457] [info] All colors passed! Contracted: 16, 46, 52
[2023-10-04 10:33:36.457] [info] Graph is C-reducible!
