[2023-09-30 16:00:54.133] [info] Kempe type: Projective
[2023-09-30 16:00:54.133] [info] Vertex size: 34, Edge size: 58, Ring size: 14
[2023-09-30 16:00:56.998] [info] Started D-reducibility check
[2023-09-30 16:00:56.998] [info] #1: Feasible / Total: 26502 / 199291
[2023-09-30 16:02:02.978] [info] #2: Feasible / Total: 40723 / 199291
[2023-09-30 16:02:25.676] [info] #3: Feasible / Total: 52518 / 199291
[2023-09-30 16:02:48.886] [info] #4: Feasible / Total: 64771 / 199291
[2023-09-30 16:03:09.996] [info] #5: Feasible / Total: 78044 / 199291
[2023-09-30 16:03:30.240] [info] #6: Feasible / Total: 92903 / 199291
[2023-09-30 16:03:53.222] [info] #7: Feasible / Total: 113218 / 199291
[2023-09-30 16:04:16.652] [info] #8: Feasible / Total: 146768 / 199291
[2023-09-30 16:04:22.905] [info] #9: Feasible / Total: 164982 / 199291
[2023-09-30 16:04:23.395] [info] #10: Feasible / Total: 165128 / 199291
[2023-09-30 16:04:23.705] [info] #11: Feasible / Total: 165129 / 199291
[2023-09-30 16:04:24.014] [info] #11: Feasible / Total: 165129 / 199291
[2023-09-30 16:04:24.014] [info] Graph is not D-reducible.
[2023-09-30 16:04:24.039] [info] Started C-reducibility check
[2023-09-30 16:06:34.344] [info] Trying 2440223 possible contractions
[2023-09-30 16:06:34.344] [info] [0/2440223] Starting contraction of size 1
[2023-09-30 16:07:19.806] [info] [44/2440223] Starting contraction of size 2
[2023-09-30 16:08:06.376] [info] All colors passed! Contracted: 17, 37
[2023-09-30 16:08:06.376] [info] Graph is C-reducible!
