[2023-10-04 10:10:41.756] [info] Kempe type: Projective
[2023-10-04 10:10:41.774] [info] Vertex size: 34, Edge size: 58, Ring size: 14
[2023-10-04 10:10:46.376] [info] Started D-reducibility check
[2023-10-04 10:10:46.376] [info] #1: Feasible / Total: 25844 / 199291
[2023-10-04 10:13:12.942] [info] #2: Feasible / Total: 35962 / 199291
[2023-10-04 10:14:00.899] [info] #3: Feasible / Total: 43591 / 199291
[2023-10-04 10:14:40.109] [info] #4: Feasible / Total: 51595 / 199291
[2023-10-04 10:15:24.359] [info] #5: Feasible / Total: 62539 / 199291
[2023-10-04 10:16:32.523] [info] #6: Feasible / Total: 81385 / 199291
[2023-10-04 10:17:44.411] [info] #7: Feasible / Total: 112678 / 199291
[2023-10-04 10:18:22.189] [info] #8: Feasible / Total: 139674 / 199291
[2023-10-04 10:18:27.326] [info] #9: Feasible / Total: 142343 / 199291
[2023-10-04 10:18:28.812] [info] #10: Feasible / Total: 142379 / 199291
[2023-10-04 10:18:30.477] [info] #10: Feasible / Total: 142379 / 199291
[2023-10-04 10:18:30.477] [info] Graph is not D-reducible.
[2023-10-04 10:18:30.553] [info] Started C-reducibility check
[2023-10-04 10:23:52.648] [info] Trying 48594425 possible contractions
[2023-10-04 10:23:52.648] [info] [0/48594425] Starting contraction of size 1
[2023-10-04 10:24:34.427] [info] [44/48594425] Starting contraction of size 2
[2023-10-04 10:30:04.783] [info] All colors passed! Contracted: 35, 50
[2023-10-04 10:30:04.783] [info] Graph is C-reducible!
