[2023-10-02 19:57:05.320] [info] Kempe type: Projective
[2023-10-02 19:57:05.326] [info] Vertex size: 26, Edge size: 45, Ring size: 12
[2023-10-02 19:57:05.483] [info] Started D-reducibility check
[2023-10-02 19:57:05.483] [info] #1: Feasible / Total: 3360 / 22144
[2023-10-02 19:57:08.428] [info] #2: Feasible / Total: 4592 / 22144
[2023-10-02 19:57:09.932] [info] #3: Feasible / Total: 5295 / 22144
[2023-10-02 19:57:11.004] [info] #4: Feasible / Total: 5961 / 22144
[2023-10-02 19:57:12.402] [info] #5: Feasible / Total: 6907 / 22144
[2023-10-02 19:57:14.486] [info] #6: Feasible / Total: 8138 / 22144
[2023-10-02 19:57:16.899] [info] #7: Feasible / Total: 9883 / 22144
[2023-10-02 19:57:19.710] [info] #8: Feasible / Total: 12393 / 22144
[2023-10-02 19:57:21.735] [info] #9: Feasible / Total: 14784 / 22144
[2023-10-02 19:57:22.193] [info] #10: Feasible / Total: 15458 / 22144
[2023-10-02 19:57:22.370] [info] #11: Feasible / Total: 15461 / 22144
[2023-10-02 19:57:22.501] [info] #11: Feasible / Total: 15461 / 22144
[2023-10-02 19:57:22.501] [info] Graph is not D-reducible.
[2023-10-02 19:57:22.509] [info] Started C-reducibility check
[2023-10-02 19:57:27.381] [info] Trying 284063 possible contractions
[2023-10-02 19:57:27.382] [info] [0/284063] Starting contraction of size 1
[2023-10-02 19:57:30.748] [info] [33/284063] Starting contraction of size 2
[2023-10-02 19:58:07.994] [info] [507/284063] Starting contraction of size 3
[2023-10-02 19:58:24.933] [info] All colors passed! Contracted: 13, 35, 41
[2023-10-02 19:58:24.933] [info] Graph is C-reducible!
