[2023-09-30 14:52:46.434] [info] Kempe type: Projective
[2023-09-30 14:52:46.434] [info] Vertex size: 26, Edge size: 45, Ring size: 12
[2023-09-30 14:52:46.517] [info] Started D-reducibility check
[2023-09-30 14:52:46.517] [info] #1: Feasible / Total: 3443 / 22144
[2023-09-30 14:52:48.701] [info] #2: Feasible / Total: 4451 / 22144
[2023-09-30 14:52:49.247] [info] #3: Feasible / Total: 4990 / 22144
[2023-09-30 14:52:49.681] [info] #4: Feasible / Total: 5463 / 22144
[2023-09-30 14:52:50.133] [info] #5: Feasible / Total: 5970 / 22144
[2023-09-30 14:52:50.792] [info] #6: Feasible / Total: 6585 / 22144
[2023-09-30 14:52:51.554] [info] #7: Feasible / Total: 7345 / 22144
[2023-09-30 14:52:52.576] [info] #8: Feasible / Total: 8901 / 22144
[2023-09-30 14:52:54.172] [info] #9: Feasible / Total: 11727 / 22144
[2023-09-30 14:52:55.177] [info] #10: Feasible / Total: 15398 / 22144
[2023-09-30 14:52:55.725] [info] #11: Feasible / Total: 17931 / 22144
[2023-09-30 14:52:55.778] [info] #12: Feasible / Total: 18019 / 22144
[2023-09-30 14:52:55.823] [info] #12: Feasible / Total: 18019 / 22144
[2023-09-30 14:52:55.823] [info] Graph is not D-reducible.
[2023-09-30 14:52:55.826] [info] Started C-reducibility check
[2023-09-30 14:52:58.258] [info] Trying 285940 possible contractions
[2023-09-30 14:52:58.258] [info] [0/285940] Starting contraction of size 1
[2023-09-30 14:52:59.905] [info] [33/285940] Starting contraction of size 2
[2023-09-30 14:53:17.813] [info] [507/285940] Starting contraction of size 3
[2023-09-30 14:53:20.334] [info] All colors passed! Contracted: 17, 23, 29
[2023-09-30 14:53:20.335] [info] Graph is C-reducible!
