[2023-09-30 16:50:13.034] [info] Kempe type: Projective
[2023-09-30 16:50:13.034] [info] Vertex size: 29, Edge size: 50, Ring size: 13
[2023-09-30 16:50:13.832] [info] Started D-reducibility check
[2023-09-30 16:50:13.832] [info] #1: Feasible / Total: 8826 / 66430
[2023-09-30 16:50:28.014] [info] #2: Feasible / Total: 10358 / 66430
[2023-09-30 16:50:30.902] [info] #3: Feasible / Total: 11100 / 66430
[2023-09-30 16:50:32.782] [info] #4: Feasible / Total: 11711 / 66430
[2023-09-30 16:50:34.095] [info] #5: Feasible / Total: 12178 / 66430
[2023-09-30 16:50:35.827] [info] #6: Feasible / Total: 12665 / 66430
[2023-09-30 16:50:37.792] [info] #7: Feasible / Total: 13360 / 66430
[2023-09-30 16:50:40.397] [info] #8: Feasible / Total: 14303 / 66430
[2023-09-30 16:50:42.618] [info] #9: Feasible / Total: 15326 / 66430
[2023-09-30 16:50:45.175] [info] #10: Feasible / Total: 16615 / 66430
[2023-09-30 16:50:48.420] [info] #11: Feasible / Total: 18337 / 66430
[2023-09-30 16:50:52.880] [info] #12: Feasible / Total: 20880 / 66430
[2023-09-30 16:50:57.900] [info] #13: Feasible / Total: 24051 / 66430
[2023-09-30 16:51:03.683] [info] #14: Feasible / Total: 27833 / 66430
[2023-09-30 16:51:10.589] [info] #15: Feasible / Total: 33669 / 66430
[2023-09-30 16:51:18.608] [info] #16: Feasible / Total: 43045 / 66430
[2023-09-30 16:51:23.726] [info] #17: Feasible / Total: 50987 / 66430
[2023-09-30 16:51:24.532] [info] #18: Feasible / Total: 52063 / 66430
[2023-09-30 16:51:24.745] [info] #18: Feasible / Total: 52063 / 66430
[2023-09-30 16:51:24.745] [info] Graph is not D-reducible.
[2023-09-30 16:51:24.765] [info] Started C-reducibility check
[2023-09-30 16:51:34.864] [info] Trying 678886 possible contractions
[2023-09-30 16:51:34.864] [info] [0/678886] Starting contraction of size 1
[2023-09-30 16:51:43.640] [info] [37/678886] Starting contraction of size 2
[2023-09-30 16:53:10.983] [info] [642/678886] Starting contraction of size 3
[2023-09-30 16:55:19.080] [info] All colors passed! Contracted: 29, 31, 35
[2023-09-30 16:55:19.080] [info] Graph is C-reducible!
