[2023-10-01 10:31:59.050] [info] Kempe type: Projective
[2023-10-01 10:31:59.050] [info] Vertex size: 37, Edge size: 63, Ring size: 15
[2023-10-01 10:32:02.320] [info] Started D-reducibility check
[2023-10-01 10:32:02.320] [info] #1: Feasible / Total: 64616 / 597871
[2023-10-01 10:37:22.673] [info] #2: Feasible / Total: 110375 / 597871
[2023-10-01 10:40:59.880] [info] #3: Feasible / Total: 159752 / 597871
[2023-10-01 10:45:40.180] [info] #4: Feasible / Total: 243161 / 597871
[2023-10-01 10:50:08.266] [info] #5: Feasible / Total: 382363 / 597871
[2023-10-01 10:51:35.724] [info] #6: Feasible / Total: 478352 / 597871
[2023-10-01 10:51:42.790] [info] #7: Feasible / Total: 482686 / 597871
[2023-10-01 10:51:48.488] [info] #8: Feasible / Total: 483746 / 597871
[2023-10-01 10:51:53.027] [info] #9: Feasible / Total: 484245 / 597871
[2023-10-01 10:51:56.450] [info] #10: Feasible / Total: 484619 / 597871
[2023-10-01 10:51:59.002] [info] #11: Feasible / Total: 484870 / 597871
[2023-10-01 10:52:02.079] [info] #12: Feasible / Total: 485106 / 597871
[2023-10-01 10:52:04.493] [info] #13: Feasible / Total: 485271 / 597871
[2023-10-01 10:52:06.279] [info] #14: Feasible / Total: 485367 / 597871
[2023-10-01 10:52:07.815] [info] #15: Feasible / Total: 485368 / 597871
[2023-10-01 10:52:09.382] [info] #15: Feasible / Total: 485368 / 597871
[2023-10-01 10:52:09.382] [info] Graph is not D-reducible.
[2023-10-01 10:52:09.473] [info] Started C-reducibility check
[2023-10-01 11:05:13.211] [info] Trying 4615582 possible contractions
[2023-10-01 11:05:13.211] [info] [0/4615582] Starting contraction of size 1
[2023-10-01 11:06:13.528] [info] All colors passed! Contracted: 16
[2023-10-01 11:06:13.528] [info] Graph is C-reducible!
