[2023-10-04 10:10:41.705] [info] Kempe type: Projective
[2023-10-04 10:10:41.705] [info] Vertex size: 35, Edge size: 60, Ring size: 15
[2023-10-04 10:10:50.032] [info] Started D-reducibility check
[2023-10-04 10:10:50.032] [info] #1: Feasible / Total: 55487 / 597871
[2023-10-04 10:17:34.255] [info] #2: Feasible / Total: 73746 / 597871
[2023-10-04 10:19:38.963] [info] #3: Feasible / Total: 84457 / 597871
[2023-10-04 10:21:07.284] [info] #4: Feasible / Total: 92341 / 597871
[2023-10-04 10:22:17.158] [info] #5: Feasible / Total: 98164 / 597871
[2023-10-04 10:23:20.222] [info] #6: Feasible / Total: 103532 / 597871
[2023-10-04 10:24:27.397] [info] #7: Feasible / Total: 109848 / 597871
[2023-10-04 10:25:34.014] [info] #8: Feasible / Total: 117675 / 597871
[2023-10-04 10:26:40.491] [info] #9: Feasible / Total: 128069 / 597871
[2023-10-04 10:28:09.805] [info] #10: Feasible / Total: 143088 / 597871
[2023-10-04 10:30:26.269] [info] #11: Feasible / Total: 166019 / 597871
[2023-10-04 10:33:40.490] [info] #12: Feasible / Total: 203136 / 597871
[2023-10-04 10:37:06.341] [info] #13: Feasible / Total: 260469 / 597871
[2023-10-04 10:41:09.107] [info] #14: Feasible / Total: 346147 / 597871
[2023-10-04 10:44:46.653] [info] #15: Feasible / Total: 456001 / 597871
[2023-10-04 10:45:29.810] [info] #16: Feasible / Total: 499608 / 597871
[2023-10-04 10:45:31.276] [info] #17: Feasible / Total: 499843 / 597871
[2023-10-04 10:45:32.915] [info] #17: Feasible / Total: 499843 / 597871
[2023-10-04 10:45:32.915] [info] Graph is not D-reducible.
[2023-10-04 10:45:33.009] [info] Started C-reducibility check
[2023-10-04 10:50:49.177] [info] Trying 65693752 possible contractions
[2023-10-04 10:50:49.177] [info] [0/65693752] Starting contraction of size 1
[2023-10-04 10:50:52.144] [info] All colors passed! Contracted: 40
[2023-10-04 10:50:52.144] [info] Graph is C-reducible!
