[2023-09-30 14:52:46.465] [info] Kempe type: Projective
[2023-09-30 14:52:46.465] [info] Vertex size: 30, Edge size: 52, Ring size: 14
[2023-09-30 14:52:47.712] [info] Started D-reducibility check
[2023-09-30 14:52:47.712] [info] #1: Feasible / Total: 18446 / 199291
[2023-09-30 14:54:02.628] [info] #2: Feasible / Total: 39843 / 199291
[2023-09-30 14:54:19.089] [info] #3: Feasible / Total: 47749 / 199291
[2023-09-30 14:54:31.249] [info] #4: Feasible / Total: 54213 / 199291
[2023-09-30 14:54:44.100] [info] #5: Feasible / Total: 61326 / 199291
[2023-09-30 14:54:58.874] [info] #6: Feasible / Total: 70302 / 199291
[2023-09-30 14:55:17.614] [info] #7: Feasible / Total: 82325 / 199291
[2023-09-30 14:55:41.263] [info] #8: Feasible / Total: 98962 / 199291
[2023-09-30 14:56:04.492] [info] #9: Feasible / Total: 117309 / 199291
[2023-09-30 14:56:14.766] [info] #10: Feasible / Total: 128971 / 199291
[2023-09-30 14:56:18.128] [info] #11: Feasible / Total: 132948 / 199291
[2023-09-30 14:56:19.156] [info] #12: Feasible / Total: 133282 / 199291
[2023-09-30 14:56:20.111] [info] #13: Feasible / Total: 133700 / 199291
[2023-09-30 14:56:20.793] [info] #14: Feasible / Total: 133735 / 199291
[2023-09-30 14:56:21.439] [info] #14: Feasible / Total: 133735 / 199291
[2023-09-30 14:56:21.439] [info] Graph is not D-reducible.
[2023-09-30 14:56:21.467] [info] Started C-reducibility check
[2023-09-30 14:56:32.090] [info] Trying 844821 possible contractions
[2023-09-30 14:56:32.090] [info] [0/844821] Starting contraction of size 1
[2023-09-30 14:56:42.778] [info] [38/844821] Starting contraction of size 2
[2023-09-30 14:59:19.642] [info] [679/844821] Starting contraction of size 3
[2023-09-30 15:17:12.812] [info] All colors passed! Contracted: 18, 37, 44
[2023-09-30 15:17:12.813] [info] Graph is C-reducible!
