[2023-10-02 09:49:22.757] [info] Kempe type: Projective
[2023-10-02 09:49:22.878] [info] Vertex size: 40, Edge size: 68, Ring size: 16
[2023-10-02 09:50:29.954] [info] Started D-reducibility check
[2023-10-02 09:50:29.954] [info] #1: Feasible / Total: 148265 / 1793614
[2023-10-02 11:06:23.429] [info] #2: Feasible / Total: 250613 / 1793614
[2023-10-02 11:26:29.717] [info] #3: Feasible / Total: 318695 / 1793614
[2023-10-02 11:44:18.785] [info] #4: Feasible / Total: 382314 / 1793614
[2023-10-02 11:57:40.783] [info] #5: Feasible / Total: 442366 / 1793614
[2023-10-02 12:09:47.470] [info] #6: Feasible / Total: 502055 / 1793614
[2023-10-02 12:24:23.334] [info] #7: Feasible / Total: 568245 / 1793614
[2023-10-02 12:49:11.110] [info] #8: Feasible / Total: 666297 / 1793614
[2023-10-02 13:20:17.530] [info] #9: Feasible / Total: 828910 / 1793614
[2023-10-02 13:47:05.354] [info] #10: Feasible / Total: 1060704 / 1793614
[2023-10-02 13:54:41.211] [info] #11: Feasible / Total: 1179430 / 1793614
[2023-10-02 13:56:39.952] [info] #12: Feasible / Total: 1192237 / 1793614
[2023-10-02 13:57:50.552] [info] #13: Feasible / Total: 1196785 / 1793614
[2023-10-02 13:58:15.817] [info] #14: Feasible / Total: 1197800 / 1793614
[2023-10-02 13:58:32.477] [info] #15: Feasible / Total: 1197917 / 1793614
[2023-10-02 13:58:48.336] [info] #16: Feasible / Total: 1197989 / 1793614
[2023-10-02 13:59:03.995] [info] #17: Feasible / Total: 1198002 / 1793614
[2023-10-02 13:59:19.547] [info] #18: Feasible / Total: 1198004 / 1793614
[2023-10-02 13:59:35.124] [info] #18: Feasible / Total: 1198004 / 1793614
[2023-10-02 13:59:35.124] [info] Graph is not D-reducible.
[2023-10-02 13:59:35.610] [info] Started C-reducibility check
[2023-10-02 15:25:31.108] [info] Trying 8242331 possible contractions
[2023-10-02 15:25:31.108] [info] [0/8242331] Starting contraction of size 1
[2023-10-02 15:34:21.697] [info] [52/8242331] Starting contraction of size 2
[2023-10-02 18:28:14.131] [info] [1290/8242331] Starting contraction of size 3
[2023-10-03 01:23:22.402] [info] All colors passed! Contracted: 20, 39, 60
[2023-10-03 01:23:22.403] [info] Graph is C-reducible!
