[2023-10-04 13:28:03.560] [info] Kempe type: Projective
[2023-10-04 13:28:03.570] [info] Vertex size: 36, Edge size: 61, Ring size: 14
[2023-10-04 13:28:11.817] [info] Started D-reducibility check
[2023-10-04 13:28:11.834] [info] #1: Feasible / Total: 27146 / 199291
[2023-10-04 13:31:58.799] [info] #2: Feasible / Total: 49698 / 199291
[2023-10-04 13:34:00.928] [info] #3: Feasible / Total: 72972 / 199291
[2023-10-04 13:36:19.240] [info] #4: Feasible / Total: 109727 / 199291
[2023-10-04 13:37:54.386] [info] #5: Feasible / Total: 160707 / 199291
[2023-10-04 13:38:08.238] [info] #6: Feasible / Total: 178923 / 199291
[2023-10-04 13:38:09.273] [info] #7: Feasible / Total: 179371 / 199291
[2023-10-04 13:38:09.881] [info] #8: Feasible / Total: 179384 / 199291
[2023-10-04 13:38:10.411] [info] #9: Feasible / Total: 179385 / 199291
[2023-10-04 13:38:10.937] [info] #9: Feasible / Total: 179385 / 199291
[2023-10-04 13:38:10.954] [info] Graph is not D-reducible.
[2023-10-04 13:38:11.024] [info] Started C-reducibility check
[2023-10-04 13:58:33.729] [info] Trying 105367932 possible contractions
[2023-10-04 13:58:33.730] [info] [0/105367932] Starting contraction of size 1
[2023-10-04 14:00:09.913] [info] [47/105367932] Starting contraction of size 2
[2023-10-04 14:27:39.285] [info] [1048/105367932] Starting contraction of size 3
[2023-10-04 15:06:48.055] [info] All colors passed! Contracted: 31, 35, 60
[2023-10-04 15:06:48.055] [info] Graph is C-reducible!
