[2023-09-30 17:37:16.084] [info] Kempe type: Projective
[2023-09-30 17:37:16.084] [info] Vertex size: 35, Edge size: 60, Ring size: 15
[2023-09-30 17:37:19.020] [info] Started D-reducibility check
[2023-09-30 17:37:19.020] [info] #1: Feasible / Total: 51754 / 597871
[2023-09-30 17:43:56.680] [info] #2: Feasible / Total: 114402 / 597871
[2023-09-30 17:47:17.860] [info] #3: Feasible / Total: 162389 / 597871
[2023-09-30 17:50:44.313] [info] #4: Feasible / Total: 219457 / 597871
[2023-09-30 17:54:38.896] [info] #5: Feasible / Total: 293177 / 597871
[2023-09-30 17:58:16.051] [info] #6: Feasible / Total: 402789 / 597871
[2023-09-30 17:59:41.883] [info] #7: Feasible / Total: 507702 / 597871
[2023-09-30 17:59:47.213] [info] #8: Feasible / Total: 517482 / 597871
[2023-09-30 17:59:48.172] [info] #9: Feasible / Total: 517483 / 597871
[2023-09-30 17:59:49.118] [info] #9: Feasible / Total: 517483 / 597871
[2023-09-30 17:59:49.118] [info] Graph is not D-reducible.
[2023-09-30 17:59:49.202] [info] Started C-reducibility check
[2023-09-30 18:03:27.445] [info] Trying 2912707 possible contractions
[2023-09-30 18:03:27.445] [info] [0/2912707] Starting contraction of size 1
[2023-09-30 18:05:10.936] [info] [45/2912707] Starting contraction of size 2
[2023-09-30 18:34:35.355] [info] [960/2912707] Starting contraction of size 3
[2023-09-30 18:44:10.527] [info] All colors passed! Contracted: 19, 35, 55
[2023-09-30 18:44:10.527] [info] Graph is C-reducible!
