[2023-10-02 19:57:05.318] [info] Kempe type: Projective
[2023-10-02 19:57:05.322] [info] Vertex size: 31, Edge size: 53, Ring size: 13
[2023-10-02 19:57:06.187] [info] Started D-reducibility check
[2023-10-02 19:57:06.187] [info] #1: Feasible / Total: 9199 / 66430
[2023-10-02 19:57:27.746] [info] #2: Feasible / Total: 11899 / 66430
[2023-10-02 19:57:32.331] [info] #3: Feasible / Total: 13645 / 66430
[2023-10-02 19:57:35.260] [info] #4: Feasible / Total: 14751 / 66430
[2023-10-02 19:57:37.630] [info] #5: Feasible / Total: 15585 / 66430
[2023-10-02 19:57:40.043] [info] #6: Feasible / Total: 16273 / 66430
[2023-10-02 19:57:41.844] [info] #7: Feasible / Total: 16792 / 66430
[2023-10-02 19:57:43.404] [info] #8: Feasible / Total: 17332 / 66430
[2023-10-02 19:57:44.991] [info] #9: Feasible / Total: 17862 / 66430
[2023-10-02 19:57:46.686] [info] #10: Feasible / Total: 18509 / 66430
[2023-10-02 19:57:48.895] [info] #11: Feasible / Total: 19557 / 66430
[2023-10-02 19:57:52.059] [info] #12: Feasible / Total: 21171 / 66430
[2023-10-02 19:57:55.876] [info] #13: Feasible / Total: 23439 / 66430
[2023-10-02 19:57:59.662] [info] #14: Feasible / Total: 26626 / 66430
[2023-10-02 19:58:02.364] [info] #15: Feasible / Total: 30195 / 66430
[2023-10-02 19:58:04.572] [info] #16: Feasible / Total: 33652 / 66430
[2023-10-02 19:58:07.620] [info] #17: Feasible / Total: 36701 / 66430
[2023-10-02 19:58:09.584] [info] #18: Feasible / Total: 39982 / 66430
[2023-10-02 19:58:13.031] [info] #19: Feasible / Total: 46276 / 66430
[2023-10-02 19:58:14.684] [info] #20: Feasible / Total: 51980 / 66430
[2023-10-02 19:58:14.814] [info] #21: Feasible / Total: 52057 / 66430
[2023-10-02 19:58:14.916] [info] #21: Feasible / Total: 52057 / 66430
[2023-10-02 19:58:14.916] [info] Graph is not D-reducible.
[2023-10-02 19:58:14.928] [info] Started C-reducibility check
[2023-10-02 19:58:49.546] [info] Trying 1197435 possible contractions
[2023-10-02 19:58:49.547] [info] [0/1197435] Starting contraction of size 1
[2023-10-02 19:58:51.600] [info] All colors passed! Contracted: 33
[2023-10-02 19:58:51.600] [info] Graph is C-reducible!
