[2023-10-02 12:25:42.394] [info] Kempe type: Projective
[2023-10-02 12:25:42.394] [info] Vertex size: 29, Edge size: 50, Ring size: 13
[2023-10-02 12:25:42.668] [info] Started D-reducibility check
[2023-10-02 12:25:42.668] [info] #1: Feasible / Total: 8667 / 66430
[2023-10-02 12:25:56.985] [info] #2: Feasible / Total: 11317 / 66430
[2023-10-02 12:26:01.022] [info] #3: Feasible / Total: 12575 / 66430
[2023-10-02 12:26:03.358] [info] #4: Feasible / Total: 13340 / 66430
[2023-10-02 12:26:05.441] [info] #5: Feasible / Total: 14070 / 66430
[2023-10-02 12:26:07.597] [info] #6: Feasible / Total: 14901 / 66430
[2023-10-02 12:26:10.079] [info] #7: Feasible / Total: 15815 / 66430
[2023-10-02 12:26:12.548] [info] #8: Feasible / Total: 16896 / 66430
[2023-10-02 12:26:14.742] [info] #9: Feasible / Total: 18621 / 66430
[2023-10-02 12:26:17.716] [info] #10: Feasible / Total: 21463 / 66430
[2023-10-02 12:26:20.816] [info] #11: Feasible / Total: 25630 / 66430
[2023-10-02 12:26:24.139] [info] #12: Feasible / Total: 31446 / 66430
[2023-10-02 12:26:26.024] [info] #13: Feasible / Total: 35742 / 66430
[2023-10-02 12:26:26.568] [info] #14: Feasible / Total: 36280 / 66430
[2023-10-02 12:26:26.867] [info] #15: Feasible / Total: 36339 / 66430
[2023-10-02 12:26:27.137] [info] #16: Feasible / Total: 36394 / 66430
[2023-10-02 12:26:27.442] [info] #17: Feasible / Total: 36453 / 66430
[2023-10-02 12:26:27.693] [info] #18: Feasible / Total: 36488 / 66430
[2023-10-02 12:26:28.070] [info] #19: Feasible / Total: 36495 / 66430
[2023-10-02 12:26:28.521] [info] #20: Feasible / Total: 36499 / 66430
[2023-10-02 12:26:28.780] [info] #20: Feasible / Total: 36499 / 66430
[2023-10-02 12:26:28.780] [info] Graph is not D-reducible.
[2023-10-02 12:26:28.791] [info] Started C-reducibility check
[2023-10-02 12:26:36.522] [info] Trying 678887 possible contractions
[2023-10-02 12:26:36.522] [info] [0/678887] Starting contraction of size 1
[2023-10-02 12:26:40.087] [info] All colors passed! Contracted: 38
[2023-10-02 12:26:40.087] [info] Graph is C-reducible!
