[2023-10-01 11:31:08.923] [info] Kempe type: Projective
[2023-10-01 11:31:08.923] [info] Vertex size: 30, Edge size: 51, Ring size: 12
[2023-10-01 11:31:09.513] [info] Started D-reducibility check
[2023-10-01 11:31:09.513] [info] #1: Feasible / Total: 4309 / 22144
[2023-10-01 11:31:15.223] [info] #2: Feasible / Total: 6364 / 22144
[2023-10-01 11:31:17.738] [info] #3: Feasible / Total: 8442 / 22144
[2023-10-01 11:31:19.866] [info] #4: Feasible / Total: 10802 / 22144
[2023-10-01 11:31:21.221] [info] #5: Feasible / Total: 12981 / 22144
[2023-10-01 11:31:21.714] [info] #6: Feasible / Total: 13607 / 22144
[2023-10-01 11:31:21.854] [info] #7: Feasible / Total: 13718 / 22144
[2023-10-01 11:31:21.985] [info] #8: Feasible / Total: 13739 / 22144
[2023-10-01 11:31:22.115] [info] #8: Feasible / Total: 13739 / 22144
[2023-10-01 11:31:22.116] [info] Graph is not D-reducible.
[2023-10-01 11:31:22.119] [info] Started C-reducibility check
[2023-10-01 11:32:12.180] [info] Trying 975439 possible contractions
[2023-10-01 11:32:12.180] [info] [0/975439] Starting contraction of size 1
[2023-10-01 11:32:29.068] [info] [39/975439] Starting contraction of size 2
[2023-10-01 11:35:19.355] [info] [714/975439] Starting contraction of size 3
[2023-10-01 11:53:45.602] [info] [7577/975439] Starting contraction of size 4
[2023-10-01 13:01:57.209] [info] [53361/975439] Starting contraction of size 5
[2023-10-01 13:53:35.194] [info] All colors passed! Contracted: 13, 19, 29, 38, 46
[2023-10-01 13:53:35.195] [info] Graph is C-reducible!
