[2023-10-05 16:02:15.748] [info] Kempe type: Projective
[2023-10-05 16:02:15.749] [info] Vertex size: 39, Edge size: 66, Ring size: 15
[2023-10-05 16:02:24.546] [info] Started D-reducibility check
[2023-10-05 16:02:24.546] [info] #1: Feasible / Total: 72403 / 597871
[2023-10-05 16:07:39.147] [info] #2: Feasible / Total: 113210 / 597871
[2023-10-05 16:10:48.359] [info] #3: Feasible / Total: 147091 / 597871
[2023-10-05 16:13:27.466] [info] #4: Feasible / Total: 183336 / 597871
[2023-10-05 16:15:54.769] [info] #5: Feasible / Total: 229193 / 597871
[2023-10-05 16:18:39.337] [info] #6: Feasible / Total: 284471 / 597871
[2023-10-05 16:21:32.543] [info] #7: Feasible / Total: 345800 / 597871
[2023-10-05 16:23:43.376] [info] #8: Feasible / Total: 405483 / 597871
[2023-10-05 16:24:38.022] [info] #9: Feasible / Total: 420611 / 597871
[2023-10-05 16:24:54.388] [info] #10: Feasible / Total: 423753 / 597871
[2023-10-05 16:24:59.251] [info] #11: Feasible / Total: 423943 / 597871
[2023-10-05 16:25:02.468] [info] #12: Feasible / Total: 423952 / 597871
[2023-10-05 16:25:05.387] [info] #12: Feasible / Total: 423952 / 597871
[2023-10-05 16:25:05.387] [info] Graph is not D-reducible.
[2023-10-05 16:25:05.478] [info] Started C-reducibility check
[2023-10-05 17:32:13.402] [info] Trying 102572750 possible contractions
[2023-10-05 17:32:13.402] [info] [0/102572750] Starting contraction of size 1
[2023-10-05 17:35:44.044] [info] [51/102572750] Starting contraction of size 2
[2023-10-05 17:52:02.160] [info] All colors passed! Contracted: 18, 49
[2023-10-05 17:52:02.160] [info] Graph is C-reducible!
