[2023-10-01 18:29:47.259] [info] Kempe type: Projective
[2023-10-01 18:29:47.259] [info] Vertex size: 39, Edge size: 66, Ring size: 15
[2023-10-01 18:29:50.673] [info] Started D-reducibility check
[2023-10-01 18:29:50.673] [info] #1: Feasible / Total: 71848 / 597871
[2023-10-01 18:35:51.981] [info] #2: Feasible / Total: 117955 / 597871
[2023-10-01 18:38:45.306] [info] #3: Feasible / Total: 151535 / 597871
[2023-10-01 18:40:19.739] [info] #4: Feasible / Total: 170835 / 597871
[2023-10-01 18:41:11.960] [info] #5: Feasible / Total: 182084 / 597871
[2023-10-01 18:41:55.864] [info] #6: Feasible / Total: 190900 / 597871
[2023-10-01 18:42:39.595] [info] #7: Feasible / Total: 199223 / 597871
[2023-10-01 18:43:32.216] [info] #8: Feasible / Total: 209291 / 597871
[2023-10-01 18:44:46.296] [info] #9: Feasible / Total: 224165 / 597871
[2023-10-01 18:46:29.486] [info] #10: Feasible / Total: 246723 / 597871
[2023-10-01 18:48:55.957] [info] #11: Feasible / Total: 286242 / 597871
[2023-10-01 18:52:02.851] [info] #12: Feasible / Total: 355062 / 597871
[2023-10-01 18:53:31.879] [info] #13: Feasible / Total: 410022 / 597871
[2023-10-01 18:53:51.211] [info] #14: Feasible / Total: 428791 / 597871
[2023-10-01 18:53:54.334] [info] #15: Feasible / Total: 429434 / 597871
[2023-10-01 18:53:56.695] [info] #15: Feasible / Total: 429434 / 597871
[2023-10-01 18:53:56.695] [info] Graph is not D-reducible.
[2023-10-01 18:53:56.777] [info] Started C-reducibility check
[2023-10-01 19:54:18.412] [info] Trying 282423095 possible contractions
[2023-10-01 19:54:18.412] [info] [0/282423095] Starting contraction of size 1
[2023-10-01 19:54:28.898] [info] All colors passed! Contracted: 54
[2023-10-01 19:54:28.898] [info] Graph is C-reducible!
