[2023-10-05 00:48:35.643] [info] Kempe type: Projective
[2023-10-05 00:48:35.682] [info] Vertex size: 28, Edge size: 48, Ring size: 12
[2023-10-05 00:48:36.177] [info] Started D-reducibility check
[2023-10-05 00:48:36.177] [info] #1: Feasible / Total: 4000 / 22144
[2023-10-05 00:48:46.664] [info] #2: Feasible / Total: 5941 / 22144
[2023-10-05 00:48:49.572] [info] #3: Feasible / Total: 7505 / 22144
[2023-10-05 00:48:52.341] [info] #4: Feasible / Total: 9602 / 22144
[2023-10-05 00:48:55.272] [info] #5: Feasible / Total: 12094 / 22144
[2023-10-05 00:48:57.630] [info] #6: Feasible / Total: 13540 / 22144
[2023-10-05 00:48:58.943] [info] #7: Feasible / Total: 14593 / 22144
[2023-10-05 00:48:59.374] [info] #8: Feasible / Total: 14958 / 22144
[2023-10-05 00:48:59.596] [info] #9: Feasible / Total: 15011 / 22144
[2023-10-05 00:48:59.802] [info] #10: Feasible / Total: 15021 / 22144
[2023-10-05 00:48:59.980] [info] #11: Feasible / Total: 15022 / 22144
[2023-10-05 00:49:00.151] [info] #11: Feasible / Total: 15022 / 22144
[2023-10-05 00:49:00.170] [info] Graph is not D-reducible.
[2023-10-05 00:49:00.181] [info] Started C-reducibility check
[2023-10-05 00:49:28.066] [info] Trying 4250884 possible contractions
[2023-10-05 00:49:28.090] [info] [0/4250884] Starting contraction of size 1
[2023-10-05 00:49:29.769] [info] All colors passed! Contracted: 32
[2023-10-05 00:49:29.778] [info] Graph is C-reducible!
