[2023-10-02 09:49:22.854] [info] Kempe type: Projective
[2023-10-02 09:49:22.942] [info] Vertex size: 36, Edge size: 61, Ring size: 14
[2023-10-02 09:49:35.947] [info] Started D-reducibility check
[2023-10-02 09:49:35.947] [info] #1: Feasible / Total: 27964 / 199291
[2023-10-02 09:52:44.030] [info] #2: Feasible / Total: 42598 / 199291
[2023-10-02 09:54:24.391] [info] #3: Feasible / Total: 60117 / 199291
[2023-10-02 09:55:56.506] [info] #4: Feasible / Total: 83032 / 199291
[2023-10-02 09:56:54.857] [info] #5: Feasible / Total: 106773 / 199291
[2023-10-02 09:57:21.315] [info] #6: Feasible / Total: 120014 / 199291
[2023-10-02 09:57:33.317] [info] #7: Feasible / Total: 123150 / 199291
[2023-10-02 09:57:41.346] [info] #8: Feasible / Total: 124254 / 199291
[2023-10-02 09:57:46.615] [info] #9: Feasible / Total: 124847 / 199291
[2023-10-02 09:57:51.691] [info] #10: Feasible / Total: 125309 / 199291
[2023-10-02 09:57:54.767] [info] #11: Feasible / Total: 125599 / 199291
[2023-10-02 09:57:57.552] [info] #12: Feasible / Total: 125739 / 199291
[2023-10-02 09:57:59.819] [info] #13: Feasible / Total: 125786 / 199291
[2023-10-02 09:58:01.934] [info] #14: Feasible / Total: 125800 / 199291
[2023-10-02 09:58:04.066] [info] #15: Feasible / Total: 125805 / 199291
[2023-10-02 09:58:05.713] [info] #15: Feasible / Total: 125805 / 199291
[2023-10-02 09:58:05.713] [info] Graph is not D-reducible.
[2023-10-02 09:58:05.737] [info] Started C-reducibility check
[2023-10-02 10:17:01.309] [info] Trying 3916436 possible contractions
[2023-10-02 10:17:01.309] [info] [0/3916436] Starting contraction of size 1
[2023-10-02 10:19:42.440] [info] [47/3916436] Starting contraction of size 2
[2023-10-02 10:58:04.932] [info] [1048/3916436] Starting contraction of size 3
[2023-10-02 15:13:38.449] [info] [13867/3916436] Starting contraction of size 4
[2023-10-03 21:31:44.939] [info] [124379/3916436] Starting contraction of size 5
[2023-10-04 15:03:06.167] [info] All colors passed! Contracted: 15, 17, 23, 47, 51
[2023-10-04 15:03:06.168] [info] Graph is C-reducible!
