[2023-09-30 15:10:14.044] [info] Kempe type: Projective
[2023-09-30 15:10:14.044] [info] Vertex size: 34, Edge size: 58, Ring size: 14
[2023-09-30 15:10:18.586] [info] Started D-reducibility check
[2023-09-30 15:10:18.587] [info] #1: Feasible / Total: 26679 / 199291
[2023-09-30 15:11:54.078] [info] #2: Feasible / Total: 43046 / 199291
[2023-09-30 15:12:34.349] [info] #3: Feasible / Total: 58638 / 199291
[2023-09-30 15:13:23.819] [info] #4: Feasible / Total: 82348 / 199291
[2023-09-30 15:14:03.366] [info] #5: Feasible / Total: 119082 / 199291
[2023-09-30 15:14:23.027] [info] #6: Feasible / Total: 149765 / 199291
[2023-09-30 15:14:25.961] [info] #7: Feasible / Total: 154433 / 199291
[2023-09-30 15:14:26.476] [info] #8: Feasible / Total: 154507 / 199291
[2023-09-30 15:14:26.891] [info] #8: Feasible / Total: 154507 / 199291
[2023-09-30 15:14:26.891] [info] Graph is not D-reducible.
[2023-09-30 15:14:26.922] [info] Started C-reducibility check
[2023-09-30 15:16:46.660] [info] Trying 2440190 possible contractions
[2023-09-30 15:16:46.660] [info] [0/2440190] Starting contraction of size 1
[2023-09-30 15:17:47.233] [info] [44/2440190] Starting contraction of size 2
[2023-09-30 15:33:58.122] [info] [916/2440190] Starting contraction of size 3
[2023-09-30 16:08:05.681] [info] All colors passed! Contracted: 20, 40, 42
[2023-09-30 16:08:05.681] [info] Graph is C-reducible!
