[2023-10-02 19:57:05.333] [info] Kempe type: Projective
[2023-10-02 19:57:05.382] [info] Vertex size: 28, Edge size: 48, Ring size: 12
[2023-10-02 19:57:05.765] [info] Started D-reducibility check
[2023-10-02 19:57:05.765] [info] #1: Feasible / Total: 3729 / 22144
[2023-10-02 19:57:12.706] [info] #2: Feasible / Total: 5314 / 22144
[2023-10-02 19:57:15.166] [info] #3: Feasible / Total: 6492 / 22144
[2023-10-02 19:57:16.786] [info] #4: Feasible / Total: 7644 / 22144
[2023-10-02 19:57:18.672] [info] #5: Feasible / Total: 9037 / 22144
[2023-10-02 19:57:20.806] [info] #6: Feasible / Total: 10911 / 22144
[2023-10-02 19:57:22.710] [info] #7: Feasible / Total: 12591 / 22144
[2023-10-02 19:57:23.717] [info] #8: Feasible / Total: 13509 / 22144
[2023-10-02 19:57:24.290] [info] #9: Feasible / Total: 13995 / 22144
[2023-10-02 19:57:24.562] [info] #10: Feasible / Total: 14085 / 22144
[2023-10-02 19:57:24.723] [info] #11: Feasible / Total: 14095 / 22144
[2023-10-02 19:57:24.882] [info] #11: Feasible / Total: 14095 / 22144
[2023-10-02 19:57:24.882] [info] Graph is not D-reducible.
[2023-10-02 19:57:24.886] [info] Started C-reducibility check
[2023-10-02 19:57:42.585] [info] Trying 540952 possible contractions
[2023-10-02 19:57:42.585] [info] [0/540952] Starting contraction of size 1
[2023-10-02 19:57:50.860] [info] [36/540952] Starting contraction of size 2
[2023-10-02 19:59:17.047] [info] [606/540952] Starting contraction of size 3
[2023-10-02 20:02:04.415] [info] All colors passed! Contracted: 25, 29, 44
[2023-10-02 20:02:04.415] [info] Graph is C-reducible!
