[2023-10-02 00:12:27.530] [info] Kempe type: Projective
[2023-10-02 00:12:27.622] [info] Vertex size: 35, Edge size: 60, Ring size: 15
[2023-10-02 00:12:38.469] [info] Started D-reducibility check
[2023-10-02 00:12:38.502] [info] #1: Feasible / Total: 56512 / 597871
[2023-10-02 00:21:13.804] [info] #2: Feasible / Total: 71761 / 597871
[2023-10-02 00:24:24.536] [info] #3: Feasible / Total: 79825 / 597871
[2023-10-02 00:27:17.583] [info] #4: Feasible / Total: 86693 / 597871
[2023-10-02 00:30:01.824] [info] #5: Feasible / Total: 94181 / 597871
[2023-10-02 00:32:44.985] [info] #6: Feasible / Total: 103540 / 597871
[2023-10-02 00:35:44.969] [info] #7: Feasible / Total: 116605 / 597871
[2023-10-02 00:39:25.211] [info] #8: Feasible / Total: 136490 / 597871
[2023-10-02 00:45:08.047] [info] #9: Feasible / Total: 167521 / 597871
[2023-10-02 00:52:23.039] [info] #10: Feasible / Total: 214507 / 597871
[2023-10-02 01:00:17.261] [info] #11: Feasible / Total: 285800 / 597871
[2023-10-02 01:08:37.160] [info] #12: Feasible / Total: 393914 / 597871
[2023-10-02 01:12:36.762] [info] #13: Feasible / Total: 480955 / 597871
[2023-10-02 01:12:58.636] [info] #14: Feasible / Total: 489409 / 597871
[2023-10-02 01:13:01.805] [info] #15: Feasible / Total: 489410 / 597871
[2023-10-02 01:13:04.541] [info] #15: Feasible / Total: 489410 / 597871
[2023-10-02 01:13:04.546] [info] Graph is not D-reducible.
[2023-10-02 01:13:04.698] [info] Started C-reducibility check
[2023-10-02 01:21:28.520] [info] Trying 65710734 possible contractions
[2023-10-02 01:21:28.520] [info] [0/65710734] Starting contraction of size 1
[2023-10-02 01:23:35.686] [info] [45/65710734] Starting contraction of size 2
[2023-10-02 01:53:21.646] [info] [960/65710734] Starting contraction of size 3
[2023-10-02 03:12:49.929] [info] All colors passed! Contracted: 35, 39, 59
[2023-10-02 03:12:49.930] [info] Graph is C-reducible!
