[2023-10-04 16:22:03.850] [info] Kempe type: Projective
[2023-10-04 16:22:03.866] [info] Vertex size: 33, Edge size: 56, Ring size: 13
[2023-10-04 16:22:06.783] [info] Started D-reducibility check
[2023-10-04 16:22:06.802] [info] #1: Feasible / Total: 10427 / 66430
[2023-10-04 16:22:32.438] [info] #2: Feasible / Total: 15787 / 66430
[2023-10-04 16:22:47.979] [info] #3: Feasible / Total: 21445 / 66430
[2023-10-04 16:23:04.464] [info] #4: Feasible / Total: 29436 / 66430
[2023-10-04 16:23:21.611] [info] #5: Feasible / Total: 39550 / 66430
[2023-10-04 16:23:28.608] [info] #6: Feasible / Total: 47605 / 66430
[2023-10-04 16:23:29.933] [info] #7: Feasible / Total: 48538 / 66430
[2023-10-04 16:23:30.351] [info] #8: Feasible / Total: 48576 / 66430
[2023-10-04 16:23:30.750] [info] #9: Feasible / Total: 48585 / 66430
[2023-10-04 16:23:31.013] [info] #10: Feasible / Total: 48587 / 66430
[2023-10-04 16:23:31.395] [info] #11: Feasible / Total: 48588 / 66430
[2023-10-04 16:23:31.719] [info] #11: Feasible / Total: 48588 / 66430
[2023-10-04 16:23:31.730] [info] Graph is not D-reducible.
[2023-10-04 16:23:31.758] [info] Started C-reducibility check
[2023-10-04 16:27:27.350] [info] Trying 35610379 possible contractions
[2023-10-04 16:27:27.362] [info] [0/35610379] Starting contraction of size 1
[2023-10-04 16:27:58.961] [info] [43/35610379] Starting contraction of size 2
[2023-10-04 16:35:31.103] [info] [873/35610379] Starting contraction of size 3
[2023-10-04 16:45:26.756] [info] All colors passed! Contracted: 33, 42, 52
[2023-10-04 16:45:26.756] [info] Graph is C-reducible!
