[2023-10-02 00:12:27.489] [info] Kempe type: Projective
[2023-10-02 00:12:27.489] [info] Vertex size: 32, Edge size: 55, Ring size: 14
[2023-10-02 00:12:28.404] [info] Started D-reducibility check
[2023-10-02 00:12:28.410] [info] #1: Feasible / Total: 21584 / 199291
[2023-10-02 00:14:55.834] [info] #2: Feasible / Total: 28774 / 199291
[2023-10-02 00:15:29.065] [info] #3: Feasible / Total: 32794 / 199291
[2023-10-02 00:15:54.780] [info] #4: Feasible / Total: 35338 / 199291
[2023-10-02 00:16:15.030] [info] #5: Feasible / Total: 37511 / 199291
[2023-10-02 00:16:35.084] [info] #6: Feasible / Total: 39728 / 199291
[2023-10-02 00:16:58.513] [info] #7: Feasible / Total: 42262 / 199291
[2023-10-02 00:17:27.467] [info] #8: Feasible / Total: 45591 / 199291
[2023-10-02 00:17:57.252] [info] #9: Feasible / Total: 49934 / 199291
[2023-10-02 00:18:38.641] [info] #10: Feasible / Total: 56476 / 199291
[2023-10-02 00:19:28.530] [info] #11: Feasible / Total: 65483 / 199291
[2023-10-02 00:20:31.911] [info] #12: Feasible / Total: 76796 / 199291
[2023-10-02 00:21:42.585] [info] #13: Feasible / Total: 91995 / 199291
[2023-10-02 00:23:06.748] [info] #14: Feasible / Total: 114428 / 199291
[2023-10-02 00:24:02.203] [info] #15: Feasible / Total: 134182 / 199291
[2023-10-02 00:24:17.806] [info] #16: Feasible / Total: 140344 / 199291
[2023-10-02 00:24:21.464] [info] #17: Feasible / Total: 140961 / 199291
[2023-10-02 00:24:23.319] [info] #18: Feasible / Total: 140974 / 199291
[2023-10-02 00:24:25.092] [info] #18: Feasible / Total: 140974 / 199291
[2023-10-02 00:24:25.102] [info] Graph is not D-reducible.
[2023-10-02 00:24:25.185] [info] Started C-reducibility check
[2023-10-02 00:27:04.757] [info] Trying 21300985 possible contractions
[2023-10-02 00:27:04.774] [info] [0/21300985] Starting contraction of size 1
[2023-10-02 00:27:46.803] [info] [41/21300985] Starting contraction of size 2
[2023-10-02 00:37:39.169] [info] [793/21300985] Starting contraction of size 3
[2023-10-02 01:16:12.454] [info] All colors passed! Contracted: 17, 46, 54
[2023-10-02 01:16:12.462] [info] Graph is C-reducible!
