[2023-10-03 15:49:02.232] [info] Kempe type: Projective
[2023-10-03 15:49:02.254] [info] Vertex size: 36, Edge size: 61, Ring size: 14
[2023-10-03 15:49:10.930] [info] Started D-reducibility check
[2023-10-03 15:49:10.930] [info] #1: Feasible / Total: 28452 / 199291
[2023-10-03 15:53:07.133] [info] #2: Feasible / Total: 57305 / 199291
[2023-10-03 15:55:17.020] [info] #3: Feasible / Total: 89260 / 199291
[2023-10-03 15:56:33.512] [info] #4: Feasible / Total: 128240 / 199291
[2023-10-03 15:56:57.839] [info] #5: Feasible / Total: 143490 / 199291
[2023-10-03 15:57:08.359] [info] #6: Feasible / Total: 145984 / 199291
[2023-10-03 15:57:12.019] [info] #7: Feasible / Total: 146526 / 199291
[2023-10-03 15:57:14.035] [info] #8: Feasible / Total: 146649 / 199291
[2023-10-03 15:57:15.684] [info] #9: Feasible / Total: 146692 / 199291
[2023-10-03 15:57:17.178] [info] #10: Feasible / Total: 146711 / 199291
[2023-10-03 15:57:18.366] [info] #10: Feasible / Total: 146711 / 199291
[2023-10-03 15:57:18.366] [info] Graph is not D-reducible.
[2023-10-03 15:57:18.432] [info] Started C-reducibility check
[2023-10-03 16:13:40.774] [info] Trying 105731244 possible contractions
[2023-10-03 16:13:40.774] [info] [0/105731244] Starting contraction of size 1
[2023-10-03 16:13:49.520] [info] All colors passed! Contracted: 22
[2023-10-03 16:13:49.521] [info] Graph is C-reducible!
