[2023-10-03 15:49:02.196] [info] Kempe type: Projective
[2023-10-03 15:49:02.262] [info] Vertex size: 31, Edge size: 53, Ring size: 13
[2023-10-03 15:49:02.917] [info] Started D-reducibility check
[2023-10-03 15:49:02.917] [info] #1: Feasible / Total: 9337 / 66430
[2023-10-03 15:49:14.552] [info] #2: Feasible / Total: 12688 / 66430
[2023-10-03 15:49:18.740] [info] #3: Feasible / Total: 15128 / 66430
[2023-10-03 15:49:22.230] [info] #4: Feasible / Total: 17688 / 66430
[2023-10-03 15:49:26.567] [info] #5: Feasible / Total: 21849 / 66430
[2023-10-03 15:49:31.344] [info] #6: Feasible / Total: 27716 / 66430
[2023-10-03 15:49:37.344] [info] #7: Feasible / Total: 34764 / 66430
[2023-10-03 15:49:42.127] [info] #8: Feasible / Total: 41146 / 66430
[2023-10-03 15:49:44.099] [info] #9: Feasible / Total: 43071 / 66430
[2023-10-03 15:49:44.489] [info] #10: Feasible / Total: 43145 / 66430
[2023-10-03 15:49:44.835] [info] #10: Feasible / Total: 43145 / 66430
[2023-10-03 15:49:44.836] [info] Graph is not D-reducible.
[2023-10-03 15:49:44.844] [info] Started C-reducibility check
[2023-10-03 15:50:47.227] [info] Trying 15257177 possible contractions
[2023-10-03 15:50:47.227] [info] [0/15257177] Starting contraction of size 1
[2023-10-03 15:50:47.740] [info] All colors passed! Contracted: 45
[2023-10-03 15:50:47.741] [info] Graph is C-reducible!
