[2023-10-01 11:31:08.976] [info] Kempe type: Projective
[2023-10-01 11:31:08.976] [info] Vertex size: 34, Edge size: 58, Ring size: 14
[2023-10-01 11:31:10.572] [info] Started D-reducibility check
[2023-10-01 11:31:10.572] [info] #1: Feasible / Total: 24260 / 199291
[2023-10-01 11:33:27.476] [info] #2: Feasible / Total: 45429 / 199291
[2023-10-01 11:34:19.466] [info] #3: Feasible / Total: 63266 / 199291
[2023-10-01 11:35:21.086] [info] #4: Feasible / Total: 86763 / 199291
[2023-10-01 11:36:26.326] [info] #5: Feasible / Total: 119160 / 199291
[2023-10-01 11:37:05.619] [info] #6: Feasible / Total: 150684 / 199291
[2023-10-01 11:37:09.956] [info] #7: Feasible / Total: 155074 / 199291
[2023-10-01 11:37:11.821] [info] #8: Feasible / Total: 155426 / 199291
[2023-10-01 11:37:13.117] [info] #9: Feasible / Total: 155565 / 199291
[2023-10-01 11:37:14.304] [info] #10: Feasible / Total: 155632 / 199291
[2023-10-01 11:37:15.191] [info] #11: Feasible / Total: 155649 / 199291
[2023-10-01 11:37:15.635] [info] #11: Feasible / Total: 155649 / 199291
[2023-10-01 11:37:15.635] [info] Graph is not D-reducible.
[2023-10-01 11:37:15.666] [info] Started C-reducibility check
[2023-10-01 11:41:16.931] [info] Trying 2436779 possible contractions
[2023-10-01 11:41:16.942] [info] [0/2436779] Starting contraction of size 1
[2023-10-01 11:42:04.410] [info] [44/2436779] Starting contraction of size 2
[2023-10-01 11:53:08.764] [info] [916/2436779] Starting contraction of size 3
[2023-10-01 12:04:16.941] [info] All colors passed! Contracted: 15, 30, 56
[2023-10-01 12:04:16.941] [info] Graph is C-reducible!
