[2023-10-02 23:43:09.591] [info] Kempe type: Projective
[2023-10-02 23:43:09.614] [info] Vertex size: 37, Edge size: 63, Ring size: 15
[2023-10-02 23:43:34.224] [info] Started D-reducibility check
[2023-10-02 23:43:34.224] [info] #1: Feasible / Total: 65757 / 597871
[2023-10-02 23:56:58.350] [info] #2: Feasible / Total: 121820 / 597871
[2023-10-03 00:03:18.569] [info] #3: Feasible / Total: 172324 / 597871
[2023-10-03 00:10:52.305] [info] #4: Feasible / Total: 247452 / 597871
[2023-10-03 00:20:51.972] [info] #5: Feasible / Total: 380794 / 597871
[2023-10-03 00:25:21.778] [info] #6: Feasible / Total: 509749 / 597871
[2023-10-03 00:25:46.525] [info] #7: Feasible / Total: 520857 / 597871
[2023-10-03 00:25:51.628] [info] #8: Feasible / Total: 521571 / 597871
[2023-10-03 00:25:54.433] [info] #9: Feasible / Total: 521820 / 597871
[2023-10-03 00:25:56.380] [info] #10: Feasible / Total: 521904 / 597871
[2023-10-03 00:25:58.451] [info] #11: Feasible / Total: 521905 / 597871
[2023-10-03 00:26:00.484] [info] #11: Feasible / Total: 521905 / 597871
[2023-10-03 00:26:00.490] [info] Graph is not D-reducible.
[2023-10-03 00:26:00.677] [info] Started C-reducibility check
[2023-10-03 00:47:09.531] [info] Trying 4615643 possible contractions
[2023-10-03 00:47:09.531] [info] [0/4615643] Starting contraction of size 1
[2023-10-03 00:47:49.194] [info] All colors passed! Contracted: 28
[2023-10-03 00:47:49.203] [info] Graph is C-reducible!
