[2023-10-02 00:12:27.942] [info] Kempe type: Projective
[2023-10-02 00:12:27.962] [info] Vertex size: 34, Edge size: 58, Ring size: 14
[2023-10-02 00:12:36.190] [info] Started D-reducibility check
[2023-10-02 00:12:36.190] [info] #1: Feasible / Total: 24660 / 199291
[2023-10-02 00:14:57.355] [info] #2: Feasible / Total: 37616 / 199291
[2023-10-02 00:15:57.079] [info] #3: Feasible / Total: 47167 / 199291
[2023-10-02 00:17:03.485] [info] #4: Feasible / Total: 58517 / 199291
[2023-10-02 00:18:25.238] [info] #5: Feasible / Total: 75113 / 199291
[2023-10-02 00:20:12.732] [info] #6: Feasible / Total: 100809 / 199291
[2023-10-02 00:21:39.279] [info] #7: Feasible / Total: 132237 / 199291
[2023-10-02 00:21:51.791] [info] #8: Feasible / Total: 139907 / 199291
[2023-10-02 00:21:53.802] [info] #9: Feasible / Total: 140012 / 199291
[2023-10-02 00:21:55.600] [info] #10: Feasible / Total: 140017 / 199291
[2023-10-02 00:21:57.328] [info] #10: Feasible / Total: 140017 / 199291
[2023-10-02 00:21:57.350] [info] Graph is not D-reducible.
[2023-10-02 00:21:57.416] [info] Started C-reducibility check
[2023-10-02 00:29:49.240] [info] Trying 48592761 possible contractions
[2023-10-02 00:29:49.254] [info] [0/48592761] Starting contraction of size 1
[2023-10-02 00:29:54.483] [info] All colors passed! Contracted: 32
[2023-10-02 00:29:54.485] [info] Graph is C-reducible!
