[2023-10-04 13:28:03.568] [info] Kempe type: Projective
[2023-10-04 13:28:03.570] [info] Vertex size: 41, Edge size: 70, Ring size: 17
[2023-10-04 13:29:07.233] [info] Started D-reducibility check
[2023-10-04 13:29:07.258] [info] #1: Feasible / Total: 375283 / 5380840
[2023-10-04 17:00:26.763] [info] #2: Feasible / Total: 523135 / 5380840
[2023-10-04 18:33:39.033] [info] #3: Feasible / Total: 629321 / 5380840
[2023-10-04 19:52:41.539] [info] #4: Feasible / Total: 737856 / 5380840
[2023-10-04 21:41:52.199] [info] #5: Feasible / Total: 874231 / 5380840
[2023-10-04 23:46:49.133] [info] #6: Feasible / Total: 1064273 / 5380840
[2023-10-05 02:45:30.788] [info] #7: Feasible / Total: 1355160 / 5380840
[2023-10-05 06:25:09.809] [info] #8: Feasible / Total: 1859977 / 5380840
[2023-10-05 11:24:29.286] [info] #9: Feasible / Total: 2781237 / 5380840
[2023-10-05 16:46:10.695] [info] #10: Feasible / Total: 4265914 / 5380840
[2023-10-05 18:28:46.771] [info] #11: Feasible / Total: 5082808 / 5380840
[2023-10-05 18:30:07.121] [info] #12: Feasible / Total: 5093042 / 5380840
[2023-10-05 18:30:17.583] [info] #12: Feasible / Total: 5093042 / 5380840
[2023-10-05 18:30:17.583] [info] Graph is not D-reducible.
[2023-10-05 18:30:19.197] [info] Started C-reducibility check
[2023-10-05 21:01:31.718] [info] Trying 465836322 possible contractions
[2023-10-05 21:01:31.719] [info] [0/465836322] Starting contraction of size 1
[2023-10-05 21:04:11.339] [info] All colors passed! Contracted: 59
[2023-10-05 21:04:11.339] [info] Graph is C-reducible!
