[2023-10-03 17:50:33.019] [info] Kempe type: Projective
[2023-10-03 17:50:33.024] [info] Vertex size: 28, Edge size: 48, Ring size: 12
[2023-10-03 17:50:33.639] [info] Started D-reducibility check
[2023-10-03 17:50:33.639] [info] #1: Feasible / Total: 3575 / 22144
[2023-10-03 17:50:42.843] [info] #2: Feasible / Total: 4751 / 22144
[2023-10-03 17:50:44.597] [info] #3: Feasible / Total: 5311 / 22144
[2023-10-03 17:50:46.106] [info] #4: Feasible / Total: 5666 / 22144
[2023-10-03 17:50:47.448] [info] #5: Feasible / Total: 6012 / 22144
[2023-10-03 17:50:48.412] [info] #6: Feasible / Total: 6304 / 22144
[2023-10-03 17:50:49.415] [info] #7: Feasible / Total: 6674 / 22144
[2023-10-03 17:50:51.015] [info] #8: Feasible / Total: 7282 / 22144
[2023-10-03 17:50:53.367] [info] #9: Feasible / Total: 8221 / 22144
[2023-10-03 17:50:54.587] [info] #10: Feasible / Total: 9608 / 22144
[2023-10-03 17:50:55.844] [info] #11: Feasible / Total: 11481 / 22144
[2023-10-03 17:50:57.233] [info] #12: Feasible / Total: 13218 / 22144
[2023-10-03 17:50:57.973] [info] #13: Feasible / Total: 14047 / 22144
[2023-10-03 17:50:58.213] [info] #14: Feasible / Total: 14162 / 22144
[2023-10-03 17:50:58.378] [info] #15: Feasible / Total: 14179 / 22144
[2023-10-03 17:50:58.502] [info] #16: Feasible / Total: 14182 / 22144
[2023-10-03 17:50:58.638] [info] #16: Feasible / Total: 14182 / 22144
[2023-10-03 17:50:58.646] [info] Graph is not D-reducible.
[2023-10-03 17:50:58.651] [info] Started C-reducibility check
[2023-10-03 17:51:12.084] [info] Trying 4250369 possible contractions
[2023-10-03 17:51:12.084] [info] [0/4250369] Starting contraction of size 1
[2023-10-03 17:51:14.887] [info] [36/4250369] Starting contraction of size 2
[2023-10-03 17:52:09.470] [info] [606/4250369] Starting contraction of size 3
[2023-10-03 17:54:51.577] [info] All colors passed! Contracted: 13, 19, 47
[2023-10-03 17:54:51.577] [info] Graph is C-reducible!
