[2023-10-02 00:12:27.509] [info] Kempe type: Projective
[2023-10-02 00:12:27.515] [info] Vertex size: 36, Edge size: 61, Ring size: 14
[2023-10-02 00:12:36.224] [info] Started D-reducibility check
[2023-10-02 00:12:36.224] [info] #1: Feasible / Total: 27832 / 199291
[2023-10-02 00:15:35.816] [info] #2: Feasible / Total: 46293 / 199291
[2023-10-02 00:17:22.822] [info] #3: Feasible / Total: 68418 / 199291
[2023-10-02 00:19:03.954] [info] #4: Feasible / Total: 94693 / 199291
[2023-10-02 00:20:00.730] [info] #5: Feasible / Total: 117831 / 199291
[2023-10-02 00:20:35.023] [info] #6: Feasible / Total: 128819 / 199291
[2023-10-02 00:20:53.244] [info] #7: Feasible / Total: 133127 / 199291
[2023-10-02 00:21:01.703] [info] #8: Feasible / Total: 134695 / 199291
[2023-10-02 00:21:06.292] [info] #9: Feasible / Total: 135495 / 199291
[2023-10-02 00:21:09.512] [info] #10: Feasible / Total: 135866 / 199291
[2023-10-02 00:21:11.499] [info] #11: Feasible / Total: 135906 / 199291
[2023-10-02 00:21:13.255] [info] #12: Feasible / Total: 135907 / 199291
[2023-10-02 00:21:14.987] [info] #12: Feasible / Total: 135907 / 199291
[2023-10-02 00:21:14.998] [info] Graph is not D-reducible.
[2023-10-02 00:21:15.073] [info] Started C-reducibility check
[2023-10-02 00:46:38.257] [info] Trying 105712860 possible contractions
[2023-10-02 00:46:38.258] [info] [0/105712860] Starting contraction of size 1
[2023-10-02 00:49:08.861] [info] [47/105712860] Starting contraction of size 2
[2023-10-02 01:25:17.219] [info] [1048/105712860] Starting contraction of size 3
[2023-10-02 04:57:38.298] [info] [13867/105712860] Starting contraction of size 4
[2023-10-02 08:27:18.035] [info] All colors passed! Contracted: 15, 19, 29, 31
[2023-10-02 08:27:18.035] [info] Graph is C-reducible!
