[2023-10-02 23:43:09.783] [info] Kempe type: Projective
[2023-10-02 23:43:09.878] [info] Vertex size: 31, Edge size: 53, Ring size: 13
[2023-10-02 23:43:12.267] [info] Started D-reducibility check
[2023-10-02 23:43:12.267] [info] #1: Feasible / Total: 9711 / 66430
[2023-10-02 23:43:42.351] [info] #2: Feasible / Total: 13447 / 66430
[2023-10-02 23:43:54.519] [info] #3: Feasible / Total: 15978 / 66430
[2023-10-02 23:44:03.660] [info] #4: Feasible / Total: 17756 / 66430
[2023-10-02 23:44:11.522] [info] #5: Feasible / Total: 19638 / 66430
[2023-10-02 23:44:19.336] [info] #6: Feasible / Total: 21625 / 66430
[2023-10-02 23:44:28.120] [info] #7: Feasible / Total: 24147 / 66430
[2023-10-02 23:44:41.989] [info] #8: Feasible / Total: 28372 / 66430
[2023-10-02 23:44:57.570] [info] #9: Feasible / Total: 35950 / 66430
[2023-10-02 23:45:07.633] [info] #10: Feasible / Total: 45986 / 66430
[2023-10-02 23:45:11.933] [info] #11: Feasible / Total: 52777 / 66430
[2023-10-02 23:45:12.899] [info] #12: Feasible / Total: 54065 / 66430
[2023-10-02 23:45:13.145] [info] #13: Feasible / Total: 54074 / 66430
[2023-10-02 23:45:13.401] [info] #13: Feasible / Total: 54074 / 66430
[2023-10-02 23:45:13.410] [info] Graph is not D-reducible.
[2023-10-02 23:45:13.424] [info] Started C-reducibility check
[2023-10-02 23:46:31.181] [info] Trying 1195043 possible contractions
[2023-10-02 23:46:31.181] [info] [0/1195043] Starting contraction of size 1
[2023-10-02 23:46:32.427] [info] All colors passed! Contracted: 32
[2023-10-02 23:46:32.427] [info] Graph is C-reducible!
