[2023-10-04 10:10:41.952] [info] Kempe type: Projective
[2023-10-04 10:10:41.978] [info] Vertex size: 31, Edge size: 53, Ring size: 13
[2023-10-04 10:10:42.766] [info] Started D-reducibility check
[2023-10-04 10:10:42.766] [info] #1: Feasible / Total: 9859 / 66430
[2023-10-04 10:11:05.378] [info] #2: Feasible / Total: 13210 / 66430
[2023-10-04 10:11:19.393] [info] #3: Feasible / Total: 16839 / 66430
[2023-10-04 10:11:33.023] [info] #4: Feasible / Total: 21209 / 66430
[2023-10-04 10:11:46.435] [info] #5: Feasible / Total: 26994 / 66430
[2023-10-04 10:12:00.303] [info] #6: Feasible / Total: 33856 / 66430
[2023-10-04 10:12:11.140] [info] #7: Feasible / Total: 42969 / 66430
[2023-10-04 10:12:15.420] [info] #8: Feasible / Total: 48492 / 66430
[2023-10-04 10:12:16.182] [info] #9: Feasible / Total: 48989 / 66430
[2023-10-04 10:12:16.597] [info] #10: Feasible / Total: 49030 / 66430
[2023-10-04 10:12:16.984] [info] #11: Feasible / Total: 49031 / 66430
[2023-10-04 10:12:17.356] [info] #11: Feasible / Total: 49031 / 66430
[2023-10-04 10:12:17.356] [info] Graph is not D-reducible.
[2023-10-04 10:12:17.386] [info] Started C-reducibility check
[2023-10-04 10:13:40.116] [info] Trying 15254488 possible contractions
[2023-10-04 10:13:40.116] [info] [0/15254488] Starting contraction of size 1
[2023-10-04 10:13:59.063] [info] [40/15254488] Starting contraction of size 2
[2023-10-04 10:18:18.229] [info] [753/15254488] Starting contraction of size 3
[2023-10-04 10:18:32.547] [info] All colors passed! Contracted: 14, 43, 47
[2023-10-04 10:18:32.547] [info] Graph is C-reducible!
