[2023-10-02 19:57:05.345] [info] Kempe type: Projective
[2023-10-02 19:57:05.350] [info] Vertex size: 35, Edge size: 60, Ring size: 15
[2023-10-02 19:57:14.533] [info] Started D-reducibility check
[2023-10-02 19:57:14.533] [info] #1: Feasible / Total: 56008 / 597871
[2023-10-02 20:04:18.396] [info] #2: Feasible / Total: 87277 / 597871
[2023-10-02 20:06:27.346] [info] #3: Feasible / Total: 106141 / 597871
[2023-10-02 20:07:53.035] [info] #4: Feasible / Total: 122360 / 597871
[2023-10-02 20:09:18.943] [info] #5: Feasible / Total: 140485 / 597871
[2023-10-02 20:11:14.337] [info] #6: Feasible / Total: 166170 / 597871
[2023-10-02 20:13:49.823] [info] #7: Feasible / Total: 209683 / 597871
[2023-10-02 20:17:37.854] [info] #8: Feasible / Total: 292837 / 597871
[2023-10-02 20:22:41.721] [info] #9: Feasible / Total: 457225 / 597871
[2023-10-02 20:24:30.531] [info] #10: Feasible / Total: 573063 / 597871
[2023-10-02 20:24:32.835] [info] #11: Feasible / Total: 575125 / 597871
[2023-10-02 20:24:33.111] [info] #11: Feasible / Total: 575125 / 597871
[2023-10-02 20:24:33.111] [info] Graph is not D-reducible.
[2023-10-02 20:24:33.205] [info] Started C-reducibility check
[2023-10-02 20:28:03.953] [info] Trying 2917435 possible contractions
[2023-10-02 20:28:03.953] [info] [0/2917435] Starting contraction of size 1
[2023-10-02 20:28:55.926] [info] [45/2917435] Starting contraction of size 2
[2023-10-02 20:29:34.354] [info] All colors passed! Contracted: 34, 40
[2023-10-02 20:29:34.354] [info] Graph is C-reducible!
