[2023-10-01 00:58:46.298] [info] Kempe type: Projective
[2023-10-01 00:58:46.298] [info] Vertex size: 35, Edge size: 60, Ring size: 15
[2023-10-01 00:58:56.071] [info] Started D-reducibility check
[2023-10-01 00:58:56.071] [info] #1: Feasible / Total: 55280 / 597871
[2023-10-01 01:06:13.402] [info] #2: Feasible / Total: 75051 / 597871
[2023-10-01 01:08:50.356] [info] #3: Feasible / Total: 87168 / 597871
[2023-10-01 01:10:57.749] [info] #4: Feasible / Total: 97491 / 597871
[2023-10-01 01:12:43.216] [info] #5: Feasible / Total: 108889 / 597871
[2023-10-01 01:14:28.847] [info] #6: Feasible / Total: 122365 / 597871
[2023-10-01 01:16:24.402] [info] #7: Feasible / Total: 139297 / 597871
[2023-10-01 01:18:42.720] [info] #8: Feasible / Total: 160005 / 597871
[2023-10-01 01:20:45.993] [info] #9: Feasible / Total: 185785 / 597871
[2023-10-01 01:23:16.811] [info] #10: Feasible / Total: 218180 / 597871
[2023-10-01 01:26:10.194] [info] #11: Feasible / Total: 258551 / 597871
[2023-10-01 01:29:31.696] [info] #12: Feasible / Total: 311172 / 597871
[2023-10-01 01:32:56.887] [info] #13: Feasible / Total: 378969 / 597871
[2023-10-01 01:34:28.472] [info] #14: Feasible / Total: 421509 / 597871
[2023-10-01 01:34:41.143] [info] #15: Feasible / Total: 426695 / 597871
[2023-10-01 01:34:44.476] [info] #16: Feasible / Total: 427169 / 597871
[2023-10-01 01:34:47.500] [info] #17: Feasible / Total: 427212 / 597871
[2023-10-01 01:34:49.815] [info] #17: Feasible / Total: 427212 / 597871
[2023-10-01 01:34:49.815] [info] Graph is not D-reducible.
[2023-10-01 01:34:49.903] [info] Started C-reducibility check
[2023-10-01 01:39:41.182] [info] Trying 2912677 possible contractions
[2023-10-01 01:39:41.183] [info] [0/2912677] Starting contraction of size 1
[2023-10-01 01:40:49.854] [info] [45/2912677] Starting contraction of size 2
[2023-10-01 01:59:40.119] [info] [960/2912677] Starting contraction of size 3
[2023-10-01 04:57:23.604] [info] [12111/2912677] Starting contraction of size 4
[2023-10-01 14:13:46.506] [info] All colors passed! Contracted: 23, 48, 52, 55
[2023-10-01 14:13:46.506] [info] Graph is C-reducible!
