[2023-10-02 00:12:27.488] [info] Kempe type: Projective
[2023-10-02 00:12:27.489] [info] Vertex size: 29, Edge size: 50, Ring size: 13
[2023-10-02 00:12:28.063] [info] Started D-reducibility check
[2023-10-02 00:12:28.063] [info] #1: Feasible / Total: 8395 / 66430
[2023-10-02 00:12:48.764] [info] #2: Feasible / Total: 10654 / 66430
[2023-10-02 00:12:58.685] [info] #3: Feasible / Total: 12016 / 66430
[2023-10-02 00:13:05.884] [info] #4: Feasible / Total: 13000 / 66430
[2023-10-02 00:13:13.554] [info] #5: Feasible / Total: 14313 / 66430
[2023-10-02 00:13:22.948] [info] #6: Feasible / Total: 16242 / 66430
[2023-10-02 00:13:36.760] [info] #7: Feasible / Total: 19862 / 66430
[2023-10-02 00:13:58.180] [info] #8: Feasible / Total: 26719 / 66430
[2023-10-02 00:14:20.489] [info] #9: Feasible / Total: 38784 / 66430
[2023-10-02 00:14:36.111] [info] #10: Feasible / Total: 54023 / 66430
[2023-10-02 00:14:40.555] [info] #11: Feasible / Total: 59686 / 66430
[2023-10-02 00:14:41.097] [info] #12: Feasible / Total: 60016 / 66430
[2023-10-02 00:14:41.262] [info] #12: Feasible / Total: 60016 / 66430
[2023-10-02 00:14:41.262] [info] Graph is not D-reducible.
[2023-10-02 00:14:41.320] [info] Started C-reducibility check
[2023-10-02 00:15:12.632] [info] Trying 6122019 possible contractions
[2023-10-02 00:15:12.646] [info] [0/6122019] Starting contraction of size 1
[2023-10-02 00:15:29.693] [info] [37/6122019] Starting contraction of size 2
[2023-10-02 00:19:21.121] [info] [642/6122019] Starting contraction of size 3
[2023-10-02 00:43:37.132] [info] [6426/6122019] Starting contraction of size 4
[2023-10-02 00:45:54.103] [info] All colors passed! Contracted: 14, 20, 33, 35
[2023-10-02 00:45:54.104] [info] Graph is C-reducible!
