[2023-10-01 00:58:46.297] [info] Kempe type: Projective
[2023-10-01 00:58:46.298] [info] Vertex size: 36, Edge size: 62, Ring size: 16
[2023-10-01 00:59:13.234] [info] Started D-reducibility check
[2023-10-01 00:59:13.234] [info] #1: Feasible / Total: 121697 / 1793614
[2023-10-01 01:34:18.151] [info] #2: Feasible / Total: 176718 / 1793614
[2023-10-01 01:43:51.665] [info] #3: Feasible / Total: 203281 / 1793614
[2023-10-01 01:50:42.400] [info] #4: Feasible / Total: 222777 / 1793614
[2023-10-01 01:55:56.561] [info] #5: Feasible / Total: 239929 / 1793614
[2023-10-01 02:00:51.857] [info] #6: Feasible / Total: 256259 / 1793614
[2023-10-01 02:05:27.961] [info] #7: Feasible / Total: 273325 / 1793614
[2023-10-01 02:10:28.600] [info] #8: Feasible / Total: 292578 / 1793614
[2023-10-01 02:16:12.031] [info] #9: Feasible / Total: 314242 / 1793614
[2023-10-01 02:22:15.311] [info] #10: Feasible / Total: 337976 / 1793614
[2023-10-01 02:28:55.043] [info] #11: Feasible / Total: 362906 / 1793614
[2023-10-01 02:36:18.641] [info] #12: Feasible / Total: 390059 / 1793614
[2023-10-01 02:43:47.860] [info] #13: Feasible / Total: 420064 / 1793614
[2023-10-01 02:51:53.929] [info] #14: Feasible / Total: 453502 / 1793614
[2023-10-01 03:01:06.298] [info] #15: Feasible / Total: 493580 / 1793614
[2023-10-01 03:11:33.211] [info] #16: Feasible / Total: 539314 / 1793614
[2023-10-01 03:22:52.214] [info] #17: Feasible / Total: 592208 / 1793614
[2023-10-01 03:34:55.294] [info] #18: Feasible / Total: 652646 / 1793614
[2023-10-01 03:48:48.230] [info] #19: Feasible / Total: 722638 / 1793614
[2023-10-01 04:02:57.739] [info] #20: Feasible / Total: 799928 / 1793614
[2023-10-01 04:14:46.059] [info] #21: Feasible / Total: 870982 / 1793614
[2023-10-01 04:23:13.048] [info] #22: Feasible / Total: 921592 / 1793614
[2023-10-01 04:27:08.743] [info] #23: Feasible / Total: 947111 / 1793614
[2023-10-01 04:28:11.049] [info] #24: Feasible / Total: 953226 / 1793614
[2023-10-01 04:28:36.129] [info] #25: Feasible / Total: 953522 / 1793614
[2023-10-01 04:28:58.282] [info] #26: Feasible / Total: 953528 / 1793614
[2023-10-01 04:29:20.378] [info] #26: Feasible / Total: 953528 / 1793614
[2023-10-01 04:29:20.378] [info] Graph is not D-reducible.
[2023-10-01 04:29:20.820] [info] Started C-reducibility check
[2023-10-01 04:35:08.460] [info] Trying 3463672 possible contractions
[2023-10-01 04:35:08.460] [info] [0/3463672] Starting contraction of size 1
[2023-10-01 04:35:42.384] [info] All colors passed! Contracted: 41
[2023-10-01 04:35:42.384] [info] Graph is C-reducible!
