[2023-10-02 16:31:56.317] [info] Kempe type: Projective
[2023-10-02 16:31:56.338] [info] Vertex size: 30, Edge size: 51, Ring size: 12
[2023-10-02 16:31:56.620] [info] Started D-reducibility check
[2023-10-02 16:31:56.620] [info] #1: Feasible / Total: 4313 / 22144
[2023-10-02 16:31:58.156] [info] #2: Feasible / Total: 6628 / 22144
[2023-10-02 16:31:58.869] [info] #3: Feasible / Total: 8812 / 22144
[2023-10-02 16:32:00.184] [info] #4: Feasible / Total: 11514 / 22144
[2023-10-02 16:32:00.912] [info] #5: Feasible / Total: 13895 / 22144
[2023-10-02 16:32:01.214] [info] #6: Feasible / Total: 14531 / 22144
[2023-10-02 16:32:01.377] [info] #7: Feasible / Total: 14742 / 22144
[2023-10-02 16:32:01.462] [info] #8: Feasible / Total: 14799 / 22144
[2023-10-02 16:32:01.510] [info] #9: Feasible / Total: 14806 / 22144
[2023-10-02 16:32:01.546] [info] #9: Feasible / Total: 14806 / 22144
[2023-10-02 16:32:01.546] [info] Graph is not D-reducible.
[2023-10-02 16:32:01.550] [info] Started C-reducibility check
[2023-10-02 16:32:30.240] [info] Trying 975422 possible contractions
[2023-10-02 16:32:30.240] [info] [0/975422] Starting contraction of size 1
[2023-10-02 16:32:37.595] [info] [39/975422] Starting contraction of size 2
[2023-10-02 16:33:46.060] [info] [714/975422] Starting contraction of size 3
[2023-10-02 16:41:15.138] [info] [7577/975422] Starting contraction of size 4
[2023-10-02 16:44:10.872] [info] All colors passed! Contracted: 22, 24, 36, 40
[2023-10-02 16:44:10.872] [info] Graph is C-reducible!
