[2023-09-30 23:27:32.389] [info] Kempe type: Projective
[2023-09-30 23:27:32.389] [info] Vertex size: 33, Edge size: 56, Ring size: 13
[2023-09-30 23:27:32.789] [info] Started D-reducibility check
[2023-09-30 23:27:32.789] [info] #1: Feasible / Total: 10912 / 66430
[2023-09-30 23:27:39.435] [info] #2: Feasible / Total: 16361 / 66430
[2023-09-30 23:27:42.315] [info] #3: Feasible / Total: 20341 / 66430
[2023-09-30 23:27:44.676] [info] #4: Feasible / Total: 23175 / 66430
[2023-09-30 23:27:47.559] [info] #5: Feasible / Total: 26926 / 66430
[2023-09-30 23:27:50.024] [info] #6: Feasible / Total: 31055 / 66430
[2023-09-30 23:27:51.496] [info] #7: Feasible / Total: 33795 / 66430
[2023-09-30 23:27:51.907] [info] #8: Feasible / Total: 34420 / 66430
[2023-09-30 23:27:52.128] [info] #9: Feasible / Total: 34458 / 66430
[2023-09-30 23:27:52.418] [info] #10: Feasible / Total: 34466 / 66430
[2023-09-30 23:27:52.627] [info] #11: Feasible / Total: 34468 / 66430
[2023-09-30 23:27:52.834] [info] #11: Feasible / Total: 34468 / 66430
[2023-09-30 23:27:52.834] [info] Graph is not D-reducible.
[2023-09-30 23:27:52.844] [info] Started C-reducibility check
[2023-09-30 23:29:25.785] [info] Trying 2026523 possible contractions
[2023-09-30 23:29:25.785] [info] [0/2026523] Starting contraction of size 1
[2023-09-30 23:29:28.775] [info] All colors passed! Contracted: 41
[2023-09-30 23:29:28.775] [info] Graph is C-reducible!
