[2023-10-04 10:10:41.670] [info] Kempe type: Projective
[2023-10-04 10:10:41.671] [info] Vertex size: 34, Edge size: 58, Ring size: 14
[2023-10-04 10:10:44.219] [info] Started D-reducibility check
[2023-10-04 10:10:44.219] [info] #1: Feasible / Total: 24884 / 199291
[2023-10-04 10:13:41.995] [info] #2: Feasible / Total: 39112 / 199291
[2023-10-04 10:14:47.924] [info] #3: Feasible / Total: 52310 / 199291
[2023-10-04 10:15:57.004] [info] #4: Feasible / Total: 70670 / 199291
[2023-10-04 10:17:37.040] [info] #5: Feasible / Total: 104341 / 199291
[2023-10-04 10:18:49.754] [info] #6: Feasible / Total: 145882 / 199291
[2023-10-04 10:19:07.174] [info] #7: Feasible / Total: 162223 / 199291
[2023-10-04 10:19:08.676] [info] #8: Feasible / Total: 162741 / 199291
[2023-10-04 10:19:09.355] [info] #8: Feasible / Total: 162741 / 199291
[2023-10-04 10:19:09.355] [info] Graph is not D-reducible.
[2023-10-04 10:19:09.408] [info] Started C-reducibility check
[2023-10-04 10:24:38.104] [info] Trying 48783284 possible contractions
[2023-10-04 10:24:38.104] [info] [0/48783284] Starting contraction of size 1
[2023-10-04 10:25:32.626] [info] [44/48783284] Starting contraction of size 2
[2023-10-04 10:38:46.913] [info] [916/48783284] Starting contraction of size 3
[2023-10-04 11:32:58.125] [info] All colors passed! Contracted: 23, 27, 55
[2023-10-04 11:32:58.125] [info] Graph is C-reducible!
