[2023-10-04 20:51:57.014] [info] Kempe type: Projective
[2023-10-04 20:51:57.019] [info] Vertex size: 38, Edge size: 64, Ring size: 14
[2023-10-04 20:52:12.166] [info] Started D-reducibility check
[2023-10-04 20:52:12.186] [info] #1: Feasible / Total: 28699 / 199291
[2023-10-04 20:55:31.432] [info] #2: Feasible / Total: 45155 / 199291
[2023-10-04 20:56:38.209] [info] #3: Feasible / Total: 59254 / 199291
[2023-10-04 20:57:46.876] [info] #4: Feasible / Total: 75064 / 199291
[2023-10-04 20:59:01.330] [info] #5: Feasible / Total: 92778 / 199291
[2023-10-04 21:00:04.627] [info] #6: Feasible / Total: 114944 / 199291
[2023-10-04 21:01:02.860] [info] #7: Feasible / Total: 144729 / 199291
[2023-10-04 21:01:24.662] [info] #8: Feasible / Total: 164644 / 199291
[2023-10-04 21:01:27.441] [info] #9: Feasible / Total: 167344 / 199291
[2023-10-04 21:01:28.139] [info] #10: Feasible / Total: 167377 / 199291
[2023-10-04 21:01:28.775] [info] #10: Feasible / Total: 167377 / 199291
[2023-10-04 21:01:28.775] [info] Graph is not D-reducible.
[2023-10-04 21:01:28.838] [info] Started C-reducibility check
[2023-10-04 21:52:06.299] [info] Trying 217212419 possible contractions
[2023-10-04 21:52:06.302] [info] [0/217212419] Starting contraction of size 1
[2023-10-04 21:52:14.078] [info] All colors passed! Contracted: 22
[2023-10-04 21:52:14.079] [info] Graph is C-reducible!
