[2023-09-30 16:50:13.022] [info] Kempe type: Projective
[2023-09-30 16:50:13.022] [info] Vertex size: 29, Edge size: 50, Ring size: 13
[2023-09-30 16:50:13.705] [info] Started D-reducibility check
[2023-09-30 16:50:13.705] [info] #1: Feasible / Total: 8961 / 66430
[2023-09-30 16:50:25.412] [info] #2: Feasible / Total: 11812 / 66430
[2023-09-30 16:50:29.725] [info] #3: Feasible / Total: 13196 / 66430
[2023-09-30 16:50:33.707] [info] #4: Feasible / Total: 14592 / 66430
[2023-09-30 16:50:37.206] [info] #5: Feasible / Total: 16182 / 66430
[2023-09-30 16:50:40.877] [info] #6: Feasible / Total: 18133 / 66430
[2023-09-30 16:50:47.476] [info] #7: Feasible / Total: 21228 / 66430
[2023-09-30 16:50:54.521] [info] #8: Feasible / Total: 26399 / 66430
[2023-09-30 16:51:01.481] [info] #9: Feasible / Total: 34885 / 66430
[2023-09-30 16:51:06.733] [info] #10: Feasible / Total: 44898 / 66430
[2023-09-30 16:51:09.414] [info] #11: Feasible / Total: 49388 / 66430
[2023-09-30 16:51:09.860] [info] #12: Feasible / Total: 49546 / 66430
[2023-09-30 16:51:10.093] [info] #12: Feasible / Total: 49546 / 66430
[2023-09-30 16:51:10.106] [info] Graph is not D-reducible.
[2023-09-30 16:51:10.117] [info] Started C-reducibility check
[2023-09-30 16:51:20.709] [info] Trying 678780 possible contractions
[2023-09-30 16:51:20.709] [info] [0/678780] Starting contraction of size 1
[2023-09-30 16:51:21.083] [info] All colors passed! Contracted: 43
[2023-09-30 16:51:21.083] [info] Graph is C-reducible!
