[2023-10-01 10:31:59.054] [info] Kempe type: Projective
[2023-10-01 10:31:59.055] [info] Vertex size: 34, Edge size: 58, Ring size: 14
[2023-10-01 10:32:00.157] [info] Started D-reducibility check
[2023-10-01 10:32:00.157] [info] #1: Feasible / Total: 25208 / 199291
[2023-10-01 10:32:50.219] [info] #2: Feasible / Total: 41157 / 199291
[2023-10-01 10:33:19.244] [info] #3: Feasible / Total: 56011 / 199291
[2023-10-01 10:33:58.063] [info] #4: Feasible / Total: 79478 / 199291
[2023-10-01 10:34:37.792] [info] #5: Feasible / Total: 114405 / 199291
[2023-10-01 10:34:55.969] [info] #6: Feasible / Total: 144095 / 199291
[2023-10-01 10:34:57.637] [info] #7: Feasible / Total: 146855 / 199291
[2023-10-01 10:34:58.371] [info] #8: Feasible / Total: 146944 / 199291
[2023-10-01 10:34:59.001] [info] #9: Feasible / Total: 146979 / 199291
[2023-10-01 10:34:59.560] [info] #10: Feasible / Total: 146987 / 199291
[2023-10-01 10:35:00.359] [info] #10: Feasible / Total: 146987 / 199291
[2023-10-01 10:35:00.360] [info] Graph is not D-reducible.
[2023-10-01 10:35:00.400] [info] Started C-reducibility check
[2023-10-01 10:37:44.188] [info] Trying 2436778 possible contractions
[2023-10-01 10:37:44.188] [info] [0/2436778] Starting contraction of size 1
[2023-10-01 10:37:46.797] [info] All colors passed! Contracted: 42
[2023-10-01 10:37:46.797] [info] Graph is C-reducible!
