[2023-10-04 10:10:41.855] [info] Kempe type: Projective
[2023-10-04 10:10:41.874] [info] Vertex size: 33, Edge size: 56, Ring size: 13
[2023-10-04 10:10:43.917] [info] Started D-reducibility check
[2023-10-04 10:10:43.917] [info] #1: Feasible / Total: 11670 / 66430
[2023-10-04 10:11:14.908] [info] #2: Feasible / Total: 16218 / 66430
[2023-10-04 10:11:26.026] [info] #3: Feasible / Total: 19489 / 66430
[2023-10-04 10:11:36.117] [info] #4: Feasible / Total: 22533 / 66430
[2023-10-04 10:11:44.952] [info] #5: Feasible / Total: 26223 / 66430
[2023-10-04 10:11:57.215] [info] #6: Feasible / Total: 31637 / 66430
[2023-10-04 10:12:06.109] [info] #7: Feasible / Total: 39117 / 66430
[2023-10-04 10:12:08.361] [info] #8: Feasible / Total: 41080 / 66430
[2023-10-04 10:12:09.376] [info] #9: Feasible / Total: 41284 / 66430
[2023-10-04 10:12:10.131] [info] #10: Feasible / Total: 41369 / 66430
[2023-10-04 10:12:10.767] [info] #11: Feasible / Total: 41382 / 66430
[2023-10-04 10:12:11.289] [info] #12: Feasible / Total: 41397 / 66430
[2023-10-04 10:12:11.879] [info] #13: Feasible / Total: 41420 / 66430
[2023-10-04 10:12:12.451] [info] #14: Feasible / Total: 41445 / 66430
[2023-10-04 10:12:13.076] [info] #15: Feasible / Total: 41471 / 66430
[2023-10-04 10:12:13.629] [info] #16: Feasible / Total: 41476 / 66430
[2023-10-04 10:12:14.188] [info] #16: Feasible / Total: 41476 / 66430
[2023-10-04 10:12:14.188] [info] Graph is not D-reducible.
[2023-10-04 10:12:14.209] [info] Started C-reducibility check
[2023-10-04 10:15:59.570] [info] Trying 35762949 possible contractions
[2023-10-04 10:15:59.574] [info] [0/35762949] Starting contraction of size 1
[2023-10-04 10:16:08.279] [info] All colors passed! Contracted: 20
[2023-10-04 10:16:08.279] [info] Graph is C-reducible!
