[2023-10-02 19:57:05.400] [info] Kempe type: Projective
[2023-10-02 19:57:05.450] [info] Vertex size: 28, Edge size: 48, Ring size: 12
[2023-10-02 19:57:06.021] [info] Started D-reducibility check
[2023-10-02 19:57:06.021] [info] #1: Feasible / Total: 3644 / 22144
[2023-10-02 19:57:10.349] [info] #2: Feasible / Total: 4655 / 22144
[2023-10-02 19:57:12.042] [info] #3: Feasible / Total: 5367 / 22144
[2023-10-02 19:57:13.417] [info] #4: Feasible / Total: 6003 / 22144
[2023-10-02 19:57:14.649] [info] #5: Feasible / Total: 6806 / 22144
[2023-10-02 19:57:16.259] [info] #6: Feasible / Total: 7986 / 22144
[2023-10-02 19:57:18.758] [info] #7: Feasible / Total: 10134 / 22144
[2023-10-02 19:57:21.226] [info] #8: Feasible / Total: 12703 / 22144
[2023-10-02 19:57:21.988] [info] #9: Feasible / Total: 13344 / 22144
[2023-10-02 19:57:22.229] [info] #10: Feasible / Total: 13411 / 22144
[2023-10-02 19:57:22.499] [info] #11: Feasible / Total: 13451 / 22144
[2023-10-02 19:57:22.708] [info] #12: Feasible / Total: 13468 / 22144
[2023-10-02 19:57:22.926] [info] #12: Feasible / Total: 13468 / 22144
[2023-10-02 19:57:22.926] [info] Graph is not D-reducible.
[2023-10-02 19:57:22.930] [info] Started C-reducibility check
[2023-10-02 19:57:41.827] [info] Trying 540952 possible contractions
[2023-10-02 19:57:41.827] [info] [0/540952] Starting contraction of size 1
[2023-10-02 19:57:42.254] [info] All colors passed! Contracted: 12
[2023-10-02 19:57:42.254] [info] Graph is C-reducible!
