[2023-10-02 19:57:05.322] [info] Kempe type: Projective
[2023-10-02 19:57:05.362] [info] Vertex size: 29, Edge size: 50, Ring size: 13
[2023-10-02 19:57:06.382] [info] Started D-reducibility check
[2023-10-02 19:57:06.382] [info] #1: Feasible / Total: 8467 / 66430
[2023-10-02 19:57:32.160] [info] #2: Feasible / Total: 12107 / 66430
[2023-10-02 19:57:40.002] [info] #3: Feasible / Total: 13623 / 66430
[2023-10-02 19:57:45.816] [info] #4: Feasible / Total: 14980 / 66430
[2023-10-02 19:57:50.653] [info] #5: Feasible / Total: 16450 / 66430
[2023-10-02 19:57:56.774] [info] #6: Feasible / Total: 18240 / 66430
[2023-10-02 19:58:05.570] [info] #7: Feasible / Total: 21030 / 66430
[2023-10-02 19:58:17.114] [info] #8: Feasible / Total: 25110 / 66430
[2023-10-02 19:58:28.168] [info] #9: Feasible / Total: 29877 / 66430
[2023-10-02 19:58:35.277] [info] #10: Feasible / Total: 33812 / 66430
[2023-10-02 19:58:38.896] [info] #11: Feasible / Total: 36042 / 66430
[2023-10-02 19:58:40.440] [info] #12: Feasible / Total: 36682 / 66430
[2023-10-02 19:58:41.257] [info] #13: Feasible / Total: 36767 / 66430
[2023-10-02 19:58:41.935] [info] #14: Feasible / Total: 36773 / 66430
[2023-10-02 19:58:42.766] [info] #14: Feasible / Total: 36773 / 66430
[2023-10-02 19:58:42.767] [info] Graph is not D-reducible.
[2023-10-02 19:58:42.800] [info] Started C-reducibility check
[2023-10-02 19:59:03.552] [info] Trying 677133 possible contractions
[2023-10-02 19:59:03.552] [info] [0/677133] Starting contraction of size 1
[2023-10-02 19:59:05.480] [info] All colors passed! Contracted: 41
[2023-10-02 19:59:05.480] [info] Graph is C-reducible!
