[2023-10-02 09:49:22.686] [info] Kempe type: Projective
[2023-10-02 09:49:22.686] [info] Vertex size: 32, Edge size: 55, Ring size: 14
[2023-10-02 09:49:23.191] [info] Started D-reducibility check
[2023-10-02 09:49:23.191] [info] #1: Feasible / Total: 21415 / 199291
[2023-10-02 09:50:18.973] [info] #2: Feasible / Total: 30461 / 199291
[2023-10-02 09:50:40.119] [info] #3: Feasible / Total: 35049 / 199291
[2023-10-02 09:50:53.641] [info] #4: Feasible / Total: 38236 / 199291
[2023-10-02 09:51:09.762] [info] #5: Feasible / Total: 41491 / 199291
[2023-10-02 09:51:32.191] [info] #6: Feasible / Total: 45062 / 199291
[2023-10-02 09:51:53.379] [info] #7: Feasible / Total: 49280 / 199291
[2023-10-02 09:52:14.909] [info] #8: Feasible / Total: 54492 / 199291
[2023-10-02 09:52:47.956] [info] #9: Feasible / Total: 61053 / 199291
[2023-10-02 09:53:22.878] [info] #10: Feasible / Total: 69570 / 199291
[2023-10-02 09:54:03.896] [info] #11: Feasible / Total: 80543 / 199291
[2023-10-02 09:54:49.670] [info] #12: Feasible / Total: 92961 / 199291
[2023-10-02 09:55:25.388] [info] #13: Feasible / Total: 104098 / 199291
[2023-10-02 09:55:43.095] [info] #14: Feasible / Total: 109879 / 199291
[2023-10-02 09:55:54.172] [info] #15: Feasible / Total: 112517 / 199291
[2023-10-02 09:55:58.617] [info] #16: Feasible / Total: 113116 / 199291
[2023-10-02 09:56:01.536] [info] #17: Feasible / Total: 113165 / 199291
[2023-10-02 09:56:03.697] [info] #17: Feasible / Total: 113165 / 199291
[2023-10-02 09:56:03.714] [info] Graph is not D-reducible.
[2023-10-02 09:56:03.800] [info] Started C-reducibility check
[2023-10-02 09:57:38.133] [info] Trying 1463371 possible contractions
[2023-10-02 09:57:38.133] [info] [0/1463371] Starting contraction of size 1
[2023-10-02 09:58:11.630] [info] [41/1463371] Starting contraction of size 2
[2023-10-02 10:05:51.741] [info] [793/1463371] Starting contraction of size 3
[2023-10-02 11:02:34.490] [info] [8968/1463371] Starting contraction of size 4
[2023-10-02 14:42:36.244] [info] [67849/1463371] Starting contraction of size 5
[2023-10-02 19:00:22.275] [info] All colors passed! Contracted: 16, 39, 42, 44, 48
[2023-10-02 19:00:22.275] [info] Graph is C-reducible!
