[2023-09-30 15:10:14.010] [info] Kempe type: Projective
[2023-09-30 15:10:14.010] [info] Vertex size: 33, Edge size: 56, Ring size: 13
[2023-09-30 15:10:14.591] [info] Started D-reducibility check
[2023-09-30 15:10:14.591] [info] #1: Feasible / Total: 12114 / 66430
[2023-09-30 15:10:33.413] [info] #2: Feasible / Total: 19212 / 66430
[2023-09-30 15:10:43.348] [info] #3: Feasible / Total: 24959 / 66430
[2023-09-30 15:10:51.486] [info] #4: Feasible / Total: 32141 / 66430
[2023-09-30 15:10:57.495] [info] #5: Feasible / Total: 40786 / 66430
[2023-09-30 15:10:59.224] [info] #6: Feasible / Total: 43425 / 66430
[2023-09-30 15:10:59.697] [info] #7: Feasible / Total: 43603 / 66430
[2023-09-30 15:11:00.194] [info] #8: Feasible / Total: 43701 / 66430
[2023-09-30 15:11:00.619] [info] #9: Feasible / Total: 43752 / 66430
[2023-09-30 15:11:00.974] [info] #10: Feasible / Total: 43790 / 66430
[2023-09-30 15:11:01.294] [info] #11: Feasible / Total: 43810 / 66430
[2023-09-30 15:11:01.604] [info] #12: Feasible / Total: 43812 / 66430
[2023-09-30 15:11:01.917] [info] #12: Feasible / Total: 43812 / 66430
[2023-09-30 15:11:01.926] [info] Graph is not D-reducible.
[2023-09-30 15:11:01.947] [info] Started C-reducibility check
[2023-09-30 15:13:20.154] [info] Trying 2033155 possible contractions
[2023-09-30 15:13:20.154] [info] [0/2033155] Starting contraction of size 1
[2023-09-30 15:13:24.301] [info] All colors passed! Contracted: 30
[2023-09-30 15:13:24.301] [info] Graph is C-reducible!
