[2023-09-30 20:00:26.226] [info] Kempe type: Projective
[2023-09-30 20:00:26.226] [info] Vertex size: 31, Edge size: 53, Ring size: 13
[2023-09-30 20:00:27.148] [info] Started D-reducibility check
[2023-09-30 20:00:27.148] [info] #1: Feasible / Total: 9971 / 66430
[2023-09-30 20:00:39.711] [info] #2: Feasible / Total: 17240 / 66430
[2023-09-30 20:00:48.540] [info] #3: Feasible / Total: 24752 / 66430
[2023-09-30 20:00:55.273] [info] #4: Feasible / Total: 36007 / 66430
[2023-09-30 20:01:00.445] [info] #5: Feasible / Total: 49424 / 66430
[2023-09-30 20:01:02.021] [info] #6: Feasible / Total: 55948 / 66430
[2023-09-30 20:01:02.209] [info] #7: Feasible / Total: 56203 / 66430
[2023-09-30 20:01:02.279] [info] #8: Feasible / Total: 56204 / 66430
[2023-09-30 20:01:02.349] [info] #8: Feasible / Total: 56204 / 66430
[2023-09-30 20:01:02.349] [info] Graph is not D-reducible.
[2023-09-30 20:01:02.361] [info] Started C-reducibility check
[2023-09-30 20:01:25.837] [info] Trying 1200212 possible contractions
[2023-09-30 20:01:25.837] [info] [0/1200212] Starting contraction of size 1
[2023-09-30 20:01:33.483] [info] [40/1200212] Starting contraction of size 2
[2023-09-30 20:03:29.580] [info] [753/1200212] Starting contraction of size 3
[2023-09-30 20:03:57.602] [info] All colors passed! Contracted: 20, 30, 50
[2023-09-30 20:03:57.602] [info] Graph is C-reducible!
