[2023-10-01 11:31:08.977] [info] Kempe type: Projective
[2023-10-01 11:31:08.977] [info] Vertex size: 31, Edge size: 53, Ring size: 13
[2023-10-01 11:31:09.856] [info] Started D-reducibility check
[2023-10-01 11:31:09.856] [info] #1: Feasible / Total: 9745 / 66430
[2023-10-01 11:31:37.748] [info] #2: Feasible / Total: 15076 / 66430
[2023-10-01 11:31:52.483] [info] #3: Feasible / Total: 18934 / 66430
[2023-10-01 11:32:05.041] [info] #4: Feasible / Total: 23906 / 66430
[2023-10-01 11:32:15.459] [info] #5: Feasible / Total: 30230 / 66430
[2023-10-01 11:32:25.895] [info] #6: Feasible / Total: 37725 / 66430
[2023-10-01 11:32:33.254] [info] #7: Feasible / Total: 45247 / 66430
[2023-10-01 11:32:35.421] [info] #8: Feasible / Total: 47563 / 66430
[2023-10-01 11:32:36.090] [info] #9: Feasible / Total: 47801 / 66430
[2023-10-01 11:32:36.505] [info] #10: Feasible / Total: 47809 / 66430
[2023-10-01 11:32:36.853] [info] #10: Feasible / Total: 47809 / 66430
[2023-10-01 11:32:36.853] [info] Graph is not D-reducible.
[2023-10-01 11:32:36.887] [info] Started C-reducibility check
[2023-10-01 11:33:27.579] [info] Trying 1195056 possible contractions
[2023-10-01 11:33:27.579] [info] [0/1195056] Starting contraction of size 1
[2023-10-01 11:33:32.108] [info] All colors passed! Contracted: 20
[2023-10-01 11:33:32.114] [info] Graph is C-reducible!
