[2023-10-02 09:49:22.673] [info] Kempe type: Projective
[2023-10-02 09:49:22.674] [info] Vertex size: 34, Edge size: 58, Ring size: 14
[2023-10-02 09:49:25.718] [info] Started D-reducibility check
[2023-10-02 09:49:25.718] [info] #1: Feasible / Total: 24777 / 199291
[2023-10-02 09:52:23.193] [info] #2: Feasible / Total: 40803 / 199291
[2023-10-02 09:53:33.248] [info] #3: Feasible / Total: 52568 / 199291
[2023-10-02 09:54:31.065] [info] #4: Feasible / Total: 63086 / 199291
[2023-10-02 09:56:00.919] [info] #5: Feasible / Total: 80406 / 199291
[2023-10-02 09:58:19.199] [info] #6: Feasible / Total: 117715 / 199291
[2023-10-02 09:59:47.351] [info] #7: Feasible / Total: 167219 / 199291
[2023-10-02 09:59:53.873] [info] #8: Feasible / Total: 173004 / 199291
[2023-10-02 09:59:54.298] [info] #9: Feasible / Total: 173076 / 199291
[2023-10-02 09:59:54.876] [info] #10: Feasible / Total: 173107 / 199291
[2023-10-02 09:59:55.563] [info] #10: Feasible / Total: 173107 / 199291
[2023-10-02 09:59:55.563] [info] Graph is not D-reducible.
[2023-10-02 09:59:55.653] [info] Started C-reducibility check
[2023-10-02 10:05:33.174] [info] Trying 2436493 possible contractions
[2023-10-02 10:05:33.174] [info] [0/2436493] Starting contraction of size 1
[2023-10-02 10:06:41.124] [info] [44/2436493] Starting contraction of size 2
[2023-10-02 10:24:33.573] [info] [916/2436493] Starting contraction of size 3
[2023-10-02 10:46:53.652] [info] All colors passed! Contracted: 22, 49, 55
[2023-10-02 10:46:53.652] [info] Graph is C-reducible!
