[2023-10-02 09:49:22.707] [info] Kempe type: Projective
[2023-10-02 09:49:22.707] [info] Vertex size: 32, Edge size: 55, Ring size: 14
[2023-10-02 09:49:24.968] [info] Started D-reducibility check
[2023-10-02 09:49:24.969] [info] #1: Feasible / Total: 20472 / 199291
[2023-10-02 09:51:36.416] [info] #2: Feasible / Total: 32266 / 199291
[2023-10-02 09:52:33.875] [info] #3: Feasible / Total: 40234 / 199291
[2023-10-02 09:53:17.834] [info] #4: Feasible / Total: 47911 / 199291
[2023-10-02 09:54:03.262] [info] #5: Feasible / Total: 56615 / 199291
[2023-10-02 09:54:52.362] [info] #6: Feasible / Total: 66645 / 199291
[2023-10-02 09:55:46.955] [info] #7: Feasible / Total: 77966 / 199291
[2023-10-02 09:56:57.248] [info] #8: Feasible / Total: 93131 / 199291
[2023-10-02 09:57:55.572] [info] #9: Feasible / Total: 110400 / 199291
[2023-10-02 09:58:23.994] [info] #10: Feasible / Total: 125289 / 199291
[2023-10-02 09:58:32.345] [info] #11: Feasible / Total: 131371 / 199291
[2023-10-02 09:58:34.864] [info] #12: Feasible / Total: 131750 / 199291
[2023-10-02 09:58:36.960] [info] #13: Feasible / Total: 131761 / 199291
[2023-10-02 09:58:38.969] [info] #13: Feasible / Total: 131761 / 199291
[2023-10-02 09:58:38.969] [info] Graph is not D-reducible.
[2023-10-02 09:58:39.082] [info] Started C-reducibility check
[2023-10-02 10:00:09.971] [info] Trying 1460463 possible contractions
[2023-10-02 10:00:09.974] [info] [0/1460463] Starting contraction of size 1
[2023-10-02 10:00:20.739] [info] All colors passed! Contracted: 21
[2023-10-02 10:00:20.739] [info] Graph is C-reducible!
