[2023-10-04 20:51:57.307] [info] Kempe type: Projective
[2023-10-04 20:51:57.322] [info] Vertex size: 31, Edge size: 53, Ring size: 13
[2023-10-04 20:51:58.789] [info] Started D-reducibility check
[2023-10-04 20:51:58.789] [info] #1: Feasible / Total: 8930 / 66430
[2023-10-04 20:52:25.799] [info] #2: Feasible / Total: 12498 / 66430
[2023-10-04 20:52:39.938] [info] #3: Feasible / Total: 15616 / 66430
[2023-10-04 20:52:49.689] [info] #4: Feasible / Total: 18241 / 66430
[2023-10-04 20:53:00.098] [info] #5: Feasible / Total: 21122 / 66430
[2023-10-04 20:53:16.633] [info] #6: Feasible / Total: 25635 / 66430
[2023-10-04 20:53:36.023] [info] #7: Feasible / Total: 32574 / 66430
[2023-10-04 20:53:49.601] [info] #8: Feasible / Total: 40166 / 66430
[2023-10-04 20:54:02.115] [info] #9: Feasible / Total: 47258 / 66430
[2023-10-04 20:54:11.741] [info] #10: Feasible / Total: 59496 / 66430
[2023-10-04 20:54:12.590] [info] #11: Feasible / Total: 61243 / 66430
[2023-10-04 20:54:12.739] [info] #12: Feasible / Total: 61246 / 66430
[2023-10-04 20:54:12.886] [info] #12: Feasible / Total: 61246 / 66430
[2023-10-04 20:54:12.902] [info] Graph is not D-reducible.
[2023-10-04 20:54:12.921] [info] Started C-reducibility check
[2023-10-04 20:55:50.361] [info] Trying 15256252 possible contractions
[2023-10-04 20:55:50.361] [info] [0/15256252] Starting contraction of size 1
[2023-10-04 20:55:51.509] [info] All colors passed! Contracted: 26
[2023-10-04 20:55:51.534] [info] Graph is C-reducible!
