[2023-10-05 00:48:35.659] [info] Kempe type: Projective
[2023-10-05 00:48:35.702] [info] Vertex size: 34, Edge size: 58, Ring size: 14
[2023-10-05 00:48:39.773] [info] Started D-reducibility check
[2023-10-05 00:48:39.773] [info] #1: Feasible / Total: 22375 / 199291
[2023-10-05 00:51:23.793] [info] #2: Feasible / Total: 38587 / 199291
[2023-10-05 00:52:26.058] [info] #3: Feasible / Total: 48447 / 199291
[2023-10-05 00:53:27.441] [info] #4: Feasible / Total: 58549 / 199291
[2023-10-05 00:54:30.190] [info] #5: Feasible / Total: 71929 / 199291
[2023-10-05 00:55:43.339] [info] #6: Feasible / Total: 91040 / 199291
[2023-10-05 00:56:52.220] [info] #7: Feasible / Total: 116635 / 199291
[2023-10-05 00:57:42.009] [info] #8: Feasible / Total: 143743 / 199291
[2023-10-05 00:58:06.728] [info] #9: Feasible / Total: 158976 / 199291
[2023-10-05 00:58:09.112] [info] #10: Feasible / Total: 159860 / 199291
[2023-10-05 00:58:10.251] [info] #11: Feasible / Total: 159931 / 199291
[2023-10-05 00:58:11.042] [info] #12: Feasible / Total: 159942 / 199291
[2023-10-05 00:58:11.821] [info] #12: Feasible / Total: 159942 / 199291
[2023-10-05 00:58:11.821] [info] Graph is not D-reducible.
[2023-10-05 00:58:11.875] [info] Started C-reducibility check
[2023-10-05 01:03:53.420] [info] Trying 48793334 possible contractions
[2023-10-05 01:03:53.430] [info] [0/48793334] Starting contraction of size 1
[2023-10-05 01:04:20.487] [info] [44/48793334] Starting contraction of size 2
[2023-10-05 01:11:21.099] [info] [916/48793334] Starting contraction of size 3
[2023-10-05 02:08:37.818] [info] [11238/48793334] Starting contraction of size 4
[2023-10-05 06:32:27.285] [info] All colors passed! Contracted: 25, 27, 40, 51
[2023-10-05 06:32:27.285] [info] Graph is C-reducible!
