[2023-10-04 13:28:03.700] [info] Kempe type: Projective
[2023-10-04 13:28:03.726] [info] Vertex size: 39, Edge size: 66, Ring size: 15
[2023-10-04 13:28:26.424] [info] Started D-reducibility check
[2023-10-04 13:28:26.454] [info] #1: Feasible / Total: 72217 / 597871
[2023-10-04 13:43:37.988] [info] #2: Feasible / Total: 127412 / 597871
[2023-10-04 13:54:33.582] [info] #3: Feasible / Total: 205961 / 597871
[2023-10-04 14:03:04.545] [info] #4: Feasible / Total: 314662 / 597871
[2023-10-04 14:06:47.479] [info] #5: Feasible / Total: 404817 / 597871
[2023-10-04 14:08:01.119] [info] #6: Feasible / Total: 421934 / 597871
[2023-10-04 14:08:33.882] [info] #7: Feasible / Total: 427716 / 597871
[2023-10-04 14:08:49.056] [info] #8: Feasible / Total: 430010 / 597871
[2023-10-04 14:08:55.172] [info] #9: Feasible / Total: 430428 / 597871
[2023-10-04 14:08:58.968] [info] #10: Feasible / Total: 430452 / 597871
[2023-10-04 14:09:02.670] [info] #11: Feasible / Total: 430458 / 597871
[2023-10-04 14:09:05.406] [info] #12: Feasible / Total: 430459 / 597871
[2023-10-04 14:09:09.075] [info] #12: Feasible / Total: 430459 / 597871
[2023-10-04 14:09:09.075] [info] Graph is not D-reducible.
[2023-10-04 14:09:09.254] [info] Started C-reducibility check
[2023-10-04 15:29:33.830] [info] Trying 281443735 possible contractions
[2023-10-04 15:29:33.830] [info] [0/281443735] Starting contraction of size 1
[2023-10-04 15:30:55.329] [info] All colors passed! Contracted: 42
[2023-10-04 15:30:55.330] [info] Graph is C-reducible!
