[2023-10-01 10:31:59.081] [info] Kempe type: Projective
[2023-10-01 10:31:59.081] [info] Vertex size: 43, Edge size: 73, Ring size: 17
[2023-10-01 10:34:19.714] [info] Started D-reducibility check
[2023-10-01 10:34:19.714] [info] #1: Feasible / Total: 423384 / 5380840
[2023-10-01 13:35:47.914] [info] #2: Feasible / Total: 615590 / 5380840
[2023-10-01 15:20:11.158] [info] #3: Feasible / Total: 778215 / 5380840
[2023-10-01 17:25:09.598] [info] #4: Feasible / Total: 995490 / 5380840
[2023-10-01 19:58:40.985] [info] #5: Feasible / Total: 1293152 / 5380840
[2023-10-01 23:10:17.778] [info] #6: Feasible / Total: 1728031 / 5380840
[2023-10-02 04:53:27.255] [info] #7: Feasible / Total: 2477227 / 5380840
[2023-10-02 08:58:56.376] [info] #8: Feasible / Total: 3616686 / 5380840
[2023-10-02 09:44:50.623] [info] #9: Feasible / Total: 3973935 / 5380840
[2023-10-02 09:59:05.122] [info] #10: Feasible / Total: 3996548 / 5380840
[2023-10-02 10:09:12.807] [info] #11: Feasible / Total: 4006244 / 5380840
[2023-10-02 10:13:20.684] [info] #12: Feasible / Total: 4010573 / 5380840
[2023-10-02 10:15:47.610] [info] #13: Feasible / Total: 4010890 / 5380840
[2023-10-02 10:18:03.162] [info] #14: Feasible / Total: 4010896 / 5380840
[2023-10-02 10:20:06.113] [info] #14: Feasible / Total: 4010896 / 5380840
[2023-10-02 10:20:06.113] [info] Graph is not D-reducible.
[2023-10-02 10:20:10.076] [info] Started C-reducibility check
[2023-10-02 19:19:05.215] [info] Trying 13999353 possible contractions
[2023-10-02 19:19:05.215] [info] [0/13999353] Starting contraction of size 1
[2023-10-02 19:20:49.168] [info] All colors passed! Contracted: 56
[2023-10-02 19:20:49.168] [info] Graph is C-reducible!
