[2023-10-04 20:51:56.996] [info] Kempe type: Projective
[2023-10-04 20:51:56.996] [info] Vertex size: 32, Edge size: 55, Ring size: 14
[2023-10-04 20:52:01.378] [info] Started D-reducibility check
[2023-10-04 20:52:01.394] [info] #1: Feasible / Total: 22039 / 199291
[2023-10-04 20:53:27.335] [info] #2: Feasible / Total: 33306 / 199291
[2023-10-04 20:54:10.537] [info] #3: Feasible / Total: 40042 / 199291
[2023-10-04 20:54:48.255] [info] #4: Feasible / Total: 46729 / 199291
[2023-10-04 20:55:29.476] [info] #5: Feasible / Total: 54820 / 199291
[2023-10-04 20:56:21.062] [info] #6: Feasible / Total: 69073 / 199291
[2023-10-04 20:57:37.144] [info] #7: Feasible / Total: 96596 / 199291
[2023-10-04 20:58:55.011] [info] #8: Feasible / Total: 137928 / 199291
[2023-10-04 20:59:14.328] [info] #9: Feasible / Total: 157780 / 199291
[2023-10-04 20:59:16.819] [info] #10: Feasible / Total: 158717 / 199291
[2023-10-04 20:59:17.725] [info] #11: Feasible / Total: 158726 / 199291
[2023-10-04 20:59:18.888] [info] #11: Feasible / Total: 158726 / 199291
[2023-10-04 20:59:18.888] [info] Graph is not D-reducible.
[2023-10-04 20:59:18.985] [info] Started C-reducibility check
[2023-10-04 21:01:01.746] [info] Trying 21218066 possible contractions
[2023-10-04 21:01:01.750] [info] [0/21218066] Starting contraction of size 1
[2023-10-04 21:01:06.694] [info] All colors passed! Contracted: 26
[2023-10-04 21:01:06.695] [info] Graph is C-reducible!
