[2023-10-01 11:31:08.957] [info] Kempe type: Projective
[2023-10-01 11:31:08.957] [info] Vertex size: 33, Edge size: 56, Ring size: 13
[2023-10-01 11:31:12.727] [info] Started D-reducibility check
[2023-10-01 11:31:12.727] [info] #1: Feasible / Total: 10872 / 66430
[2023-10-01 11:31:39.898] [info] #2: Feasible / Total: 15969 / 66430
[2023-10-01 11:31:53.676] [info] #3: Feasible / Total: 21695 / 66430
[2023-10-01 11:32:05.789] [info] #4: Feasible / Total: 27797 / 66430
[2023-10-01 11:32:15.366] [info] #5: Feasible / Total: 34566 / 66430
[2023-10-01 11:32:19.714] [info] #6: Feasible / Total: 39464 / 66430
[2023-10-01 11:32:20.731] [info] #7: Feasible / Total: 40508 / 66430
[2023-10-01 11:32:21.317] [info] #8: Feasible / Total: 40561 / 66430
[2023-10-01 11:32:21.815] [info] #8: Feasible / Total: 40561 / 66430
[2023-10-01 11:32:21.815] [info] Graph is not D-reducible.
[2023-10-01 11:32:21.844] [info] Started C-reducibility check
[2023-10-01 11:35:47.429] [info] Trying 2026259 possible contractions
[2023-10-01 11:35:47.429] [info] [0/2026259] Starting contraction of size 1
[2023-10-01 11:36:17.135] [info] [43/2026259] Starting contraction of size 2
[2023-10-01 11:43:06.183] [info] [873/2026259] Starting contraction of size 3
[2023-10-01 12:28:55.150] [info] [10405/2026259] Starting contraction of size 4
[2023-10-01 12:58:06.089] [info] All colors passed! Contracted: 14, 18, 32, 54
[2023-10-01 12:58:06.089] [info] Graph is C-reducible!
