[2023-10-03 17:50:33.268] [info] Kempe type: Projective
[2023-10-03 17:50:33.310] [info] Vertex size: 32, Edge size: 55, Ring size: 14
[2023-10-03 17:50:37.429] [info] Started D-reducibility check
[2023-10-03 17:50:37.429] [info] #1: Feasible / Total: 21777 / 199291
[2023-10-03 17:53:30.212] [info] #2: Feasible / Total: 28049 / 199291
[2023-10-03 17:54:06.630] [info] #3: Feasible / Total: 31497 / 199291
[2023-10-03 17:54:27.489] [info] #4: Feasible / Total: 33781 / 199291
[2023-10-03 17:54:44.503] [info] #5: Feasible / Total: 35371 / 199291
[2023-10-03 17:54:59.728] [info] #6: Feasible / Total: 36611 / 199291
[2023-10-03 17:55:11.794] [info] #7: Feasible / Total: 37698 / 199291
[2023-10-03 17:55:25.661] [info] #8: Feasible / Total: 38779 / 199291
[2023-10-03 17:55:39.434] [info] #9: Feasible / Total: 39979 / 199291
[2023-10-03 17:55:52.085] [info] #10: Feasible / Total: 41172 / 199291
[2023-10-03 17:56:05.378] [info] #11: Feasible / Total: 42473 / 199291
[2023-10-03 17:56:19.784] [info] #12: Feasible / Total: 43970 / 199291
[2023-10-03 17:56:33.615] [info] #13: Feasible / Total: 45609 / 199291
[2023-10-03 17:56:47.541] [info] #14: Feasible / Total: 47540 / 199291
[2023-10-03 17:57:03.217] [info] #15: Feasible / Total: 49677 / 199291
[2023-10-03 17:57:21.206] [info] #16: Feasible / Total: 52253 / 199291
[2023-10-03 17:57:40.722] [info] #17: Feasible / Total: 55212 / 199291
[2023-10-03 17:58:04.212] [info] #18: Feasible / Total: 59487 / 199291
[2023-10-03 17:58:34.397] [info] #19: Feasible / Total: 65528 / 199291
[2023-10-03 17:59:11.006] [info] #20: Feasible / Total: 72846 / 199291
[2023-10-03 17:59:46.493] [info] #21: Feasible / Total: 80907 / 199291
[2023-10-03 18:00:31.440] [info] #22: Feasible / Total: 90953 / 199291
[2023-10-03 18:01:23.035] [info] #23: Feasible / Total: 102919 / 199291
[2023-10-03 18:02:10.737] [info] #24: Feasible / Total: 117846 / 199291
[2023-10-03 18:02:37.185] [info] #25: Feasible / Total: 127975 / 199291
[2023-10-03 18:02:44.970] [info] #26: Feasible / Total: 130031 / 199291
[2023-10-03 18:02:47.383] [info] #27: Feasible / Total: 130129 / 199291
[2023-10-03 18:02:49.610] [info] #27: Feasible / Total: 130129 / 199291
[2023-10-03 18:02:49.610] [info] Graph is not D-reducible.
[2023-10-03 18:02:49.687] [info] Started C-reducibility check
[2023-10-03 18:04:55.109] [info] Trying 21224421 possible contractions
[2023-10-03 18:04:55.110] [info] [0/21224421] Starting contraction of size 1
[2023-10-03 18:05:46.239] [info] [41/21224421] Starting contraction of size 2
[2023-10-03 18:16:35.699] [info] [793/21224421] Starting contraction of size 3
[2023-10-03 18:21:30.863] [info] All colors passed! Contracted: 24, 27, 53
[2023-10-03 18:21:30.863] [info] Graph is C-reducible!
