[2023-09-30 16:28:17.957] [info] Kempe type: Projective
[2023-09-30 16:28:17.957] [info] Vertex size: 35, Edge size: 60, Ring size: 15
[2023-09-30 16:28:24.255] [info] Started D-reducibility check
[2023-09-30 16:28:24.256] [info] #1: Feasible / Total: 58163 / 597871
[2023-09-30 16:32:11.316] [info] #2: Feasible / Total: 77754 / 597871
[2023-09-30 16:33:33.873] [info] #3: Feasible / Total: 91622 / 597871
[2023-09-30 16:34:48.819] [info] #4: Feasible / Total: 105918 / 597871
[2023-09-30 16:36:02.974] [info] #5: Feasible / Total: 121556 / 597871
[2023-09-30 16:37:25.069] [info] #6: Feasible / Total: 141409 / 597871
[2023-09-30 16:39:08.374] [info] #7: Feasible / Total: 169216 / 597871
[2023-09-30 16:41:22.648] [info] #8: Feasible / Total: 212048 / 597871
[2023-09-30 16:44:38.489] [info] #9: Feasible / Total: 283730 / 597871
[2023-09-30 16:48:39.292] [info] #10: Feasible / Total: 401279 / 597871
[2023-09-30 16:50:20.372] [info] #11: Feasible / Total: 511655 / 597871
[2023-09-30 16:50:25.278] [info] #12: Feasible / Total: 519103 / 597871
[2023-09-30 16:50:27.093] [info] #12: Feasible / Total: 519103 / 597871
[2023-09-30 16:50:27.093] [info] Graph is not D-reducible.
[2023-09-30 16:50:27.186] [info] Started C-reducibility check
[2023-09-30 16:55:25.301] [info] Trying 2912707 possible contractions
[2023-09-30 16:55:25.301] [info] [0/2912707] Starting contraction of size 1
[2023-09-30 16:55:41.123] [info] All colors passed! Contracted: 25
[2023-09-30 16:55:41.123] [info] Graph is C-reducible!
