[2023-10-04 13:28:03.701] [info] Kempe type: Projective
[2023-10-04 13:28:03.755] [info] Vertex size: 28, Edge size: 48, Ring size: 12
[2023-10-04 13:28:04.000] [info] Started D-reducibility check
[2023-10-04 13:28:04.000] [info] #1: Feasible / Total: 3874 / 22144
[2023-10-04 13:28:12.141] [info] #2: Feasible / Total: 5780 / 22144
[2023-10-04 13:28:14.770] [info] #3: Feasible / Total: 7341 / 22144
[2023-10-04 13:28:17.215] [info] #4: Feasible / Total: 8753 / 22144
[2023-10-04 13:28:19.089] [info] #5: Feasible / Total: 10182 / 22144
[2023-10-04 13:28:20.196] [info] #6: Feasible / Total: 11046 / 22144
[2023-10-04 13:28:20.607] [info] #7: Feasible / Total: 11201 / 22144
[2023-10-04 13:28:20.972] [info] #8: Feasible / Total: 11303 / 22144
[2023-10-04 13:28:21.310] [info] #9: Feasible / Total: 11345 / 22144
[2023-10-04 13:28:21.589] [info] #10: Feasible / Total: 11360 / 22144
[2023-10-04 13:28:21.871] [info] #11: Feasible / Total: 11366 / 22144
[2023-10-04 13:28:22.125] [info] #11: Feasible / Total: 11366 / 22144
[2023-10-04 13:28:22.158] [info] Graph is not D-reducible.
[2023-10-04 13:28:22.163] [info] Started C-reducibility check
[2023-10-04 13:28:50.533] [info] Trying 4250715 possible contractions
[2023-10-04 13:28:50.558] [info] [0/4250715] Starting contraction of size 1
[2023-10-04 13:28:50.853] [info] All colors passed! Contracted: 18
[2023-10-04 13:28:50.853] [info] Graph is C-reducible!
