[2023-10-02 21:50:37.687] [info] Kempe type: Projective
[2023-10-02 21:50:37.688] [info] Vertex size: 38, Edge size: 64, Ring size: 14
[2023-10-02 21:50:47.092] [info] Started D-reducibility check
[2023-10-02 21:50:47.093] [info] #1: Feasible / Total: 29225 / 199291
[2023-10-02 21:53:03.772] [info] #2: Feasible / Total: 47087 / 199291
[2023-10-02 21:54:35.484] [info] #3: Feasible / Total: 67762 / 199291
[2023-10-02 21:56:26.026] [info] #4: Feasible / Total: 101857 / 199291
[2023-10-02 21:57:26.368] [info] #5: Feasible / Total: 129685 / 199291
[2023-10-02 21:57:39.260] [info] #6: Feasible / Total: 135136 / 199291
[2023-10-02 21:57:44.133] [info] #7: Feasible / Total: 137001 / 199291
[2023-10-02 21:57:47.074] [info] #8: Feasible / Total: 137573 / 199291
[2023-10-02 21:57:48.894] [info] #9: Feasible / Total: 137805 / 199291
[2023-10-02 21:57:50.741] [info] #10: Feasible / Total: 137863 / 199291
[2023-10-02 21:57:52.537] [info] #10: Feasible / Total: 137863 / 199291
[2023-10-02 21:57:52.537] [info] Graph is not D-reducible.
[2023-10-02 21:57:52.648] [info] Started C-reducibility check
[2023-10-02 22:40:48.371] [info] Trying 6074583 possible contractions
[2023-10-02 22:40:48.371] [info] [0/6074583] Starting contraction of size 1
[2023-10-02 22:42:21.123] [info] [50/6074583] Starting contraction of size 2
[2023-10-02 23:11:03.703] [info] [1189/6074583] Starting contraction of size 3
[2023-10-03 05:23:55.465] [info] [16881/6074583] Starting contraction of size 4
[2023-10-04 07:14:15.168] [info] All colors passed! Contracted: 28, 49, 56, 59
[2023-10-04 07:14:15.168] [info] Graph is C-reducible!
