[2023-10-01 10:31:59.096] [info] Kempe type: Projective
[2023-10-01 10:31:59.096] [info] Vertex size: 37, Edge size: 63, Ring size: 15
[2023-10-01 10:32:11.623] [info] Started D-reducibility check
[2023-10-01 10:32:11.623] [info] #1: Feasible / Total: 62316 / 597871
[2023-10-01 10:38:38.210] [info] #2: Feasible / Total: 101130 / 597871
[2023-10-01 10:40:41.294] [info] #3: Feasible / Total: 128111 / 597871
[2023-10-01 10:42:43.517] [info] #4: Feasible / Total: 157804 / 597871
[2023-10-01 10:44:58.087] [info] #5: Feasible / Total: 192591 / 597871
[2023-10-01 10:47:08.166] [info] #6: Feasible / Total: 234313 / 597871
[2023-10-01 10:49:16.640] [info] #7: Feasible / Total: 285363 / 597871
[2023-10-01 10:50:35.858] [info] #8: Feasible / Total: 331212 / 597871
[2023-10-01 10:50:56.870] [info] #9: Feasible / Total: 346386 / 597871
[2023-10-01 10:51:02.021] [info] #10: Feasible / Total: 348386 / 597871
[2023-10-01 10:51:06.006] [info] #11: Feasible / Total: 348518 / 597871
[2023-10-01 10:51:09.411] [info] #12: Feasible / Total: 348538 / 597871
[2023-10-01 10:51:12.752] [info] #12: Feasible / Total: 348538 / 597871
[2023-10-01 10:51:12.752] [info] Graph is not D-reducible.
[2023-10-01 10:51:12.839] [info] Started C-reducibility check
[2023-10-01 11:04:35.499] [info] Trying 4610164 possible contractions
[2023-10-01 11:04:35.499] [info] [0/4610164] Starting contraction of size 1
[2023-10-01 11:08:26.129] [info] [48/4610164] Starting contraction of size 2
[2023-10-01 11:10:23.764] [info] All colors passed! Contracted: 29, 50
[2023-10-01 11:10:23.764] [info] Graph is C-reducible!
