[2023-10-01 10:31:59.081] [info] Kempe type: Projective
[2023-10-01 10:31:59.081] [info] Vertex size: 37, Edge size: 63, Ring size: 15
[2023-10-01 10:32:08.584] [info] Started D-reducibility check
[2023-10-01 10:32:08.590] [info] #1: Feasible / Total: 65272 / 597871
[2023-10-01 10:38:03.955] [info] #2: Feasible / Total: 101490 / 597871
[2023-10-01 10:40:44.502] [info] #3: Feasible / Total: 134843 / 597871
[2023-10-01 10:43:26.735] [info] #4: Feasible / Total: 179266 / 597871
[2023-10-01 10:46:22.267] [info] #5: Feasible / Total: 234849 / 597871
[2023-10-01 10:49:18.704] [info] #6: Feasible / Total: 304414 / 597871
[2023-10-01 10:50:39.134] [info] #7: Feasible / Total: 353402 / 597871
[2023-10-01 10:50:53.604] [info] #8: Feasible / Total: 363224 / 597871
[2023-10-01 10:50:57.840] [info] #9: Feasible / Total: 363859 / 597871
[2023-10-01 10:51:01.038] [info] #10: Feasible / Total: 363959 / 597871
[2023-10-01 10:51:04.050] [info] #11: Feasible / Total: 363961 / 597871
[2023-10-01 10:51:07.085] [info] #11: Feasible / Total: 363961 / 597871
[2023-10-01 10:51:07.085] [info] Graph is not D-reducible.
[2023-10-01 10:51:07.176] [info] Started C-reducibility check
[2023-10-01 11:04:31.110] [info] Trying 4610194 possible contractions
[2023-10-01 11:04:31.110] [info] [0/4610194] Starting contraction of size 1
[2023-10-01 11:05:07.572] [info] All colors passed! Contracted: 45
[2023-10-01 11:05:07.572] [info] Graph is C-reducible!
