[2023-10-02 19:57:05.297] [info] Kempe type: Projective
[2023-10-02 19:57:05.302] [info] Vertex size: 31, Edge size: 53, Ring size: 13
[2023-10-02 19:57:05.818] [info] Started D-reducibility check
[2023-10-02 19:57:05.818] [info] #1: Feasible / Total: 10060 / 66430
[2023-10-02 19:57:15.442] [info] #2: Feasible / Total: 15244 / 66430
[2023-10-02 19:57:19.583] [info] #3: Feasible / Total: 20582 / 66430
[2023-10-02 19:57:24.839] [info] #4: Feasible / Total: 27377 / 66430
[2023-10-02 19:57:34.052] [info] #5: Feasible / Total: 38914 / 66430
[2023-10-02 19:57:38.058] [info] #6: Feasible / Total: 49538 / 66430
[2023-10-02 19:57:38.980] [info] #7: Feasible / Total: 51418 / 66430
[2023-10-02 19:57:39.157] [info] #8: Feasible / Total: 51548 / 66430
[2023-10-02 19:57:39.259] [info] #9: Feasible / Total: 51550 / 66430
[2023-10-02 19:57:39.359] [info] #9: Feasible / Total: 51550 / 66430
[2023-10-02 19:57:39.359] [info] Graph is not D-reducible.
[2023-10-02 19:57:39.370] [info] Started C-reducibility check
[2023-10-02 19:58:12.526] [info] Trying 1197618 possible contractions
[2023-10-02 19:58:12.526] [info] [0/1197618] Starting contraction of size 1
[2023-10-02 19:58:21.659] [info] [40/1197618] Starting contraction of size 2
[2023-10-02 20:00:36.301] [info] [753/1197618] Starting contraction of size 3
[2023-10-02 20:01:00.387] [info] All colors passed! Contracted: 14, 48, 51
[2023-10-02 20:01:00.387] [info] Graph is C-reducible!
