[2023-10-05 16:00:24.472] [info] Kempe type: Projective
[2023-10-05 16:00:24.473] [info] Vertex size: 38, Edge size: 65, Ring size: 16
[2023-10-05 16:00:33.923] [info] Started D-reducibility check
[2023-10-05 16:00:33.923] [info] #1: Feasible / Total: 141931 / 1793614
[2023-10-05 16:24:58.040] [info] #2: Feasible / Total: 189281 / 1793614
[2023-10-05 16:34:31.975] [info] #3: Feasible / Total: 214035 / 1793614
[2023-10-05 16:41:06.843] [info] #4: Feasible / Total: 229633 / 1793614
[2023-10-05 16:45:42.662] [info] #5: Feasible / Total: 240623 / 1793614
[2023-10-05 16:48:59.819] [info] #6: Feasible / Total: 248618 / 1793614
[2023-10-05 16:51:33.600] [info] #7: Feasible / Total: 254467 / 1793614
[2023-10-05 16:53:30.076] [info] #8: Feasible / Total: 258737 / 1793614
[2023-10-05 16:55:31.168] [info] #9: Feasible / Total: 262161 / 1793614
[2023-10-05 16:57:08.774] [info] #10: Feasible / Total: 265177 / 1793614
[2023-10-05 16:58:37.132] [info] #11: Feasible / Total: 267861 / 1793614
[2023-10-05 17:00:13.146] [info] #12: Feasible / Total: 270322 / 1793614
[2023-10-05 17:01:49.713] [info] #13: Feasible / Total: 272452 / 1793614
[2023-10-05 17:03:08.618] [info] #14: Feasible / Total: 274575 / 1793614
[2023-10-05 17:04:27.197] [info] #15: Feasible / Total: 276651 / 1793614
[2023-10-05 17:05:44.228] [info] #16: Feasible / Total: 278341 / 1793614
[2023-10-05 17:06:57.754] [info] #17: Feasible / Total: 279808 / 1793614
[2023-10-05 17:08:17.715] [info] #18: Feasible / Total: 281177 / 1793614
[2023-10-05 17:09:27.960] [info] #19: Feasible / Total: 282368 / 1793614
[2023-10-05 17:10:41.345] [info] #20: Feasible / Total: 283466 / 1793614
[2023-10-05 17:11:44.350] [info] #21: Feasible / Total: 284356 / 1793614
[2023-10-05 17:12:55.325] [info] #22: Feasible / Total: 285156 / 1793614
[2023-10-05 17:14:02.357] [info] #23: Feasible / Total: 285958 / 1793614
[2023-10-05 17:15:12.113] [info] #24: Feasible / Total: 286693 / 1793614
[2023-10-05 17:16:20.529] [info] #25: Feasible / Total: 287322 / 1793614
[2023-10-05 17:17:25.575] [info] #26: Feasible / Total: 287988 / 1793614
[2023-10-05 17:18:32.546] [info] #27: Feasible / Total: 288610 / 1793614
[2023-10-05 17:19:36.172] [info] #28: Feasible / Total: 289192 / 1793614
[2023-10-05 17:20:40.653] [info] #29: Feasible / Total: 289751 / 1793614
[2023-10-05 17:21:44.921] [info] #30: Feasible / Total: 290269 / 1793614
[2023-10-05 17:22:50.595] [info] #31: Feasible / Total: 290904 / 1793614
[2023-10-05 17:23:54.540] [info] #32: Feasible / Total: 291432 / 1793614
[2023-10-05 17:24:57.921] [info] #33: Feasible / Total: 291890 / 1793614
[2023-10-05 17:25:59.956] [info] #34: Feasible / Total: 292384 / 1793614
[2023-10-05 17:27:06.132] [info] #35: Feasible / Total: 293027 / 1793614
[2023-10-05 17:28:08.929] [info] #36: Feasible / Total: 293671 / 1793614
[2023-10-05 17:29:12.692] [info] #37: Feasible / Total: 294430 / 1793614
[2023-10-05 17:30:18.234] [info] #38: Feasible / Total: 295402 / 1793614
[2023-10-05 17:31:32.519] [info] #39: Feasible / Total: 296379 / 1793614
[2023-10-05 17:32:43.310] [info] #40: Feasible / Total: 297431 / 1793614
[2023-10-05 17:33:59.032] [info] #41: Feasible / Total: 298379 / 1793614
[2023-10-05 17:35:21.007] [info] #42: Feasible / Total: 299271 / 1793614
[2023-10-05 17:36:26.849] [info] #43: Feasible / Total: 300061 / 1793614
[2023-10-05 17:37:31.040] [info] #44: Feasible / Total: 300909 / 1793614
[2023-10-05 17:38:32.880] [info] #45: Feasible / Total: 301630 / 1793614
[2023-10-05 17:39:32.394] [info] #46: Feasible / Total: 302362 / 1793614
[2023-10-05 17:40:33.655] [info] #47: Feasible / Total: 303296 / 1793614
[2023-10-05 17:41:36.874] [info] #48: Feasible / Total: 304267 / 1793614
[2023-10-05 17:42:44.016] [info] #49: Feasible / Total: 305327 / 1793614
[2023-10-05 17:43:47.108] [info] #50: Feasible / Total: 306385 / 1793614
[2023-10-05 17:44:53.407] [info] #51: Feasible / Total: 307528 / 1793614
[2023-10-05 17:46:06.074] [info] #52: Feasible / Total: 309143 / 1793614
[2023-10-05 17:47:24.140] [info] #53: Feasible / Total: 310995 / 1793614
[2023-10-05 17:48:50.095] [info] #54: Feasible / Total: 312890 / 1793614
[2023-10-05 17:50:11.779] [info] #55: Feasible / Total: 314844 / 1793614
[2023-10-05 17:51:33.742] [info] #56: Feasible / Total: 316825 / 1793614
[2023-10-05 17:53:00.418] [info] #57: Feasible / Total: 319338 / 1793614
[2023-10-05 17:54:35.286] [info] #58: Feasible / Total: 322324 / 1793614
[2023-10-05 17:56:15.324] [info] #59: Feasible / Total: 325861 / 1793614
[2023-10-05 17:58:09.555] [info] #60: Feasible / Total: 330062 / 1793614
[2023-10-05 18:00:21.860] [info] #61: Feasible / Total: 335184 / 1793614
[2023-10-05 18:02:47.797] [info] #62: Feasible / Total: 341829 / 1793614
[2023-10-05 18:05:51.805] [info] #63: Feasible / Total: 350126 / 1793614
[2023-10-05 18:09:34.426] [info] #64: Feasible / Total: 360806 / 1793614
[2023-10-05 18:13:42.920] [info] #65: Feasible / Total: 374127 / 1793614
[2023-10-05 18:18:35.012] [info] #66: Feasible / Total: 390967 / 1793614
[2023-10-05 18:24:10.041] [info] #67: Feasible / Total: 411903 / 1793614
[2023-10-05 18:30:26.194] [info] #68: Feasible / Total: 438558 / 1793614
[2023-10-05 18:37:14.144] [info] #69: Feasible / Total: 471610 / 1793614
[2023-10-05 18:45:16.577] [info] #70: Feasible / Total: 514351 / 1793614
[2023-10-05 18:54:58.345] [info] #71: Feasible / Total: 570806 / 1793614
[2023-10-05 19:04:43.846] [info] #72: Feasible / Total: 636246 / 1793614
[2023-10-05 19:12:45.197] [info] #73: Feasible / Total: 696907 / 1793614
[2023-10-05 19:19:12.627] [info] #74: Feasible / Total: 752935 / 1793614
[2023-10-05 19:23:14.046] [info] #75: Feasible / Total: 792112 / 1793614
[2023-10-05 19:25:06.122] [info] #76: Feasible / Total: 806420 / 1793614
[2023-10-05 19:25:57.786] [info] #77: Feasible / Total: 809004 / 1793614
[2023-10-05 19:26:36.577] [info] #78: Feasible / Total: 809975 / 1793614
[2023-10-05 19:27:11.466] [info] #79: Feasible / Total: 810234 / 1793614
[2023-10-05 19:27:45.439] [info] #80: Feasible / Total: 810335 / 1793614
[2023-10-05 19:28:17.119] [info] #81: Feasible / Total: 810455 / 1793614
[2023-10-05 19:28:47.207] [info] #82: Feasible / Total: 810505 / 1793614
[2023-10-05 19:29:17.253] [info] #83: Feasible / Total: 810565 / 1793614
[2023-10-05 19:29:46.929] [info] #84: Feasible / Total: 810584 / 1793614
[2023-10-05 19:30:16.158] [info] #85: Feasible / Total: 810594 / 1793614
[2023-10-05 19:30:45.283] [info] #86: Feasible / Total: 810596 / 1793614
[2023-10-05 19:31:14.484] [info] #86: Feasible / Total: 810596 / 1793614
[2023-10-05 19:31:14.484] [info] Graph is not D-reducible.
[2023-10-05 19:31:14.957] [info] Started C-reducibility check
[2023-10-05 19:55:50.839] [info] Trying 70208985 possible contractions
[2023-10-05 19:55:50.839] [info] [0/70208985] Starting contraction of size 1
[2023-10-05 20:01:47.132] [info] [49/70208985] Starting contraction of size 2
[2023-10-05 21:52:05.181] [info] [1143/70208985] Starting contraction of size 3
[2023-10-05 21:54:53.087] [info] All colors passed! Contracted: 36, 54, 63
[2023-10-05 21:54:53.087] [info] Graph is C-reducible!
