[2023-09-30 14:52:46.465] [info] Kempe type: Projective
[2023-09-30 14:52:46.465] [info] Vertex size: 29, Edge size: 50, Ring size: 13
[2023-09-30 14:52:47.002] [info] Started D-reducibility check
[2023-09-30 14:52:47.002] [info] #1: Feasible / Total: 8861 / 66430
[2023-09-30 14:52:54.911] [info] #2: Feasible / Total: 12206 / 66430
[2023-09-30 14:52:58.656] [info] #3: Feasible / Total: 14480 / 66430
[2023-09-30 14:53:00.771] [info] #4: Feasible / Total: 16472 / 66430
[2023-09-30 14:53:02.999] [info] #5: Feasible / Total: 19052 / 66430
[2023-09-30 14:53:06.180] [info] #6: Feasible / Total: 23325 / 66430
[2023-09-30 14:53:11.125] [info] #7: Feasible / Total: 30428 / 66430
[2023-09-30 14:53:18.578] [info] #8: Feasible / Total: 41761 / 66430
[2023-09-30 14:53:24.402] [info] #9: Feasible / Total: 52788 / 66430
[2023-09-30 14:53:24.882] [info] #10: Feasible / Total: 54285 / 66430
[2023-09-30 14:53:25.061] [info] #11: Feasible / Total: 54308 / 66430
[2023-09-30 14:53:25.160] [info] #11: Feasible / Total: 54308 / 66430
[2023-09-30 14:53:25.160] [info] Graph is not D-reducible.
[2023-09-30 14:53:25.170] [info] Started C-reducibility check
[2023-09-30 14:53:32.989] [info] Trying 678907 possible contractions
[2023-09-30 14:53:32.989] [info] [0/678907] Starting contraction of size 1
[2023-09-30 14:53:38.288] [info] [37/678907] Starting contraction of size 2
[2023-09-30 14:54:44.107] [info] [642/678907] Starting contraction of size 3
[2023-09-30 14:56:46.215] [info] All colors passed! Contracted: 26, 28, 49
[2023-09-30 14:56:46.215] [info] Graph is C-reducible!
