[2023-10-01 10:31:59.049] [info] Kempe type: Projective
[2023-10-01 10:31:59.049] [info] Vertex size: 31, Edge size: 53, Ring size: 13
[2023-10-01 10:31:59.224] [info] Started D-reducibility check
[2023-10-01 10:31:59.224] [info] #1: Feasible / Total: 9843 / 66430
[2023-10-01 10:32:05.182] [info] #2: Feasible / Total: 14010 / 66430
[2023-10-01 10:32:08.316] [info] #3: Feasible / Total: 17390 / 66430
[2023-10-01 10:32:11.842] [info] #4: Feasible / Total: 22272 / 66430
[2023-10-01 10:32:16.634] [info] #5: Feasible / Total: 30712 / 66430
[2023-10-01 10:32:19.898] [info] #6: Feasible / Total: 40402 / 66430
[2023-10-01 10:32:20.502] [info] #7: Feasible / Total: 43211 / 66430
[2023-10-01 10:32:20.679] [info] #8: Feasible / Total: 43296 / 66430
[2023-10-01 10:32:20.840] [info] #9: Feasible / Total: 43306 / 66430
[2023-10-01 10:32:20.999] [info] #10: Feasible / Total: 43310 / 66430
[2023-10-01 10:32:21.162] [info] #10: Feasible / Total: 43310 / 66430
[2023-10-01 10:32:21.162] [info] Graph is not D-reducible.
[2023-10-01 10:32:21.170] [info] Started C-reducibility check
[2023-10-01 10:32:46.056] [info] Trying 1200168 possible contractions
[2023-10-01 10:32:46.056] [info] [0/1200168] Starting contraction of size 1
[2023-10-01 10:32:51.029] [info] [40/1200168] Starting contraction of size 2
[2023-10-01 10:34:22.634] [info] [753/1200168] Starting contraction of size 3
[2023-10-01 10:39:58.851] [info] All colors passed! Contracted: 14, 21, 24
[2023-10-01 10:39:58.851] [info] Graph is C-reducible!
