[2023-10-03 17:50:32.921] [info] Kempe type: Projective
[2023-10-03 17:50:32.994] [info] Vertex size: 34, Edge size: 58, Ring size: 14
[2023-10-03 17:50:36.679] [info] Started D-reducibility check
[2023-10-03 17:50:36.679] [info] #1: Feasible / Total: 23762 / 199291
[2023-10-03 17:53:20.510] [info] #2: Feasible / Total: 32185 / 199291
[2023-10-03 17:54:19.496] [info] #3: Feasible / Total: 38813 / 199291
[2023-10-03 17:55:20.396] [info] #4: Feasible / Total: 45397 / 199291
[2023-10-03 17:56:24.442] [info] #5: Feasible / Total: 56086 / 199291
[2023-10-03 17:58:00.649] [info] #6: Feasible / Total: 77222 / 199291
[2023-10-03 17:59:36.409] [info] #7: Feasible / Total: 107653 / 199291
[2023-10-03 18:00:58.605] [info] #8: Feasible / Total: 133266 / 199291
[2023-10-03 18:02:06.137] [info] #9: Feasible / Total: 175928 / 199291
[2023-10-03 18:02:15.733] [info] #10: Feasible / Total: 188065 / 199291
[2023-10-03 18:02:16.157] [info] #10: Feasible / Total: 188065 / 199291
[2023-10-03 18:02:16.157] [info] Graph is not D-reducible.
[2023-10-03 18:02:16.236] [info] Started C-reducibility check
[2023-10-03 18:09:10.984] [info] Trying 48582138 possible contractions
[2023-10-03 18:09:10.984] [info] [0/48582138] Starting contraction of size 1
[2023-10-03 18:09:51.424] [info] [44/48582138] Starting contraction of size 2
[2023-10-03 18:11:26.136] [info] All colors passed! Contracted: 17, 21
[2023-10-03 18:11:26.136] [info] Graph is C-reducible!
