[2023-10-01 00:58:46.356] [info] Kempe type: Projective
[2023-10-01 00:58:46.356] [info] Vertex size: 34, Edge size: 58, Ring size: 14
[2023-10-01 00:58:51.383] [info] Started D-reducibility check
[2023-10-01 00:58:51.383] [info] #1: Feasible / Total: 24333 / 199291
[2023-10-01 01:01:18.473] [info] #2: Feasible / Total: 49306 / 199291
[2023-10-01 01:02:12.529] [info] #3: Feasible / Total: 64033 / 199291
[2023-10-01 01:03:05.553] [info] #4: Feasible / Total: 79142 / 199291
[2023-10-01 01:04:01.550] [info] #5: Feasible / Total: 100130 / 199291
[2023-10-01 01:05:01.218] [info] #6: Feasible / Total: 130069 / 199291
[2023-10-01 01:05:21.852] [info] #7: Feasible / Total: 149013 / 199291
[2023-10-01 01:05:23.678] [info] #8: Feasible / Total: 149693 / 199291
[2023-10-01 01:05:24.667] [info] #9: Feasible / Total: 149717 / 199291
[2023-10-01 01:05:25.606] [info] #10: Feasible / Total: 149718 / 199291
[2023-10-01 01:05:26.642] [info] #10: Feasible / Total: 149718 / 199291
[2023-10-01 01:05:26.642] [info] Graph is not D-reducible.
[2023-10-01 01:05:26.716] [info] Started C-reducibility check
[2023-10-01 01:10:13.878] [info] Trying 2436497 possible contractions
[2023-10-01 01:10:13.878] [info] [0/2436497] Starting contraction of size 1
[2023-10-01 01:11:05.828] [info] [44/2436497] Starting contraction of size 2
[2023-10-01 01:13:57.610] [info] All colors passed! Contracted: 44, 47
[2023-10-01 01:13:57.610] [info] Graph is C-reducible!
