[2023-10-01 10:31:59.051] [info] Kempe type: Projective
[2023-10-01 10:31:59.051] [info] Vertex size: 34, Edge size: 58, Ring size: 14
[2023-10-01 10:31:59.875] [info] Started D-reducibility check
[2023-10-01 10:31:59.875] [info] #1: Feasible / Total: 25297 / 199291
[2023-10-01 10:32:49.403] [info] #2: Feasible / Total: 40278 / 199291
[2023-10-01 10:33:15.616] [info] #3: Feasible / Total: 56514 / 199291
[2023-10-01 10:34:03.812] [info] #4: Feasible / Total: 86662 / 199291
[2023-10-01 10:34:49.061] [info] #5: Feasible / Total: 130042 / 199291
[2023-10-01 10:34:57.559] [info] #6: Feasible / Total: 147664 / 199291
[2023-10-01 10:34:58.784] [info] #7: Feasible / Total: 148127 / 199291
[2023-10-01 10:34:59.875] [info] #8: Feasible / Total: 148320 / 199291
[2023-10-01 10:35:00.654] [info] #9: Feasible / Total: 148451 / 199291
[2023-10-01 10:35:01.391] [info] #10: Feasible / Total: 148500 / 199291
[2023-10-01 10:35:01.900] [info] #11: Feasible / Total: 148503 / 199291
[2023-10-01 10:35:02.635] [info] #11: Feasible / Total: 148503 / 199291
[2023-10-01 10:35:02.635] [info] Graph is not D-reducible.
[2023-10-01 10:35:02.663] [info] Started C-reducibility check
[2023-10-01 10:37:45.396] [info] Trying 2436776 possible contractions
[2023-10-01 10:37:45.396] [info] [0/2436776] Starting contraction of size 1
[2023-10-01 10:38:13.785] [info] [44/2436776] Starting contraction of size 2
[2023-10-01 10:46:31.044] [info] [916/2436776] Starting contraction of size 3
[2023-10-01 10:59:31.520] [info] All colors passed! Contracted: 15, 30, 57
[2023-10-01 10:59:31.520] [info] Graph is C-reducible!
