[2023-10-03 15:49:02.125] [info] Kempe type: Projective
[2023-10-03 15:49:02.126] [info] Vertex size: 40, Edge size: 68, Ring size: 16
[2023-10-03 15:49:36.737] [info] Started D-reducibility check
[2023-10-03 15:49:36.737] [info] #1: Feasible / Total: 159778 / 1793614
[2023-10-03 16:40:15.024] [info] #2: Feasible / Total: 253376 / 1793614
[2023-10-03 16:57:09.016] [info] #3: Feasible / Total: 325678 / 1793614
[2023-10-03 17:13:10.004] [info] #4: Feasible / Total: 393300 / 1793614
[2023-10-03 17:31:17.869] [info] #5: Feasible / Total: 469153 / 1793614
[2023-10-03 18:14:28.887] [info] #6: Feasible / Total: 590884 / 1793614
[2023-10-03 19:34:07.083] [info] #7: Feasible / Total: 833006 / 1793614
[2023-10-03 20:36:21.128] [info] #8: Feasible / Total: 1245840 / 1793614
[2023-10-03 20:52:16.154] [info] #9: Feasible / Total: 1498016 / 1793614
[2023-10-03 20:58:11.758] [info] #10: Feasible / Total: 1535040 / 1793614
[2023-10-03 21:08:30.384] [info] #11: Feasible / Total: 1609918 / 1793614
[2023-10-03 21:13:28.904] [info] #12: Feasible / Total: 1669278 / 1793614
[2023-10-03 21:13:38.457] [info] #13: Feasible / Total: 1669576 / 1793614
[2023-10-03 21:13:41.226] [info] #13: Feasible / Total: 1669576 / 1793614
[2023-10-03 21:13:41.227] [info] Graph is not D-reducible.
[2023-10-03 21:13:41.762] [info] Started C-reducibility check
[2023-10-03 22:47:15.927] [info] Trying 362152050 possible contractions
[2023-10-03 22:47:15.927] [info] [0/362152050] Starting contraction of size 1
[2023-10-03 22:48:11.090] [info] All colors passed! Contracted: 56
[2023-10-03 22:48:11.091] [info] Graph is C-reducible!
