[2023-10-03 15:49:02.137] [info] Kempe type: Projective
[2023-10-03 15:49:02.137] [info] Vertex size: 35, Edge size: 60, Ring size: 15
[2023-10-03 15:49:05.649] [info] Started D-reducibility check
[2023-10-03 15:49:05.649] [info] #1: Feasible / Total: 55519 / 597871
[2023-10-03 15:55:05.652] [info] #2: Feasible / Total: 78511 / 597871
[2023-10-03 15:58:02.688] [info] #3: Feasible / Total: 91610 / 597871
[2023-10-03 16:00:04.970] [info] #4: Feasible / Total: 102399 / 597871
[2023-10-03 16:02:08.466] [info] #5: Feasible / Total: 114687 / 597871
[2023-10-03 16:04:16.722] [info] #6: Feasible / Total: 130559 / 597871
[2023-10-03 16:07:01.822] [info] #7: Feasible / Total: 153782 / 597871
[2023-10-03 16:10:18.946] [info] #8: Feasible / Total: 187034 / 597871
[2023-10-03 16:13:46.599] [info] #9: Feasible / Total: 230820 / 597871
[2023-10-03 16:17:39.326] [info] #10: Feasible / Total: 290615 / 597871
[2023-10-03 16:20:38.321] [info] #11: Feasible / Total: 353238 / 597871
[2023-10-03 16:21:08.559] [info] #12: Feasible / Total: 378760 / 597871
[2023-10-03 16:21:12.730] [info] #13: Feasible / Total: 380395 / 597871
[2023-10-03 16:21:16.102] [info] #13: Feasible / Total: 380395 / 597871
[2023-10-03 16:21:16.103] [info] Graph is not D-reducible.
[2023-10-03 16:21:16.199] [info] Started C-reducibility check
[2023-10-03 16:26:32.851] [info] Trying 65696799 possible contractions
[2023-10-03 16:26:32.851] [info] [0/65696799] Starting contraction of size 1
[2023-10-03 16:27:18.786] [info] All colors passed! Contracted: 46
[2023-10-03 16:27:18.787] [info] Graph is C-reducible!
