[2023-10-02 09:49:22.689] [info] Kempe type: Projective
[2023-10-02 09:49:22.691] [info] Vertex size: 31, Edge size: 53, Ring size: 13
[2023-10-02 09:49:23.058] [info] Started D-reducibility check
[2023-10-02 09:49:23.058] [info] #1: Feasible / Total: 9482 / 66430
[2023-10-02 09:49:30.743] [info] #2: Feasible / Total: 15441 / 66430
[2023-10-02 09:49:34.511] [info] #3: Feasible / Total: 20245 / 66430
[2023-10-02 09:49:38.385] [info] #4: Feasible / Total: 26116 / 66430
[2023-10-02 09:49:42.877] [info] #5: Feasible / Total: 34347 / 66430
[2023-10-02 09:49:47.099] [info] #6: Feasible / Total: 44817 / 66430
[2023-10-02 09:49:47.902] [info] #7: Feasible / Total: 49671 / 66430
[2023-10-02 09:49:48.025] [info] #8: Feasible / Total: 49704 / 66430
[2023-10-02 09:49:48.250] [info] #9: Feasible / Total: 49710 / 66430
[2023-10-02 09:49:48.483] [info] #10: Feasible / Total: 49711 / 66430
[2023-10-02 09:49:48.691] [info] #10: Feasible / Total: 49711 / 66430
[2023-10-02 09:49:48.691] [info] Graph is not D-reducible.
[2023-10-02 09:49:48.711] [info] Started C-reducibility check
[2023-10-02 09:50:25.974] [info] Trying 1197840 possible contractions
[2023-10-02 09:50:25.974] [info] [0/1197840] Starting contraction of size 1
[2023-10-02 09:50:27.020] [info] All colors passed! Contracted: 46
[2023-10-02 09:50:27.020] [info] Graph is C-reducible!
