[2023-10-02 21:50:37.653] [info] Kempe type: Projective
[2023-10-02 21:50:37.662] [info] Vertex size: 31, Edge size: 53, Ring size: 13
[2023-10-02 21:50:38.123] [info] Started D-reducibility check
[2023-10-02 21:50:38.123] [info] #1: Feasible / Total: 8757 / 66430
[2023-10-02 21:50:49.426] [info] #2: Feasible / Total: 14222 / 66430
[2023-10-02 21:50:53.617] [info] #3: Feasible / Total: 17820 / 66430
[2023-10-02 21:50:58.004] [info] #4: Feasible / Total: 22156 / 66430
[2023-10-02 21:51:02.729] [info] #5: Feasible / Total: 27421 / 66430
[2023-10-02 21:51:09.458] [info] #6: Feasible / Total: 32811 / 66430
[2023-10-02 21:51:12.465] [info] #7: Feasible / Total: 36800 / 66430
[2023-10-02 21:51:13.837] [info] #8: Feasible / Total: 38069 / 66430
[2023-10-02 21:51:14.268] [info] #9: Feasible / Total: 38358 / 66430
[2023-10-02 21:51:14.740] [info] #10: Feasible / Total: 38455 / 66430
[2023-10-02 21:51:15.066] [info] #11: Feasible / Total: 38549 / 66430
[2023-10-02 21:51:15.318] [info] #12: Feasible / Total: 38576 / 66430
[2023-10-02 21:51:15.654] [info] #13: Feasible / Total: 38577 / 66430
[2023-10-02 21:51:15.853] [info] #13: Feasible / Total: 38577 / 66430
[2023-10-02 21:51:15.853] [info] Graph is not D-reducible.
[2023-10-02 21:51:15.862] [info] Started C-reducibility check
[2023-10-02 21:51:59.436] [info] Trying 1197462 possible contractions
[2023-10-02 21:51:59.438] [info] [0/1197462] Starting contraction of size 1
[2023-10-02 21:52:07.613] [info] [40/1197462] Starting contraction of size 2
[2023-10-02 21:54:55.322] [info] [753/1197462] Starting contraction of size 3
[2023-10-02 22:12:24.063] [info] [8253/1197462] Starting contraction of size 4
[2023-10-02 22:19:41.221] [info] All colors passed! Contracted: 19, 25, 37, 46
[2023-10-02 22:19:41.221] [info] Graph is C-reducible!
