[2023-09-30 15:10:14.008] [info] Kempe type: Projective
[2023-09-30 15:10:14.009] [info] Vertex size: 33, Edge size: 56, Ring size: 13
[2023-09-30 15:10:14.979] [info] Started D-reducibility check
[2023-09-30 15:10:14.979] [info] #1: Feasible / Total: 11201 / 66430
[2023-09-30 15:10:34.698] [info] #2: Feasible / Total: 17843 / 66430
[2023-09-30 15:10:46.013] [info] #3: Feasible / Total: 25929 / 66430
[2023-09-30 15:10:54.525] [info] #4: Feasible / Total: 36579 / 66430
[2023-09-30 15:10:58.719] [info] #5: Feasible / Total: 43641 / 66430
[2023-09-30 15:11:00.130] [info] #6: Feasible / Total: 44749 / 66430
[2023-09-30 15:11:00.953] [info] #7: Feasible / Total: 45199 / 66430
[2023-09-30 15:11:01.449] [info] #8: Feasible / Total: 45391 / 66430
[2023-09-30 15:11:01.763] [info] #9: Feasible / Total: 45429 / 66430
[2023-09-30 15:11:02.043] [info] #10: Feasible / Total: 45440 / 66430
[2023-09-30 15:11:02.319] [info] #10: Feasible / Total: 45440 / 66430
[2023-09-30 15:11:02.319] [info] Graph is not D-reducible.
[2023-09-30 15:11:02.348] [info] Started C-reducibility check
[2023-09-30 15:13:04.125] [info] Trying 2029542 possible contractions
[2023-09-30 15:13:04.125] [info] [0/2029542] Starting contraction of size 1
[2023-09-30 15:13:19.570] [info] [43/2029542] Starting contraction of size 2
[2023-09-30 15:16:46.560] [info] [873/2029542] Starting contraction of size 3
[2023-09-30 15:23:32.128] [info] All colors passed! Contracted: 20, 24, 30
[2023-09-30 15:23:32.128] [info] Graph is C-reducible!
