[2023-09-30 16:50:13.064] [info] Kempe type: Projective
[2023-09-30 16:50:13.064] [info] Vertex size: 29, Edge size: 50, Ring size: 13
[2023-09-30 16:50:13.904] [info] Started D-reducibility check
[2023-09-30 16:50:13.904] [info] #1: Feasible / Total: 8471 / 66430
[2023-09-30 16:50:29.750] [info] #2: Feasible / Total: 11660 / 66430
[2023-09-30 16:50:34.227] [info] #3: Feasible / Total: 12909 / 66430
[2023-09-30 16:50:37.459] [info] #4: Feasible / Total: 13815 / 66430
[2023-09-30 16:50:40.029] [info] #5: Feasible / Total: 14750 / 66430
[2023-09-30 16:50:42.206] [info] #6: Feasible / Total: 15687 / 66430
[2023-09-30 16:50:44.201] [info] #7: Feasible / Total: 16678 / 66430
[2023-09-30 16:50:46.441] [info] #8: Feasible / Total: 17686 / 66430
[2023-09-30 16:50:48.716] [info] #9: Feasible / Total: 18866 / 66430
[2023-09-30 16:50:51.212] [info] #10: Feasible / Total: 20429 / 66430
[2023-09-30 16:50:54.409] [info] #11: Feasible / Total: 22459 / 66430
[2023-09-30 16:50:58.394] [info] #12: Feasible / Total: 25388 / 66430
[2023-09-30 16:51:03.101] [info] #13: Feasible / Total: 29188 / 66430
[2023-09-30 16:51:08.939] [info] #14: Feasible / Total: 34676 / 66430
[2023-09-30 16:51:14.450] [info] #15: Feasible / Total: 40197 / 66430
[2023-09-30 16:51:17.213] [info] #16: Feasible / Total: 42854 / 66430
[2023-09-30 16:51:18.129] [info] #17: Feasible / Total: 43364 / 66430
[2023-09-30 16:51:18.584] [info] #18: Feasible / Total: 43418 / 66430
[2023-09-30 16:51:18.891] [info] #18: Feasible / Total: 43418 / 66430
[2023-09-30 16:51:18.891] [info] Graph is not D-reducible.
[2023-09-30 16:51:18.912] [info] Started C-reducibility check
[2023-09-30 16:51:31.975] [info] Trying 678912 possible contractions
[2023-09-30 16:51:31.975] [info] [0/678912] Starting contraction of size 1
[2023-09-30 16:51:40.549] [info] [37/678912] Starting contraction of size 2
[2023-09-30 16:53:11.261] [info] [642/678912] Starting contraction of size 3
[2023-09-30 17:02:18.692] [info] [6426/678912] Starting contraction of size 4
[2023-09-30 17:44:10.438] [info] [42516/678912] Starting contraction of size 5
[2023-09-30 20:12:41.960] [info] [198165/678912] Starting contraction of size 6
[2023-09-30 21:45:22.193] [info] All colors passed! Contracted: 24, 25, 26, 30, 34, 44
[2023-09-30 21:45:22.193] [info] Graph is C-reducible!
