[2023-10-04 20:51:57.168] [info] Kempe type: Projective
[2023-10-04 20:51:57.170] [info] Vertex size: 34, Edge size: 58, Ring size: 14
[2023-10-04 20:52:03.529] [info] Started D-reducibility check
[2023-10-04 20:52:03.529] [info] #1: Feasible / Total: 22286 / 199291
[2023-10-04 20:53:55.884] [info] #2: Feasible / Total: 30129 / 199291
[2023-10-04 20:54:19.329] [info] #3: Feasible / Total: 34384 / 199291
[2023-10-04 20:54:38.233] [info] #4: Feasible / Total: 37157 / 199291
[2023-10-04 20:54:50.367] [info] #5: Feasible / Total: 38991 / 199291
[2023-10-04 20:55:01.093] [info] #6: Feasible / Total: 40434 / 199291
[2023-10-04 20:55:11.167] [info] #7: Feasible / Total: 41573 / 199291
[2023-10-04 20:55:20.189] [info] #8: Feasible / Total: 42372 / 199291
[2023-10-04 20:55:28.343] [info] #9: Feasible / Total: 42976 / 199291
[2023-10-04 20:55:33.879] [info] #10: Feasible / Total: 43512 / 199291
[2023-10-04 20:55:40.517] [info] #11: Feasible / Total: 44031 / 199291
[2023-10-04 20:55:47.129] [info] #12: Feasible / Total: 44603 / 199291
[2023-10-04 20:55:55.553] [info] #13: Feasible / Total: 45339 / 199291
[2023-10-04 20:56:02.713] [info] #14: Feasible / Total: 45935 / 199291
[2023-10-04 20:56:10.098] [info] #15: Feasible / Total: 46591 / 199291
[2023-10-04 20:56:17.426] [info] #16: Feasible / Total: 47516 / 199291
[2023-10-04 20:56:25.258] [info] #17: Feasible / Total: 48493 / 199291
[2023-10-04 20:56:32.485] [info] #18: Feasible / Total: 49387 / 199291
[2023-10-04 20:56:40.969] [info] #19: Feasible / Total: 50287 / 199291
[2023-10-04 20:56:49.515] [info] #20: Feasible / Total: 51241 / 199291
[2023-10-04 20:56:58.371] [info] #21: Feasible / Total: 52302 / 199291
[2023-10-04 20:57:06.383] [info] #22: Feasible / Total: 53224 / 199291
[2023-10-04 20:57:13.284] [info] #23: Feasible / Total: 54104 / 199291
[2023-10-04 20:57:19.835] [info] #24: Feasible / Total: 54976 / 199291
[2023-10-04 20:57:31.346] [info] #25: Feasible / Total: 56137 / 199291
[2023-10-04 20:57:43.336] [info] #26: Feasible / Total: 57910 / 199291
[2023-10-04 20:57:55.671] [info] #27: Feasible / Total: 60461 / 199291
[2023-10-04 20:58:10.352] [info] #28: Feasible / Total: 63269 / 199291
[2023-10-04 20:58:23.834] [info] #29: Feasible / Total: 66146 / 199291
[2023-10-04 20:58:39.059] [info] #30: Feasible / Total: 69642 / 199291
[2023-10-04 20:58:57.731] [info] #31: Feasible / Total: 73866 / 199291
[2023-10-04 20:59:16.997] [info] #32: Feasible / Total: 79215 / 199291
[2023-10-04 20:59:50.013] [info] #33: Feasible / Total: 86964 / 199291
[2023-10-04 21:00:24.891] [info] #34: Feasible / Total: 98515 / 199291
[2023-10-04 21:01:01.249] [info] #35: Feasible / Total: 112846 / 199291
[2023-10-04 21:01:30.854] [info] #36: Feasible / Total: 126599 / 199291
[2023-10-04 21:01:38.565] [info] #37: Feasible / Total: 131164 / 199291
[2023-10-04 21:01:40.398] [info] #38: Feasible / Total: 131341 / 199291
[2023-10-04 21:01:41.777] [info] #38: Feasible / Total: 131341 / 199291
[2023-10-04 21:01:41.778] [info] Graph is not D-reducible.
[2023-10-04 21:01:41.832] [info] Started C-reducibility check
[2023-10-04 21:07:00.865] [info] Trying 48382834 possible contractions
[2023-10-04 21:07:00.865] [info] [0/48382834] Starting contraction of size 1
[2023-10-04 21:07:03.318] [info] All colors passed! Contracted: 33
[2023-10-04 21:07:03.318] [info] Graph is C-reducible!
