[2023-10-02 12:25:42.516] [info] Kempe type: Projective
[2023-10-02 12:25:42.530] [info] Vertex size: 29, Edge size: 50, Ring size: 13
[2023-10-02 12:25:43.588] [info] Started D-reducibility check
[2023-10-02 12:25:43.588] [info] #1: Feasible / Total: 8639 / 66430
[2023-10-02 12:25:57.798] [info] #2: Feasible / Total: 11265 / 66430
[2023-10-02 12:26:01.466] [info] #3: Feasible / Total: 12334 / 66430
[2023-10-02 12:26:03.986] [info] #4: Feasible / Total: 13186 / 66430
[2023-10-02 12:26:06.597] [info] #5: Feasible / Total: 13997 / 66430
[2023-10-02 12:26:08.438] [info] #6: Feasible / Total: 14793 / 66430
[2023-10-02 12:26:10.731] [info] #7: Feasible / Total: 15834 / 66430
[2023-10-02 12:26:13.857] [info] #8: Feasible / Total: 17444 / 66430
[2023-10-02 12:26:18.070] [info] #9: Feasible / Total: 19938 / 66430
[2023-10-02 12:26:23.857] [info] #10: Feasible / Total: 24250 / 66430
[2023-10-02 12:26:29.762] [info] #11: Feasible / Total: 30274 / 66430
[2023-10-02 12:26:33.887] [info] #12: Feasible / Total: 35735 / 66430
[2023-10-02 12:26:34.927] [info] #13: Feasible / Total: 36736 / 66430
[2023-10-02 12:26:35.426] [info] #14: Feasible / Total: 36787 / 66430
[2023-10-02 12:26:35.895] [info] #15: Feasible / Total: 36805 / 66430
[2023-10-02 12:26:36.330] [info] #16: Feasible / Total: 36810 / 66430
[2023-10-02 12:26:36.751] [info] #17: Feasible / Total: 36813 / 66430
[2023-10-02 12:26:37.159] [info] #17: Feasible / Total: 36813 / 66430
[2023-10-02 12:26:37.166] [info] Graph is not D-reducible.
[2023-10-02 12:26:37.188] [info] Started C-reducibility check
[2023-10-02 12:26:50.638] [info] Trying 678904 possible contractions
[2023-10-02 12:26:50.638] [info] [0/678904] Starting contraction of size 1
[2023-10-02 12:26:52.538] [info] All colors passed! Contracted: 37
[2023-10-02 12:26:52.538] [info] Graph is C-reducible!
