[2023-10-02 21:50:37.611] [info] Kempe type: Projective
[2023-10-02 21:50:37.614] [info] Vertex size: 37, Edge size: 63, Ring size: 15
[2023-10-02 21:50:42.184] [info] Started D-reducibility check
[2023-10-02 21:50:42.184] [info] #1: Feasible / Total: 60438 / 597871
[2023-10-02 22:02:21.079] [info] #2: Feasible / Total: 130991 / 597871
[2023-10-02 22:07:09.556] [info] #3: Feasible / Total: 180815 / 597871
[2023-10-02 22:11:30.113] [info] #4: Feasible / Total: 233536 / 597871
[2023-10-02 22:16:17.480] [info] #5: Feasible / Total: 311785 / 597871
[2023-10-02 22:19:55.027] [info] #6: Feasible / Total: 409910 / 597871
[2023-10-02 22:20:52.766] [info] #7: Feasible / Total: 452575 / 597871
[2023-10-02 22:21:04.177] [info] #8: Feasible / Total: 456876 / 597871
[2023-10-02 22:21:11.176] [info] #9: Feasible / Total: 458786 / 597871
[2023-10-02 22:21:14.301] [info] #10: Feasible / Total: 459337 / 597871
[2023-10-02 22:21:16.188] [info] #11: Feasible / Total: 459450 / 597871
[2023-10-02 22:21:18.091] [info] #12: Feasible / Total: 459451 / 597871
[2023-10-02 22:21:20.857] [info] #12: Feasible / Total: 459451 / 597871
[2023-10-02 22:21:20.857] [info] Graph is not D-reducible.
[2023-10-02 22:21:20.966] [info] Started C-reducibility check
[2023-10-02 22:37:13.980] [info] Trying 4615620 possible contractions
[2023-10-02 22:37:13.980] [info] [0/4615620] Starting contraction of size 1
[2023-10-02 22:39:07.426] [info] All colors passed! Contracted: 24
[2023-10-02 22:39:07.426] [info] Graph is C-reducible!
