[2023-10-02 19:57:05.310] [info] Kempe type: Projective
[2023-10-02 19:57:05.334] [info] Vertex size: 32, Edge size: 55, Ring size: 14
[2023-10-02 19:57:08.052] [info] Started D-reducibility check
[2023-10-02 19:57:08.052] [info] #1: Feasible / Total: 22221 / 199291
[2023-10-02 19:58:06.137] [info] #2: Feasible / Total: 38368 / 199291
[2023-10-02 19:58:33.273] [info] #3: Feasible / Total: 47041 / 199291
[2023-10-02 19:58:52.989] [info] #4: Feasible / Total: 54258 / 199291
[2023-10-02 19:59:15.118] [info] #5: Feasible / Total: 62098 / 199291
[2023-10-02 19:59:46.458] [info] #6: Feasible / Total: 73323 / 199291
[2023-10-02 20:00:14.748] [info] #7: Feasible / Total: 90243 / 199291
[2023-10-02 20:00:48.424] [info] #8: Feasible / Total: 112613 / 199291
[2023-10-02 20:01:30.299] [info] #9: Feasible / Total: 144674 / 199291
[2023-10-02 20:01:51.745] [info] #10: Feasible / Total: 186874 / 199291
[2023-10-02 20:01:52.515] [info] #11: Feasible / Total: 191605 / 199291
[2023-10-02 20:01:52.585] [info] #11: Feasible / Total: 191605 / 199291
[2023-10-02 20:01:52.585] [info] Graph is not D-reducible.
[2023-10-02 20:01:52.636] [info] Started C-reducibility check
[2023-10-02 20:02:51.900] [info] Trying 1463202 possible contractions
[2023-10-02 20:02:51.900] [info] [0/1463202] Starting contraction of size 1
[2023-10-02 20:02:52.237] [info] All colors passed! Contracted: 16
[2023-10-02 20:02:52.237] [info] Graph is C-reducible!
