[2023-10-02 09:49:22.675] [info] Kempe type: Projective
[2023-10-02 09:49:22.676] [info] Vertex size: 31, Edge size: 53, Ring size: 13
[2023-10-02 09:49:23.434] [info] Started D-reducibility check
[2023-10-02 09:49:23.434] [info] #1: Feasible / Total: 9555 / 66430
[2023-10-02 09:49:55.717] [info] #2: Feasible / Total: 14043 / 66430
[2023-10-02 09:50:12.035] [info] #3: Feasible / Total: 17322 / 66430
[2023-10-02 09:50:26.670] [info] #4: Feasible / Total: 20888 / 66430
[2023-10-02 09:50:46.595] [info] #5: Feasible / Total: 26515 / 66430
[2023-10-02 09:51:06.297] [info] #6: Feasible / Total: 34955 / 66430
[2023-10-02 09:51:22.403] [info] #7: Feasible / Total: 43922 / 66430
[2023-10-02 09:51:27.333] [info] #8: Feasible / Total: 47976 / 66430
[2023-10-02 09:51:27.935] [info] #9: Feasible / Total: 48117 / 66430
[2023-10-02 09:51:28.473] [info] #10: Feasible / Total: 48120 / 66430
[2023-10-02 09:51:29.009] [info] #10: Feasible / Total: 48120 / 66430
[2023-10-02 09:51:29.009] [info] Graph is not D-reducible.
[2023-10-02 09:51:29.042] [info] Started C-reducibility check
[2023-10-02 09:52:47.538] [info] Trying 1197455 possible contractions
[2023-10-02 09:52:47.538] [info] [0/1197455] Starting contraction of size 1
[2023-10-02 09:53:03.687] [info] [40/1197455] Starting contraction of size 2
[2023-10-02 09:56:57.999] [info] [753/1197455] Starting contraction of size 3
[2023-10-02 10:22:56.629] [info] [8253/1197455] Starting contraction of size 4
[2023-10-02 11:54:27.840] [info] [60270/1197455] Starting contraction of size 5
[2023-10-02 12:31:49.084] [info] All colors passed! Contracted: 30, 32, 34, 44, 49
[2023-10-02 12:31:49.085] [info] Graph is C-reducible!
