[2023-10-03 17:50:33.161] [info] Kempe type: Projective
[2023-10-03 17:50:33.194] [info] Vertex size: 34, Edge size: 58, Ring size: 14
[2023-10-03 17:50:38.326] [info] Started D-reducibility check
[2023-10-03 17:50:38.326] [info] #1: Feasible / Total: 24960 / 199291
[2023-10-03 17:52:38.179] [info] #2: Feasible / Total: 37221 / 199291
[2023-10-03 17:53:56.236] [info] #3: Feasible / Total: 49835 / 199291
[2023-10-03 17:55:33.605] [info] #4: Feasible / Total: 69154 / 199291
[2023-10-03 17:57:46.463] [info] #5: Feasible / Total: 101938 / 199291
[2023-10-03 17:59:42.401] [info] #6: Feasible / Total: 157158 / 199291
[2023-10-03 18:00:09.321] [info] #7: Feasible / Total: 179514 / 199291
[2023-10-03 18:00:10.266] [info] #8: Feasible / Total: 179726 / 199291
[2023-10-03 18:00:10.813] [info] #8: Feasible / Total: 179726 / 199291
[2023-10-03 18:00:10.813] [info] Graph is not D-reducible.
[2023-10-03 18:00:10.923] [info] Started C-reducibility check
[2023-10-03 18:06:53.231] [info] Trying 48585758 possible contractions
[2023-10-03 18:06:53.231] [info] [0/48585758] Starting contraction of size 1
[2023-10-03 18:07:37.785] [info] [44/48585758] Starting contraction of size 2
[2023-10-03 18:20:01.354] [info] [916/48585758] Starting contraction of size 3
[2023-10-03 18:21:48.939] [info] All colors passed! Contracted: 15, 19, 55
[2023-10-03 18:21:48.940] [info] Graph is C-reducible!
