[2023-09-30 15:10:14.027] [info] Kempe type: Projective
[2023-09-30 15:10:14.027] [info] Vertex size: 33, Edge size: 56, Ring size: 13
[2023-09-30 15:10:14.559] [info] Started D-reducibility check
[2023-09-30 15:10:14.559] [info] #1: Feasible / Total: 11619 / 66430
[2023-09-30 15:10:24.929] [info] #2: Feasible / Total: 21759 / 66430
[2023-09-30 15:10:31.720] [info] #3: Feasible / Total: 32711 / 66430
[2023-09-30 15:10:36.677] [info] #4: Feasible / Total: 44224 / 66430
[2023-09-30 15:10:37.573] [info] #5: Feasible / Total: 46995 / 66430
[2023-09-30 15:10:37.931] [info] #6: Feasible / Total: 47489 / 66430
[2023-09-30 15:10:38.225] [info] #7: Feasible / Total: 47737 / 66430
[2023-09-30 15:10:38.564] [info] #8: Feasible / Total: 48024 / 66430
[2023-09-30 15:10:38.781] [info] #9: Feasible / Total: 48139 / 66430
[2023-09-30 15:10:38.978] [info] #10: Feasible / Total: 48155 / 66430
[2023-09-30 15:10:39.107] [info] #11: Feasible / Total: 48162 / 66430
[2023-09-30 15:10:39.338] [info] #11: Feasible / Total: 48162 / 66430
[2023-09-30 15:10:39.338] [info] Graph is not D-reducible.
[2023-09-30 15:10:39.348] [info] Started C-reducibility check
[2023-09-30 15:12:32.041] [info] Trying 2029594 possible contractions
[2023-09-30 15:12:32.041] [info] [0/2029594] Starting contraction of size 1
[2023-09-30 15:12:42.461] [info] All colors passed! Contracted: 22
[2023-09-30 15:12:42.461] [info] Graph is C-reducible!
