[2023-09-30 16:28:17.916] [info] Kempe type: Projective
[2023-09-30 16:28:17.916] [info] Vertex size: 31, Edge size: 53, Ring size: 13
[2023-09-30 16:28:18.626] [info] Started D-reducibility check
[2023-09-30 16:28:18.626] [info] #1: Feasible / Total: 9427 / 66430
[2023-09-30 16:28:24.200] [info] #2: Feasible / Total: 11297 / 66430
[2023-09-30 16:28:25.692] [info] #3: Feasible / Total: 12373 / 66430
[2023-09-30 16:28:27.273] [info] #4: Feasible / Total: 13412 / 66430
[2023-09-30 16:28:28.902] [info] #5: Feasible / Total: 14497 / 66430
[2023-09-30 16:28:30.215] [info] #6: Feasible / Total: 15641 / 66430
[2023-09-30 16:28:31.121] [info] #7: Feasible / Total: 16633 / 66430
[2023-09-30 16:28:32.021] [info] #8: Feasible / Total: 17574 / 66430
[2023-09-30 16:28:32.833] [info] #9: Feasible / Total: 18343 / 66430
[2023-09-30 16:28:33.479] [info] #10: Feasible / Total: 19009 / 66430
[2023-09-30 16:28:34.202] [info] #11: Feasible / Total: 19804 / 66430
[2023-09-30 16:28:34.936] [info] #12: Feasible / Total: 20609 / 66430
[2023-09-30 16:28:35.721] [info] #13: Feasible / Total: 21405 / 66430
[2023-09-30 16:28:36.741] [info] #14: Feasible / Total: 22342 / 66430
[2023-09-30 16:28:37.669] [info] #15: Feasible / Total: 23543 / 66430
[2023-09-30 16:28:38.916] [info] #16: Feasible / Total: 25167 / 66430
[2023-09-30 16:28:40.484] [info] #17: Feasible / Total: 27190 / 66430
[2023-09-30 16:28:41.596] [info] #18: Feasible / Total: 29023 / 66430
[2023-09-30 16:28:42.388] [info] #19: Feasible / Total: 30345 / 66430
[2023-09-30 16:28:42.791] [info] #20: Feasible / Total: 30941 / 66430
[2023-09-30 16:28:43.102] [info] #21: Feasible / Total: 31068 / 66430
[2023-09-30 16:28:43.444] [info] #22: Feasible / Total: 31080 / 66430
[2023-09-30 16:28:43.942] [info] #22: Feasible / Total: 31080 / 66430
[2023-09-30 16:28:43.942] [info] Graph is not D-reducible.
[2023-09-30 16:28:43.964] [info] Started C-reducibility check
[2023-09-30 16:29:18.081] [info] Trying 1202927 possible contractions
[2023-09-30 16:29:18.081] [info] [0/1202927] Starting contraction of size 1
[2023-09-30 16:29:27.399] [info] [40/1202927] Starting contraction of size 2
[2023-09-30 16:29:28.021] [info] All colors passed! Contracted: 27, 33
[2023-09-30 16:29:28.021] [info] Graph is C-reducible!
