[2023-10-02 23:43:09.730] [info] Kempe type: Projective
[2023-10-02 23:43:09.762] [info] Vertex size: 35, Edge size: 60, Ring size: 15
[2023-10-02 23:43:21.129] [info] Started D-reducibility check
[2023-10-02 23:43:21.150] [info] #1: Feasible / Total: 55510 / 597871
[2023-10-02 23:51:04.972] [info] #2: Feasible / Total: 75620 / 597871
[2023-10-02 23:53:37.105] [info] #3: Feasible / Total: 85207 / 597871
[2023-10-02 23:55:12.547] [info] #4: Feasible / Total: 94109 / 597871
[2023-10-02 23:56:23.415] [info] #5: Feasible / Total: 101003 / 597871
[2023-10-02 23:57:05.004] [info] #6: Feasible / Total: 104545 / 597871
[2023-10-02 23:57:33.241] [info] #7: Feasible / Total: 106639 / 597871
[2023-10-02 23:58:00.045] [info] #8: Feasible / Total: 108113 / 597871
[2023-10-02 23:58:20.296] [info] #9: Feasible / Total: 109330 / 597871
[2023-10-02 23:58:40.765] [info] #10: Feasible / Total: 110375 / 597871
[2023-10-02 23:59:01.366] [info] #11: Feasible / Total: 111571 / 597871
[2023-10-02 23:59:21.553] [info] #12: Feasible / Total: 112804 / 597871
[2023-10-02 23:59:39.688] [info] #13: Feasible / Total: 113941 / 597871
[2023-10-02 23:59:58.088] [info] #14: Feasible / Total: 114888 / 597871
[2023-10-03 00:00:18.136] [info] #15: Feasible / Total: 115945 / 597871
[2023-10-03 00:00:35.973] [info] #16: Feasible / Total: 117083 / 597871
[2023-10-03 00:00:54.124] [info] #17: Feasible / Total: 118253 / 597871
[2023-10-03 00:01:11.966] [info] #18: Feasible / Total: 119626 / 597871
[2023-10-03 00:01:32.205] [info] #19: Feasible / Total: 121031 / 597871
[2023-10-03 00:01:51.822] [info] #20: Feasible / Total: 122453 / 597871
[2023-10-03 00:02:13.315] [info] #21: Feasible / Total: 124192 / 597871
[2023-10-03 00:02:34.804] [info] #22: Feasible / Total: 126067 / 597871
[2023-10-03 00:02:55.911] [info] #23: Feasible / Total: 127425 / 597871
[2023-10-03 00:03:15.796] [info] #24: Feasible / Total: 128414 / 597871
[2023-10-03 00:03:33.486] [info] #25: Feasible / Total: 129283 / 597871
[2023-10-03 00:03:51.226] [info] #26: Feasible / Total: 130109 / 597871
[2023-10-03 00:04:07.967] [info] #27: Feasible / Total: 130798 / 597871
[2023-10-03 00:04:23.234] [info] #28: Feasible / Total: 131310 / 597871
[2023-10-03 00:04:39.498] [info] #29: Feasible / Total: 131775 / 597871
[2023-10-03 00:04:57.804] [info] #30: Feasible / Total: 132324 / 597871
[2023-10-03 00:05:15.319] [info] #31: Feasible / Total: 133110 / 597871
[2023-10-03 00:05:32.496] [info] #32: Feasible / Total: 133920 / 597871
[2023-10-03 00:05:48.822] [info] #33: Feasible / Total: 134689 / 597871
[2023-10-03 00:06:05.632] [info] #34: Feasible / Total: 135258 / 597871
[2023-10-03 00:06:22.464] [info] #35: Feasible / Total: 136006 / 597871
[2023-10-03 00:06:41.405] [info] #36: Feasible / Total: 137128 / 597871
[2023-10-03 00:07:03.498] [info] #37: Feasible / Total: 138411 / 597871
[2023-10-03 00:07:27.461] [info] #38: Feasible / Total: 139740 / 597871
[2023-10-03 00:07:52.212] [info] #39: Feasible / Total: 141133 / 597871
[2023-10-03 00:08:18.065] [info] #40: Feasible / Total: 142782 / 597871
[2023-10-03 00:08:48.008] [info] #41: Feasible / Total: 144830 / 597871
[2023-10-03 00:09:21.217] [info] #42: Feasible / Total: 147663 / 597871
[2023-10-03 00:10:02.526] [info] #43: Feasible / Total: 151619 / 597871
[2023-10-03 00:10:59.341] [info] #44: Feasible / Total: 157639 / 597871
[2023-10-03 00:12:25.013] [info] #45: Feasible / Total: 167475 / 597871
[2023-10-03 00:14:18.056] [info] #46: Feasible / Total: 181064 / 597871
[2023-10-03 00:16:51.890] [info] #47: Feasible / Total: 200252 / 597871
[2023-10-03 00:20:02.426] [info] #48: Feasible / Total: 229420 / 597871
[2023-10-03 00:24:04.081] [info] #49: Feasible / Total: 272541 / 597871
[2023-10-03 00:28:08.247] [info] #50: Feasible / Total: 331094 / 597871
[2023-10-03 00:31:43.914] [info] #51: Feasible / Total: 407841 / 597871
[2023-10-03 00:32:48.840] [info] #52: Feasible / Total: 446288 / 597871
[2023-10-03 00:32:51.782] [info] #53: Feasible / Total: 446569 / 597871
[2023-10-03 00:32:54.100] [info] #53: Feasible / Total: 446569 / 597871
[2023-10-03 00:32:54.100] [info] Graph is not D-reducible.
[2023-10-03 00:32:54.198] [info] Started C-reducibility check
[2023-10-03 00:38:27.086] [info] Trying 2913298 possible contractions
[2023-10-03 00:38:27.086] [info] [0/2913298] Starting contraction of size 1
[2023-10-03 00:40:33.671] [info] [45/2913298] Starting contraction of size 2
[2023-10-03 01:10:34.622] [info] [960/2913298] Starting contraction of size 3
[2023-10-03 03:54:02.874] [info] All colors passed! Contracted: 21, 47, 50
[2023-10-03 03:54:02.874] [info] Graph is C-reducible!
