[2023-10-02 21:50:37.633] [info] Kempe type: Projective
[2023-10-02 21:50:37.642] [info] Vertex size: 30, Edge size: 51, Ring size: 12
[2023-10-02 21:50:38.016] [info] Started D-reducibility check
[2023-10-02 21:50:38.016] [info] #1: Feasible / Total: 4307 / 22144
[2023-10-02 21:50:40.484] [info] #2: Feasible / Total: 6067 / 22144
[2023-10-02 21:50:41.068] [info] #3: Feasible / Total: 7775 / 22144
[2023-10-02 21:50:41.615] [info] #4: Feasible / Total: 9808 / 22144
[2023-10-02 21:50:42.070] [info] #5: Feasible / Total: 11969 / 22144
[2023-10-02 21:50:42.289] [info] #6: Feasible / Total: 13020 / 22144
[2023-10-02 21:50:42.428] [info] #7: Feasible / Total: 13095 / 22144
[2023-10-02 21:50:42.486] [info] #8: Feasible / Total: 13096 / 22144
[2023-10-02 21:50:42.532] [info] #8: Feasible / Total: 13096 / 22144
[2023-10-02 21:50:42.532] [info] Graph is not D-reducible.
[2023-10-02 21:50:42.536] [info] Started C-reducibility check
[2023-10-02 21:51:03.473] [info] Trying 975616 possible contractions
[2023-10-02 21:51:03.473] [info] [0/975616] Starting contraction of size 1
[2023-10-02 21:51:07.113] [info] [39/975616] Starting contraction of size 2
[2023-10-02 21:52:27.924] [info] [714/975616] Starting contraction of size 3
[2023-10-02 22:01:11.496] [info] All colors passed! Contracted: 19, 38, 46
[2023-10-02 22:01:11.496] [info] Graph is C-reducible!
