[2023-09-30 14:55:36.195] [info] Kempe type: Projective
[2023-09-30 14:55:36.195] [info] Vertex size: 30, Edge size: 51, Ring size: 12
[2023-09-30 14:55:36.770] [info] Started D-reducibility check
[2023-09-30 14:55:36.770] [info] #1: Feasible / Total: 4436 / 22144
[2023-09-30 14:55:40.907] [info] #2: Feasible / Total: 6319 / 22144
[2023-09-30 14:55:42.939] [info] #3: Feasible / Total: 8581 / 22144
[2023-09-30 14:55:44.999] [info] #4: Feasible / Total: 11490 / 22144
[2023-09-30 14:55:45.942] [info] #5: Feasible / Total: 13535 / 22144
[2023-09-30 14:55:46.247] [info] #6: Feasible / Total: 13842 / 22144
[2023-09-30 14:55:46.451] [info] #7: Feasible / Total: 13898 / 22144
[2023-09-30 14:55:46.623] [info] #8: Feasible / Total: 13924 / 22144
[2023-09-30 14:55:46.752] [info] #9: Feasible / Total: 13934 / 22144
[2023-09-30 14:55:46.866] [info] #10: Feasible / Total: 13939 / 22144
[2023-09-30 14:55:47.019] [info] #11: Feasible / Total: 13940 / 22144
[2023-09-30 14:55:47.124] [info] #11: Feasible / Total: 13940 / 22144
[2023-09-30 14:55:47.124] [info] Graph is not D-reducible.
[2023-09-30 14:55:47.127] [info] Started C-reducibility check
[2023-09-30 14:56:20.617] [info] Trying 977687 possible contractions
[2023-09-30 14:56:20.617] [info] [0/977687] Starting contraction of size 1
[2023-09-30 14:56:21.166] [info] All colors passed! Contracted: 19
[2023-09-30 14:56:21.166] [info] Graph is C-reducible!
