[2023-10-03 17:50:33.297] [info] Kempe type: Projective
[2023-10-03 17:50:33.326] [info] Vertex size: 31, Edge size: 53, Ring size: 13
[2023-10-03 17:50:34.340] [info] Started D-reducibility check
[2023-10-03 17:50:34.340] [info] #1: Feasible / Total: 9889 / 66430
[2023-10-03 17:51:10.344] [info] #2: Feasible / Total: 12854 / 66430
[2023-10-03 17:51:24.676] [info] #3: Feasible / Total: 15383 / 66430
[2023-10-03 17:51:39.189] [info] #4: Feasible / Total: 18352 / 66430
[2023-10-03 17:51:55.860] [info] #5: Feasible / Total: 22549 / 66430
[2023-10-03 17:52:14.647] [info] #6: Feasible / Total: 29826 / 66430
[2023-10-03 17:52:37.654] [info] #7: Feasible / Total: 43740 / 66430
[2023-10-03 17:52:47.167] [info] #8: Feasible / Total: 56925 / 66430
[2023-10-03 17:52:47.505] [info] #9: Feasible / Total: 57870 / 66430
[2023-10-03 17:52:47.585] [info] #9: Feasible / Total: 57870 / 66430
[2023-10-03 17:52:47.586] [info] Graph is not D-reducible.
[2023-10-03 17:52:47.605] [info] Started C-reducibility check
[2023-10-03 17:54:18.807] [info] Trying 15258186 possible contractions
[2023-10-03 17:54:18.807] [info] [0/15258186] Starting contraction of size 1
[2023-10-03 17:54:36.278] [info] [40/15258186] Starting contraction of size 2
[2023-10-03 17:55:57.310] [info] All colors passed! Contracted: 18, 46
[2023-10-03 17:55:57.326] [info] Graph is C-reducible!
