[2023-10-01 00:58:46.408] [info] Kempe type: Projective
[2023-10-01 00:58:46.408] [info] Vertex size: 31, Edge size: 53, Ring size: 13
[2023-10-01 00:58:47.287] [info] Started D-reducibility check
[2023-10-01 00:58:47.287] [info] #1: Feasible / Total: 9835 / 66430
[2023-10-01 00:59:10.503] [info] #2: Feasible / Total: 14960 / 66430
[2023-10-01 00:59:21.491] [info] #3: Feasible / Total: 18826 / 66430
[2023-10-01 00:59:33.451] [info] #4: Feasible / Total: 23453 / 66430
[2023-10-01 00:59:48.723] [info] #5: Feasible / Total: 29959 / 66430
[2023-10-01 00:59:59.315] [info] #6: Feasible / Total: 36163 / 66430
[2023-10-01 01:00:09.769] [info] #7: Feasible / Total: 43514 / 66430
[2023-10-01 01:00:17.242] [info] #8: Feasible / Total: 55400 / 66430
[2023-10-01 01:00:18.165] [info] #9: Feasible / Total: 57541 / 66430
[2023-10-01 01:00:18.343] [info] #10: Feasible / Total: 57547 / 66430
[2023-10-01 01:00:18.525] [info] #10: Feasible / Total: 57547 / 66430
[2023-10-01 01:00:18.525] [info] Graph is not D-reducible.
[2023-10-01 01:00:18.554] [info] Started C-reducibility check
[2023-10-01 01:01:27.786] [info] Trying 1197464 possible contractions
[2023-10-01 01:01:27.786] [info] [0/1197464] Starting contraction of size 1
[2023-10-01 01:01:28.546] [info] All colors passed! Contracted: 22
[2023-10-01 01:01:28.554] [info] Graph is C-reducible!
