[2023-10-03 15:49:02.216] [info] Kempe type: Projective
[2023-10-03 15:49:02.234] [info] Vertex size: 34, Edge size: 58, Ring size: 14
[2023-10-03 15:49:03.970] [info] Started D-reducibility check
[2023-10-03 15:49:03.970] [info] #1: Feasible / Total: 22239 / 199291
[2023-10-03 15:49:52.366] [info] #2: Feasible / Total: 34563 / 199291
[2023-10-03 15:50:20.020] [info] #3: Feasible / Total: 41839 / 199291
[2023-10-03 15:50:40.611] [info] #4: Feasible / Total: 46819 / 199291
[2023-10-03 15:51:12.917] [info] #5: Feasible / Total: 53276 / 199291
[2023-10-03 15:52:04.049] [info] #6: Feasible / Total: 65229 / 199291
[2023-10-03 15:53:19.479] [info] #7: Feasible / Total: 88038 / 199291
[2023-10-03 15:54:39.889] [info] #8: Feasible / Total: 122408 / 199291
[2023-10-03 15:55:10.719] [info] #9: Feasible / Total: 148153 / 199291
[2023-10-03 15:55:16.998] [info] #10: Feasible / Total: 153692 / 199291
[2023-10-03 15:55:18.071] [info] #11: Feasible / Total: 153926 / 199291
[2023-10-03 15:55:19.827] [info] #12: Feasible / Total: 154349 / 199291
[2023-10-03 15:55:21.479] [info] #13: Feasible / Total: 154778 / 199291
[2023-10-03 15:55:22.761] [info] #14: Feasible / Total: 154862 / 199291
[2023-10-03 15:55:23.994] [info] #14: Feasible / Total: 154862 / 199291
[2023-10-03 15:55:23.994] [info] Graph is not D-reducible.
[2023-10-03 15:55:24.061] [info] Started C-reducibility check
[2023-10-03 16:01:00.771] [info] Trying 48583387 possible contractions
[2023-10-03 16:01:00.772] [info] [0/48583387] Starting contraction of size 1
[2023-10-03 16:01:01.566] [info] All colors passed! Contracted: 42
[2023-10-03 16:01:01.571] [info] Graph is C-reducible!
