[2023-10-03 17:50:32.858] [info] Kempe type: Projective
[2023-10-03 17:50:32.859] [info] Vertex size: 36, Edge size: 61, Ring size: 14
[2023-10-03 17:50:34.342] [info] Started D-reducibility check
[2023-10-03 17:50:34.343] [info] #1: Feasible / Total: 28535 / 199291
[2023-10-03 17:51:56.998] [info] #2: Feasible / Total: 51387 / 199291
[2023-10-03 17:53:35.297] [info] #3: Feasible / Total: 75009 / 199291
[2023-10-03 17:55:18.304] [info] #4: Feasible / Total: 103696 / 199291
[2023-10-03 17:56:11.575] [info] #5: Feasible / Total: 126843 / 199291
[2023-10-03 17:56:30.965] [info] #6: Feasible / Total: 132196 / 199291
[2023-10-03 17:56:39.489] [info] #7: Feasible / Total: 133811 / 199291
[2023-10-03 17:56:45.278] [info] #8: Feasible / Total: 134567 / 199291
[2023-10-03 17:56:49.573] [info] #9: Feasible / Total: 134995 / 199291
[2023-10-03 17:56:51.781] [info] #10: Feasible / Total: 135099 / 199291
[2023-10-03 17:56:53.664] [info] #11: Feasible / Total: 135104 / 199291
[2023-10-03 17:56:54.819] [info] #11: Feasible / Total: 135104 / 199291
[2023-10-03 17:56:54.819] [info] Graph is not D-reducible.
[2023-10-03 17:56:54.863] [info] Started C-reducibility check
[2023-10-03 18:18:26.996] [info] Trying 105328375 possible contractions
[2023-10-03 18:18:26.996] [info] [0/105328375] Starting contraction of size 1
[2023-10-03 18:20:17.403] [info] [47/105328375] Starting contraction of size 2
[2023-10-03 18:49:56.845] [info] [1048/105328375] Starting contraction of size 3
[2023-10-03 22:00:56.028] [info] [13866/105328375] Starting contraction of size 4
[2023-10-04 18:54:28.231] [info] [124343/105328375] Starting contraction of size 5
[2023-10-07 03:20:38.937] [info] All colors passed! Contracted: 17, 22, 38, 46, 57
[2023-10-07 03:20:38.937] [info] Graph is C-reducible!
