[2023-09-30 14:52:46.496] [info] Kempe type: Projective
[2023-09-30 14:52:46.496] [info] Vertex size: 29, Edge size: 50, Ring size: 13
[2023-09-30 14:52:47.839] [info] Started D-reducibility check
[2023-09-30 14:52:47.839] [info] #1: Feasible / Total: 8822 / 66430
[2023-09-30 14:53:03.371] [info] #2: Feasible / Total: 12914 / 66430
[2023-09-30 14:53:07.937] [info] #3: Feasible / Total: 15356 / 66430
[2023-09-30 14:53:10.928] [info] #4: Feasible / Total: 17678 / 66430
[2023-09-30 14:53:15.027] [info] #5: Feasible / Total: 20690 / 66430
[2023-09-30 14:53:20.551] [info] #6: Feasible / Total: 24789 / 66430
[2023-09-30 14:53:26.856] [info] #7: Feasible / Total: 30494 / 66430
[2023-09-30 14:53:31.541] [info] #8: Feasible / Total: 37706 / 66430
[2023-09-30 14:53:34.192] [info] #9: Feasible / Total: 44368 / 66430
[2023-09-30 14:53:35.174] [info] #10: Feasible / Total: 46656 / 66430
[2023-09-30 14:53:35.399] [info] #11: Feasible / Total: 46816 / 66430
[2023-09-30 14:53:35.546] [info] #12: Feasible / Total: 46820 / 66430
[2023-09-30 14:53:35.690] [info] #12: Feasible / Total: 46820 / 66430
[2023-09-30 14:53:35.690] [info] Graph is not D-reducible.
[2023-09-30 14:53:35.701] [info] Started C-reducibility check
[2023-09-30 14:53:42.295] [info] Trying 680670 possible contractions
[2023-09-30 14:53:42.295] [info] [0/680670] Starting contraction of size 1
[2023-09-30 14:53:47.071] [info] [37/680670] Starting contraction of size 2
[2023-09-30 14:54:50.186] [info] [642/680670] Starting contraction of size 3
[2023-09-30 15:04:09.186] [info] [6427/680670] Starting contraction of size 4
[2023-09-30 15:06:55.544] [info] All colors passed! Contracted: 21, 25, 40, 45
[2023-09-30 15:06:55.544] [info] Graph is C-reducible!
