[2023-10-02 00:12:27.650] [info] Kempe type: Projective
[2023-10-02 00:12:27.674] [info] Vertex size: 36, Edge size: 61, Ring size: 14
[2023-10-02 00:12:36.605] [info] Started D-reducibility check
[2023-10-02 00:12:36.622] [info] #1: Feasible / Total: 29223 / 199291
[2023-10-02 00:16:06.828] [info] #2: Feasible / Total: 51190 / 199291
[2023-10-02 00:17:36.377] [info] #3: Feasible / Total: 68914 / 199291
[2023-10-02 00:19:07.127] [info] #4: Feasible / Total: 87745 / 199291
[2023-10-02 00:20:25.705] [info] #5: Feasible / Total: 109441 / 199291
[2023-10-02 00:20:59.386] [info] #6: Feasible / Total: 125363 / 199291
[2023-10-02 00:21:09.122] [info] #7: Feasible / Total: 128322 / 199291
[2023-10-02 00:21:15.163] [info] #8: Feasible / Total: 129219 / 199291
[2023-10-02 00:21:18.534] [info] #9: Feasible / Total: 129489 / 199291
[2023-10-02 00:21:21.045] [info] #10: Feasible / Total: 129595 / 199291
[2023-10-02 00:21:23.338] [info] #11: Feasible / Total: 129609 / 199291
[2023-10-02 00:21:25.397] [info] #12: Feasible / Total: 129611 / 199291
[2023-10-02 00:21:27.445] [info] #12: Feasible / Total: 129611 / 199291
[2023-10-02 00:21:27.464] [info] Graph is not D-reducible.
[2023-10-02 00:21:27.542] [info] Started C-reducibility check
[2023-10-02 00:47:14.654] [info] Trying 105319324 possible contractions
[2023-10-02 00:47:14.682] [info] [0/105319324] Starting contraction of size 1
[2023-10-02 00:47:53.381] [info] All colors passed! Contracted: 28
[2023-10-02 00:47:53.382] [info] Graph is C-reducible!
