[2023-09-30 17:37:16.133] [info] Kempe type: Projective
[2023-09-30 17:37:16.133] [info] Vertex size: 28, Edge size: 48, Ring size: 12
[2023-09-30 17:37:16.489] [info] Started D-reducibility check
[2023-09-30 17:37:16.489] [info] #1: Feasible / Total: 3891 / 22144
[2023-09-30 17:37:23.879] [info] #2: Feasible / Total: 5877 / 22144
[2023-09-30 17:37:25.783] [info] #3: Feasible / Total: 7480 / 22144
[2023-09-30 17:37:27.520] [info] #4: Feasible / Total: 9634 / 22144
[2023-09-30 17:37:29.527] [info] #5: Feasible / Total: 12268 / 22144
[2023-09-30 17:37:30.596] [info] #6: Feasible / Total: 14071 / 22144
[2023-09-30 17:37:31.049] [info] #7: Feasible / Total: 14654 / 22144
[2023-09-30 17:37:31.194] [info] #8: Feasible / Total: 14674 / 22144
[2023-09-30 17:37:31.280] [info] #8: Feasible / Total: 14674 / 22144
[2023-09-30 17:37:31.280] [info] Graph is not D-reducible.
[2023-09-30 17:37:31.307] [info] Started C-reducibility check
[2023-09-30 17:37:44.242] [info] Trying 540927 possible contractions
[2023-09-30 17:37:44.242] [info] [0/540927] Starting contraction of size 1
[2023-09-30 17:37:47.359] [info] [36/540927] Starting contraction of size 2
[2023-09-30 17:38:33.549] [info] [606/540927] Starting contraction of size 3
[2023-09-30 17:42:03.798] [info] [5854/540927] Starting contraction of size 4
[2023-09-30 17:55:06.960] [info] [37198/540927] Starting contraction of size 5
[2023-09-30 18:37:23.833] [info] [165752/540927] Starting contraction of size 6
[2023-09-30 19:21:48.764] [info] All colors passed! Contracted: 18, 20, 21, 31, 33, 46
[2023-09-30 19:21:48.764] [info] Graph is C-reducible!
