[2023-10-05 16:00:26.323] [info] Kempe type: Projective
[2023-10-05 16:00:26.323] [info] Vertex size: 39, Edge size: 66, Ring size: 15
[2023-10-05 16:00:30.805] [info] Started D-reducibility check
[2023-10-05 16:00:30.805] [info] #1: Feasible / Total: 75475 / 597871
[2023-10-05 16:06:56.657] [info] #2: Feasible / Total: 131318 / 597871
[2023-10-05 16:11:22.063] [info] #3: Feasible / Total: 181441 / 597871
[2023-10-05 16:15:35.800] [info] #4: Feasible / Total: 234512 / 597871
[2023-10-05 16:19:29.970] [info] #5: Feasible / Total: 305772 / 597871
[2023-10-05 16:21:24.872] [info] #6: Feasible / Total: 373828 / 597871
[2023-10-05 16:21:45.810] [info] #7: Feasible / Total: 389471 / 597871
[2023-10-05 16:21:55.359] [info] #8: Feasible / Total: 391517 / 597871
[2023-10-05 16:22:01.524] [info] #9: Feasible / Total: 392556 / 597871
[2023-10-05 16:22:07.779] [info] #10: Feasible / Total: 392954 / 597871
[2023-10-05 16:22:13.192] [info] #11: Feasible / Total: 393048 / 597871
[2023-10-05 16:22:16.323] [info] #12: Feasible / Total: 393076 / 597871
[2023-10-05 16:22:19.547] [info] #13: Feasible / Total: 393077 / 597871
[2023-10-05 16:22:23.056] [info] #13: Feasible / Total: 393077 / 597871
[2023-10-05 16:22:23.056] [info] Graph is not D-reducible.
[2023-10-05 16:22:23.147] [info] Started C-reducibility check
[2023-10-05 17:32:38.586] [info] Trying 102549579 possible contractions
[2023-10-05 17:32:38.586] [info] [0/102549579] Starting contraction of size 1
[2023-10-05 17:35:24.819] [info] All colors passed! Contracted: 15
[2023-10-05 17:35:24.819] [info] Graph is C-reducible!
