[2023-10-02 19:57:05.301] [info] Kempe type: Projective
[2023-10-02 19:57:05.307] [info] Vertex size: 33, Edge size: 56, Ring size: 13
[2023-10-02 19:57:06.576] [info] Started D-reducibility check
[2023-10-02 19:57:06.576] [info] #1: Feasible / Total: 10944 / 66430
[2023-10-02 19:57:39.138] [info] #2: Feasible / Total: 15911 / 66430
[2023-10-02 19:57:50.985] [info] #3: Feasible / Total: 19314 / 66430
[2023-10-02 19:58:01.662] [info] #4: Feasible / Total: 23515 / 66430
[2023-10-02 19:58:12.977] [info] #5: Feasible / Total: 29542 / 66430
[2023-10-02 19:58:22.002] [info] #6: Feasible / Total: 34453 / 66430
[2023-10-02 19:58:26.874] [info] #7: Feasible / Total: 36854 / 66430
[2023-10-02 19:58:29.977] [info] #8: Feasible / Total: 38812 / 66430
[2023-10-02 19:58:31.287] [info] #9: Feasible / Total: 39314 / 66430
[2023-10-02 19:58:31.748] [info] #10: Feasible / Total: 39393 / 66430
[2023-10-02 19:58:32.300] [info] #11: Feasible / Total: 39408 / 66430
[2023-10-02 19:58:32.870] [info] #11: Feasible / Total: 39408 / 66430
[2023-10-02 19:58:32.870] [info] Graph is not D-reducible.
[2023-10-02 19:58:32.899] [info] Started C-reducibility check
[2023-10-02 20:01:29.491] [info] Trying 2025995 possible contractions
[2023-10-02 20:01:29.491] [info] [0/2025995] Starting contraction of size 1
[2023-10-02 20:01:29.967] [info] All colors passed! Contracted: 13
[2023-10-02 20:01:29.967] [info] Graph is C-reducible!
