[2023-10-05 16:00:26.431] [info] Kempe type: Projective
[2023-10-05 16:00:26.431] [info] Vertex size: 39, Edge size: 66, Ring size: 15
[2023-10-05 16:00:33.289] [info] Started D-reducibility check
[2023-10-05 16:00:33.290] [info] #1: Feasible / Total: 74135 / 597871
[2023-10-05 16:04:43.721] [info] #2: Feasible / Total: 104759 / 597871
[2023-10-05 16:08:35.009] [info] #3: Feasible / Total: 150124 / 597871
[2023-10-05 16:12:56.665] [info] #4: Feasible / Total: 213428 / 597871
[2023-10-05 16:16:53.245] [info] #5: Feasible / Total: 292899 / 597871
[2023-10-05 16:18:52.581] [info] #6: Feasible / Total: 361381 / 597871
[2023-10-05 16:19:26.819] [info] #7: Feasible / Total: 380162 / 597871
[2023-10-05 16:19:45.116] [info] #8: Feasible / Total: 384510 / 597871
[2023-10-05 16:19:57.631] [info] #9: Feasible / Total: 386714 / 597871
[2023-10-05 16:20:05.906] [info] #10: Feasible / Total: 388006 / 597871
[2023-10-05 16:20:11.724] [info] #11: Feasible / Total: 388752 / 597871
[2023-10-05 16:20:16.313] [info] #12: Feasible / Total: 389053 / 597871
[2023-10-05 16:20:21.366] [info] #13: Feasible / Total: 389140 / 597871
[2023-10-05 16:20:28.019] [info] #14: Feasible / Total: 389173 / 597871
[2023-10-05 16:20:32.070] [info] #15: Feasible / Total: 389179 / 597871
[2023-10-05 16:20:35.854] [info] #15: Feasible / Total: 389179 / 597871
[2023-10-05 16:20:35.855] [info] Graph is not D-reducible.
[2023-10-05 16:20:35.969] [info] Started C-reducibility check
[2023-10-05 17:29:07.386] [info] Trying 102548963 possible contractions
[2023-10-05 17:29:07.386] [info] [0/102548963] Starting contraction of size 1
[2023-10-05 17:30:10.800] [info] All colors passed! Contracted: 47
[2023-10-05 17:30:10.801] [info] Graph is C-reducible!
