[2023-10-02 12:25:42.389] [info] Kempe type: Projective
[2023-10-02 12:25:42.426] [info] Vertex size: 29, Edge size: 50, Ring size: 13
[2023-10-02 12:25:43.599] [info] Started D-reducibility check
[2023-10-02 12:25:43.599] [info] #1: Feasible / Total: 8444 / 66430
[2023-10-02 12:26:04.925] [info] #2: Feasible / Total: 12974 / 66430
[2023-10-02 12:26:12.354] [info] #3: Feasible / Total: 16018 / 66430
[2023-10-02 12:26:18.197] [info] #4: Feasible / Total: 19282 / 66430
[2023-10-02 12:26:24.885] [info] #5: Feasible / Total: 24000 / 66430
[2023-10-02 12:26:33.486] [info] #6: Feasible / Total: 31243 / 66430
[2023-10-02 12:26:42.079] [info] #7: Feasible / Total: 40254 / 66430
[2023-10-02 12:26:46.527] [info] #8: Feasible / Total: 46729 / 66430
[2023-10-02 12:26:48.364] [info] #9: Feasible / Total: 48322 / 66430
[2023-10-02 12:26:48.884] [info] #10: Feasible / Total: 48433 / 66430
[2023-10-02 12:26:49.130] [info] #10: Feasible / Total: 48433 / 66430
[2023-10-02 12:26:49.130] [info] Graph is not D-reducible.
[2023-10-02 12:26:49.150] [info] Started C-reducibility check
[2023-10-02 12:27:01.438] [info] Trying 680671 possible contractions
[2023-10-02 12:27:01.438] [info] [0/680671] Starting contraction of size 1
[2023-10-02 12:27:09.551] [info] [37/680671] Starting contraction of size 2
[2023-10-02 12:27:24.167] [info] All colors passed! Contracted: 16, 29
[2023-10-02 12:27:24.170] [info] Graph is C-reducible!
