[2023-10-02 19:57:05.321] [info] Kempe type: Projective
[2023-10-02 19:57:05.334] [info] Vertex size: 29, Edge size: 50, Ring size: 13
[2023-10-02 19:57:06.071] [info] Started D-reducibility check
[2023-10-02 19:57:06.071] [info] #1: Feasible / Total: 8700 / 66430
[2023-10-02 19:57:36.225] [info] #2: Feasible / Total: 14844 / 66430
[2023-10-02 19:57:45.126] [info] #3: Feasible / Total: 18663 / 66430
[2023-10-02 19:57:51.951] [info] #4: Feasible / Total: 22946 / 66430
[2023-10-02 19:57:58.743] [info] #5: Feasible / Total: 28653 / 66430
[2023-10-02 19:58:06.196] [info] #6: Feasible / Total: 36920 / 66430
[2023-10-02 19:58:10.837] [info] #7: Feasible / Total: 43189 / 66430
[2023-10-02 19:58:12.586] [info] #8: Feasible / Total: 44510 / 66430
[2023-10-02 19:58:12.968] [info] #9: Feasible / Total: 44539 / 66430
[2023-10-02 19:58:13.297] [info] #9: Feasible / Total: 44539 / 66430
[2023-10-02 19:58:13.297] [info] Graph is not D-reducible.
[2023-10-02 19:58:13.308] [info] Started C-reducibility check
[2023-10-02 19:58:25.384] [info] Trying 678782 possible contractions
[2023-10-02 19:58:25.384] [info] [0/678782] Starting contraction of size 1
[2023-10-02 19:58:31.385] [info] [37/678782] Starting contraction of size 2
[2023-10-02 19:59:37.040] [info] [642/678782] Starting contraction of size 3
[2023-10-02 20:03:25.535] [info] All colors passed! Contracted: 14, 29, 43
[2023-10-02 20:03:25.535] [info] Graph is C-reducible!
