[2023-10-03 17:50:33.025] [info] Kempe type: Projective
[2023-10-03 17:50:33.038] [info] Vertex size: 37, Edge size: 63, Ring size: 15
[2023-10-03 17:50:41.346] [info] Started D-reducibility check
[2023-10-03 17:50:41.346] [info] #1: Feasible / Total: 65891 / 597871
[2023-10-03 17:59:55.093] [info] #2: Feasible / Total: 93452 / 597871
[2023-10-03 18:04:42.053] [info] #3: Feasible / Total: 118013 / 597871
[2023-10-03 18:09:50.264] [info] #4: Feasible / Total: 146970 / 597871
[2023-10-03 18:16:24.766] [info] #5: Feasible / Total: 194981 / 597871
[2023-10-03 18:26:02.169] [info] #6: Feasible / Total: 289422 / 597871
[2023-10-03 18:33:52.355] [info] #7: Feasible / Total: 417123 / 597871
[2023-10-03 18:35:57.919] [info] #8: Feasible / Total: 462948 / 597871
[2023-10-03 18:36:07.099] [info] #9: Feasible / Total: 465184 / 597871
[2023-10-03 18:36:10.389] [info] #10: Feasible / Total: 465185 / 597871
[2023-10-03 18:36:14.784] [info] #10: Feasible / Total: 465185 / 597871
[2023-10-03 18:36:14.798] [info] Graph is not D-reducible.
[2023-10-03 18:36:15.006] [info] Started C-reducibility check
[2023-10-03 19:02:43.641] [info] Trying 138496250 possible contractions
[2023-10-03 19:02:43.646] [info] [0/138496250] Starting contraction of size 1
[2023-10-03 19:03:07.781] [info] All colors passed! Contracted: 36
[2023-10-03 19:03:07.782] [info] Graph is C-reducible!
