[2023-10-04 10:10:41.715] [info] Kempe type: Projective
[2023-10-04 10:10:41.715] [info] Vertex size: 36, Edge size: 61, Ring size: 14
[2023-10-04 10:10:44.991] [info] Started D-reducibility check
[2023-10-04 10:10:44.991] [info] #1: Feasible / Total: 27489 / 199291
[2023-10-04 10:11:53.771] [info] #2: Feasible / Total: 41006 / 199291
[2023-10-04 10:12:58.132] [info] #3: Feasible / Total: 57537 / 199291
[2023-10-04 10:14:38.260] [info] #4: Feasible / Total: 87524 / 199291
[2023-10-04 10:16:03.405] [info] #5: Feasible / Total: 128507 / 199291
[2023-10-04 10:16:23.168] [info] #6: Feasible / Total: 143679 / 199291
[2023-10-04 10:16:25.520] [info] #7: Feasible / Total: 144541 / 199291
[2023-10-04 10:16:26.758] [info] #8: Feasible / Total: 144616 / 199291
[2023-10-04 10:16:27.837] [info] #9: Feasible / Total: 144628 / 199291
[2023-10-04 10:16:28.860] [info] #9: Feasible / Total: 144628 / 199291
[2023-10-04 10:16:28.870] [info] Graph is not D-reducible.
[2023-10-04 10:16:28.920] [info] Started C-reducibility check
[2023-10-04 10:32:12.683] [info] Trying 105343800 possible contractions
[2023-10-04 10:32:12.683] [info] [0/105343800] Starting contraction of size 1
[2023-10-04 10:34:09.142] [info] [47/105343800] Starting contraction of size 2
[2023-10-04 11:04:15.959] [info] [1048/105343800] Starting contraction of size 3
[2023-10-04 13:41:36.305] [info] All colors passed! Contracted: 18, 39, 54
[2023-10-04 13:41:36.306] [info] Graph is C-reducible!
