[2023-09-30 20:00:26.264] [info] Kempe type: Projective
[2023-09-30 20:00:26.264] [info] Vertex size: 34, Edge size: 58, Ring size: 14
[2023-09-30 20:00:28.883] [info] Started D-reducibility check
[2023-09-30 20:00:28.883] [info] #1: Feasible / Total: 25071 / 199291
[2023-09-30 20:01:51.126] [info] #2: Feasible / Total: 44456 / 199291
[2023-09-30 20:02:13.660] [info] #3: Feasible / Total: 56675 / 199291
[2023-09-30 20:02:29.210] [info] #4: Feasible / Total: 64905 / 199291
[2023-09-30 20:02:47.224] [info] #5: Feasible / Total: 74059 / 199291
[2023-09-30 20:03:12.298] [info] #6: Feasible / Total: 87684 / 199291
[2023-09-30 20:03:42.007] [info] #7: Feasible / Total: 110648 / 199291
[2023-09-30 20:04:07.894] [info] #8: Feasible / Total: 142022 / 199291
[2023-09-30 20:04:16.693] [info] #9: Feasible / Total: 161197 / 199291
[2023-09-30 20:04:17.281] [info] #10: Feasible / Total: 161519 / 199291
[2023-09-30 20:04:17.626] [info] #11: Feasible / Total: 161539 / 199291
[2023-09-30 20:04:17.959] [info] #11: Feasible / Total: 161539 / 199291
[2023-09-30 20:04:17.959] [info] Graph is not D-reducible.
[2023-09-30 20:04:17.987] [info] Started C-reducibility check
[2023-09-30 20:06:28.538] [info] Trying 2440219 possible contractions
[2023-09-30 20:06:28.538] [info] [0/2440219] Starting contraction of size 1
[2023-09-30 20:06:30.781] [info] All colors passed! Contracted: 31
[2023-09-30 20:06:30.781] [info] Graph is C-reducible!
