[2023-10-02 19:57:05.306] [info] Kempe type: Projective
[2023-10-02 19:57:05.386] [info] Vertex size: 31, Edge size: 53, Ring size: 13
[2023-10-02 19:57:06.164] [info] Started D-reducibility check
[2023-10-02 19:57:06.165] [info] #1: Feasible / Total: 9023 / 66430
[2023-10-02 19:57:28.606] [info] #2: Feasible / Total: 13376 / 66430
[2023-10-02 19:57:41.833] [info] #3: Feasible / Total: 17362 / 66430
[2023-10-02 19:57:54.833] [info] #4: Feasible / Total: 22046 / 66430
[2023-10-02 19:58:07.280] [info] #5: Feasible / Total: 27696 / 66430
[2023-10-02 19:58:17.079] [info] #6: Feasible / Total: 32492 / 66430
[2023-10-02 19:58:23.607] [info] #7: Feasible / Total: 35083 / 66430
[2023-10-02 19:58:26.398] [info] #8: Feasible / Total: 36535 / 66430
[2023-10-02 19:58:27.544] [info] #9: Feasible / Total: 37110 / 66430
[2023-10-02 19:58:28.157] [info] #10: Feasible / Total: 37159 / 66430
[2023-10-02 19:58:28.750] [info] #10: Feasible / Total: 37159 / 66430
[2023-10-02 19:58:28.750] [info] Graph is not D-reducible.
[2023-10-02 19:58:28.775] [info] Started C-reducibility check
[2023-10-02 19:59:18.586] [info] Trying 1200040 possible contractions
[2023-10-02 19:59:18.586] [info] [0/1200040] Starting contraction of size 1
[2023-10-02 19:59:18.880] [info] All colors passed! Contracted: 35
[2023-10-02 19:59:18.880] [info] Graph is C-reducible!
