[2023-10-02 21:50:37.636] [info] Kempe type: Projective
[2023-10-02 21:50:37.636] [info] Vertex size: 34, Edge size: 58, Ring size: 14
[2023-10-02 21:50:38.814] [info] Started D-reducibility check
[2023-10-02 21:50:38.826] [info] #1: Feasible / Total: 23327 / 199291
[2023-10-02 21:52:02.194] [info] #2: Feasible / Total: 33536 / 199291
[2023-10-02 21:53:00.426] [info] #3: Feasible / Total: 42111 / 199291
[2023-10-02 21:53:57.323] [info] #4: Feasible / Total: 52257 / 199291
[2023-10-02 21:54:49.083] [info] #5: Feasible / Total: 63398 / 199291
[2023-10-02 21:55:33.333] [info] #6: Feasible / Total: 74573 / 199291
[2023-10-02 21:56:11.962] [info] #7: Feasible / Total: 85945 / 199291
[2023-10-02 21:56:43.551] [info] #8: Feasible / Total: 96563 / 199291
[2023-10-02 21:57:34.786] [info] #9: Feasible / Total: 113322 / 199291
[2023-10-02 21:58:17.558] [info] #10: Feasible / Total: 136990 / 199291
[2023-10-02 21:58:25.153] [info] #11: Feasible / Total: 140990 / 199291
[2023-10-02 21:58:26.345] [info] #12: Feasible / Total: 140999 / 199291
[2023-10-02 21:58:27.461] [info] #12: Feasible / Total: 140999 / 199291
[2023-10-02 21:58:27.461] [info] Graph is not D-reducible.
[2023-10-02 21:58:27.529] [info] Started C-reducibility check
[2023-10-02 22:02:41.170] [info] Trying 2432253 possible contractions
[2023-10-02 22:02:41.170] [info] [0/2432253] Starting contraction of size 1
[2023-10-02 22:03:09.797] [info] [44/2432253] Starting contraction of size 2
[2023-10-02 22:10:35.844] [info] [916/2432253] Starting contraction of size 3
[2023-10-02 22:17:17.272] [info] All colors passed! Contracted: 17, 46, 55
[2023-10-02 22:17:17.272] [info] Graph is C-reducible!
