[2023-10-05 16:00:52.545] [info] Kempe type: Projective
[2023-10-05 16:00:52.546] [info] Vertex size: 42, Edge size: 71, Ring size: 16
[2023-10-05 16:01:21.333] [info] Started D-reducibility check
[2023-10-05 16:01:21.334] [info] #1: Feasible / Total: 180664 / 1793614
[2023-10-05 17:07:21.182] [info] #2: Feasible / Total: 290591 / 1793614
[2023-10-05 17:40:47.716] [info] #3: Feasible / Total: 417462 / 1793614
[2023-10-05 18:27:34.194] [info] #4: Feasible / Total: 666129 / 1793614
[2023-10-05 19:19:36.098] [info] #5: Feasible / Total: 1099806 / 1793614
[2023-10-05 19:39:17.439] [info] #6: Feasible / Total: 1395437 / 1793614
[2023-10-05 19:44:08.213] [info] #7: Feasible / Total: 1469731 / 1793614
[2023-10-05 19:45:16.186] [info] #8: Feasible / Total: 1481688 / 1793614
[2023-10-05 19:45:38.519] [info] #9: Feasible / Total: 1483586 / 1793614
[2023-10-05 19:45:49.689] [info] #10: Feasible / Total: 1484314 / 1793614
[2023-10-05 19:45:58.794] [info] #11: Feasible / Total: 1484559 / 1793614
[2023-10-05 19:46:06.981] [info] #12: Feasible / Total: 1484619 / 1793614
[2023-10-05 19:46:14.465] [info] #13: Feasible / Total: 1484622 / 1793614
[2023-10-05 19:46:22.059] [info] #13: Feasible / Total: 1484622 / 1793614
[2023-10-05 19:46:22.059] [info] Graph is not D-reducible.
[2023-10-05 19:46:22.585] [info] Started C-reducibility check
[2023-10-06 01:08:56.598] [info] Trying 222665428 possible contractions
[2023-10-06 01:08:56.598] [info] [0/222665428] Starting contraction of size 1
[2023-10-06 01:17:46.147] [info] All colors passed! Contracted: 50
[2023-10-06 01:17:46.148] [info] Graph is C-reducible!
