[2023-10-04 13:28:03.538] [info] Kempe type: Projective
[2023-10-04 13:28:03.574] [info] Vertex size: 34, Edge size: 58, Ring size: 14
[2023-10-04 13:28:08.142] [info] Started D-reducibility check
[2023-10-04 13:28:08.158] [info] #1: Feasible / Total: 26062 / 199291
[2023-10-04 13:30:13.697] [info] #2: Feasible / Total: 37728 / 199291
[2023-10-04 13:30:58.551] [info] #3: Feasible / Total: 45530 / 199291
[2023-10-04 13:31:43.518] [info] #4: Feasible / Total: 52860 / 199291
[2023-10-04 13:32:33.763] [info] #5: Feasible / Total: 62447 / 199291
[2023-10-04 13:33:34.471] [info] #6: Feasible / Total: 76407 / 199291
[2023-10-04 13:34:46.180] [info] #7: Feasible / Total: 96834 / 199291
[2023-10-04 13:35:40.673] [info] #8: Feasible / Total: 121619 / 199291
[2023-10-04 13:36:09.759] [info] #9: Feasible / Total: 140783 / 199291
[2023-10-04 13:36:14.273] [info] #10: Feasible / Total: 143058 / 199291
[2023-10-04 13:36:15.562] [info] #11: Feasible / Total: 143125 / 199291
[2023-10-04 13:36:16.801] [info] #11: Feasible / Total: 143125 / 199291
[2023-10-04 13:36:16.801] [info] Graph is not D-reducible.
[2023-10-04 13:36:16.855] [info] Started C-reducibility check
[2023-10-04 13:42:25.939] [info] Trying 48583125 possible contractions
[2023-10-04 13:42:25.939] [info] [0/48583125] Starting contraction of size 1
[2023-10-04 13:43:11.618] [info] [44/48583125] Starting contraction of size 2
[2023-10-04 13:53:10.811] [info] All colors passed! Contracted: 34, 48
[2023-10-04 13:53:10.812] [info] Graph is C-reducible!
