[2023-10-02 09:49:22.709] [info] Kempe type: Projective
[2023-10-02 09:49:22.709] [info] Vertex size: 37, Edge size: 63, Ring size: 15
[2023-10-02 09:49:35.497] [info] Started D-reducibility check
[2023-10-02 09:49:35.497] [info] #1: Feasible / Total: 63282 / 597871
[2023-10-02 10:01:14.655] [info] #2: Feasible / Total: 104850 / 597871
[2023-10-02 10:06:56.749] [info] #3: Feasible / Total: 146313 / 597871
[2023-10-02 10:14:30.052] [info] #4: Feasible / Total: 211459 / 597871
[2023-10-02 10:25:06.687] [info] #5: Feasible / Total: 319511 / 597871
[2023-10-02 10:32:16.646] [info] #6: Feasible / Total: 460262 / 597871
[2023-10-02 10:33:19.097] [info] #7: Feasible / Total: 491245 / 597871
[2023-10-02 10:33:33.524] [info] #8: Feasible / Total: 494676 / 597871
[2023-10-02 10:33:40.177] [info] #9: Feasible / Total: 496184 / 597871
[2023-10-02 10:33:44.562] [info] #10: Feasible / Total: 496632 / 597871
[2023-10-02 10:33:48.032] [info] #11: Feasible / Total: 496767 / 597871
[2023-10-02 10:33:50.874] [info] #12: Feasible / Total: 496786 / 597871
[2023-10-02 10:33:53.575] [info] #12: Feasible / Total: 496786 / 597871
[2023-10-02 10:33:53.575] [info] Graph is not D-reducible.
[2023-10-02 10:33:53.761] [info] Started C-reducibility check
[2023-10-02 10:55:51.627] [info] Trying 4610104 possible contractions
[2023-10-02 10:55:51.628] [info] [0/4610104] Starting contraction of size 1
[2023-10-02 10:59:16.831] [info] [48/4610104] Starting contraction of size 2
[2023-10-02 11:55:25.463] [info] [1095/4610104] Starting contraction of size 3
[2023-10-02 20:43:32.057] [info] [14868/4610104] Starting contraction of size 4
[2023-10-03 09:40:26.165] [info] All colors passed! Contracted: 17, 44, 45, 62
[2023-10-03 09:40:26.165] [info] Graph is C-reducible!
