[2023-10-02 00:12:27.626] [info] Kempe type: Projective
[2023-10-02 00:12:27.682] [info] Vertex size: 43, Edge size: 73, Ring size: 17
[2023-10-02 00:16:50.328] [info] Started D-reducibility check
[2023-10-02 00:16:50.329] [info] #1: Feasible / Total: 436766 / 5380840
[2023-10-02 05:33:05.262] [info] #2: Feasible / Total: 756739 / 5380840
[2023-10-02 08:29:17.979] [info] #3: Feasible / Total: 1109260 / 5380840
[2023-10-02 12:49:31.098] [info] #4: Feasible / Total: 1616358 / 5380840
[2023-10-02 17:01:45.159] [info] #5: Feasible / Total: 2387669 / 5380840
[2023-10-02 20:53:55.733] [info] #6: Feasible / Total: 3415830 / 5380840
[2023-10-02 22:39:43.538] [info] #7: Feasible / Total: 4035042 / 5380840
[2023-10-02 23:18:11.945] [info] #8: Feasible / Total: 4131218 / 5380840
[2023-10-03 00:25:46.110] [info] #9: Feasible / Total: 4233062 / 5380840
[2023-10-03 01:39:18.917] [info] #10: Feasible / Total: 4380289 / 5380840
[2023-10-03 02:35:31.553] [info] #11: Feasible / Total: 4547781 / 5380840
[2023-10-03 02:53:50.236] [info] #12: Feasible / Total: 4611233 / 5380840
[2023-10-03 02:55:23.081] [info] #13: Feasible / Total: 4613125 / 5380840
[2023-10-03 02:56:01.134] [info] #13: Feasible / Total: 4613125 / 5380840
[2023-10-03 02:56:01.134] [info] Graph is not D-reducible.
[2023-10-03 02:56:03.032] [info] Started C-reducibility check
[2023-10-03 11:45:18.945] [info] Trying 874973868 possible contractions
[2023-10-03 11:45:18.945] [info] [0/874973868] Starting contraction of size 1
[2023-10-03 11:55:47.015] [info] All colors passed! Contracted: 21
[2023-10-03 11:55:47.015] [info] Graph is C-reducible!
