[2023-09-30 14:55:36.121] [info] Kempe type: Projective
[2023-09-30 14:55:36.121] [info] Vertex size: 30, Edge size: 51, Ring size: 12
[2023-09-30 14:55:36.354] [info] Started D-reducibility check
[2023-09-30 14:55:36.354] [info] #1: Feasible / Total: 4328 / 22144
[2023-09-30 14:55:38.404] [info] #2: Feasible / Total: 6548 / 22144
[2023-09-30 14:55:38.895] [info] #3: Feasible / Total: 7840 / 22144
[2023-09-30 14:55:39.286] [info] #4: Feasible / Total: 8857 / 22144
[2023-09-30 14:55:39.724] [info] #5: Feasible / Total: 10405 / 22144
[2023-09-30 14:55:40.032] [info] #6: Feasible / Total: 12295 / 22144
[2023-09-30 14:55:40.163] [info] #7: Feasible / Total: 13155 / 22144
[2023-09-30 14:55:40.217] [info] #8: Feasible / Total: 13188 / 22144
[2023-09-30 14:55:40.261] [info] #8: Feasible / Total: 13188 / 22144
[2023-09-30 14:55:40.261] [info] Graph is not D-reducible.
[2023-09-30 14:55:40.265] [info] Started C-reducibility check
[2023-09-30 14:55:54.913] [info] Trying 977689 possible contractions
[2023-09-30 14:55:54.913] [info] [0/977689] Starting contraction of size 1
[2023-09-30 14:55:57.945] [info] [39/977689] Starting contraction of size 2
[2023-09-30 14:56:41.448] [info] [714/977689] Starting contraction of size 3
[2023-09-30 14:56:50.277] [info] All colors passed! Contracted: 21, 29, 31
[2023-09-30 14:56:50.277] [info] Graph is C-reducible!
