[2023-09-30 14:55:36.196] [info] Kempe type: Projective
[2023-09-30 14:55:36.196] [info] Vertex size: 30, Edge size: 51, Ring size: 12
[2023-09-30 14:55:36.561] [info] Started D-reducibility check
[2023-09-30 14:55:36.561] [info] #1: Feasible / Total: 4328 / 22144
[2023-09-30 14:55:41.459] [info] #2: Feasible / Total: 6558 / 22144
[2023-09-30 14:55:43.687] [info] #3: Feasible / Total: 8976 / 22144
[2023-09-30 14:55:45.624] [info] #4: Feasible / Total: 11763 / 22144
[2023-09-30 14:55:46.643] [info] #5: Feasible / Total: 13942 / 22144
[2023-09-30 14:55:46.923] [info] #6: Feasible / Total: 14200 / 22144
[2023-09-30 14:55:47.051] [info] #7: Feasible / Total: 14210 / 22144
[2023-09-30 14:55:47.175] [info] #8: Feasible / Total: 14212 / 22144
[2023-09-30 14:55:47.299] [info] #8: Feasible / Total: 14212 / 22144
[2023-09-30 14:55:47.299] [info] Graph is not D-reducible.
[2023-09-30 14:55:47.302] [info] Started C-reducibility check
[2023-09-30 14:56:22.480] [info] Trying 977669 possible contractions
[2023-09-30 14:56:22.480] [info] [0/977669] Starting contraction of size 1
[2023-09-30 14:56:27.297] [info] [39/977669] Starting contraction of size 2
[2023-09-30 14:57:14.301] [info] [714/977669] Starting contraction of size 3
[2023-09-30 15:00:20.681] [info] All colors passed! Contracted: 22, 26, 35
[2023-09-30 15:00:20.681] [info] Graph is C-reducible!
