[2023-10-02 19:57:05.329] [info] Kempe type: Projective
[2023-10-02 19:57:05.366] [info] Vertex size: 29, Edge size: 50, Ring size: 13
[2023-10-02 19:57:06.033] [info] Started D-reducibility check
[2023-10-02 19:57:06.033] [info] #1: Feasible / Total: 8503 / 66430
[2023-10-02 19:57:16.507] [info] #2: Feasible / Total: 10718 / 66430
[2023-10-02 19:57:20.062] [info] #3: Feasible / Total: 12170 / 66430
[2023-10-02 19:57:21.985] [info] #4: Feasible / Total: 13132 / 66430
[2023-10-02 19:57:23.321] [info] #5: Feasible / Total: 14090 / 66430
[2023-10-02 19:57:25.698] [info] #6: Feasible / Total: 15164 / 66430
[2023-10-02 19:57:28.479] [info] #7: Feasible / Total: 16320 / 66430
[2023-10-02 19:57:31.054] [info] #8: Feasible / Total: 17554 / 66430
[2023-10-02 19:57:33.482] [info] #9: Feasible / Total: 18828 / 66430
[2023-10-02 19:57:35.961] [info] #10: Feasible / Total: 20367 / 66430
[2023-10-02 19:57:38.763] [info] #11: Feasible / Total: 22363 / 66430
[2023-10-02 19:57:42.619] [info] #12: Feasible / Total: 25576 / 66430
[2023-10-02 19:57:47.911] [info] #13: Feasible / Total: 30997 / 66430
[2023-10-02 19:57:54.519] [info] #14: Feasible / Total: 39481 / 66430
[2023-10-02 19:57:59.683] [info] #15: Feasible / Total: 47072 / 66430
[2023-10-02 19:58:02.735] [info] #16: Feasible / Total: 50471 / 66430
[2023-10-02 19:58:04.407] [info] #17: Feasible / Total: 52777 / 66430
[2023-10-02 19:58:04.966] [info] #18: Feasible / Total: 53315 / 66430
[2023-10-02 19:58:05.073] [info] #19: Feasible / Total: 53320 / 66430
[2023-10-02 19:58:05.164] [info] #19: Feasible / Total: 53320 / 66430
[2023-10-02 19:58:05.164] [info] Graph is not D-reducible.
[2023-10-02 19:58:05.176] [info] Started C-reducibility check
[2023-10-02 19:58:18.196] [info] Trying 680538 possible contractions
[2023-10-02 19:58:18.202] [info] [0/680538] Starting contraction of size 1
[2023-10-02 19:58:19.529] [info] All colors passed! Contracted: 23
[2023-10-02 19:58:19.530] [info] Graph is C-reducible!
