[2023-09-30 23:35:48.146] [info] Kempe type: Projective
[2023-09-30 23:35:48.146] [info] Vertex size: 32, Edge size: 55, Ring size: 14
[2023-09-30 23:35:49.709] [info] Started D-reducibility check
[2023-09-30 23:35:49.709] [info] #1: Feasible / Total: 22002 / 199291
[2023-09-30 23:37:05.743] [info] #2: Feasible / Total: 31052 / 199291
[2023-09-30 23:37:34.375] [info] #3: Feasible / Total: 36520 / 199291
[2023-09-30 23:37:52.087] [info] #4: Feasible / Total: 41072 / 199291
[2023-09-30 23:38:10.103] [info] #5: Feasible / Total: 46110 / 199291
[2023-09-30 23:38:32.208] [info] #6: Feasible / Total: 52562 / 199291
[2023-09-30 23:38:55.150] [info] #7: Feasible / Total: 60755 / 199291
[2023-09-30 23:39:26.740] [info] #8: Feasible / Total: 71320 / 199291
[2023-09-30 23:39:54.563] [info] #9: Feasible / Total: 83711 / 199291
[2023-09-30 23:40:22.327] [info] #10: Feasible / Total: 94930 / 199291
[2023-09-30 23:40:43.920] [info] #11: Feasible / Total: 105367 / 199291
[2023-09-30 23:40:59.878] [info] #12: Feasible / Total: 112057 / 199291
[2023-09-30 23:41:05.453] [info] #13: Feasible / Total: 114847 / 199291
[2023-09-30 23:41:12.409] [info] #14: Feasible / Total: 116260 / 199291
[2023-09-30 23:41:14.795] [info] #15: Feasible / Total: 116498 / 199291
[2023-09-30 23:41:16.422] [info] #16: Feasible / Total: 116515 / 199291
[2023-09-30 23:41:17.645] [info] #17: Feasible / Total: 116520 / 199291
[2023-09-30 23:41:18.486] [info] #18: Feasible / Total: 116523 / 199291
[2023-09-30 23:41:19.553] [info] #18: Feasible / Total: 116523 / 199291
[2023-09-30 23:41:19.553] [info] Graph is not D-reducible.
[2023-09-30 23:41:19.582] [info] Started C-reducibility check
[2023-09-30 23:42:10.392] [info] Trying 1466312 possible contractions
[2023-09-30 23:42:10.392] [info] [0/1466312] Starting contraction of size 1
[2023-09-30 23:42:44.271] [info] [41/1466312] Starting contraction of size 2
[2023-09-30 23:50:14.120] [info] [793/1466312] Starting contraction of size 3
[2023-10-01 00:13:42.028] [info] All colors passed! Contracted: 30, 36, 51
[2023-10-01 00:13:42.028] [info] Graph is C-reducible!
