[2023-09-30 15:10:14.024] [info] Kempe type: Projective
[2023-09-30 15:10:14.024] [info] Vertex size: 37, Edge size: 63, Ring size: 15
[2023-09-30 15:10:18.060] [info] Started D-reducibility check
[2023-09-30 15:10:18.060] [info] #1: Feasible / Total: 64654 / 597871
[2023-09-30 15:15:13.393] [info] #2: Feasible / Total: 116700 / 597871
[2023-09-30 15:17:27.955] [info] #3: Feasible / Total: 147381 / 597871
[2023-09-30 15:19:13.655] [info] #4: Feasible / Total: 171446 / 597871
[2023-09-30 15:20:44.538] [info] #5: Feasible / Total: 193851 / 597871
[2023-09-30 15:22:23.807] [info] #6: Feasible / Total: 222858 / 597871
[2023-09-30 15:24:24.531] [info] #7: Feasible / Total: 264955 / 597871
[2023-09-30 15:26:35.286] [info] #8: Feasible / Total: 325991 / 597871
[2023-09-30 15:27:32.257] [info] #9: Feasible / Total: 373805 / 597871
[2023-09-30 15:27:38.416] [info] #10: Feasible / Total: 376177 / 597871
[2023-09-30 15:27:42.036] [info] #11: Feasible / Total: 376395 / 597871
[2023-09-30 15:27:45.259] [info] #12: Feasible / Total: 376459 / 597871
[2023-09-30 15:27:48.131] [info] #13: Feasible / Total: 376479 / 597871
[2023-09-30 15:27:50.898] [info] #14: Feasible / Total: 376481 / 597871
[2023-09-30 15:27:53.662] [info] #14: Feasible / Total: 376481 / 597871
[2023-09-30 15:27:53.663] [info] Graph is not D-reducible.
[2023-09-30 15:27:53.746] [info] Started C-reducibility check
[2023-09-30 15:40:41.686] [info] Trying 4621118 possible contractions
[2023-09-30 15:40:41.686] [info] [0/4621118] Starting contraction of size 1
[2023-09-30 15:41:09.782] [info] All colors passed! Contracted: 41
[2023-09-30 15:41:09.782] [info] Graph is C-reducible!
