[2023-09-30 14:55:36.203] [info] Kempe type: Projective
[2023-09-30 14:55:36.203] [info] Vertex size: 31, Edge size: 53, Ring size: 13
[2023-09-30 14:55:37.311] [info] Started D-reducibility check
[2023-09-30 14:55:37.311] [info] #1: Feasible / Total: 10309 / 66430
[2023-09-30 14:55:55.343] [info] #2: Feasible / Total: 13852 / 66430
[2023-09-30 14:55:59.465] [info] #3: Feasible / Total: 15866 / 66430
[2023-09-30 14:56:01.022] [info] #4: Feasible / Total: 17397 / 66430
[2023-09-30 14:56:02.160] [info] #5: Feasible / Total: 18468 / 66430
[2023-09-30 14:56:03.053] [info] #6: Feasible / Total: 19371 / 66430
[2023-09-30 14:56:03.866] [info] #7: Feasible / Total: 20121 / 66430
[2023-09-30 14:56:04.871] [info] #8: Feasible / Total: 21310 / 66430
[2023-09-30 14:56:06.452] [info] #9: Feasible / Total: 23572 / 66430
[2023-09-30 14:56:08.897] [info] #10: Feasible / Total: 27605 / 66430
[2023-09-30 14:56:12.381] [info] #11: Feasible / Total: 34160 / 66430
[2023-09-30 14:56:16.226] [info] #12: Feasible / Total: 44889 / 66430
[2023-09-30 14:56:17.044] [info] #13: Feasible / Total: 48483 / 66430
[2023-09-30 14:56:17.178] [info] #14: Feasible / Total: 48484 / 66430
[2023-09-30 14:56:17.308] [info] #14: Feasible / Total: 48484 / 66430
[2023-09-30 14:56:17.308] [info] Graph is not D-reducible.
[2023-09-30 14:56:17.319] [info] Started C-reducibility check
[2023-09-30 14:56:40.858] [info] Trying 1200172 possible contractions
[2023-09-30 14:56:40.858] [info] [0/1200172] Starting contraction of size 1
[2023-09-30 14:56:43.724] [info] All colors passed! Contracted: 18
[2023-09-30 14:56:43.724] [info] Graph is C-reducible!
