[2023-10-04 20:51:57.172] [info] Kempe type: Projective
[2023-10-04 20:51:57.194] [info] Vertex size: 37, Edge size: 63, Ring size: 15
[2023-10-04 20:52:05.311] [info] Started D-reducibility check
[2023-10-04 20:52:05.312] [info] #1: Feasible / Total: 58572 / 597871
[2023-10-04 21:02:18.879] [info] #2: Feasible / Total: 86144 / 597871
[2023-10-04 21:06:39.582] [info] #3: Feasible / Total: 110330 / 597871
[2023-10-04 21:10:43.981] [info] #4: Feasible / Total: 139461 / 597871
[2023-10-04 21:14:15.647] [info] #5: Feasible / Total: 174456 / 597871
[2023-10-04 21:17:34.036] [info] #6: Feasible / Total: 210264 / 597871
[2023-10-04 21:20:19.026] [info] #7: Feasible / Total: 248771 / 597871
[2023-10-04 21:22:42.297] [info] #8: Feasible / Total: 286859 / 597871
[2023-10-04 21:24:01.197] [info] #9: Feasible / Total: 312399 / 597871
[2023-10-04 21:24:33.298] [info] #10: Feasible / Total: 320394 / 597871
[2023-10-04 21:24:40.410] [info] #11: Feasible / Total: 321035 / 597871
[2023-10-04 21:24:44.895] [info] #12: Feasible / Total: 321052 / 597871
[2023-10-04 21:24:49.291] [info] #12: Feasible / Total: 321052 / 597871
[2023-10-04 21:24:49.291] [info] Graph is not D-reducible.
[2023-10-04 21:24:49.406] [info] Started C-reducibility check
[2023-10-04 21:46:00.459] [info] Trying 139465937 possible contractions
[2023-10-04 21:46:00.470] [info] [0/139465937] Starting contraction of size 1
[2023-10-04 21:46:01.634] [info] All colors passed! Contracted: 44
[2023-10-04 21:46:01.635] [info] Graph is C-reducible!
