[2023-10-05 00:48:35.536] [info] Kempe type: Projective
[2023-10-05 00:48:35.542] [info] Vertex size: 29, Edge size: 50, Ring size: 13
[2023-10-05 00:48:36.646] [info] Started D-reducibility check
[2023-10-05 00:48:36.658] [info] #1: Feasible / Total: 8107 / 66430
[2023-10-05 00:48:59.483] [info] #2: Feasible / Total: 10769 / 66430
[2023-10-05 00:49:08.106] [info] #3: Feasible / Total: 12361 / 66430
[2023-10-05 00:49:14.793] [info] #4: Feasible / Total: 13500 / 66430
[2023-10-05 00:49:20.042] [info] #5: Feasible / Total: 14599 / 66430
[2023-10-05 00:49:25.373] [info] #6: Feasible / Total: 15667 / 66430
[2023-10-05 00:49:30.469] [info] #7: Feasible / Total: 16751 / 66430
[2023-10-05 00:49:35.235] [info] #8: Feasible / Total: 17782 / 66430
[2023-10-05 00:49:40.110] [info] #9: Feasible / Total: 18925 / 66430
[2023-10-05 00:49:45.472] [info] #10: Feasible / Total: 20320 / 66430
[2023-10-05 00:49:50.583] [info] #11: Feasible / Total: 22287 / 66430
[2023-10-05 00:49:54.430] [info] #12: Feasible / Total: 24748 / 66430
[2023-10-05 00:49:59.682] [info] #13: Feasible / Total: 27984 / 66430
[2023-10-05 00:50:05.920] [info] #14: Feasible / Total: 31954 / 66430
[2023-10-05 00:50:09.450] [info] #15: Feasible / Total: 35001 / 66430
[2023-10-05 00:50:11.573] [info] #16: Feasible / Total: 36644 / 66430
[2023-10-05 00:50:12.434] [info] #17: Feasible / Total: 37143 / 66430
[2023-10-05 00:50:13.165] [info] #18: Feasible / Total: 37736 / 66430
[2023-10-05 00:50:13.691] [info] #19: Feasible / Total: 38285 / 66430
[2023-10-05 00:50:14.168] [info] #20: Feasible / Total: 38369 / 66430
[2023-10-05 00:50:14.580] [info] #21: Feasible / Total: 38370 / 66430
[2023-10-05 00:50:14.982] [info] #21: Feasible / Total: 38370 / 66430
[2023-10-05 00:50:14.990] [info] Graph is not D-reducible.
[2023-10-05 00:50:15.016] [info] Started C-reducibility check
[2023-10-05 00:50:33.661] [info] Trying 6099377 possible contractions
[2023-10-05 00:50:33.661] [info] [0/6099377] Starting contraction of size 1
[2023-10-05 00:50:44.139] [info] [37/6099377] Starting contraction of size 2
[2023-10-05 00:53:11.627] [info] [642/6099377] Starting contraction of size 3
[2023-10-05 01:03:36.471] [info] All colors passed! Contracted: 20, 22, 44
[2023-10-05 01:03:36.474] [info] Graph is C-reducible!
