[2023-10-02 23:43:09.601] [info] Kempe type: Projective
[2023-10-02 23:43:09.604] [info] Vertex size: 41, Edge size: 70, Ring size: 17
[2023-10-02 23:45:45.659] [info] Started D-reducibility check
[2023-10-02 23:45:45.659] [info] #1: Feasible / Total: 351920 / 5380840
[2023-10-03 04:23:44.850] [info] #2: Feasible / Total: 674978 / 5380840
[2023-10-03 06:29:52.563] [info] #3: Feasible / Total: 879121 / 5380840
[2023-10-03 08:36:26.582] [info] #4: Feasible / Total: 1109914 / 5380840
[2023-10-03 11:17:27.294] [info] #5: Feasible / Total: 1438258 / 5380840
[2023-10-03 14:46:30.298] [info] #6: Feasible / Total: 1947746 / 5380840
[2023-10-03 19:55:46.795] [info] #7: Feasible / Total: 2691209 / 5380840
[2023-10-04 00:03:33.697] [info] #8: Feasible / Total: 3719150 / 5380840
[2023-10-04 01:26:31.825] [info] #9: Feasible / Total: 4450255 / 5380840
[2023-10-04 01:30:20.367] [info] #10: Feasible / Total: 4500680 / 5380840
[2023-10-04 01:31:03.094] [info] #11: Feasible / Total: 4500935 / 5380840
[2023-10-04 01:31:42.209] [info] #12: Feasible / Total: 4500940 / 5380840
[2023-10-04 01:32:21.285] [info] #12: Feasible / Total: 4500940 / 5380840
[2023-10-04 01:32:21.285] [info] Graph is not D-reducible.
[2023-10-04 01:32:22.822] [info] Started C-reducibility check
[2023-10-04 03:50:17.314] [info] Trying 9521615 possible contractions
[2023-10-04 03:50:17.314] [info] [0/9521615] Starting contraction of size 1
[2023-10-04 03:54:20.590] [info] All colors passed! Contracted: 28
[2023-10-04 03:54:20.590] [info] Graph is C-reducible!
