[2023-10-02 21:50:37.789] [info] Kempe type: Projective
[2023-10-02 21:50:37.870] [info] Vertex size: 31, Edge size: 53, Ring size: 13
[2023-10-02 21:50:39.949] [info] Started D-reducibility check
[2023-10-02 21:50:39.949] [info] #1: Feasible / Total: 9109 / 66430
[2023-10-02 21:50:57.877] [info] #2: Feasible / Total: 11652 / 66430
[2023-10-02 21:51:02.128] [info] #3: Feasible / Total: 13940 / 66430
[2023-10-02 21:51:06.256] [info] #4: Feasible / Total: 15964 / 66430
[2023-10-02 21:51:09.595] [info] #5: Feasible / Total: 17794 / 66430
[2023-10-02 21:51:12.160] [info] #6: Feasible / Total: 19355 / 66430
[2023-10-02 21:51:14.104] [info] #7: Feasible / Total: 20589 / 66430
[2023-10-02 21:51:16.041] [info] #8: Feasible / Total: 21665 / 66430
[2023-10-02 21:51:19.151] [info] #9: Feasible / Total: 23773 / 66430
[2023-10-02 21:51:23.685] [info] #10: Feasible / Total: 27302 / 66430
[2023-10-02 21:51:27.160] [info] #11: Feasible / Total: 30831 / 66430
[2023-10-02 21:51:28.503] [info] #12: Feasible / Total: 33465 / 66430
[2023-10-02 21:51:29.044] [info] #13: Feasible / Total: 34866 / 66430
[2023-10-02 21:51:29.323] [info] #14: Feasible / Total: 35057 / 66430
[2023-10-02 21:51:29.550] [info] #15: Feasible / Total: 35079 / 66430
[2023-10-02 21:51:29.765] [info] #16: Feasible / Total: 35080 / 66430
[2023-10-02 21:51:29.986] [info] #16: Feasible / Total: 35080 / 66430
[2023-10-02 21:51:29.986] [info] Graph is not D-reducible.
[2023-10-02 21:51:29.997] [info] Started C-reducibility check
[2023-10-02 21:52:15.728] [info] Trying 1200351 possible contractions
[2023-10-02 21:52:15.728] [info] [0/1200351] Starting contraction of size 1
[2023-10-02 21:52:28.320] [info] [40/1200351] Starting contraction of size 2
[2023-10-02 21:55:47.239] [info] [753/1200351] Starting contraction of size 3
[2023-10-02 22:04:38.085] [info] All colors passed! Contracted: 16, 44, 51
[2023-10-02 22:04:38.085] [info] Graph is C-reducible!
