[2023-10-05 00:48:35.818] [info] Kempe type: Projective
[2023-10-05 00:48:35.858] [info] Vertex size: 37, Edge size: 63, Ring size: 15
[2023-10-05 00:48:48.186] [info] Started D-reducibility check
[2023-10-05 00:48:48.202] [info] #1: Feasible / Total: 60664 / 597871
[2023-10-05 00:56:32.425] [info] #2: Feasible / Total: 97521 / 597871
[2023-10-05 01:01:34.714] [info] #3: Feasible / Total: 126268 / 597871
[2023-10-05 01:05:28.326] [info] #4: Feasible / Total: 155990 / 597871
[2023-10-05 01:09:04.969] [info] #5: Feasible / Total: 193694 / 597871
[2023-10-05 01:13:20.014] [info] #6: Feasible / Total: 245360 / 597871
[2023-10-05 01:17:25.899] [info] #7: Feasible / Total: 308488 / 597871
[2023-10-05 01:20:48.115] [info] #8: Feasible / Total: 374645 / 597871
[2023-10-05 01:22:27.736] [info] #9: Feasible / Total: 407946 / 597871
[2023-10-05 01:22:52.197] [info] #10: Feasible / Total: 413929 / 597871
[2023-10-05 01:23:02.356] [info] #11: Feasible / Total: 414796 / 597871
[2023-10-05 01:23:10.891] [info] #12: Feasible / Total: 415364 / 597871
[2023-10-05 01:23:14.922] [info] #13: Feasible / Total: 415469 / 597871
[2023-10-05 01:23:17.802] [info] #13: Feasible / Total: 415469 / 597871
[2023-10-05 01:23:17.802] [info] Graph is not D-reducible.
[2023-10-05 01:23:17.936] [info] Started C-reducibility check
[2023-10-05 01:43:42.552] [info] Trying 139527122 possible contractions
[2023-10-05 01:43:42.552] [info] [0/139527122] Starting contraction of size 1
[2023-10-05 01:43:51.820] [info] All colors passed! Contracted: 53
[2023-10-05 01:43:51.821] [info] Graph is C-reducible!
