[2023-09-30 14:52:46.445] [info] Kempe type: Projective
[2023-09-30 14:52:46.446] [info] Vertex size: 30, Edge size: 52, Ring size: 14
[2023-09-30 14:52:46.789] [info] Started D-reducibility check
[2023-09-30 14:52:46.789] [info] #1: Feasible / Total: 18745 / 199291
[2023-09-30 14:54:00.506] [info] #2: Feasible / Total: 34309 / 199291
[2023-09-30 14:54:12.955] [info] #3: Feasible / Total: 38803 / 199291
[2023-09-30 14:54:19.391] [info] #4: Feasible / Total: 41591 / 199291
[2023-09-30 14:54:25.086] [info] #5: Feasible / Total: 43924 / 199291
[2023-09-30 14:54:32.670] [info] #6: Feasible / Total: 46322 / 199291
[2023-09-30 14:54:41.273] [info] #7: Feasible / Total: 49399 / 199291
[2023-09-30 14:54:52.064] [info] #8: Feasible / Total: 54568 / 199291
[2023-09-30 14:55:08.439] [info] #9: Feasible / Total: 62416 / 199291
[2023-09-30 14:55:31.358] [info] #10: Feasible / Total: 74886 / 199291
[2023-09-30 14:56:28.203] [info] #11: Feasible / Total: 93778 / 199291
[2023-09-30 14:57:04.741] [info] #12: Feasible / Total: 118215 / 199291
[2023-09-30 14:57:26.849] [info] #13: Feasible / Total: 141848 / 199291
[2023-09-30 14:57:33.599] [info] #14: Feasible / Total: 150245 / 199291
[2023-09-30 14:57:34.691] [info] #15: Feasible / Total: 150655 / 199291
[2023-09-30 14:57:35.154] [info] #16: Feasible / Total: 150658 / 199291
[2023-09-30 14:57:35.606] [info] #16: Feasible / Total: 150658 / 199291
[2023-09-30 14:57:35.606] [info] Graph is not D-reducible.
[2023-09-30 14:57:35.640] [info] Started C-reducibility check
[2023-09-30 14:57:46.269] [info] Trying 844821 possible contractions
[2023-09-30 14:57:46.269] [info] [0/844821] Starting contraction of size 1
[2023-09-30 14:57:54.005] [info] All colors passed! Contracted: 49
[2023-09-30 14:57:54.005] [info] Graph is C-reducible!
