[2023-10-04 10:10:41.721] [info] Kempe type: Projective
[2023-10-04 10:10:41.726] [info] Vertex size: 34, Edge size: 58, Ring size: 14
[2023-10-04 10:10:43.973] [info] Started D-reducibility check
[2023-10-04 10:10:43.973] [info] #1: Feasible / Total: 23315 / 199291
[2023-10-04 10:12:40.922] [info] #2: Feasible / Total: 31318 / 199291
[2023-10-04 10:13:11.299] [info] #3: Feasible / Total: 36418 / 199291
[2023-10-04 10:13:33.375] [info] #4: Feasible / Total: 39878 / 199291
[2023-10-04 10:13:46.345] [info] #5: Feasible / Total: 42248 / 199291
[2023-10-04 10:13:56.713] [info] #6: Feasible / Total: 44020 / 199291
[2023-10-04 10:14:09.189] [info] #7: Feasible / Total: 45588 / 199291
[2023-10-04 10:14:21.111] [info] #8: Feasible / Total: 47150 / 199291
[2023-10-04 10:14:32.125] [info] #9: Feasible / Total: 48934 / 199291
[2023-10-04 10:14:44.357] [info] #10: Feasible / Total: 51135 / 199291
[2023-10-04 10:14:59.759] [info] #11: Feasible / Total: 53469 / 199291
[2023-10-04 10:15:11.964] [info] #12: Feasible / Total: 56001 / 199291
[2023-10-04 10:15:25.149] [info] #13: Feasible / Total: 58856 / 199291
[2023-10-04 10:15:44.266] [info] #14: Feasible / Total: 62701 / 199291
[2023-10-04 10:16:10.640] [info] #15: Feasible / Total: 68749 / 199291
[2023-10-04 10:16:48.810] [info] #16: Feasible / Total: 77293 / 199291
[2023-10-04 10:17:20.975] [info] #17: Feasible / Total: 86347 / 199291
[2023-10-04 10:17:51.491] [info] #18: Feasible / Total: 94347 / 199291
[2023-10-04 10:18:27.454] [info] #19: Feasible / Total: 105435 / 199291
[2023-10-04 10:18:59.318] [info] #20: Feasible / Total: 119929 / 199291
[2023-10-04 10:19:11.148] [info] #21: Feasible / Total: 126617 / 199291
[2023-10-04 10:19:13.633] [info] #22: Feasible / Total: 127044 / 199291
[2023-10-04 10:19:15.111] [info] #23: Feasible / Total: 127045 / 199291
[2023-10-04 10:19:16.576] [info] #23: Feasible / Total: 127045 / 199291
[2023-10-04 10:19:16.576] [info] Graph is not D-reducible.
[2023-10-04 10:19:16.623] [info] Started C-reducibility check
[2023-10-04 10:24:40.752] [info] Trying 48575966 possible contractions
[2023-10-04 10:24:40.752] [info] [0/48575966] Starting contraction of size 1
[2023-10-04 10:25:24.933] [info] [44/48575966] Starting contraction of size 2
[2023-10-04 10:36:09.416] [info] [916/48575966] Starting contraction of size 3
[2023-10-04 11:59:24.344] [info] [11237/48575966] Starting contraction of size 4
[2023-10-04 21:58:43.779] [info] [92857/48575966] Starting contraction of size 5
[2023-10-06 15:15:57.881] [info] [550432/48575966] Starting contraction of size 6
[2023-10-07 23:59:17.439] [info] All colors passed! Contracted: 20, 27, 29, 49, 51, 57
[2023-10-07 23:59:17.439] [info] Graph is C-reducible!
