[2023-10-02 00:12:27.692] [info] Kempe type: Projective
[2023-10-02 00:12:27.692] [info] Vertex size: 39, Edge size: 66, Ring size: 15
[2023-10-02 00:12:50.905] [info] Started D-reducibility check
[2023-10-02 00:12:50.910] [info] #1: Feasible / Total: 73706 / 597871
[2023-10-02 00:24:41.337] [info] #2: Feasible / Total: 111726 / 597871
[2023-10-02 00:34:53.388] [info] #3: Feasible / Total: 163456 / 597871
[2023-10-02 00:42:41.686] [info] #4: Feasible / Total: 221046 / 597871
[2023-10-02 00:50:15.123] [info] #5: Feasible / Total: 284061 / 597871
[2023-10-02 00:54:07.637] [info] #6: Feasible / Total: 333148 / 597871
[2023-10-02 00:55:40.360] [info] #7: Feasible / Total: 347767 / 597871
[2023-10-02 00:56:45.534] [info] #8: Feasible / Total: 355783 / 597871
[2023-10-02 00:57:49.025] [info] #9: Feasible / Total: 364290 / 597871
[2023-10-02 00:59:12.874] [info] #10: Feasible / Total: 375026 / 597871
[2023-10-02 01:02:42.644] [info] #11: Feasible / Total: 405227 / 597871
[2023-10-02 01:06:17.383] [info] #12: Feasible / Total: 459932 / 597871
[2023-10-02 01:07:04.608] [info] #13: Feasible / Total: 480352 / 597871
[2023-10-02 01:07:08.353] [info] #14: Feasible / Total: 480602 / 597871
[2023-10-02 01:07:11.426] [info] #14: Feasible / Total: 480602 / 597871
[2023-10-02 01:07:11.426] [info] Graph is not D-reducible.
[2023-10-02 01:07:11.528] [info] Started C-reducibility check
[2023-10-02 02:33:53.910] [info] Trying 281577889 possible contractions
[2023-10-02 02:33:53.918] [info] [0/281577889] Starting contraction of size 1
[2023-10-02 02:35:44.245] [info] All colors passed! Contracted: 41
[2023-10-02 02:35:44.246] [info] Graph is C-reducible!
