[2023-10-04 13:28:03.491] [info] Kempe type: Projective
[2023-10-04 13:28:03.491] [info] Vertex size: 31, Edge size: 53, Ring size: 13
[2023-10-04 13:28:04.511] [info] Started D-reducibility check
[2023-10-04 13:28:04.522] [info] #1: Feasible / Total: 9471 / 66430
[2023-10-04 13:28:38.666] [info] #2: Feasible / Total: 13352 / 66430
[2023-10-04 13:28:55.265] [info] #3: Feasible / Total: 16673 / 66430
[2023-10-04 13:29:14.171] [info] #4: Feasible / Total: 21033 / 66430
[2023-10-04 13:29:36.731] [info] #5: Feasible / Total: 28399 / 66430
[2023-10-04 13:30:04.909] [info] #6: Feasible / Total: 43593 / 66430
[2023-10-04 13:30:13.920] [info] #7: Feasible / Total: 55775 / 66430
[2023-10-04 13:30:14.802] [info] #8: Feasible / Total: 56710 / 66430
[2023-10-04 13:30:15.006] [info] #8: Feasible / Total: 56710 / 66430
[2023-10-04 13:30:15.022] [info] Graph is not D-reducible.
[2023-10-04 13:30:15.038] [info] Started C-reducibility check
[2023-10-04 13:31:36.531] [info] Trying 15197542 possible contractions
[2023-10-04 13:31:36.531] [info] [0/15197542] Starting contraction of size 1
[2023-10-04 13:31:46.469] [info] [40/15197542] Starting contraction of size 2
[2023-10-04 13:34:18.478] [info] [753/15197542] Starting contraction of size 3
[2023-10-04 13:50:50.406] [info] All colors passed! Contracted: 14, 23, 46
[2023-10-04 13:50:50.406] [info] Graph is C-reducible!
