[2023-09-30 20:00:26.221] [info] Kempe type: Projective
[2023-09-30 20:00:26.221] [info] Vertex size: 26, Edge size: 45, Ring size: 12
[2023-09-30 20:00:26.298] [info] Started D-reducibility check
[2023-09-30 20:00:26.298] [info] #1: Feasible / Total: 3318 / 22144
[2023-09-30 20:00:28.840] [info] #2: Feasible / Total: 4587 / 22144
[2023-09-30 20:00:29.451] [info] #3: Feasible / Total: 5229 / 22144
[2023-09-30 20:00:29.985] [info] #4: Feasible / Total: 5756 / 22144
[2023-09-30 20:00:30.701] [info] #5: Feasible / Total: 6255 / 22144
[2023-09-30 20:00:31.549] [info] #6: Feasible / Total: 6753 / 22144
[2023-09-30 20:00:32.555] [info] #7: Feasible / Total: 7445 / 22144
[2023-09-30 20:00:33.383] [info] #8: Feasible / Total: 8279 / 22144
[2023-09-30 20:00:34.529] [info] #9: Feasible / Total: 9197 / 22144
[2023-09-30 20:00:35.795] [info] #10: Feasible / Total: 10743 / 22144
[2023-09-30 20:00:37.529] [info] #11: Feasible / Total: 13387 / 22144
[2023-09-30 20:00:38.526] [info] #12: Feasible / Total: 15601 / 22144
[2023-09-30 20:00:38.768] [info] #13: Feasible / Total: 16017 / 22144
[2023-09-30 20:00:38.887] [info] #13: Feasible / Total: 16017 / 22144
[2023-09-30 20:00:38.887] [info] Graph is not D-reducible.
[2023-09-30 20:00:38.891] [info] Started C-reducibility check
[2023-09-30 20:00:41.880] [info] Trying 284056 possible contractions
[2023-09-30 20:00:41.880] [info] [0/284056] Starting contraction of size 1
[2023-09-30 20:00:43.655] [info] [33/284056] Starting contraction of size 2
[2023-09-30 20:00:58.895] [info] [507/284056] Starting contraction of size 3
[2023-09-30 20:02:16.224] [info] [4419/284056] Starting contraction of size 4
[2023-09-30 20:08:07.382] [info] [25082/284056] Starting contraction of size 5
[2023-09-30 20:09:15.077] [info] All colors passed! Contracted: 23, 26, 33, 35, 42
[2023-09-30 20:09:15.077] [info] Graph is C-reducible!
