[2023-10-05 00:48:35.680] [info] Kempe type: Projective
[2023-10-05 00:48:35.706] [info] Vertex size: 35, Edge size: 60, Ring size: 15
[2023-10-05 00:48:43.196] [info] Started D-reducibility check
[2023-10-05 00:48:43.222] [info] #1: Feasible / Total: 53202 / 597871
[2023-10-05 00:56:07.485] [info] #2: Feasible / Total: 75031 / 597871
[2023-10-05 00:59:11.192] [info] #3: Feasible / Total: 87073 / 597871
[2023-10-05 01:01:05.842] [info] #4: Feasible / Total: 93723 / 597871
[2023-10-05 01:02:34.874] [info] #5: Feasible / Total: 99070 / 597871
[2023-10-05 01:03:44.195] [info] #6: Feasible / Total: 103950 / 597871
[2023-10-05 01:04:38.506] [info] #7: Feasible / Total: 109103 / 597871
[2023-10-05 01:05:22.923] [info] #8: Feasible / Total: 114267 / 597871
[2023-10-05 01:06:03.001] [info] #9: Feasible / Total: 119991 / 597871
[2023-10-05 01:06:52.451] [info] #10: Feasible / Total: 126807 / 597871
[2023-10-05 01:07:49.351] [info] #11: Feasible / Total: 135312 / 597871
[2023-10-05 01:09:09.985] [info] #12: Feasible / Total: 146363 / 597871
[2023-10-05 01:10:24.607] [info] #13: Feasible / Total: 160472 / 597871
[2023-10-05 01:12:07.728] [info] #14: Feasible / Total: 179725 / 597871
[2023-10-05 01:14:29.249] [info] #15: Feasible / Total: 207099 / 597871
[2023-10-05 01:17:29.769] [info] #16: Feasible / Total: 246041 / 597871
[2023-10-05 01:20:45.480] [info] #17: Feasible / Total: 295992 / 597871
[2023-10-05 01:23:59.231] [info] #18: Feasible / Total: 349525 / 597871
[2023-10-05 01:24:55.713] [info] #19: Feasible / Total: 374771 / 597871
[2023-10-05 01:25:08.033] [info] #20: Feasible / Total: 377327 / 597871
[2023-10-05 01:25:12.770] [info] #21: Feasible / Total: 377434 / 597871
[2023-10-05 01:25:16.369] [info] #22: Feasible / Total: 377437 / 597871
[2023-10-05 01:25:20.087] [info] #22: Feasible / Total: 377437 / 597871
[2023-10-05 01:25:20.087] [info] Graph is not D-reducible.
[2023-10-05 01:25:20.181] [info] Started C-reducibility check
[2023-10-05 01:31:02.860] [info] Trying 65698771 possible contractions
[2023-10-05 01:31:02.860] [info] [0/65698771] Starting contraction of size 1
[2023-10-05 01:31:43.471] [info] [45/65698771] Starting contraction of size 2
[2023-10-05 01:44:13.099] [info] [960/65698771] Starting contraction of size 3
[2023-10-05 03:29:35.223] [info] [12111/65698771] Starting contraction of size 4
[2023-10-05 15:36:22.946] [info] [103264/65698771] Starting contraction of size 5
[2023-10-08 08:09:41.838] [info] [633708/65698771] Starting contraction of size 6
[2023-10-11 07:49:03.515] [info] All colors passed! Contracted: 17, 37, 39, 44, 49, 59
[2023-10-11 07:49:03.515] [info] Graph is C-reducible!
