[2023-10-02 16:31:56.276] [info] Kempe type: Projective
[2023-10-02 16:31:56.276] [info] Vertex size: 30, Edge size: 51, Ring size: 12
[2023-10-02 16:31:56.452] [info] Started D-reducibility check
[2023-10-02 16:31:56.452] [info] #1: Feasible / Total: 4689 / 22144
[2023-10-02 16:31:59.330] [info] #2: Feasible / Total: 6672 / 22144
[2023-10-02 16:32:00.085] [info] #3: Feasible / Total: 8222 / 22144
[2023-10-02 16:32:00.761] [info] #4: Feasible / Total: 9268 / 22144
[2023-10-02 16:32:01.293] [info] #5: Feasible / Total: 10072 / 22144
[2023-10-02 16:32:01.864] [info] #6: Feasible / Total: 11058 / 22144
[2023-10-02 16:32:02.598] [info] #7: Feasible / Total: 12639 / 22144
[2023-10-02 16:32:03.555] [info] #8: Feasible / Total: 15287 / 22144
[2023-10-02 16:32:04.024] [info] #9: Feasible / Total: 17713 / 22144
[2023-10-02 16:32:04.072] [info] #10: Feasible / Total: 17776 / 22144
[2023-10-02 16:32:04.105] [info] #10: Feasible / Total: 17776 / 22144
[2023-10-02 16:32:04.105] [info] Graph is not D-reducible.
[2023-10-02 16:32:04.108] [info] Started C-reducibility check
[2023-10-02 16:32:33.293] [info] Trying 977732 possible contractions
[2023-10-02 16:32:33.293] [info] [0/977732] Starting contraction of size 1
[2023-10-02 16:32:33.393] [info] All colors passed! Contracted: 29
[2023-10-02 16:32:33.394] [info] Graph is C-reducible!
