[2023-10-02 00:12:27.504] [info] Kempe type: Projective
[2023-10-02 00:12:27.506] [info] Vertex size: 32, Edge size: 55, Ring size: 14
[2023-10-02 00:12:28.103] [info] Started D-reducibility check
[2023-10-02 00:12:28.103] [info] #1: Feasible / Total: 20933 / 199291
[2023-10-02 00:14:14.540] [info] #2: Feasible / Total: 32542 / 199291
[2023-10-02 00:15:04.500] [info] #3: Feasible / Total: 38804 / 199291
[2023-10-02 00:15:46.925] [info] #4: Feasible / Total: 45319 / 199291
[2023-10-02 00:16:39.931] [info] #5: Feasible / Total: 54186 / 199291
[2023-10-02 00:17:43.052] [info] #6: Feasible / Total: 66245 / 199291
[2023-10-02 00:19:05.790] [info] #7: Feasible / Total: 82599 / 199291
[2023-10-02 00:20:51.282] [info] #8: Feasible / Total: 109574 / 199291
[2023-10-02 00:22:40.135] [info] #9: Feasible / Total: 162485 / 199291
[2023-10-02 00:23:01.750] [info] #10: Feasible / Total: 184997 / 199291
[2023-10-02 00:23:02.281] [info] #11: Feasible / Total: 185131 / 199291
[2023-10-02 00:23:02.540] [info] #11: Feasible / Total: 185131 / 199291
[2023-10-02 00:23:02.540] [info] Graph is not D-reducible.
[2023-10-02 00:23:02.594] [info] Started C-reducibility check
[2023-10-02 00:25:10.871] [info] Trying 21219499 possible contractions
[2023-10-02 00:25:10.871] [info] [0/21219499] Starting contraction of size 1
[2023-10-02 00:25:25.354] [info] All colors passed! Contracted: 32
[2023-10-02 00:25:25.362] [info] Graph is C-reducible!
