[2023-10-04 20:51:57.110] [info] Kempe type: Projective
[2023-10-04 20:51:57.130] [info] Vertex size: 35, Edge size: 60, Ring size: 15
[2023-10-04 20:52:05.675] [info] Started D-reducibility check
[2023-10-04 20:52:05.682] [info] #1: Feasible / Total: 53463 / 597871
[2023-10-04 21:00:09.728] [info] #2: Feasible / Total: 72549 / 597871
[2023-10-04 21:03:11.340] [info] #3: Feasible / Total: 84342 / 597871
[2023-10-04 21:04:59.297] [info] #4: Feasible / Total: 91132 / 597871
[2023-10-04 21:06:07.269] [info] #5: Feasible / Total: 95668 / 597871
[2023-10-04 21:07:11.248] [info] #6: Feasible / Total: 99710 / 597871
[2023-10-04 21:08:14.224] [info] #7: Feasible / Total: 104139 / 597871
[2023-10-04 21:09:11.506] [info] #8: Feasible / Total: 109244 / 597871
[2023-10-04 21:10:17.997] [info] #9: Feasible / Total: 114837 / 597871
[2023-10-04 21:11:29.394] [info] #10: Feasible / Total: 121479 / 597871
[2023-10-04 21:12:44.866] [info] #11: Feasible / Total: 129502 / 597871
[2023-10-04 21:14:22.293] [info] #12: Feasible / Total: 140372 / 597871
[2023-10-04 21:16:28.899] [info] #13: Feasible / Total: 155511 / 597871
[2023-10-04 21:19:29.334] [info] #14: Feasible / Total: 177599 / 597871
[2023-10-04 21:22:40.908] [info] #15: Feasible / Total: 211368 / 597871
[2023-10-04 21:26:41.122] [info] #16: Feasible / Total: 268521 / 597871
[2023-10-04 21:32:17.180] [info] #17: Feasible / Total: 368177 / 597871
[2023-10-04 21:36:56.446] [info] #18: Feasible / Total: 510303 / 597871
[2023-10-04 21:37:34.762] [info] #19: Feasible / Total: 562075 / 597871
[2023-10-04 21:37:35.607] [info] #20: Feasible / Total: 562087 / 597871
[2023-10-04 21:37:36.106] [info] #20: Feasible / Total: 562087 / 597871
[2023-10-04 21:37:36.106] [info] Graph is not D-reducible.
[2023-10-04 21:37:36.215] [info] Started C-reducibility check
[2023-10-04 21:43:26.730] [info] Trying 65693832 possible contractions
[2023-10-04 21:43:26.731] [info] [0/65693832] Starting contraction of size 1
[2023-10-04 21:43:28.162] [info] All colors passed! Contracted: 41
[2023-10-04 21:43:28.162] [info] Graph is C-reducible!
