[2023-10-03 15:49:02.324] [info] Kempe type: Projective
[2023-10-03 15:49:02.374] [info] Vertex size: 31, Edge size: 53, Ring size: 13
[2023-10-03 15:49:04.413] [info] Started D-reducibility check
[2023-10-03 15:49:04.413] [info] #1: Feasible / Total: 10326 / 66430
[2023-10-03 15:49:30.385] [info] #2: Feasible / Total: 13451 / 66430
[2023-10-03 15:49:42.274] [info] #3: Feasible / Total: 16449 / 66430
[2023-10-03 15:49:55.839] [info] #4: Feasible / Total: 20556 / 66430
[2023-10-03 15:50:09.858] [info] #5: Feasible / Total: 27322 / 66430
[2023-10-03 15:50:26.309] [info] #6: Feasible / Total: 36823 / 66430
[2023-10-03 15:50:37.961] [info] #7: Feasible / Total: 46196 / 66430
[2023-10-03 15:50:41.487] [info] #8: Feasible / Total: 49163 / 66430
[2023-10-03 15:50:42.162] [info] #9: Feasible / Total: 49256 / 66430
[2023-10-03 15:50:42.643] [info] #10: Feasible / Total: 49258 / 66430
[2023-10-03 15:50:43.127] [info] #10: Feasible / Total: 49258 / 66430
[2023-10-03 15:50:43.127] [info] Graph is not D-reducible.
[2023-10-03 15:50:43.160] [info] Started C-reducibility check
[2023-10-03 15:52:06.363] [info] Trying 15262607 possible contractions
[2023-10-03 15:52:06.363] [info] [0/15262607] Starting contraction of size 1
[2023-10-03 15:52:27.557] [info] [40/15262607] Starting contraction of size 2
[2023-10-03 15:55:29.059] [info] All colors passed! Contracted: 25, 46
[2023-10-03 15:55:29.059] [info] Graph is C-reducible!
