[2023-10-01 11:31:08.945] [info] Kempe type: Projective
[2023-10-01 11:31:08.945] [info] Vertex size: 33, Edge size: 56, Ring size: 13
[2023-10-01 11:31:09.455] [info] Started D-reducibility check
[2023-10-01 11:31:09.455] [info] #1: Feasible / Total: 10872 / 66430
[2023-10-01 11:31:16.029] [info] #2: Feasible / Total: 16103 / 66430
[2023-10-01 11:31:20.356] [info] #3: Feasible / Total: 22110 / 66430
[2023-10-01 11:31:24.180] [info] #4: Feasible / Total: 28480 / 66430
[2023-10-01 11:31:27.297] [info] #5: Feasible / Total: 36110 / 66430
[2023-10-01 11:31:29.414] [info] #6: Feasible / Total: 40207 / 66430
[2023-10-01 11:31:30.000] [info] #7: Feasible / Total: 40532 / 66430
[2023-10-01 11:31:30.379] [info] #8: Feasible / Total: 40561 / 66430
[2023-10-01 11:31:30.745] [info] #8: Feasible / Total: 40561 / 66430
[2023-10-01 11:31:30.745] [info] Graph is not D-reducible.
[2023-10-01 11:31:30.768] [info] Started C-reducibility check
[2023-10-01 11:33:57.291] [info] Trying 2026259 possible contractions
[2023-10-01 11:33:57.291] [info] [0/2026259] Starting contraction of size 1
[2023-10-01 11:34:29.666] [info] [43/2026259] Starting contraction of size 2
[2023-10-01 11:43:10.051] [info] [873/2026259] Starting contraction of size 3
[2023-10-01 12:40:31.344] [info] [10405/2026259] Starting contraction of size 4
[2023-10-01 14:04:09.031] [info] All colors passed! Contracted: 36, 40, 44, 52
[2023-10-01 14:04:09.031] [info] Graph is C-reducible!
