[2023-10-05 00:48:35.487] [info] Kempe type: Projective
[2023-10-05 00:48:35.487] [info] Vertex size: 28, Edge size: 48, Ring size: 12
[2023-10-05 00:48:35.527] [info] Started D-reducibility check
[2023-10-05 00:48:35.527] [info] #1: Feasible / Total: 3856 / 22144
[2023-10-05 00:48:37.012] [info] #2: Feasible / Total: 5694 / 22144
[2023-10-05 00:48:37.631] [info] #3: Feasible / Total: 6980 / 22144
[2023-10-05 00:48:38.226] [info] #4: Feasible / Total: 8359 / 22144
[2023-10-05 00:48:38.925] [info] #5: Feasible / Total: 10984 / 22144
[2023-10-05 00:48:39.822] [info] #6: Feasible / Total: 15855 / 22144
[2023-10-05 00:48:40.092] [info] #7: Feasible / Total: 18968 / 22144
[2023-10-05 00:48:40.129] [info] #8: Feasible / Total: 19302 / 22144
[2023-10-05 00:48:40.142] [info] #8: Feasible / Total: 19302 / 22144
[2023-10-05 00:48:40.142] [info] Graph is not D-reducible.
[2023-10-05 00:48:40.146] [info] Started C-reducibility check
[2023-10-05 00:48:45.816] [info] Trying 4249969 possible contractions
[2023-10-05 00:48:45.816] [info] [0/4249969] Starting contraction of size 1
[2023-10-05 00:48:46.745] [info] [36/4249969] Starting contraction of size 2
[2023-10-05 00:49:01.579] [info] [606/4249969] Starting contraction of size 3
[2023-10-05 00:52:00.240] [info] [5855/4249969] Starting contraction of size 4
[2023-10-05 00:52:31.704] [info] All colors passed! Contracted: 15, 32, 34, 36
[2023-10-05 00:52:31.704] [info] Graph is C-reducible!
