[2023-10-02 21:50:37.762] [info] Kempe type: Projective
[2023-10-02 21:50:37.914] [info] Vertex size: 29, Edge size: 50, Ring size: 13
[2023-10-02 21:50:39.116] [info] Started D-reducibility check
[2023-10-02 21:50:39.116] [info] #1: Feasible / Total: 8660 / 66430
[2023-10-02 21:50:45.991] [info] #2: Feasible / Total: 10086 / 66430
[2023-10-02 21:50:47.834] [info] #3: Feasible / Total: 10897 / 66430
[2023-10-02 21:50:49.849] [info] #4: Feasible / Total: 11441 / 66430
[2023-10-02 21:50:51.230] [info] #5: Feasible / Total: 12049 / 66430
[2023-10-02 21:50:52.383] [info] #6: Feasible / Total: 12763 / 66430
[2023-10-02 21:50:53.889] [info] #7: Feasible / Total: 13693 / 66430
[2023-10-02 21:50:55.386] [info] #8: Feasible / Total: 14781 / 66430
[2023-10-02 21:50:57.109] [info] #9: Feasible / Total: 16214 / 66430
[2023-10-02 21:50:58.842] [info] #10: Feasible / Total: 18191 / 66430
[2023-10-02 21:51:01.073] [info] #11: Feasible / Total: 20226 / 66430
[2023-10-02 21:51:03.430] [info] #12: Feasible / Total: 22922 / 66430
[2023-10-02 21:51:06.508] [info] #13: Feasible / Total: 26640 / 66430
[2023-10-02 21:51:10.956] [info] #14: Feasible / Total: 32450 / 66430
[2023-10-02 21:51:16.857] [info] #15: Feasible / Total: 40263 / 66430
[2023-10-02 21:51:21.278] [info] #16: Feasible / Total: 46565 / 66430
[2023-10-02 21:51:21.976] [info] #17: Feasible / Total: 48410 / 66430
[2023-10-02 21:51:22.112] [info] #18: Feasible / Total: 48470 / 66430
[2023-10-02 21:51:22.235] [info] #18: Feasible / Total: 48470 / 66430
[2023-10-02 21:51:22.235] [info] Graph is not D-reducible.
[2023-10-02 21:51:22.247] [info] Started C-reducibility check
[2023-10-02 21:51:29.943] [info] Trying 678760 possible contractions
[2023-10-02 21:51:29.944] [info] [0/678760] Starting contraction of size 1
[2023-10-02 21:51:30.031] [info] All colors passed! Contracted: 23
[2023-10-02 21:51:30.031] [info] Graph is C-reducible!
