[2023-10-05 00:48:35.568] [info] Kempe type: Projective
[2023-10-05 00:48:35.568] [info] Vertex size: 37, Edge size: 63, Ring size: 15
[2023-10-05 00:48:49.636] [info] Started D-reducibility check
[2023-10-05 00:48:49.646] [info] #1: Feasible / Total: 58149 / 597871
[2023-10-05 00:55:21.749] [info] #2: Feasible / Total: 82142 / 597871
[2023-10-05 00:59:08.436] [info] #3: Feasible / Total: 102754 / 597871
[2023-10-05 01:01:47.217] [info] #4: Feasible / Total: 117096 / 597871
[2023-10-05 01:03:42.133] [info] #5: Feasible / Total: 126893 / 597871
[2023-10-05 01:05:07.931] [info] #6: Feasible / Total: 136916 / 597871
[2023-10-05 01:06:47.046] [info] #7: Feasible / Total: 151271 / 597871
[2023-10-05 01:09:20.216] [info] #8: Feasible / Total: 173818 / 597871
[2023-10-05 01:13:16.443] [info] #9: Feasible / Total: 212214 / 597871
[2023-10-05 01:18:00.119] [info] #10: Feasible / Total: 289679 / 597871
[2023-10-05 01:23:59.136] [info] #11: Feasible / Total: 434053 / 597871
[2023-10-05 01:26:26.352] [info] #12: Feasible / Total: 521143 / 597871
[2023-10-05 01:27:30.622] [info] #13: Feasible / Total: 570547 / 597871
[2023-10-05 01:27:31.865] [info] #14: Feasible / Total: 574939 / 597871
[2023-10-05 01:27:32.205] [info] #14: Feasible / Total: 574939 / 597871
[2023-10-05 01:27:32.205] [info] Graph is not D-reducible.
[2023-10-05 01:27:32.303] [info] Started C-reducibility check
[2023-10-05 01:46:57.921] [info] Trying 139011876 possible contractions
[2023-10-05 01:46:57.921] [info] [0/139011876] Starting contraction of size 1
[2023-10-05 01:46:59.733] [info] All colors passed! Contracted: 29
[2023-10-05 01:46:59.734] [info] Graph is C-reducible!
