[2023-09-30 16:50:13.053] [info] Kempe type: Projective
[2023-09-30 16:50:13.053] [info] Vertex size: 29, Edge size: 50, Ring size: 13
[2023-09-30 16:50:13.325] [info] Started D-reducibility check
[2023-09-30 16:50:13.325] [info] #1: Feasible / Total: 8490 / 66430
[2023-09-30 16:50:23.369] [info] #2: Feasible / Total: 11549 / 66430
[2023-09-30 16:50:28.101] [info] #3: Feasible / Total: 13197 / 66430
[2023-09-30 16:50:31.322] [info] #4: Feasible / Total: 14730 / 66430
[2023-09-30 16:50:35.057] [info] #5: Feasible / Total: 16544 / 66430
[2023-09-30 16:50:39.936] [info] #6: Feasible / Total: 19294 / 66430
[2023-09-30 16:50:46.075] [info] #7: Feasible / Total: 23311 / 66430
[2023-09-30 16:50:54.268] [info] #8: Feasible / Total: 30068 / 66430
[2023-09-30 16:51:03.139] [info] #9: Feasible / Total: 40511 / 66430
[2023-09-30 16:51:07.759] [info] #10: Feasible / Total: 48045 / 66430
[2023-09-30 16:51:08.511] [info] #11: Feasible / Total: 48739 / 66430
[2023-09-30 16:51:08.771] [info] #12: Feasible / Total: 48745 / 66430
[2023-09-30 16:51:09.013] [info] #12: Feasible / Total: 48745 / 66430
[2023-09-30 16:51:09.013] [info] Graph is not D-reducible.
[2023-09-30 16:51:09.027] [info] Started C-reducibility check
[2023-09-30 16:51:21.474] [info] Trying 678906 possible contractions
[2023-09-30 16:51:21.474] [info] [0/678906] Starting contraction of size 1
[2023-09-30 16:51:22.871] [info] All colors passed! Contracted: 28
[2023-09-30 16:51:22.871] [info] Graph is C-reducible!
