[2023-10-05 00:48:35.860] [info] Kempe type: Projective
[2023-10-05 00:48:35.898] [info] Vertex size: 34, Edge size: 58, Ring size: 14
[2023-10-05 00:48:42.308] [info] Started D-reducibility check
[2023-10-05 00:48:42.342] [info] #1: Feasible / Total: 22907 / 199291
[2023-10-05 00:50:56.419] [info] #2: Feasible / Total: 31896 / 199291
[2023-10-05 00:51:23.516] [info] #3: Feasible / Total: 36306 / 199291
[2023-10-05 00:51:42.521] [info] #4: Feasible / Total: 39225 / 199291
[2023-10-05 00:51:58.626] [info] #5: Feasible / Total: 41400 / 199291
[2023-10-05 00:52:11.198] [info] #6: Feasible / Total: 43564 / 199291
[2023-10-05 00:52:23.903] [info] #7: Feasible / Total: 45448 / 199291
[2023-10-05 00:52:32.172] [info] #8: Feasible / Total: 46960 / 199291
[2023-10-05 00:52:41.689] [info] #9: Feasible / Total: 48137 / 199291
[2023-10-05 00:52:50.801] [info] #10: Feasible / Total: 49251 / 199291
[2023-10-05 00:52:59.562] [info] #11: Feasible / Total: 50272 / 199291
[2023-10-05 00:53:06.683] [info] #12: Feasible / Total: 51371 / 199291
[2023-10-05 00:53:15.043] [info] #13: Feasible / Total: 52712 / 199291
[2023-10-05 00:53:23.410] [info] #14: Feasible / Total: 53804 / 199291
[2023-10-05 00:53:30.418] [info] #15: Feasible / Total: 54417 / 199291
[2023-10-05 00:53:35.749] [info] #16: Feasible / Total: 54815 / 199291
[2023-10-05 00:53:41.635] [info] #17: Feasible / Total: 55029 / 199291
[2023-10-05 00:53:46.127] [info] #18: Feasible / Total: 55182 / 199291
[2023-10-05 00:53:50.627] [info] #19: Feasible / Total: 55307 / 199291
[2023-10-05 00:53:55.498] [info] #20: Feasible / Total: 55432 / 199291
[2023-10-05 00:53:59.166] [info] #21: Feasible / Total: 55539 / 199291
[2023-10-05 00:54:04.006] [info] #22: Feasible / Total: 55671 / 199291
[2023-10-05 00:54:08.725] [info] #23: Feasible / Total: 55860 / 199291
[2023-10-05 00:54:12.740] [info] #24: Feasible / Total: 56138 / 199291
[2023-10-05 00:54:17.709] [info] #25: Feasible / Total: 56448 / 199291
[2023-10-05 00:54:22.582] [info] #26: Feasible / Total: 56751 / 199291
[2023-10-05 00:54:27.598] [info] #27: Feasible / Total: 57093 / 199291
[2023-10-05 00:54:33.136] [info] #28: Feasible / Total: 57505 / 199291
[2023-10-05 00:54:38.892] [info] #29: Feasible / Total: 57834 / 199291
[2023-10-05 00:54:43.356] [info] #30: Feasible / Total: 58110 / 199291
[2023-10-05 00:54:48.038] [info] #31: Feasible / Total: 58318 / 199291
[2023-10-05 00:54:53.028] [info] #32: Feasible / Total: 58472 / 199291
[2023-10-05 00:54:58.716] [info] #33: Feasible / Total: 58648 / 199291
[2023-10-05 00:55:05.151] [info] #34: Feasible / Total: 58828 / 199291
[2023-10-05 00:55:12.861] [info] #35: Feasible / Total: 58987 / 199291
[2023-10-05 00:55:18.593] [info] #36: Feasible / Total: 59148 / 199291
[2023-10-05 00:55:25.578] [info] #37: Feasible / Total: 59377 / 199291
[2023-10-05 00:55:36.312] [info] #38: Feasible / Total: 59833 / 199291
[2023-10-05 00:55:46.526] [info] #39: Feasible / Total: 60381 / 199291
[2023-10-05 00:55:54.677] [info] #40: Feasible / Total: 60963 / 199291
[2023-10-05 00:56:02.210] [info] #41: Feasible / Total: 61593 / 199291
[2023-10-05 00:56:10.424] [info] #42: Feasible / Total: 62301 / 199291
[2023-10-05 00:56:18.595] [info] #43: Feasible / Total: 62965 / 199291
[2023-10-05 00:56:25.686] [info] #44: Feasible / Total: 63479 / 199291
[2023-10-05 00:56:31.733] [info] #45: Feasible / Total: 63965 / 199291
[2023-10-05 00:56:37.714] [info] #46: Feasible / Total: 64417 / 199291
[2023-10-05 00:56:44.383] [info] #47: Feasible / Total: 65071 / 199291
[2023-10-05 00:56:52.599] [info] #48: Feasible / Total: 65776 / 199291
[2023-10-05 00:57:02.429] [info] #49: Feasible / Total: 66572 / 199291
[2023-10-05 00:57:10.705] [info] #50: Feasible / Total: 67377 / 199291
[2023-10-05 00:57:17.726] [info] #51: Feasible / Total: 68217 / 199291
[2023-10-05 00:57:22.956] [info] #52: Feasible / Total: 69127 / 199291
[2023-10-05 00:57:28.657] [info] #53: Feasible / Total: 70081 / 199291
[2023-10-05 00:57:34.877] [info] #54: Feasible / Total: 70911 / 199291
[2023-10-05 00:57:40.900] [info] #55: Feasible / Total: 71590 / 199291
[2023-10-05 00:57:45.596] [info] #56: Feasible / Total: 72486 / 199291
[2023-10-05 00:57:51.594] [info] #57: Feasible / Total: 73301 / 199291
[2023-10-05 00:57:56.532] [info] #58: Feasible / Total: 73942 / 199291
[2023-10-05 00:58:01.318] [info] #59: Feasible / Total: 74436 / 199291
[2023-10-05 00:58:04.802] [info] #60: Feasible / Total: 74856 / 199291
[2023-10-05 00:58:08.945] [info] #61: Feasible / Total: 75520 / 199291
[2023-10-05 00:58:13.633] [info] #62: Feasible / Total: 76313 / 199291
[2023-10-05 00:58:18.208] [info] #63: Feasible / Total: 77340 / 199291
[2023-10-05 00:58:22.221] [info] #64: Feasible / Total: 78420 / 199291
[2023-10-05 00:58:26.813] [info] #65: Feasible / Total: 79277 / 199291
[2023-10-05 00:58:30.086] [info] #66: Feasible / Total: 79692 / 199291
[2023-10-05 00:58:33.434] [info] #67: Feasible / Total: 79999 / 199291
[2023-10-05 00:58:36.049] [info] #68: Feasible / Total: 80180 / 199291
[2023-10-05 00:58:38.550] [info] #69: Feasible / Total: 80227 / 199291
[2023-10-05 00:58:40.986] [info] #70: Feasible / Total: 80243 / 199291
[2023-10-05 00:58:43.388] [info] #71: Feasible / Total: 80251 / 199291
[2023-10-05 00:58:45.821] [info] #72: Feasible / Total: 80255 / 199291
[2023-10-05 00:58:48.316] [info] #72: Feasible / Total: 80255 / 199291
[2023-10-05 00:58:48.338] [info] Graph is not D-reducible.
[2023-10-05 00:58:48.417] [info] Started C-reducibility check
[2023-10-05 01:04:19.775] [info] Trying 48584290 possible contractions
[2023-10-05 01:04:19.786] [info] [0/48584290] Starting contraction of size 1
[2023-10-05 01:05:05.145] [info] [44/48584290] Starting contraction of size 2
[2023-10-05 01:17:50.299] [info] [916/48584290] Starting contraction of size 3
[2023-10-05 02:46:48.232] [info] [11237/48584290] Starting contraction of size 4
[2023-10-05 11:20:24.965] [info] [92857/48584290] Starting contraction of size 5
[2023-10-05 12:03:58.022] [info] All colors passed! Contracted: 19, 26, 32, 48, 55
[2023-10-05 12:03:58.022] [info] Graph is C-reducible!
