[2023-10-02 09:49:22.692] [info] Kempe type: Projective
[2023-10-02 09:49:22.698] [info] Vertex size: 31, Edge size: 53, Ring size: 13
[2023-10-02 09:49:25.570] [info] Started D-reducibility check
[2023-10-02 09:49:25.570] [info] #1: Feasible / Total: 9506 / 66430
[2023-10-02 09:50:02.693] [info] #2: Feasible / Total: 16906 / 66430
[2023-10-02 09:50:13.320] [info] #3: Feasible / Total: 22493 / 66430
[2023-10-02 09:50:27.407] [info] #4: Feasible / Total: 29728 / 66430
[2023-10-02 09:50:43.684] [info] #5: Feasible / Total: 44120 / 66430
[2023-10-02 09:50:50.490] [info] #6: Feasible / Total: 57943 / 66430
[2023-10-02 09:50:50.926] [info] #7: Feasible / Total: 58736 / 66430
[2023-10-02 09:50:51.022] [info] #8: Feasible / Total: 58738 / 66430
[2023-10-02 09:50:51.125] [info] #8: Feasible / Total: 58738 / 66430
[2023-10-02 09:50:51.125] [info] Graph is not D-reducible.
[2023-10-02 09:50:51.156] [info] Started C-reducibility check
[2023-10-02 09:51:43.262] [info] Trying 1197861 possible contractions
[2023-10-02 09:51:43.278] [info] [0/1197861] Starting contraction of size 1
[2023-10-02 09:52:11.453] [info] [40/1197861] Starting contraction of size 2
[2023-10-02 09:58:50.878] [info] [753/1197861] Starting contraction of size 3
[2023-10-02 09:59:21.068] [info] All colors passed! Contracted: 18, 42, 52
[2023-10-02 09:59:21.078] [info] Graph is C-reducible!
