[2023-10-04 20:51:57.292] [info] Kempe type: Projective
[2023-10-04 20:51:57.308] [info] Vertex size: 34, Edge size: 58, Ring size: 14
[2023-10-04 20:52:00.231] [info] Started D-reducibility check
[2023-10-04 20:52:00.258] [info] #1: Feasible / Total: 23527 / 199291
[2023-10-04 20:54:14.565] [info] #2: Feasible / Total: 31594 / 199291
[2023-10-04 20:54:53.506] [info] #3: Feasible / Total: 37719 / 199291
[2023-10-04 20:55:35.061] [info] #4: Feasible / Total: 43910 / 199291
[2023-10-04 20:56:13.347] [info] #5: Feasible / Total: 50487 / 199291
[2023-10-04 20:56:50.795] [info] #6: Feasible / Total: 58365 / 199291
[2023-10-04 20:57:39.231] [info] #7: Feasible / Total: 71975 / 199291
[2023-10-04 20:58:47.357] [info] #8: Feasible / Total: 94613 / 199291
[2023-10-04 20:59:47.703] [info] #9: Feasible / Total: 129038 / 199291
[2023-10-04 21:00:20.783] [info] #10: Feasible / Total: 153503 / 199291
[2023-10-04 21:00:24.825] [info] #11: Feasible / Total: 157639 / 199291
[2023-10-04 21:00:25.656] [info] #11: Feasible / Total: 157639 / 199291
[2023-10-04 21:00:25.656] [info] Graph is not D-reducible.
[2023-10-04 21:00:25.712] [info] Started C-reducibility check
[2023-10-04 21:05:55.379] [info] Trying 48783734 possible contractions
[2023-10-04 21:05:55.379] [info] [0/48783734] Starting contraction of size 1
[2023-10-04 21:05:59.080] [info] All colors passed! Contracted: 33
[2023-10-04 21:05:59.080] [info] Graph is C-reducible!
