[2023-10-01 00:58:46.464] [info] Kempe type: Projective
[2023-10-01 00:58:46.464] [info] Vertex size: 35, Edge size: 60, Ring size: 15
[2023-10-01 00:58:54.956] [info] Started D-reducibility check
[2023-10-01 00:58:54.970] [info] #1: Feasible / Total: 52890 / 597871
[2023-10-01 01:07:27.540] [info] #2: Feasible / Total: 85596 / 597871
[2023-10-01 01:10:36.920] [info] #3: Feasible / Total: 103043 / 597871
[2023-10-01 01:12:36.785] [info] #4: Feasible / Total: 118453 / 597871
[2023-10-01 01:14:05.957] [info] #5: Feasible / Total: 135371 / 597871
[2023-10-01 01:15:48.855] [info] #6: Feasible / Total: 154397 / 597871
[2023-10-01 01:17:47.415] [info] #7: Feasible / Total: 174156 / 597871
[2023-10-01 01:19:53.936] [info] #8: Feasible / Total: 195974 / 597871
[2023-10-01 01:22:08.157] [info] #9: Feasible / Total: 224325 / 597871
[2023-10-01 01:25:14.622] [info] #10: Feasible / Total: 268839 / 597871
[2023-10-01 01:29:57.528] [info] #11: Feasible / Total: 351432 / 597871
[2023-10-01 01:33:19.652] [info] #12: Feasible / Total: 448302 / 597871
[2023-10-01 01:34:01.420] [info] #13: Feasible / Total: 483795 / 597871
[2023-10-01 01:34:07.267] [info] #14: Feasible / Total: 485440 / 597871
[2023-10-01 01:34:08.853] [info] #15: Feasible / Total: 485441 / 597871
[2023-10-01 01:34:10.317] [info] #15: Feasible / Total: 485441 / 597871
[2023-10-01 01:34:10.317] [info] Graph is not D-reducible.
[2023-10-01 01:34:10.408] [info] Started C-reducibility check
[2023-10-01 01:38:58.814] [info] Trying 2913014 possible contractions
[2023-10-01 01:38:58.815] [info] [0/2913014] Starting contraction of size 1
[2023-10-01 01:40:06.643] [info] [45/2913014] Starting contraction of size 2
[2023-10-01 01:57:40.317] [info] [960/2913014] Starting contraction of size 3
[2023-10-01 03:43:46.956] [info] All colors passed! Contracted: 45, 49, 59
[2023-10-01 03:43:46.956] [info] Graph is C-reducible!
