[2023-10-02 00:12:27.635] [info] Kempe type: Projective
[2023-10-02 00:12:27.710] [info] Vertex size: 36, Edge size: 61, Ring size: 14
[2023-10-02 00:12:37.633] [info] Started D-reducibility check
[2023-10-02 00:12:37.633] [info] #1: Feasible / Total: 30772 / 199291
[2023-10-02 00:15:25.491] [info] #2: Feasible / Total: 43014 / 199291
[2023-10-02 00:16:33.826] [info] #3: Feasible / Total: 53605 / 199291
[2023-10-02 00:17:35.579] [info] #4: Feasible / Total: 62829 / 199291
[2023-10-02 00:18:33.786] [info] #5: Feasible / Total: 73013 / 199291
[2023-10-02 00:19:38.939] [info] #6: Feasible / Total: 88526 / 199291
[2023-10-02 00:20:58.209] [info] #7: Feasible / Total: 114121 / 199291
[2023-10-02 00:21:45.995] [info] #8: Feasible / Total: 135882 / 199291
[2023-10-02 00:22:01.685] [info] #9: Feasible / Total: 141875 / 199291
[2023-10-02 00:22:13.797] [info] #10: Feasible / Total: 144728 / 199291
[2023-10-02 00:22:18.303] [info] #11: Feasible / Total: 145578 / 199291
[2023-10-02 00:22:20.346] [info] #12: Feasible / Total: 145744 / 199291
[2023-10-02 00:22:22.102] [info] #13: Feasible / Total: 145809 / 199291
[2023-10-02 00:22:23.688] [info] #14: Feasible / Total: 145821 / 199291
[2023-10-02 00:22:25.270] [info] #14: Feasible / Total: 145821 / 199291
[2023-10-02 00:22:25.270] [info] Graph is not D-reducible.
[2023-10-02 00:22:25.336] [info] Started C-reducibility check
[2023-10-02 00:48:18.667] [info] Trying 105329209 possible contractions
[2023-10-02 00:48:18.674] [info] [0/105329209] Starting contraction of size 1
[2023-10-02 00:48:24.428] [info] All colors passed! Contracted: 16
[2023-10-02 00:48:24.431] [info] Graph is C-reducible!
