[2023-10-01 11:31:08.975] [info] Kempe type: Projective
[2023-10-01 11:31:08.975] [info] Vertex size: 31, Edge size: 53, Ring size: 13
[2023-10-01 11:31:12.319] [info] Started D-reducibility check
[2023-10-01 11:31:12.319] [info] #1: Feasible / Total: 9504 / 66430
[2023-10-01 11:31:39.850] [info] #2: Feasible / Total: 15496 / 66430
[2023-10-01 11:31:51.409] [info] #3: Feasible / Total: 20736 / 66430
[2023-10-01 11:32:03.226] [info] #4: Feasible / Total: 27512 / 66430
[2023-10-01 11:32:15.831] [info] #5: Feasible / Total: 37001 / 66430
[2023-10-01 11:32:23.722] [info] #6: Feasible / Total: 48688 / 66430
[2023-10-01 11:32:25.314] [info] #7: Feasible / Total: 52121 / 66430
[2023-10-01 11:32:25.827] [info] #8: Feasible / Total: 52400 / 66430
[2023-10-01 11:32:26.060] [info] #9: Feasible / Total: 52413 / 66430
[2023-10-01 11:32:26.185] [info] #9: Feasible / Total: 52413 / 66430
[2023-10-01 11:32:26.185] [info] Graph is not D-reducible.
[2023-10-01 11:32:26.196] [info] Started C-reducibility check
[2023-10-01 11:33:13.861] [info] Trying 1197815 possible contractions
[2023-10-01 11:33:13.861] [info] [0/1197815] Starting contraction of size 1
[2023-10-01 11:33:34.627] [info] [40/1197815] Starting contraction of size 2
[2023-10-01 11:38:48.012] [info] [753/1197815] Starting contraction of size 3
[2023-10-01 11:50:47.080] [info] All colors passed! Contracted: 19, 23, 42
[2023-10-01 11:50:47.080] [info] Graph is C-reducible!
