[2023-09-30 17:37:16.184] [info] Kempe type: Projective
[2023-09-30 17:37:16.184] [info] Vertex size: 32, Edge size: 55, Ring size: 14
[2023-09-30 17:37:19.990] [info] Started D-reducibility check
[2023-09-30 17:37:20.010] [info] #1: Feasible / Total: 21710 / 199291
[2023-09-30 17:38:36.577] [info] #2: Feasible / Total: 26688 / 199291
[2023-09-30 17:38:51.578] [info] #3: Feasible / Total: 28852 / 199291
[2023-09-30 17:39:01.229] [info] #4: Feasible / Total: 30260 / 199291
[2023-09-30 17:39:08.975] [info] #5: Feasible / Total: 31432 / 199291
[2023-09-30 17:39:13.787] [info] #6: Feasible / Total: 32428 / 199291
[2023-09-30 17:39:18.698] [info] #7: Feasible / Total: 33151 / 199291
[2023-09-30 17:39:21.725] [info] #8: Feasible / Total: 33673 / 199291
[2023-09-30 17:39:24.713] [info] #9: Feasible / Total: 34059 / 199291
[2023-09-30 17:39:28.744] [info] #10: Feasible / Total: 34361 / 199291
[2023-09-30 17:39:32.441] [info] #11: Feasible / Total: 34646 / 199291
[2023-09-30 17:39:37.079] [info] #12: Feasible / Total: 34934 / 199291
[2023-09-30 17:39:41.384] [info] #13: Feasible / Total: 35244 / 199291
[2023-09-30 17:39:44.391] [info] #14: Feasible / Total: 35657 / 199291
[2023-09-30 17:39:47.355] [info] #15: Feasible / Total: 36210 / 199291
[2023-09-30 17:39:50.926] [info] #16: Feasible / Total: 36947 / 199291
[2023-09-30 17:39:55.576] [info] #17: Feasible / Total: 38034 / 199291
[2023-09-30 17:40:02.003] [info] #18: Feasible / Total: 39511 / 199291
[2023-09-30 17:40:09.249] [info] #19: Feasible / Total: 41728 / 199291
[2023-09-30 17:40:17.923] [info] #20: Feasible / Total: 45040 / 199291
[2023-09-30 17:40:30.844] [info] #21: Feasible / Total: 49775 / 199291
[2023-09-30 17:40:47.307] [info] #22: Feasible / Total: 55998 / 199291
[2023-09-30 17:41:06.444] [info] #23: Feasible / Total: 65173 / 199291
[2023-09-30 17:41:34.357] [info] #24: Feasible / Total: 79171 / 199291
[2023-09-30 17:42:11.875] [info] #25: Feasible / Total: 103674 / 199291
[2023-09-30 17:42:59.388] [info] #26: Feasible / Total: 141314 / 199291
[2023-09-30 17:43:17.710] [info] #27: Feasible / Total: 168756 / 199291
[2023-09-30 17:43:20.016] [info] #28: Feasible / Total: 173853 / 199291
[2023-09-30 17:43:20.265] [info] #29: Feasible / Total: 173857 / 199291
[2023-09-30 17:43:20.524] [info] #29: Feasible / Total: 173857 / 199291
[2023-09-30 17:43:20.524] [info] Graph is not D-reducible.
[2023-09-30 17:43:20.578] [info] Started C-reducibility check
[2023-09-30 17:44:03.383] [info] Trying 1466019 possible contractions
[2023-09-30 17:44:03.383] [info] [0/1466019] Starting contraction of size 1
[2023-09-30 17:44:27.422] [info] [41/1466019] Starting contraction of size 2
[2023-09-30 17:50:51.939] [info] [793/1466019] Starting contraction of size 3
[2023-09-30 18:45:19.880] [info] [8969/1466019] Starting contraction of size 4
[2023-09-30 21:42:21.772] [info] All colors passed! Contracted: 18, 28, 36, 48
[2023-09-30 21:42:21.772] [info] Graph is C-reducible!
