[2023-10-01 11:31:09.036] [info] Kempe type: Projective
[2023-10-01 11:31:09.036] [info] Vertex size: 36, Edge size: 61, Ring size: 14
[2023-10-01 11:31:17.285] [info] Started D-reducibility check
[2023-10-01 11:31:17.285] [info] #1: Feasible / Total: 27631 / 199291
[2023-10-01 11:33:53.162] [info] #2: Feasible / Total: 51620 / 199291
[2023-10-01 11:35:11.104] [info] #3: Feasible / Total: 72691 / 199291
[2023-10-01 11:36:34.916] [info] #4: Feasible / Total: 97718 / 199291
[2023-10-01 11:37:39.113] [info] #5: Feasible / Total: 129552 / 199291
[2023-10-01 11:37:56.043] [info] #6: Feasible / Total: 140130 / 199291
[2023-10-01 11:37:59.424] [info] #7: Feasible / Total: 141013 / 199291
[2023-10-01 11:38:00.737] [info] #8: Feasible / Total: 141111 / 199291
[2023-10-01 11:38:01.838] [info] #9: Feasible / Total: 141133 / 199291
[2023-10-01 11:38:02.919] [info] #10: Feasible / Total: 141135 / 199291
[2023-10-01 11:38:03.981] [info] #10: Feasible / Total: 141135 / 199291
[2023-10-01 11:38:03.981] [info] Graph is not D-reducible.
[2023-10-01 11:38:04.032] [info] Started C-reducibility check
[2023-10-01 11:53:02.114] [info] Trying 3906255 possible contractions
[2023-10-01 11:53:02.126] [info] [0/3906255] Starting contraction of size 1
[2023-10-01 11:53:06.540] [info] All colors passed! Contracted: 34
[2023-10-01 11:53:06.541] [info] Graph is C-reducible!
