[2023-10-04 20:51:57.111] [info] Kempe type: Projective
[2023-10-04 20:51:57.176] [info] Vertex size: 37, Edge size: 63, Ring size: 15
[2023-10-04 20:52:08.815] [info] Started D-reducibility check
[2023-10-04 20:52:08.842] [info] #1: Feasible / Total: 58946 / 597871
[2023-10-04 20:59:18.738] [info] #2: Feasible / Total: 83789 / 597871
[2023-10-04 21:02:04.857] [info] #3: Feasible / Total: 100781 / 597871
[2023-10-04 21:04:02.336] [info] #4: Feasible / Total: 111469 / 597871
[2023-10-04 21:05:40.974] [info] #5: Feasible / Total: 120049 / 597871
[2023-10-04 21:07:14.623] [info] #6: Feasible / Total: 130594 / 597871
[2023-10-04 21:09:15.804] [info] #7: Feasible / Total: 146115 / 597871
[2023-10-04 21:11:43.006] [info] #8: Feasible / Total: 170464 / 597871
[2023-10-04 21:15:20.662] [info] #9: Feasible / Total: 208832 / 597871
[2023-10-04 21:19:36.027] [info] #10: Feasible / Total: 268406 / 597871
[2023-10-04 21:23:33.425] [info] #11: Feasible / Total: 349437 / 597871
[2023-10-04 21:26:14.272] [info] #12: Feasible / Total: 406810 / 597871
[2023-10-04 21:27:27.716] [info] #13: Feasible / Total: 435198 / 597871
[2023-10-04 21:27:49.320] [info] #14: Feasible / Total: 445149 / 597871
[2023-10-04 21:27:52.817] [info] #15: Feasible / Total: 445396 / 597871
[2023-10-04 21:27:55.331] [info] #15: Feasible / Total: 445396 / 597871
[2023-10-04 21:27:55.331] [info] Graph is not D-reducible.
[2023-10-04 21:27:55.427] [info] Started C-reducibility check
[2023-10-04 21:49:14.710] [info] Trying 138997935 possible contractions
[2023-10-04 21:49:14.711] [info] [0/138997935] Starting contraction of size 1
[2023-10-04 21:49:16.816] [info] All colors passed! Contracted: 31
[2023-10-04 21:49:16.816] [info] Graph is C-reducible!
