[2023-10-05 00:48:35.577] [info] Kempe type: Projective
[2023-10-05 00:48:35.584] [info] Vertex size: 25, Edge size: 43, Ring size: 11
[2023-10-05 00:48:35.766] [info] Started D-reducibility check
[2023-10-05 00:48:35.766] [info] #1: Feasible / Total: 1402 / 7381
[2023-10-05 00:48:37.343] [info] #2: Feasible / Total: 1712 / 7381
[2023-10-05 00:48:37.905] [info] #3: Feasible / Total: 1843 / 7381
[2023-10-05 00:48:38.294] [info] #4: Feasible / Total: 1905 / 7381
[2023-10-05 00:48:38.551] [info] #5: Feasible / Total: 1972 / 7381
[2023-10-05 00:48:38.835] [info] #6: Feasible / Total: 2083 / 7381
[2023-10-05 00:48:39.141] [info] #7: Feasible / Total: 2243 / 7381
[2023-10-05 00:48:39.526] [info] #8: Feasible / Total: 2460 / 7381
[2023-10-05 00:48:39.985] [info] #9: Feasible / Total: 2711 / 7381
[2023-10-05 00:48:40.376] [info] #10: Feasible / Total: 2985 / 7381
[2023-10-05 00:48:40.769] [info] #11: Feasible / Total: 3308 / 7381
[2023-10-05 00:48:41.123] [info] #12: Feasible / Total: 3802 / 7381
[2023-10-05 00:48:41.490] [info] #13: Feasible / Total: 4346 / 7381
[2023-10-05 00:48:41.704] [info] #14: Feasible / Total: 4685 / 7381
[2023-10-05 00:48:41.752] [info] #15: Feasible / Total: 4727 / 7381
[2023-10-05 00:48:41.823] [info] #16: Feasible / Total: 4729 / 7381
[2023-10-05 00:48:41.879] [info] #16: Feasible / Total: 4729 / 7381
[2023-10-05 00:48:41.890] [info] Graph is not D-reducible.
[2023-10-05 00:48:41.899] [info] Started C-reducibility check
[2023-10-05 00:48:47.463] [info] Trying 1041947 possible contractions
[2023-10-05 00:48:47.470] [info] [0/1041947] Starting contraction of size 1
[2023-10-05 00:48:49.845] [info] [32/1041947] Starting contraction of size 2
[2023-10-05 00:49:16.442] [info] All colors passed! Contracted: 32, 38
[2023-10-05 00:49:16.443] [info] Graph is C-reducible!
