[2023-10-03 15:49:02.331] [info] Kempe type: Projective
[2023-10-03 15:49:02.370] [info] Vertex size: 35, Edge size: 60, Ring size: 15
[2023-10-03 15:49:13.759] [info] Started D-reducibility check
[2023-10-03 15:49:13.759] [info] #1: Feasible / Total: 54850 / 597871
[2023-10-03 15:57:27.087] [info] #2: Feasible / Total: 79223 / 597871
[2023-10-03 16:00:52.311] [info] #3: Feasible / Total: 94491 / 597871
[2023-10-03 16:03:25.561] [info] #4: Feasible / Total: 108453 / 597871
[2023-10-03 16:05:11.177] [info] #5: Feasible / Total: 123384 / 597871
[2023-10-03 16:07:08.585] [info] #6: Feasible / Total: 143249 / 597871
[2023-10-03 16:10:20.188] [info] #7: Feasible / Total: 172220 / 597871
[2023-10-03 16:14:33.283] [info] #8: Feasible / Total: 222319 / 597871
[2023-10-03 16:19:40.526] [info] #9: Feasible / Total: 307370 / 597871
[2023-10-03 16:24:15.472] [info] #10: Feasible / Total: 415415 / 597871
[2023-10-03 16:25:17.194] [info] #11: Feasible / Total: 455130 / 597871
[2023-10-03 16:25:25.713] [info] #12: Feasible / Total: 457159 / 597871
[2023-10-03 16:25:28.056] [info] #13: Feasible / Total: 457279 / 597871
[2023-10-03 16:25:30.810] [info] #14: Feasible / Total: 457288 / 597871
[2023-10-03 16:25:32.945] [info] #14: Feasible / Total: 457288 / 597871
[2023-10-03 16:25:32.945] [info] Graph is not D-reducible.
[2023-10-03 16:25:33.036] [info] Started C-reducibility check
[2023-10-03 16:30:42.983] [info] Trying 65718515 possible contractions
[2023-10-03 16:30:42.983] [info] [0/65718515] Starting contraction of size 1
[2023-10-03 16:30:52.483] [info] All colors passed! Contracted: 18
[2023-10-03 16:30:52.483] [info] Graph is C-reducible!
