[2023-10-03 17:50:33.165] [info] Kempe type: Projective
[2023-10-03 17:50:33.174] [info] Vertex size: 36, Edge size: 61, Ring size: 14
[2023-10-03 17:50:37.378] [info] Started D-reducibility check
[2023-10-03 17:50:37.378] [info] #1: Feasible / Total: 27542 / 199291
[2023-10-03 17:53:31.872] [info] #2: Feasible / Total: 36576 / 199291
[2023-10-03 17:54:13.645] [info] #3: Feasible / Total: 42460 / 199291
[2023-10-03 17:54:56.847] [info] #4: Feasible / Total: 49214 / 199291
[2023-10-03 17:55:41.828] [info] #5: Feasible / Total: 58805 / 199291
[2023-10-03 17:56:29.697] [info] #6: Feasible / Total: 71697 / 199291
[2023-10-03 17:57:16.558] [info] #7: Feasible / Total: 86501 / 199291
[2023-10-03 17:57:43.237] [info] #8: Feasible / Total: 95886 / 199291
[2023-10-03 17:57:58.520] [info] #9: Feasible / Total: 99614 / 199291
[2023-10-03 17:58:15.450] [info] #10: Feasible / Total: 103611 / 199291
[2023-10-03 17:58:21.095] [info] #11: Feasible / Total: 104482 / 199291
[2023-10-03 17:58:24.246] [info] #12: Feasible / Total: 104515 / 199291
[2023-10-03 17:58:27.252] [info] #13: Feasible / Total: 104517 / 199291
[2023-10-03 17:58:30.278] [info] #13: Feasible / Total: 104517 / 199291
[2023-10-03 17:58:30.294] [info] Graph is not D-reducible.
[2023-10-03 17:58:30.364] [info] Started C-reducibility check
[2023-10-03 18:20:41.755] [info] Trying 105331262 possible contractions
[2023-10-03 18:20:41.756] [info] [0/105331262] Starting contraction of size 1
[2023-10-03 18:21:35.484] [info] [47/105331262] Starting contraction of size 2
[2023-10-03 18:30:49.269] [info] All colors passed! Contracted: 30, 50
[2023-10-03 18:30:49.279] [info] Graph is C-reducible!
