[2023-10-04 10:10:41.744] [info] Kempe type: Projective
[2023-10-04 10:10:41.794] [info] Vertex size: 37, Edge size: 63, Ring size: 15
[2023-10-04 10:10:52.637] [info] Started D-reducibility check
[2023-10-04 10:10:52.637] [info] #1: Feasible / Total: 66682 / 597871
[2023-10-04 10:22:18.572] [info] #2: Feasible / Total: 111168 / 597871
[2023-10-04 10:27:50.206] [info] #3: Feasible / Total: 151796 / 597871
[2023-10-04 10:32:59.969] [info] #4: Feasible / Total: 201128 / 597871
[2023-10-04 10:37:52.489] [info] #5: Feasible / Total: 267842 / 597871
[2023-10-04 10:43:09.224] [info] #6: Feasible / Total: 356685 / 597871
[2023-10-04 10:46:03.139] [info] #7: Feasible / Total: 451257 / 597871
[2023-10-04 10:46:21.582] [info] #8: Feasible / Total: 469820 / 597871
[2023-10-04 10:46:23.808] [info] #9: Feasible / Total: 469829 / 597871
[2023-10-04 10:46:25.581] [info] #9: Feasible / Total: 469829 / 597871
[2023-10-04 10:46:25.581] [info] Graph is not D-reducible.
[2023-10-04 10:46:25.669] [info] Started C-reducibility check
[2023-10-04 11:04:38.130] [info] Trying 139525333 possible contractions
[2023-10-04 11:04:38.130] [info] [0/139525333] Starting contraction of size 1
[2023-10-04 11:06:08.448] [info] [48/139525333] Starting contraction of size 2
[2023-10-04 11:10:53.279] [info] All colors passed! Contracted: 20, 52
[2023-10-04 11:10:53.279] [info] Graph is C-reducible!
