[2023-10-05 16:00:24.464] [info] Kempe type: Projective
[2023-10-05 16:00:24.464] [info] Vertex size: 38, Edge size: 65, Ring size: 16
[2023-10-05 16:00:34.332] [info] Started D-reducibility check
[2023-10-05 16:00:34.332] [info] #1: Feasible / Total: 138277 / 1793614
[2023-10-05 16:33:02.490] [info] #2: Feasible / Total: 221547 / 1793614
[2023-10-05 16:50:31.749] [info] #3: Feasible / Total: 277387 / 1793614
[2023-10-05 17:04:25.850] [info] #4: Feasible / Total: 329443 / 1793614
[2023-10-05 17:15:51.606] [info] #5: Feasible / Total: 377248 / 1793614
[2023-10-05 17:26:23.911] [info] #6: Feasible / Total: 420182 / 1793614
[2023-10-05 17:36:13.143] [info] #7: Feasible / Total: 460241 / 1793614
[2023-10-05 17:44:39.043] [info] #8: Feasible / Total: 496986 / 1793614
[2023-10-05 17:55:01.694] [info] #9: Feasible / Total: 539370 / 1793614
[2023-10-05 18:08:36.260] [info] #10: Feasible / Total: 595576 / 1793614
[2023-10-05 18:25:22.980] [info] #11: Feasible / Total: 670706 / 1793614
[2023-10-05 18:44:45.895] [info] #12: Feasible / Total: 770926 / 1793614
[2023-10-05 19:03:17.905] [info] #13: Feasible / Total: 884231 / 1793614
[2023-10-05 19:16:53.413] [info] #14: Feasible / Total: 984879 / 1793614
[2023-10-05 19:25:21.068] [info] #15: Feasible / Total: 1044320 / 1793614
[2023-10-05 19:30:32.213] [info] #16: Feasible / Total: 1084208 / 1793614
[2023-10-05 19:32:53.371] [info] #17: Feasible / Total: 1102876 / 1793614
[2023-10-05 19:33:43.202] [info] #18: Feasible / Total: 1107578 / 1793614
[2023-10-05 19:34:06.705] [info] #19: Feasible / Total: 1108083 / 1793614
[2023-10-05 19:34:29.605] [info] #20: Feasible / Total: 1108397 / 1793614
[2023-10-05 19:34:50.621] [info] #21: Feasible / Total: 1108559 / 1793614
[2023-10-05 19:35:10.938] [info] #22: Feasible / Total: 1108601 / 1793614
[2023-10-05 19:35:32.480] [info] #23: Feasible / Total: 1108606 / 1793614
[2023-10-05 19:35:54.158] [info] #23: Feasible / Total: 1108606 / 1793614
[2023-10-05 19:35:54.158] [info] Graph is not D-reducible.
[2023-10-05 19:35:54.642] [info] Started C-reducibility check
[2023-10-05 20:00:24.523] [info] Trying 70209301 possible contractions
[2023-10-05 20:00:24.523] [info] [0/70209301] Starting contraction of size 1
[2023-10-05 20:06:37.448] [info] [49/70209301] Starting contraction of size 2
[2023-10-05 22:00:47.763] [info] [1143/70209301] Starting contraction of size 3
[2023-10-06 04:50:03.926] [info] All colors passed! Contracted: 38, 41, 57
[2023-10-06 04:50:03.927] [info] Graph is C-reducible!
