[2023-10-03 17:50:33.028] [info] Kempe type: Projective
[2023-10-03 17:50:33.050] [info] Vertex size: 28, Edge size: 48, Ring size: 12
[2023-10-03 17:50:33.491] [info] Started D-reducibility check
[2023-10-03 17:50:33.491] [info] #1: Feasible / Total: 3933 / 22144
[2023-10-03 17:50:40.939] [info] #2: Feasible / Total: 5504 / 22144
[2023-10-03 17:50:43.841] [info] #3: Feasible / Total: 6608 / 22144
[2023-10-03 17:50:46.284] [info] #4: Feasible / Total: 7856 / 22144
[2023-10-03 17:50:49.303] [info] #5: Feasible / Total: 9873 / 22144
[2023-10-03 17:50:52.640] [info] #6: Feasible / Total: 12500 / 22144
[2023-10-03 17:50:54.553] [info] #7: Feasible / Total: 14410 / 22144
[2023-10-03 17:50:55.312] [info] #8: Feasible / Total: 14893 / 22144
[2023-10-03 17:50:55.546] [info] #9: Feasible / Total: 14912 / 22144
[2023-10-03 17:50:55.732] [info] #9: Feasible / Total: 14912 / 22144
[2023-10-03 17:50:55.732] [info] Graph is not D-reducible.
[2023-10-03 17:50:55.748] [info] Started C-reducibility check
[2023-10-03 17:51:26.472] [info] Trying 4250060 possible contractions
[2023-10-03 17:51:26.472] [info] [0/4250060] Starting contraction of size 1
[2023-10-03 17:51:33.672] [info] [36/4250060] Starting contraction of size 2
[2023-10-03 17:52:21.095] [info] [606/4250060] Starting contraction of size 3
[2023-10-03 17:59:01.436] [info] All colors passed! Contracted: 13, 19, 47
[2023-10-03 17:59:01.438] [info] Graph is C-reducible!
