[2023-10-02 16:31:56.278] [info] Kempe type: Projective
[2023-10-02 16:31:56.278] [info] Vertex size: 30, Edge size: 51, Ring size: 12
[2023-10-02 16:31:56.432] [info] Started D-reducibility check
[2023-10-02 16:31:56.432] [info] #1: Feasible / Total: 3933 / 22144
[2023-10-02 16:31:57.472] [info] #2: Feasible / Total: 4890 / 22144
[2023-10-02 16:31:57.760] [info] #3: Feasible / Total: 5644 / 22144
[2023-10-02 16:31:57.989] [info] #4: Feasible / Total: 6220 / 22144
[2023-10-02 16:31:58.143] [info] #5: Feasible / Total: 6654 / 22144
[2023-10-02 16:31:58.294] [info] #6: Feasible / Total: 6876 / 22144
[2023-10-02 16:31:58.428] [info] #7: Feasible / Total: 7021 / 22144
[2023-10-02 16:31:58.544] [info] #8: Feasible / Total: 7142 / 22144
[2023-10-02 16:31:58.661] [info] #9: Feasible / Total: 7277 / 22144
[2023-10-02 16:31:58.825] [info] #10: Feasible / Total: 7493 / 22144
[2023-10-02 16:31:59.026] [info] #11: Feasible / Total: 7859 / 22144
[2023-10-02 16:31:59.357] [info] #12: Feasible / Total: 8572 / 22144
[2023-10-02 16:31:59.666] [info] #13: Feasible / Total: 9696 / 22144
[2023-10-02 16:31:59.922] [info] #14: Feasible / Total: 10955 / 22144
[2023-10-02 16:32:00.061] [info] #15: Feasible / Total: 11547 / 22144
[2023-10-02 16:32:00.129] [info] #16: Feasible / Total: 11614 / 22144
[2023-10-02 16:32:00.184] [info] #17: Feasible / Total: 11625 / 22144
[2023-10-02 16:32:00.240] [info] #18: Feasible / Total: 11627 / 22144
[2023-10-02 16:32:00.295] [info] #18: Feasible / Total: 11627 / 22144
[2023-10-02 16:32:00.295] [info] Graph is not D-reducible.
[2023-10-02 16:32:00.298] [info] Started C-reducibility check
[2023-10-02 16:32:14.859] [info] Trying 977647 possible contractions
[2023-10-02 16:32:14.859] [info] [0/977647] Starting contraction of size 1
[2023-10-02 16:32:19.657] [info] [39/977647] Starting contraction of size 2
[2023-10-02 16:33:30.354] [info] [714/977647] Starting contraction of size 3
[2023-10-02 16:39:23.181] [info] All colors passed! Contracted: 16, 33, 47
[2023-10-02 16:39:23.181] [info] Graph is C-reducible!
