[2023-10-03 15:49:02.167] [info] Kempe type: Projective
[2023-10-03 15:49:02.167] [info] Vertex size: 37, Edge size: 63, Ring size: 15
[2023-10-03 15:49:17.176] [info] Started D-reducibility check
[2023-10-03 15:49:17.176] [info] #1: Feasible / Total: 59691 / 597871
[2023-10-03 15:56:12.501] [info] #2: Feasible / Total: 83595 / 597871
[2023-10-03 15:59:25.939] [info] #3: Feasible / Total: 104714 / 597871
[2023-10-03 16:01:48.866] [info] #4: Feasible / Total: 125477 / 597871
[2023-10-03 16:03:18.189] [info] #5: Feasible / Total: 142961 / 597871
[2023-10-03 16:04:43.563] [info] #6: Feasible / Total: 157889 / 597871
[2023-10-03 16:06:14.725] [info] #7: Feasible / Total: 173898 / 597871
[2023-10-03 16:08:49.287] [info] #8: Feasible / Total: 195683 / 597871
[2023-10-03 16:12:28.792] [info] #9: Feasible / Total: 230590 / 597871
[2023-10-03 16:15:45.205] [info] #10: Feasible / Total: 279966 / 597871
[2023-10-03 16:18:04.700] [info] #11: Feasible / Total: 328377 / 597871
[2023-10-03 16:19:12.649] [info] #12: Feasible / Total: 356390 / 597871
[2023-10-03 16:19:33.519] [info] #13: Feasible / Total: 362373 / 597871
[2023-10-03 16:19:41.142] [info] #14: Feasible / Total: 363130 / 597871
[2023-10-03 16:19:48.784] [info] #15: Feasible / Total: 363491 / 597871
[2023-10-03 16:19:53.499] [info] #16: Feasible / Total: 363581 / 597871
[2023-10-03 16:19:56.994] [info] #17: Feasible / Total: 363594 / 597871
[2023-10-03 16:20:01.260] [info] #18: Feasible / Total: 363603 / 597871
[2023-10-03 16:20:04.844] [info] #19: Feasible / Total: 363604 / 597871
[2023-10-03 16:20:08.410] [info] #19: Feasible / Total: 363604 / 597871
[2023-10-03 16:20:08.410] [info] Graph is not D-reducible.
[2023-10-03 16:20:08.512] [info] Started C-reducibility check
[2023-10-03 16:38:17.752] [info] Trying 139552837 possible contractions
[2023-10-03 16:38:17.752] [info] [0/139552837] Starting contraction of size 1
[2023-10-03 16:40:38.177] [info] [48/139552837] Starting contraction of size 2
[2023-10-03 17:19:57.025] [info] [1095/139552837] Starting contraction of size 3
[2023-10-03 22:58:15.640] [info] All colors passed! Contracted: 41, 53, 59
[2023-10-03 22:58:15.640] [info] Graph is C-reducible!
