[2023-10-02 19:57:05.412] [info] Kempe type: Projective
[2023-10-02 19:57:05.478] [info] Vertex size: 29, Edge size: 50, Ring size: 13
[2023-10-02 19:57:06.241] [info] Started D-reducibility check
[2023-10-02 19:57:06.241] [info] #1: Feasible / Total: 8452 / 66430
[2023-10-02 19:57:27.988] [info] #2: Feasible / Total: 11110 / 66430
[2023-10-02 19:57:36.609] [info] #3: Feasible / Total: 12539 / 66430
[2023-10-02 19:57:42.375] [info] #4: Feasible / Total: 13558 / 66430
[2023-10-02 19:57:47.349] [info] #5: Feasible / Total: 14551 / 66430
[2023-10-02 19:57:51.809] [info] #6: Feasible / Total: 15692 / 66430
[2023-10-02 19:57:56.545] [info] #7: Feasible / Total: 17195 / 66430
[2023-10-02 19:58:02.470] [info] #8: Feasible / Total: 19364 / 66430
[2023-10-02 19:58:11.383] [info] #9: Feasible / Total: 22522 / 66430
[2023-10-02 19:58:21.293] [info] #10: Feasible / Total: 27527 / 66430
[2023-10-02 19:58:33.075] [info] #11: Feasible / Total: 34111 / 66430
[2023-10-02 19:58:44.412] [info] #12: Feasible / Total: 43400 / 66430
[2023-10-02 19:58:51.520] [info] #13: Feasible / Total: 51802 / 66430
[2023-10-02 19:58:52.312] [info] #14: Feasible / Total: 52615 / 66430
[2023-10-02 19:58:52.600] [info] #14: Feasible / Total: 52615 / 66430
[2023-10-02 19:58:52.600] [info] Graph is not D-reducible.
[2023-10-02 19:58:52.626] [info] Started C-reducibility check
[2023-10-02 19:59:10.232] [info] Trying 678760 possible contractions
[2023-10-02 19:59:10.232] [info] [0/678760] Starting contraction of size 1
[2023-10-02 19:59:10.797] [info] All colors passed! Contracted: 37
[2023-10-02 19:59:10.797] [info] Graph is C-reducible!
