[2023-10-02 23:43:09.738] [info] Kempe type: Projective
[2023-10-02 23:43:09.802] [info] Vertex size: 34, Edge size: 58, Ring size: 14
[2023-10-02 23:43:14.108] [info] Started D-reducibility check
[2023-10-02 23:43:14.108] [info] #1: Feasible / Total: 23451 / 199291
[2023-10-02 23:44:12.318] [info] #2: Feasible / Total: 32323 / 199291
[2023-10-02 23:44:42.230] [info] #3: Feasible / Total: 39095 / 199291
[2023-10-02 23:45:13.975] [info] #4: Feasible / Total: 45749 / 199291
[2023-10-02 23:45:43.208] [info] #5: Feasible / Total: 51768 / 199291
[2023-10-02 23:46:06.382] [info] #6: Feasible / Total: 57426 / 199291
[2023-10-02 23:46:23.241] [info] #7: Feasible / Total: 60934 / 199291
[2023-10-02 23:46:38.882] [info] #8: Feasible / Total: 64110 / 199291
[2023-10-02 23:46:54.930] [info] #9: Feasible / Total: 67576 / 199291
[2023-10-02 23:47:11.991] [info] #10: Feasible / Total: 71053 / 199291
[2023-10-02 23:47:24.881] [info] #11: Feasible / Total: 74248 / 199291
[2023-10-02 23:47:37.735] [info] #12: Feasible / Total: 77400 / 199291
[2023-10-02 23:47:51.449] [info] #13: Feasible / Total: 81413 / 199291
[2023-10-02 23:48:15.511] [info] #14: Feasible / Total: 87330 / 199291
[2023-10-02 23:48:41.902] [info] #15: Feasible / Total: 94712 / 199291
[2023-10-02 23:49:01.534] [info] #16: Feasible / Total: 104231 / 199291
[2023-10-02 23:49:11.745] [info] #17: Feasible / Total: 112031 / 199291
[2023-10-02 23:49:14.828] [info] #18: Feasible / Total: 113155 / 199291
[2023-10-02 23:49:17.474] [info] #19: Feasible / Total: 113265 / 199291
[2023-10-02 23:49:19.027] [info] #20: Feasible / Total: 113295 / 199291
[2023-10-02 23:49:20.751] [info] #21: Feasible / Total: 113297 / 199291
[2023-10-02 23:49:22.574] [info] #21: Feasible / Total: 113297 / 199291
[2023-10-02 23:49:22.574] [info] Graph is not D-reducible.
[2023-10-02 23:49:22.644] [info] Started C-reducibility check
[2023-10-02 23:54:53.136] [info] Trying 2440196 possible contractions
[2023-10-02 23:54:53.136] [info] [0/2440196] Starting contraction of size 1
[2023-10-02 23:55:39.353] [info] [44/2440196] Starting contraction of size 2
[2023-10-03 00:06:25.054] [info] [916/2440196] Starting contraction of size 3
[2023-10-03 01:23:01.359] [info] [11238/2440196] Starting contraction of size 4
[2023-10-03 02:00:19.939] [info] All colors passed! Contracted: 15, 25, 29, 54
[2023-10-03 02:00:19.939] [info] Graph is C-reducible!
