[2023-09-30 17:37:16.115] [info] Kempe type: Projective
[2023-09-30 17:37:16.115] [info] Vertex size: 32, Edge size: 55, Ring size: 14
[2023-09-30 17:37:19.102] [info] Started D-reducibility check
[2023-09-30 17:37:19.102] [info] #1: Feasible / Total: 21821 / 199291
[2023-09-30 17:38:55.196] [info] #2: Feasible / Total: 30805 / 199291
[2023-09-30 17:39:18.215] [info] #3: Feasible / Total: 35915 / 199291
[2023-09-30 17:39:34.003] [info] #4: Feasible / Total: 41000 / 199291
[2023-09-30 17:39:53.282] [info] #5: Feasible / Total: 46834 / 199291
[2023-09-30 17:40:17.794] [info] #6: Feasible / Total: 55251 / 199291
[2023-09-30 17:40:51.071] [info] #7: Feasible / Total: 68661 / 199291
[2023-09-30 17:41:28.502] [info] #8: Feasible / Total: 87039 / 199291
[2023-09-30 17:41:58.890] [info] #9: Feasible / Total: 107203 / 199291
[2023-09-30 17:42:15.464] [info] #10: Feasible / Total: 118364 / 199291
[2023-09-30 17:42:21.569] [info] #11: Feasible / Total: 121046 / 199291
[2023-09-30 17:42:23.546] [info] #12: Feasible / Total: 121306 / 199291
[2023-09-30 17:42:24.373] [info] #13: Feasible / Total: 121322 / 199291
[2023-09-30 17:42:25.101] [info] #14: Feasible / Total: 121323 / 199291
[2023-09-30 17:42:25.874] [info] #14: Feasible / Total: 121323 / 199291
[2023-09-30 17:42:25.874] [info] Graph is not D-reducible.
[2023-09-30 17:42:25.904] [info] Started C-reducibility check
[2023-09-30 17:43:14.588] [info] Trying 1463417 possible contractions
[2023-09-30 17:43:14.588] [info] [0/1463417] Starting contraction of size 1
[2023-09-30 17:43:16.015] [info] All colors passed! Contracted: 25
[2023-09-30 17:43:16.016] [info] Graph is C-reducible!
