[2023-09-30 14:52:46.449] [info] Kempe type: Projective
[2023-09-30 14:52:46.449] [info] Vertex size: 26, Edge size: 45, Ring size: 12
[2023-09-30 14:52:46.693] [info] Started D-reducibility check
[2023-09-30 14:52:46.693] [info] #1: Feasible / Total: 3461 / 22144
[2023-09-30 14:52:50.890] [info] #2: Feasible / Total: 4257 / 22144
[2023-09-30 14:52:51.724] [info] #3: Feasible / Total: 4693 / 22144
[2023-09-30 14:52:52.358] [info] #4: Feasible / Total: 5069 / 22144
[2023-09-30 14:52:52.967] [info] #5: Feasible / Total: 5385 / 22144
[2023-09-30 14:52:53.337] [info] #6: Feasible / Total: 5701 / 22144
[2023-09-30 14:52:53.858] [info] #7: Feasible / Total: 6280 / 22144
[2023-09-30 14:52:54.632] [info] #8: Feasible / Total: 7055 / 22144
[2023-09-30 14:52:55.577] [info] #9: Feasible / Total: 8167 / 22144
[2023-09-30 14:52:56.684] [info] #10: Feasible / Total: 9659 / 22144
[2023-09-30 14:52:57.573] [info] #11: Feasible / Total: 11242 / 22144
[2023-09-30 14:52:58.472] [info] #12: Feasible / Total: 12405 / 22144
[2023-09-30 14:52:58.766] [info] #13: Feasible / Total: 12927 / 22144
[2023-09-30 14:52:58.848] [info] #14: Feasible / Total: 13102 / 22144
[2023-09-30 14:52:58.962] [info] #15: Feasible / Total: 13317 / 22144
[2023-09-30 14:52:59.017] [info] #16: Feasible / Total: 13358 / 22144
[2023-09-30 14:52:59.061] [info] #16: Feasible / Total: 13358 / 22144
[2023-09-30 14:52:59.061] [info] Graph is not D-reducible.
[2023-09-30 14:52:59.065] [info] Started C-reducibility check
[2023-09-30 14:53:00.419] [info] Trying 286024 possible contractions
[2023-09-30 14:53:00.419] [info] [0/286024] Starting contraction of size 1
[2023-09-30 14:53:02.369] [info] [33/286024] Starting contraction of size 2
[2023-09-30 14:53:03.572] [info] All colors passed! Contracted: 30, 44
[2023-09-30 14:53:03.572] [info] Graph is C-reducible!
