[2023-09-30 23:35:48.085] [info] Kempe type: Projective
[2023-09-30 23:35:48.085] [info] Vertex size: 28, Edge size: 48, Ring size: 12
[2023-09-30 23:35:48.171] [info] Started D-reducibility check
[2023-09-30 23:35:48.171] [info] #1: Feasible / Total: 3848 / 22144
[2023-09-30 23:35:53.214] [info] #2: Feasible / Total: 5120 / 22144
[2023-09-30 23:35:54.264] [info] #3: Feasible / Total: 5857 / 22144
[2023-09-30 23:35:54.937] [info] #4: Feasible / Total: 6253 / 22144
[2023-09-30 23:35:55.706] [info] #5: Feasible / Total: 6641 / 22144
[2023-09-30 23:35:56.121] [info] #6: Feasible / Total: 6878 / 22144
[2023-09-30 23:35:56.535] [info] #7: Feasible / Total: 7085 / 22144
[2023-09-30 23:35:56.952] [info] #8: Feasible / Total: 7236 / 22144
[2023-09-30 23:35:57.331] [info] #9: Feasible / Total: 7386 / 22144
[2023-09-30 23:35:57.799] [info] #10: Feasible / Total: 7623 / 22144
[2023-09-30 23:35:58.247] [info] #11: Feasible / Total: 7867 / 22144
[2023-09-30 23:35:58.585] [info] #12: Feasible / Total: 8018 / 22144
[2023-09-30 23:35:58.961] [info] #13: Feasible / Total: 8159 / 22144
[2023-09-30 23:35:59.327] [info] #14: Feasible / Total: 8332 / 22144
[2023-09-30 23:35:59.715] [info] #15: Feasible / Total: 8552 / 22144
[2023-09-30 23:36:00.057] [info] #16: Feasible / Total: 8825 / 22144
[2023-09-30 23:36:00.592] [info] #17: Feasible / Total: 9400 / 22144
[2023-09-30 23:36:01.442] [info] #18: Feasible / Total: 10601 / 22144
[2023-09-30 23:36:01.931] [info] #19: Feasible / Total: 11693 / 22144
[2023-09-30 23:36:02.123] [info] #20: Feasible / Total: 11934 / 22144
[2023-09-30 23:36:02.258] [info] #21: Feasible / Total: 11960 / 22144
[2023-09-30 23:36:02.357] [info] #22: Feasible / Total: 11962 / 22144
[2023-09-30 23:36:02.477] [info] #22: Feasible / Total: 11962 / 22144
[2023-09-30 23:36:02.477] [info] Graph is not D-reducible.
[2023-09-30 23:36:02.505] [info] Started C-reducibility check
[2023-09-30 23:36:11.265] [info] Trying 542470 possible contractions
[2023-09-30 23:36:11.265] [info] [0/542470] Starting contraction of size 1
[2023-09-30 23:36:14.383] [info] [36/542470] Starting contraction of size 2
[2023-09-30 23:36:58.390] [info] [606/542470] Starting contraction of size 3
[2023-09-30 23:40:42.639] [info] [5855/542470] Starting contraction of size 4
[2023-09-30 23:51:28.187] [info] All colors passed! Contracted: 13, 28, 30, 37
[2023-09-30 23:51:28.187] [info] Graph is C-reducible!
