[2023-09-30 16:50:13.068] [info] Kempe type: Projective
[2023-09-30 16:50:13.068] [info] Vertex size: 29, Edge size: 50, Ring size: 13
[2023-09-30 16:50:13.382] [info] Started D-reducibility check
[2023-09-30 16:50:13.382] [info] #1: Feasible / Total: 8542 / 66430
[2023-09-30 16:50:23.718] [info] #2: Feasible / Total: 12154 / 66430
[2023-09-30 16:50:27.296] [info] #3: Feasible / Total: 14202 / 66430
[2023-09-30 16:50:29.778] [info] #4: Feasible / Total: 15574 / 66430
[2023-09-30 16:50:32.168] [info] #5: Feasible / Total: 17032 / 66430
[2023-09-30 16:50:34.906] [info] #6: Feasible / Total: 19060 / 66430
[2023-09-30 16:50:38.662] [info] #7: Feasible / Total: 21965 / 66430
[2023-09-30 16:50:42.918] [info] #8: Feasible / Total: 26714 / 66430
[2023-09-30 16:50:47.850] [info] #9: Feasible / Total: 33038 / 66430
[2023-09-30 16:50:53.878] [info] #10: Feasible / Total: 40991 / 66430
[2023-09-30 16:50:57.688] [info] #11: Feasible / Total: 47045 / 66430
[2023-09-30 16:50:58.521] [info] #12: Feasible / Total: 48777 / 66430
[2023-09-30 16:50:58.834] [info] #13: Feasible / Total: 48885 / 66430
[2023-09-30 16:50:58.965] [info] #13: Feasible / Total: 48885 / 66430
[2023-09-30 16:50:58.965] [info] Graph is not D-reducible.
[2023-09-30 16:50:58.975] [info] Started C-reducibility check
[2023-09-30 16:51:11.082] [info] Trying 678886 possible contractions
[2023-09-30 16:51:11.090] [info] [0/678886] Starting contraction of size 1
[2023-09-30 16:51:18.370] [info] [37/678886] Starting contraction of size 2
[2023-09-30 16:52:35.321] [info] [642/678886] Starting contraction of size 3
[2023-09-30 17:00:54.242] [info] [6426/678886] Starting contraction of size 4
[2023-09-30 17:43:49.603] [info] [42516/678886] Starting contraction of size 5
[2023-09-30 20:19:12.157] [info] [198164/678886] Starting contraction of size 6
[2023-09-30 21:12:50.593] [info] All colors passed! Contracted: 26, 28, 33, 35, 48, 49
[2023-09-30 21:12:50.593] [info] Graph is C-reducible!
