[2023-10-01 00:58:46.457] [info] Kempe type: Projective
[2023-10-01 00:58:46.457] [info] Vertex size: 36, Edge size: 61, Ring size: 14
[2023-10-01 00:58:53.935] [info] Started D-reducibility check
[2023-10-01 00:58:53.935] [info] #1: Feasible / Total: 30234 / 199291
[2023-10-01 01:01:36.284] [info] #2: Feasible / Total: 47450 / 199291
[2023-10-01 01:02:46.244] [info] #3: Feasible / Total: 62302 / 199291
[2023-10-01 01:03:46.317] [info] #4: Feasible / Total: 80618 / 199291
[2023-10-01 01:04:55.154] [info] #5: Feasible / Total: 110318 / 199291
[2023-10-01 01:05:20.642] [info] #6: Feasible / Total: 132283 / 199291
[2023-10-01 01:05:27.323] [info] #7: Feasible / Total: 134684 / 199291
[2023-10-01 01:05:33.097] [info] #8: Feasible / Total: 136261 / 199291
[2023-10-01 01:05:36.585] [info] #9: Feasible / Total: 137115 / 199291
[2023-10-01 01:05:39.478] [info] #10: Feasible / Total: 137716 / 199291
[2023-10-01 01:05:42.343] [info] #11: Feasible / Total: 138204 / 199291
[2023-10-01 01:05:44.234] [info] #12: Feasible / Total: 138382 / 199291
[2023-10-01 01:05:45.529] [info] #13: Feasible / Total: 138391 / 199291
[2023-10-01 01:05:46.709] [info] #13: Feasible / Total: 138391 / 199291
[2023-10-01 01:05:46.709] [info] Graph is not D-reducible.
[2023-10-01 01:05:46.799] [info] Started C-reducibility check
[2023-10-01 01:19:57.875] [info] Trying 3916821 possible contractions
[2023-10-01 01:19:57.875] [info] [0/3916821] Starting contraction of size 1
[2023-10-01 01:20:38.281] [info] All colors passed! Contracted: 21
[2023-10-01 01:20:38.282] [info] Graph is C-reducible!
