[2023-09-30 14:52:46.444] [info] Kempe type: Projective
[2023-09-30 14:52:46.444] [info] Vertex size: 26, Edge size: 45, Ring size: 12
[2023-09-30 14:52:46.657] [info] Started D-reducibility check
[2023-09-30 14:52:46.657] [info] #1: Feasible / Total: 3469 / 22144
[2023-09-30 14:52:49.350] [info] #2: Feasible / Total: 4459 / 22144
[2023-09-30 14:52:49.926] [info] #3: Feasible / Total: 4944 / 22144
[2023-09-30 14:52:50.331] [info] #4: Feasible / Total: 5315 / 22144
[2023-09-30 14:52:50.668] [info] #5: Feasible / Total: 5653 / 22144
[2023-09-30 14:52:51.099] [info] #6: Feasible / Total: 5946 / 22144
[2023-09-30 14:52:51.564] [info] #7: Feasible / Total: 6432 / 22144
[2023-09-30 14:52:52.012] [info] #8: Feasible / Total: 7059 / 22144
[2023-09-30 14:52:52.564] [info] #9: Feasible / Total: 7770 / 22144
[2023-09-30 14:52:53.274] [info] #10: Feasible / Total: 8657 / 22144
[2023-09-30 14:52:54.373] [info] #11: Feasible / Total: 9981 / 22144
[2023-09-30 14:52:55.138] [info] #12: Feasible / Total: 11698 / 22144
[2023-09-30 14:52:55.890] [info] #13: Feasible / Total: 13117 / 22144
[2023-09-30 14:52:56.161] [info] #14: Feasible / Total: 13560 / 22144
[2023-09-30 14:52:56.285] [info] #15: Feasible / Total: 13634 / 22144
[2023-09-30 14:52:56.380] [info] #16: Feasible / Total: 13649 / 22144
[2023-09-30 14:52:56.470] [info] #16: Feasible / Total: 13649 / 22144
[2023-09-30 14:52:56.470] [info] Graph is not D-reducible.
[2023-09-30 14:52:56.474] [info] Started C-reducibility check
[2023-09-30 14:52:58.664] [info] Trying 284077 possible contractions
[2023-09-30 14:52:58.664] [info] [0/284077] Starting contraction of size 1
[2023-09-30 14:53:00.350] [info] [33/284077] Starting contraction of size 2
[2023-09-30 14:53:24.466] [info] [507/284077] Starting contraction of size 3
[2023-09-30 14:54:59.118] [info] [4419/284077] Starting contraction of size 4
[2023-09-30 14:57:26.467] [info] All colors passed! Contracted: 19, 21, 33, 43
[2023-09-30 14:57:26.467] [info] Graph is C-reducible!
