[2023-10-02 00:12:27.529] [info] Kempe type: Projective
[2023-10-02 00:12:27.562] [info] Vertex size: 35, Edge size: 60, Ring size: 15
[2023-10-02 00:12:35.521] [info] Started D-reducibility check
[2023-10-02 00:12:35.521] [info] #1: Feasible / Total: 54804 / 597871
[2023-10-02 00:23:06.295] [info] #2: Feasible / Total: 81922 / 597871
[2023-10-02 00:27:37.489] [info] #3: Feasible / Total: 96978 / 597871
[2023-10-02 00:31:03.116] [info] #4: Feasible / Total: 108982 / 597871
[2023-10-02 00:34:40.286] [info] #5: Feasible / Total: 125021 / 597871
[2023-10-02 00:39:07.002] [info] #6: Feasible / Total: 149052 / 597871
[2023-10-02 00:46:26.818] [info] #7: Feasible / Total: 187502 / 597871
[2023-10-02 00:54:41.637] [info] #8: Feasible / Total: 251860 / 597871
[2023-10-02 01:05:07.796] [info] #9: Feasible / Total: 370483 / 597871
[2023-10-02 01:12:30.124] [info] #10: Feasible / Total: 519055 / 597871
[2023-10-02 01:13:41.623] [info] #11: Feasible / Total: 557897 / 597871
[2023-10-02 01:13:43.467] [info] #12: Feasible / Total: 558129 / 597871
[2023-10-02 01:13:44.553] [info] #12: Feasible / Total: 558129 / 597871
[2023-10-02 01:13:44.562] [info] Graph is not D-reducible.
[2023-10-02 01:13:44.761] [info] Started C-reducibility check
[2023-10-02 01:21:48.099] [info] Trying 65709120 possible contractions
[2023-10-02 01:21:48.099] [info] [0/65709120] Starting contraction of size 1
[2023-10-02 01:23:35.374] [info] [45/65709120] Starting contraction of size 2
[2023-10-02 01:49:18.533] [info] [960/65709120] Starting contraction of size 3
[2023-10-02 02:39:06.582] [info] All colors passed! Contracted: 18, 47, 58
[2023-10-02 02:39:06.582] [info] Graph is C-reducible!
