[2023-10-02 12:25:42.397] [info] Kempe type: Projective
[2023-10-02 12:25:42.406] [info] Vertex size: 26, Edge size: 45, Ring size: 12
[2023-10-02 12:25:42.560] [info] Started D-reducibility check
[2023-10-02 12:25:42.560] [info] #1: Feasible / Total: 3237 / 22144
[2023-10-02 12:25:45.549] [info] #2: Feasible / Total: 4214 / 22144
[2023-10-02 12:25:46.809] [info] #3: Feasible / Total: 4807 / 22144
[2023-10-02 12:25:47.401] [info] #4: Feasible / Total: 5163 / 22144
[2023-10-02 12:25:47.860] [info] #5: Feasible / Total: 5465 / 22144
[2023-10-02 12:25:48.214] [info] #6: Feasible / Total: 5720 / 22144
[2023-10-02 12:25:48.689] [info] #7: Feasible / Total: 5893 / 22144
[2023-10-02 12:25:49.080] [info] #8: Feasible / Total: 6059 / 22144
[2023-10-02 12:25:49.537] [info] #9: Feasible / Total: 6249 / 22144
[2023-10-02 12:25:50.072] [info] #10: Feasible / Total: 6467 / 22144
[2023-10-02 12:25:50.601] [info] #11: Feasible / Total: 6720 / 22144
[2023-10-02 12:25:51.229] [info] #12: Feasible / Total: 7006 / 22144
[2023-10-02 12:25:52.047] [info] #13: Feasible / Total: 7359 / 22144
[2023-10-02 12:25:52.654] [info] #14: Feasible / Total: 7855 / 22144
[2023-10-02 12:25:53.564] [info] #15: Feasible / Total: 8580 / 22144
[2023-10-02 12:25:54.891] [info] #16: Feasible / Total: 9912 / 22144
[2023-10-02 12:25:56.509] [info] #17: Feasible / Total: 12479 / 22144
[2023-10-02 12:25:57.454] [info] #18: Feasible / Total: 14323 / 22144
[2023-10-02 12:25:57.620] [info] #19: Feasible / Total: 14590 / 22144
[2023-10-02 12:25:57.700] [info] #20: Feasible / Total: 14600 / 22144
[2023-10-02 12:25:57.787] [info] #21: Feasible / Total: 14602 / 22144
[2023-10-02 12:25:57.897] [info] #22: Feasible / Total: 14607 / 22144
[2023-10-02 12:25:58.008] [info] #22: Feasible / Total: 14607 / 22144
[2023-10-02 12:25:58.008] [info] Graph is not D-reducible.
[2023-10-02 12:25:58.043] [info] Started C-reducibility check
[2023-10-02 12:26:00.894] [info] Trying 284042 possible contractions
[2023-10-02 12:26:00.894] [info] [0/284042] Starting contraction of size 1
[2023-10-02 12:26:03.336] [info] [33/284042] Starting contraction of size 2
[2023-10-02 12:26:30.973] [info] [507/284042] Starting contraction of size 3
[2023-10-02 12:29:02.418] [info] [4419/284042] Starting contraction of size 4
[2023-10-02 12:37:04.840] [info] [25082/284042] Starting contraction of size 5
[2023-10-02 12:39:51.231] [info] All colors passed! Contracted: 19, 22, 29, 36, 41
[2023-10-02 12:39:51.232] [info] Graph is C-reducible!
