[2023-09-30 20:00:26.256] [info] Kempe type: Projective
[2023-09-30 20:00:26.256] [info] Vertex size: 32, Edge size: 54, Ring size: 12
[2023-09-30 20:00:27.147] [info] Started D-reducibility check
[2023-09-30 20:00:27.147] [info] #1: Feasible / Total: 5037 / 22144
[2023-09-30 20:00:30.814] [info] #2: Feasible / Total: 7172 / 22144
[2023-09-30 20:00:32.178] [info] #3: Feasible / Total: 8605 / 22144
[2023-09-30 20:00:33.037] [info] #4: Feasible / Total: 9634 / 22144
[2023-09-30 20:00:34.000] [info] #5: Feasible / Total: 11027 / 22144
[2023-09-30 20:00:34.761] [info] #6: Feasible / Total: 13068 / 22144
[2023-09-30 20:00:35.309] [info] #7: Feasible / Total: 14189 / 22144
[2023-09-30 20:00:35.598] [info] #8: Feasible / Total: 14743 / 22144
[2023-09-30 20:00:35.725] [info] #9: Feasible / Total: 14785 / 22144
[2023-09-30 20:00:35.820] [info] #10: Feasible / Total: 14786 / 22144
[2023-09-30 20:00:35.923] [info] #10: Feasible / Total: 14786 / 22144
[2023-09-30 20:00:35.923] [info] Graph is not D-reducible.
[2023-09-30 20:00:35.946] [info] Started C-reducibility check
[2023-09-30 20:02:05.932] [info] Trying 1674848 possible contractions
[2023-09-30 20:02:05.932] [info] [0/1674848] Starting contraction of size 1
[2023-09-30 20:02:06.098] [info] All colors passed! Contracted: 42
[2023-09-30 20:02:06.098] [info] Graph is C-reducible!
