[2023-09-30 15:10:14.112] [info] Kempe type: Projective
[2023-09-30 15:10:14.112] [info] Vertex size: 34, Edge size: 58, Ring size: 14
[2023-09-30 15:10:17.739] [info] Started D-reducibility check
[2023-09-30 15:10:17.739] [info] #1: Feasible / Total: 25965 / 199291
[2023-09-30 15:11:50.411] [info] #2: Feasible / Total: 39248 / 199291
[2023-09-30 15:12:24.635] [info] #3: Feasible / Total: 49549 / 199291
[2023-09-30 15:12:46.480] [info] #4: Feasible / Total: 58525 / 199291
[2023-09-30 15:13:06.353] [info] #5: Feasible / Total: 68079 / 199291
[2023-09-30 15:13:26.894] [info] #6: Feasible / Total: 78959 / 199291
[2023-09-30 15:13:45.176] [info] #7: Feasible / Total: 92657 / 199291
[2023-09-30 15:14:06.484] [info] #8: Feasible / Total: 114543 / 199291
[2023-09-30 15:14:19.199] [info] #9: Feasible / Total: 132461 / 199291
[2023-09-30 15:14:21.533] [info] #10: Feasible / Total: 134322 / 199291
[2023-09-30 15:14:22.384] [info] #11: Feasible / Total: 134414 / 199291
[2023-09-30 15:14:23.007] [info] #12: Feasible / Total: 134420 / 199291
[2023-09-30 15:14:23.624] [info] #12: Feasible / Total: 134420 / 199291
[2023-09-30 15:14:23.624] [info] Graph is not D-reducible.
[2023-09-30 15:14:23.654] [info] Started C-reducibility check
[2023-09-30 15:16:48.507] [info] Trying 2440478 possible contractions
[2023-09-30 15:16:48.507] [info] [0/2440478] Starting contraction of size 1
[2023-09-30 15:17:24.932] [info] [44/2440478] Starting contraction of size 2
[2023-09-30 15:26:55.381] [info] [916/2440478] Starting contraction of size 3
[2023-09-30 17:06:15.208] [info] [11238/2440478] Starting contraction of size 4
[2023-09-30 17:07:24.191] [info] All colors passed! Contracted: 23, 37, 45, 48
[2023-09-30 17:07:24.191] [info] Graph is C-reducible!
