[2023-10-04 10:10:41.962] [info] Kempe type: Projective
[2023-10-04 10:10:41.966] [info] Vertex size: 28, Edge size: 48, Ring size: 12
[2023-10-04 10:10:42.194] [info] Started D-reducibility check
[2023-10-04 10:10:42.194] [info] #1: Feasible / Total: 3858 / 22144
[2023-10-04 10:10:46.830] [info] #2: Feasible / Total: 5130 / 22144
[2023-10-04 10:10:48.523] [info] #3: Feasible / Total: 6041 / 22144
[2023-10-04 10:10:49.453] [info] #4: Feasible / Total: 6628 / 22144
[2023-10-04 10:10:50.489] [info] #5: Feasible / Total: 7228 / 22144
[2023-10-04 10:10:51.959] [info] #6: Feasible / Total: 8084 / 22144
[2023-10-04 10:10:53.707] [info] #7: Feasible / Total: 9449 / 22144
[2023-10-04 10:10:55.519] [info] #8: Feasible / Total: 11478 / 22144
[2023-10-04 10:10:57.479] [info] #9: Feasible / Total: 14094 / 22144
[2023-10-04 10:10:58.701] [info] #10: Feasible / Total: 16671 / 22144
[2023-10-04 10:10:59.020] [info] #11: Feasible / Total: 17241 / 22144
[2023-10-04 10:10:59.146] [info] #12: Feasible / Total: 17358 / 22144
[2023-10-04 10:10:59.242] [info] #12: Feasible / Total: 17358 / 22144
[2023-10-04 10:10:59.258] [info] Graph is not D-reducible.
[2023-10-04 10:10:59.262] [info] Started C-reducibility check
[2023-10-04 10:11:23.843] [info] Trying 4235630 possible contractions
[2023-10-04 10:11:23.843] [info] [0/4235630] Starting contraction of size 1
[2023-10-04 10:11:28.891] [info] [36/4235630] Starting contraction of size 2
[2023-10-04 10:12:27.105] [info] [606/4235630] Starting contraction of size 3
[2023-10-04 10:13:45.389] [info] All colors passed! Contracted: 18, 35, 42
[2023-10-04 10:13:45.394] [info] Graph is C-reducible!
