[2023-10-05 00:48:35.479] [info] Kempe type: Projective
[2023-10-05 00:48:35.479] [info] Vertex size: 31, Edge size: 53, Ring size: 13
[2023-10-05 00:48:35.629] [info] Started D-reducibility check
[2023-10-05 00:48:35.629] [info] #1: Feasible / Total: 8736 / 66430
[2023-10-05 00:48:40.618] [info] #2: Feasible / Total: 12420 / 66430
[2023-10-05 00:48:43.995] [info] #3: Feasible / Total: 15889 / 66430
[2023-10-05 00:48:46.805] [info] #4: Feasible / Total: 19360 / 66430
[2023-10-05 00:48:49.805] [info] #5: Feasible / Total: 23507 / 66430
[2023-10-05 00:48:53.266] [info] #6: Feasible / Total: 29313 / 66430
[2023-10-05 00:48:55.653] [info] #7: Feasible / Total: 34826 / 66430
[2023-10-05 00:48:56.489] [info] #8: Feasible / Total: 36596 / 66430
[2023-10-05 00:48:56.762] [info] #9: Feasible / Total: 36712 / 66430
[2023-10-05 00:48:56.975] [info] #10: Feasible / Total: 36713 / 66430
[2023-10-05 00:48:57.190] [info] #10: Feasible / Total: 36713 / 66430
[2023-10-05 00:48:57.190] [info] Graph is not D-reducible.
[2023-10-05 00:48:57.200] [info] Started C-reducibility check
[2023-10-05 00:49:34.058] [info] Trying 15195286 possible contractions
[2023-10-05 00:49:34.058] [info] [0/15195286] Starting contraction of size 1
[2023-10-05 00:49:34.300] [info] All colors passed! Contracted: 45
[2023-10-05 00:49:34.310] [info] Graph is C-reducible!
