[2023-09-30 16:50:13.048] [info] Kempe type: Projective
[2023-09-30 16:50:13.048] [info] Vertex size: 26, Edge size: 45, Ring size: 12
[2023-09-30 16:50:13.172] [info] Started D-reducibility check
[2023-09-30 16:50:13.172] [info] #1: Feasible / Total: 3408 / 22144
[2023-09-30 16:50:15.042] [info] #2: Feasible / Total: 3938 / 22144
[2023-09-30 16:50:15.239] [info] #3: Feasible / Total: 4109 / 22144
[2023-09-30 16:50:15.504] [info] #4: Feasible / Total: 4282 / 22144
[2023-09-30 16:50:15.742] [info] #5: Feasible / Total: 4377 / 22144
[2023-09-30 16:50:15.861] [info] #6: Feasible / Total: 4433 / 22144
[2023-09-30 16:50:15.961] [info] #7: Feasible / Total: 4468 / 22144
[2023-09-30 16:50:16.063] [info] #8: Feasible / Total: 4522 / 22144
[2023-09-30 16:50:16.166] [info] #9: Feasible / Total: 4584 / 22144
[2023-09-30 16:50:16.275] [info] #10: Feasible / Total: 4637 / 22144
[2023-09-30 16:50:16.466] [info] #11: Feasible / Total: 4695 / 22144
[2023-09-30 16:50:16.687] [info] #12: Feasible / Total: 4794 / 22144
[2023-09-30 16:50:16.851] [info] #13: Feasible / Total: 4952 / 22144
[2023-09-30 16:50:17.069] [info] #14: Feasible / Total: 5211 / 22144
[2023-09-30 16:50:17.233] [info] #15: Feasible / Total: 5508 / 22144
[2023-09-30 16:50:17.401] [info] #16: Feasible / Total: 5789 / 22144
[2023-09-30 16:50:17.614] [info] #17: Feasible / Total: 6141 / 22144
[2023-09-30 16:50:17.941] [info] #18: Feasible / Total: 6685 / 22144
[2023-09-30 16:50:18.424] [info] #19: Feasible / Total: 7485 / 22144
[2023-09-30 16:50:19.084] [info] #20: Feasible / Total: 8945 / 22144
[2023-09-30 16:50:19.734] [info] #21: Feasible / Total: 11467 / 22144
[2023-09-30 16:50:20.489] [info] #22: Feasible / Total: 15599 / 22144
[2023-09-30 16:50:20.819] [info] #23: Feasible / Total: 19190 / 22144
[2023-09-30 16:50:20.848] [info] #24: Feasible / Total: 19387 / 22144
[2023-09-30 16:50:20.861] [info] #24: Feasible / Total: 19387 / 22144
[2023-09-30 16:50:20.861] [info] Graph is not D-reducible.
[2023-09-30 16:50:20.865] [info] Started C-reducibility check
[2023-09-30 16:50:22.061] [info] Trying 285031 possible contractions
[2023-09-30 16:50:22.062] [info] [0/285031] Starting contraction of size 1
[2023-09-30 16:50:23.050] [info] [33/285031] Starting contraction of size 2
[2023-09-30 16:50:27.112] [info] All colors passed! Contracted: 30, 38
[2023-09-30 16:50:27.112] [info] Graph is C-reducible!
