[2023-10-02 19:57:05.316] [info] Kempe type: Projective
[2023-10-02 19:57:05.326] [info] Vertex size: 31, Edge size: 53, Ring size: 13
[2023-10-02 19:57:07.044] [info] Started D-reducibility check
[2023-10-02 19:57:07.044] [info] #1: Feasible / Total: 9116 / 66430
[2023-10-02 19:57:40.143] [info] #2: Feasible / Total: 15252 / 66430
[2023-10-02 19:57:54.962] [info] #3: Feasible / Total: 19891 / 66430
[2023-10-02 19:58:11.299] [info] #4: Feasible / Total: 26451 / 66430
[2023-10-02 19:58:26.227] [info] #5: Feasible / Total: 35266 / 66430
[2023-10-02 19:58:33.075] [info] #6: Feasible / Total: 40546 / 66430
[2023-10-02 19:58:35.031] [info] #7: Feasible / Total: 41481 / 66430
[2023-10-02 19:58:36.244] [info] #8: Feasible / Total: 41907 / 66430
[2023-10-02 19:58:37.224] [info] #9: Feasible / Total: 42305 / 66430
[2023-10-02 19:58:37.857] [info] #10: Feasible / Total: 42381 / 66430
[2023-10-02 19:58:38.329] [info] #11: Feasible / Total: 42383 / 66430
[2023-10-02 19:58:38.821] [info] #11: Feasible / Total: 42383 / 66430
[2023-10-02 19:58:38.821] [info] Graph is not D-reducible.
[2023-10-02 19:58:38.843] [info] Started C-reducibility check
[2023-10-02 19:59:46.500] [info] Trying 1197484 possible contractions
[2023-10-02 19:59:46.500] [info] [0/1197484] Starting contraction of size 1
[2023-10-02 19:59:54.348] [info] All colors passed! Contracted: 34
[2023-10-02 19:59:54.348] [info] Graph is C-reducible!
