[2023-10-03 15:49:02.281] [info] Kempe type: Projective
[2023-10-03 15:49:02.282] [info] Vertex size: 37, Edge size: 63, Ring size: 15
[2023-10-03 15:49:14.952] [info] Started D-reducibility check
[2023-10-03 15:49:14.952] [info] #1: Feasible / Total: 66184 / 597871
[2023-10-03 16:00:34.461] [info] #2: Feasible / Total: 106106 / 597871
[2023-10-03 16:04:16.949] [info] #3: Feasible / Total: 139788 / 597871
[2023-10-03 16:07:27.012] [info] #4: Feasible / Total: 173104 / 597871
[2023-10-03 16:12:10.066] [info] #5: Feasible / Total: 224958 / 597871
[2023-10-03 16:18:42.312] [info] #6: Feasible / Total: 317854 / 597871
[2023-10-03 16:22:13.798] [info] #7: Feasible / Total: 401886 / 597871
[2023-10-03 16:22:39.261] [info] #8: Feasible / Total: 417302 / 597871
[2023-10-03 16:22:42.691] [info] #9: Feasible / Total: 417496 / 597871
[2023-10-03 16:22:45.685] [info] #9: Feasible / Total: 417496 / 597871
[2023-10-03 16:22:45.685] [info] Graph is not D-reducible.
[2023-10-03 16:22:45.775] [info] Started C-reducibility check
[2023-10-03 16:40:41.187] [info] Trying 139588503 possible contractions
[2023-10-03 16:40:41.187] [info] [0/139588503] Starting contraction of size 1
[2023-10-03 16:42:21.759] [info] [48/139588503] Starting contraction of size 2
[2023-10-03 17:05:14.072] [info] All colors passed! Contracted: 29, 55
[2023-10-03 17:05:14.073] [info] Graph is C-reducible!
