[2023-10-04 10:10:41.676] [info] Kempe type: Projective
[2023-10-04 10:10:41.676] [info] Vertex size: 35, Edge size: 60, Ring size: 15
[2023-10-04 10:10:42.836] [info] Started D-reducibility check
[2023-10-04 10:10:42.836] [info] #1: Feasible / Total: 54625 / 597871
[2023-10-04 10:16:19.980] [info] #2: Feasible / Total: 78539 / 597871
[2023-10-04 10:19:02.035] [info] #3: Feasible / Total: 88991 / 597871
[2023-10-04 10:20:46.783] [info] #4: Feasible / Total: 97528 / 597871
[2023-10-04 10:22:14.247] [info] #5: Feasible / Total: 105979 / 597871
[2023-10-04 10:23:47.909] [info] #6: Feasible / Total: 116233 / 597871
[2023-10-04 10:25:40.736] [info] #7: Feasible / Total: 129199 / 597871
[2023-10-04 10:28:08.203] [info] #8: Feasible / Total: 145717 / 597871
[2023-10-04 10:31:21.891] [info] #9: Feasible / Total: 168915 / 597871
[2023-10-04 10:34:58.221] [info] #10: Feasible / Total: 203173 / 597871
[2023-10-04 10:38:40.946] [info] #11: Feasible / Total: 248447 / 597871
[2023-10-04 10:43:33.171] [info] #12: Feasible / Total: 315915 / 597871
[2023-10-04 10:48:13.724] [info] #13: Feasible / Total: 412274 / 597871
[2023-10-04 10:49:41.003] [info] #14: Feasible / Total: 463229 / 597871
[2023-10-04 10:49:44.687] [info] #15: Feasible / Total: 464281 / 597871
[2023-10-04 10:49:47.705] [info] #15: Feasible / Total: 464281 / 597871
[2023-10-04 10:49:47.705] [info] Graph is not D-reducible.
[2023-10-04 10:49:47.794] [info] Started C-reducibility check
[2023-10-04 10:55:00.674] [info] Trying 65693102 possible contractions
[2023-10-04 10:55:00.674] [info] [0/65693102] Starting contraction of size 1
[2023-10-04 10:55:43.700] [info] [45/65693102] Starting contraction of size 2
[2023-10-04 11:10:13.019] [info] [960/65693102] Starting contraction of size 3
[2023-10-04 11:33:27.009] [info] All colors passed! Contracted: 15, 48, 50
[2023-10-04 11:33:27.010] [info] Graph is C-reducible!
