[2023-10-04 13:28:03.696] [info] Kempe type: Projective
[2023-10-04 13:28:03.730] [info] Vertex size: 34, Edge size: 58, Ring size: 14
[2023-10-04 13:28:08.029] [info] Started D-reducibility check
[2023-10-04 13:28:08.029] [info] #1: Feasible / Total: 25888 / 199291
[2023-10-04 13:29:42.843] [info] #2: Feasible / Total: 34489 / 199291
[2023-10-04 13:30:35.867] [info] #3: Feasible / Total: 42666 / 199291
[2023-10-04 13:31:44.710] [info] #4: Feasible / Total: 53985 / 199291
[2023-10-04 13:33:15.535] [info] #5: Feasible / Total: 73856 / 199291
[2023-10-04 13:34:55.074] [info] #6: Feasible / Total: 106615 / 199291
[2023-10-04 13:36:19.423] [info] #7: Feasible / Total: 150291 / 199291
[2023-10-04 13:36:43.000] [info] #8: Feasible / Total: 172643 / 199291
[2023-10-04 13:36:44.597] [info] #9: Feasible / Total: 173503 / 199291
[2023-10-04 13:36:45.335] [info] #9: Feasible / Total: 173503 / 199291
[2023-10-04 13:36:45.350] [info] Graph is not D-reducible.
[2023-10-04 13:36:45.421] [info] Started C-reducibility check
[2023-10-04 13:42:35.650] [info] Trying 48398371 possible contractions
[2023-10-04 13:42:35.650] [info] [0/48398371] Starting contraction of size 1
[2023-10-04 13:43:23.489] [info] [44/48398371] Starting contraction of size 2
[2023-10-04 13:55:42.439] [info] [916/48398371] Starting contraction of size 3
[2023-10-04 15:14:33.549] [info] All colors passed! Contracted: 33, 46, 52
[2023-10-04 15:14:33.550] [info] Graph is C-reducible!
