[2023-10-02 00:12:27.489] [info] Kempe type: Projective
[2023-10-02 00:12:27.489] [info] Vertex size: 32, Edge size: 55, Ring size: 14
[2023-10-02 00:12:30.496] [info] Started D-reducibility check
[2023-10-02 00:12:30.496] [info] #1: Feasible / Total: 21357 / 199291
[2023-10-02 00:14:11.927] [info] #2: Feasible / Total: 29978 / 199291
[2023-10-02 00:14:51.434] [info] #3: Feasible / Total: 36505 / 199291
[2023-10-02 00:15:29.524] [info] #4: Feasible / Total: 42872 / 199291
[2023-10-02 00:16:02.870] [info] #5: Feasible / Total: 48400 / 199291
[2023-10-02 00:16:38.920] [info] #6: Feasible / Total: 53614 / 199291
[2023-10-02 00:17:19.642] [info] #7: Feasible / Total: 60212 / 199291
[2023-10-02 00:18:19.228] [info] #8: Feasible / Total: 71289 / 199291
[2023-10-02 00:19:49.095] [info] #9: Feasible / Total: 92343 / 199291
[2023-10-02 00:21:12.822] [info] #10: Feasible / Total: 120078 / 199291
[2023-10-02 00:21:46.175] [info] #11: Feasible / Total: 133774 / 199291
[2023-10-02 00:21:55.808] [info] #12: Feasible / Total: 136182 / 199291
[2023-10-02 00:21:59.664] [info] #13: Feasible / Total: 136825 / 199291
[2023-10-02 00:22:01.461] [info] #14: Feasible / Total: 136926 / 199291
[2023-10-02 00:22:03.426] [info] #15: Feasible / Total: 137004 / 199291
[2023-10-02 00:22:04.685] [info] #16: Feasible / Total: 137074 / 199291
[2023-10-02 00:22:06.551] [info] #17: Feasible / Total: 137076 / 199291
[2023-10-02 00:22:08.174] [info] #17: Feasible / Total: 137076 / 199291
[2023-10-02 00:22:08.174] [info] Graph is not D-reducible.
[2023-10-02 00:22:08.299] [info] Started C-reducibility check
[2023-10-02 00:24:19.349] [info] Trying 21132874 possible contractions
[2023-10-02 00:24:19.349] [info] [0/21132874] Starting contraction of size 1
[2023-10-02 00:25:18.934] [info] [41/21132874] Starting contraction of size 2
[2023-10-02 00:39:22.028] [info] [793/21132874] Starting contraction of size 3
[2023-10-02 00:47:37.358] [info] All colors passed! Contracted: 34, 36, 51
[2023-10-02 00:47:37.370] [info] Graph is C-reducible!
