[2023-09-30 14:55:36.244] [info] Kempe type: Projective
[2023-09-30 14:55:36.244] [info] Vertex size: 31, Edge size: 53, Ring size: 13
[2023-09-30 14:55:37.214] [info] Started D-reducibility check
[2023-09-30 14:55:37.214] [info] #1: Feasible / Total: 10093 / 66430
[2023-09-30 14:55:54.167] [info] #2: Feasible / Total: 13985 / 66430
[2023-09-30 14:55:58.851] [info] #3: Feasible / Total: 16271 / 66430
[2023-09-30 14:56:02.594] [info] #4: Feasible / Total: 17887 / 66430
[2023-09-30 14:56:05.758] [info] #5: Feasible / Total: 19247 / 66430
[2023-09-30 14:56:09.297] [info] #6: Feasible / Total: 20715 / 66430
[2023-09-30 14:56:12.182] [info] #7: Feasible / Total: 22348 / 66430
[2023-09-30 14:56:15.649] [info] #8: Feasible / Total: 24295 / 66430
[2023-09-30 14:56:19.775] [info] #9: Feasible / Total: 26959 / 66430
[2023-09-30 14:56:23.907] [info] #10: Feasible / Total: 30084 / 66430
[2023-09-30 14:56:27.865] [info] #11: Feasible / Total: 33375 / 66430
[2023-09-30 14:56:32.529] [info] #12: Feasible / Total: 38518 / 66430
[2023-09-30 14:56:33.392] [info] #13: Feasible / Total: 40504 / 66430
[2023-09-30 14:56:33.756] [info] #14: Feasible / Total: 40516 / 66430
[2023-09-30 14:56:34.122] [info] #14: Feasible / Total: 40516 / 66430
[2023-09-30 14:56:34.122] [info] Graph is not D-reducible.
[2023-09-30 14:56:34.143] [info] Started C-reducibility check
[2023-09-30 14:57:08.347] [info] Trying 1200217 possible contractions
[2023-09-30 14:57:08.347] [info] [0/1200217] Starting contraction of size 1
[2023-09-30 14:57:15.360] [info] [40/1200217] Starting contraction of size 2
[2023-09-30 14:58:46.752] [info] [753/1200217] Starting contraction of size 3
[2023-09-30 15:06:28.133] [info] All colors passed! Contracted: 26, 32, 34
[2023-09-30 15:06:28.133] [info] Graph is C-reducible!
