[2023-09-30 20:00:26.195] [info] Kempe type: Projective
[2023-09-30 20:00:26.195] [info] Vertex size: 28, Edge size: 48, Ring size: 12
[2023-09-30 20:00:26.407] [info] Started D-reducibility check
[2023-09-30 20:00:26.407] [info] #1: Feasible / Total: 3894 / 22144
[2023-09-30 20:00:30.201] [info] #2: Feasible / Total: 5151 / 22144
[2023-09-30 20:00:31.488] [info] #3: Feasible / Total: 6012 / 22144
[2023-09-30 20:00:32.589] [info] #4: Feasible / Total: 6700 / 22144
[2023-09-30 20:00:33.842] [info] #5: Feasible / Total: 7248 / 22144
[2023-09-30 20:00:34.455] [info] #6: Feasible / Total: 7619 / 22144
[2023-09-30 20:00:35.047] [info] #7: Feasible / Total: 8058 / 22144
[2023-09-30 20:00:35.725] [info] #8: Feasible / Total: 8737 / 22144
[2023-09-30 20:00:36.817] [info] #9: Feasible / Total: 9627 / 22144
[2023-09-30 20:00:38.596] [info] #10: Feasible / Total: 11935 / 22144
[2023-09-30 20:00:40.240] [info] #11: Feasible / Total: 16613 / 22144
[2023-09-30 20:00:40.576] [info] #12: Feasible / Total: 18000 / 22144
[2023-09-30 20:00:40.646] [info] #13: Feasible / Total: 18067 / 22144
[2023-09-30 20:00:40.679] [info] #14: Feasible / Total: 18068 / 22144
[2023-09-30 20:00:40.722] [info] #14: Feasible / Total: 18068 / 22144
[2023-09-30 20:00:40.722] [info] Graph is not D-reducible.
[2023-09-30 20:00:40.726] [info] Started C-reducibility check
[2023-09-30 20:00:51.196] [info] Trying 541092 possible contractions
[2023-09-30 20:00:51.196] [info] [0/541092] Starting contraction of size 1
[2023-09-30 20:00:56.445] [info] [36/541092] Starting contraction of size 2
[2023-09-30 20:01:20.054] [info] All colors passed! Contracted: 26, 31
[2023-09-30 20:01:20.066] [info] Graph is C-reducible!
