[2023-10-02 21:50:37.733] [info] Kempe type: Projective
[2023-10-02 21:50:37.742] [info] Vertex size: 28, Edge size: 48, Ring size: 12
[2023-10-02 21:50:37.895] [info] Started D-reducibility check
[2023-10-02 21:50:37.895] [info] #1: Feasible / Total: 3561 / 22144
[2023-10-02 21:50:41.434] [info] #2: Feasible / Total: 5190 / 22144
[2023-10-02 21:50:42.312] [info] #3: Feasible / Total: 6018 / 22144
[2023-10-02 21:50:43.171] [info] #4: Feasible / Total: 6610 / 22144
[2023-10-02 21:50:43.870] [info] #5: Feasible / Total: 7220 / 22144
[2023-10-02 21:50:44.560] [info] #6: Feasible / Total: 7773 / 22144
[2023-10-02 21:50:44.993] [info] #7: Feasible / Total: 8400 / 22144
[2023-10-02 21:50:45.448] [info] #8: Feasible / Total: 8883 / 22144
[2023-10-02 21:50:46.520] [info] #9: Feasible / Total: 9523 / 22144
[2023-10-02 21:50:47.937] [info] #10: Feasible / Total: 10500 / 22144
[2023-10-02 21:50:49.764] [info] #11: Feasible / Total: 12076 / 22144
[2023-10-02 21:50:51.583] [info] #12: Feasible / Total: 14076 / 22144
[2023-10-02 21:50:52.152] [info] #13: Feasible / Total: 14652 / 22144
[2023-10-02 21:50:52.349] [info] #14: Feasible / Total: 14656 / 22144
[2023-10-02 21:50:52.542] [info] #14: Feasible / Total: 14656 / 22144
[2023-10-02 21:50:52.542] [info] Graph is not D-reducible.
[2023-10-02 21:50:52.546] [info] Started C-reducibility check
[2023-10-02 21:51:11.202] [info] Trying 542357 possible contractions
[2023-10-02 21:51:11.214] [info] [0/542357] Starting contraction of size 1
[2023-10-02 21:51:12.504] [info] All colors passed! Contracted: 34
[2023-10-02 21:51:12.514] [info] Graph is C-reducible!
