[2023-10-03 15:49:02.310] [info] Kempe type: Projective
[2023-10-03 15:49:02.335] [info] Vertex size: 32, Edge size: 55, Ring size: 14
[2023-10-03 15:49:04.658] [info] Started D-reducibility check
[2023-10-03 15:49:04.658] [info] #1: Feasible / Total: 22357 / 199291
[2023-10-03 15:50:30.536] [info] #2: Feasible / Total: 33653 / 199291
[2023-10-03 15:51:09.983] [info] #3: Feasible / Total: 41017 / 199291
[2023-10-03 15:51:47.267] [info] #4: Feasible / Total: 48010 / 199291
[2023-10-03 15:52:28.031] [info] #5: Feasible / Total: 56027 / 199291
[2023-10-03 15:53:15.319] [info] #6: Feasible / Total: 66260 / 199291
[2023-10-03 15:54:21.561] [info] #7: Feasible / Total: 80840 / 199291
[2023-10-03 15:55:25.823] [info] #8: Feasible / Total: 101346 / 199291
[2023-10-03 15:56:18.589] [info] #9: Feasible / Total: 128235 / 199291
[2023-10-03 15:57:01.534] [info] #10: Feasible / Total: 155575 / 199291
[2023-10-03 15:57:09.891] [info] #11: Feasible / Total: 162841 / 199291
[2023-10-03 15:57:10.526] [info] #12: Feasible / Total: 162869 / 199291
[2023-10-03 15:57:10.876] [info] #12: Feasible / Total: 162869 / 199291
[2023-10-03 15:57:10.876] [info] Graph is not D-reducible.
[2023-10-03 15:57:10.904] [info] Started C-reducibility check
[2023-10-03 15:58:50.323] [info] Trying 21305318 possible contractions
[2023-10-03 15:58:50.324] [info] [0/21305318] Starting contraction of size 1
[2023-10-03 15:59:24.664] [info] [41/21305318] Starting contraction of size 2
[2023-10-03 16:06:39.294] [info] [793/21305318] Starting contraction of size 3
[2023-10-03 16:16:29.062] [info] All colors passed! Contracted: 15, 25, 53
[2023-10-03 16:16:29.062] [info] Graph is C-reducible!
