[2023-09-30 23:27:32.417] [info] Kempe type: Projective
[2023-09-30 23:27:32.417] [info] Vertex size: 36, Edge size: 61, Ring size: 14
[2023-09-30 23:27:34.094] [info] Started D-reducibility check
[2023-09-30 23:27:34.094] [info] #1: Feasible / Total: 27562 / 199291
[2023-09-30 23:28:29.063] [info] #2: Feasible / Total: 52646 / 199291
[2023-09-30 23:29:06.053] [info] #3: Feasible / Total: 76085 / 199291
[2023-09-30 23:29:43.840] [info] #4: Feasible / Total: 100787 / 199291
[2023-09-30 23:30:23.149] [info] #5: Feasible / Total: 142834 / 199291
[2023-09-30 23:30:33.264] [info] #6: Feasible / Total: 162569 / 199291
[2023-09-30 23:30:34.393] [info] #7: Feasible / Total: 163772 / 199291
[2023-09-30 23:30:34.765] [info] #8: Feasible / Total: 163879 / 199291
[2023-09-30 23:30:35.081] [info] #9: Feasible / Total: 163880 / 199291
[2023-09-30 23:30:35.393] [info] #9: Feasible / Total: 163880 / 199291
[2023-09-30 23:30:35.393] [info] Graph is not D-reducible.
[2023-09-30 23:30:35.420] [info] Started C-reducibility check
[2023-09-30 23:40:09.399] [info] Trying 3911195 possible contractions
[2023-09-30 23:40:09.399] [info] [0/3911195] Starting contraction of size 1
[2023-09-30 23:41:03.396] [info] [47/3911195] Starting contraction of size 2
[2023-09-30 23:55:16.806] [info] [1048/3911195] Starting contraction of size 3
[2023-10-01 00:08:26.944] [info] All colors passed! Contracted: 32, 34, 59
[2023-10-01 00:08:26.944] [info] Graph is C-reducible!
