[2023-10-01 10:31:59.043] [info] Kempe type: Projective
[2023-10-01 10:31:59.043] [info] Vertex size: 38, Edge size: 64, Ring size: 14
[2023-10-01 10:32:02.463] [info] Started D-reducibility check
[2023-10-01 10:32:02.470] [info] #1: Feasible / Total: 29890 / 199291
[2023-10-01 10:33:48.398] [info] #2: Feasible / Total: 56115 / 199291
[2023-10-01 10:34:24.220] [info] #3: Feasible / Total: 73130 / 199291
[2023-10-01 10:34:40.220] [info] #4: Feasible / Total: 84731 / 199291
[2023-10-01 10:34:57.239] [info] #5: Feasible / Total: 93929 / 199291
[2023-10-01 10:35:28.861] [info] #6: Feasible / Total: 109864 / 199291
[2023-10-01 10:36:07.437] [info] #7: Feasible / Total: 142775 / 199291
[2023-10-01 10:36:27.738] [info] #8: Feasible / Total: 173616 / 199291
[2023-10-01 10:36:31.852] [info] #9: Feasible / Total: 184973 / 199291
[2023-10-01 10:36:31.988] [info] #10: Feasible / Total: 185017 / 199291
[2023-10-01 10:36:32.118] [info] #10: Feasible / Total: 185017 / 199291
[2023-10-01 10:36:32.118] [info] Graph is not D-reducible.
[2023-10-01 10:36:32.148] [info] Started C-reducibility check
[2023-10-01 11:07:28.474] [info] Trying 6082135 possible contractions
[2023-10-01 11:07:28.474] [info] [0/6082135] Starting contraction of size 1
[2023-10-01 11:07:31.132] [info] All colors passed! Contracted: 20
[2023-10-01 11:07:31.132] [info] Graph is C-reducible!
