[2023-10-02 19:57:05.330] [info] Kempe type: Projective
[2023-10-02 19:57:05.338] [info] Vertex size: 32, Edge size: 55, Ring size: 14
[2023-10-02 19:57:07.808] [info] Started D-reducibility check
[2023-10-02 19:57:07.808] [info] #1: Feasible / Total: 22046 / 199291
[2023-10-02 19:59:29.387] [info] #2: Feasible / Total: 31025 / 199291
[2023-10-02 19:59:59.094] [info] #3: Feasible / Total: 35250 / 199291
[2023-10-02 20:00:13.732] [info] #4: Feasible / Total: 37819 / 199291
[2023-10-02 20:00:23.141] [info] #5: Feasible / Total: 39636 / 199291
[2023-10-02 20:00:31.719] [info] #6: Feasible / Total: 41380 / 199291
[2023-10-02 20:00:40.107] [info] #7: Feasible / Total: 43557 / 199291
[2023-10-02 20:00:52.508] [info] #8: Feasible / Total: 46536 / 199291
[2023-10-02 20:01:10.073] [info] #9: Feasible / Total: 50632 / 199291
[2023-10-02 20:01:29.628] [info] #10: Feasible / Total: 56271 / 199291
[2023-10-02 20:01:58.323] [info] #11: Feasible / Total: 64653 / 199291
[2023-10-02 20:02:31.023] [info] #12: Feasible / Total: 79236 / 199291
[2023-10-02 20:03:32.238] [info] #13: Feasible / Total: 108220 / 199291
[2023-10-02 20:04:24.284] [info] #14: Feasible / Total: 155011 / 199291
[2023-10-02 20:04:47.384] [info] #15: Feasible / Total: 176495 / 199291
[2023-10-02 20:04:48.166] [info] #16: Feasible / Total: 176627 / 199291
[2023-10-02 20:04:48.381] [info] #16: Feasible / Total: 176627 / 199291
[2023-10-02 20:04:48.381] [info] Graph is not D-reducible.
[2023-10-02 20:04:48.410] [info] Started C-reducibility check
[2023-10-02 20:05:32.500] [info] Trying 1469146 possible contractions
[2023-10-02 20:05:32.500] [info] [0/1469146] Starting contraction of size 1
[2023-10-02 20:05:46.927] [info] [41/1469146] Starting contraction of size 2
[2023-10-02 20:06:44.945] [info] All colors passed! Contracted: 15, 19
[2023-10-02 20:06:44.945] [info] Graph is C-reducible!
