[2023-10-01 11:31:08.968] [info] Kempe type: Projective
[2023-10-01 11:31:08.969] [info] Vertex size: 34, Edge size: 58, Ring size: 14
[2023-10-01 11:31:15.978] [info] Started D-reducibility check
[2023-10-01 11:31:15.978] [info] #1: Feasible / Total: 23192 / 199291
[2023-10-01 11:32:45.687] [info] #2: Feasible / Total: 34590 / 199291
[2023-10-01 11:33:21.710] [info] #3: Feasible / Total: 43594 / 199291
[2023-10-01 11:33:56.969] [info] #4: Feasible / Total: 52387 / 199291
[2023-10-01 11:34:29.449] [info] #5: Feasible / Total: 61675 / 199291
[2023-10-01 11:34:55.948] [info] #6: Feasible / Total: 70842 / 199291
[2023-10-01 11:35:16.808] [info] #7: Feasible / Total: 79891 / 199291
[2023-10-01 11:35:37.443] [info] #8: Feasible / Total: 88744 / 199291
[2023-10-01 11:35:53.622] [info] #9: Feasible / Total: 98060 / 199291
[2023-10-01 11:36:02.244] [info] #10: Feasible / Total: 102041 / 199291
[2023-10-01 11:36:06.171] [info] #11: Feasible / Total: 103488 / 199291
[2023-10-01 11:36:08.282] [info] #12: Feasible / Total: 103941 / 199291
[2023-10-01 11:36:10.308] [info] #13: Feasible / Total: 104070 / 199291
[2023-10-01 11:36:11.885] [info] #14: Feasible / Total: 104119 / 199291
[2023-10-01 11:36:13.404] [info] #15: Feasible / Total: 104130 / 199291
[2023-10-01 11:36:15.158] [info] #15: Feasible / Total: 104130 / 199291
[2023-10-01 11:36:15.158] [info] Graph is not D-reducible.
[2023-10-01 11:36:15.224] [info] Started C-reducibility check
[2023-10-01 11:40:20.549] [info] Trying 2440455 possible contractions
[2023-10-01 11:40:20.549] [info] [0/2440455] Starting contraction of size 1
[2023-10-01 11:41:24.955] [info] [44/2440455] Starting contraction of size 2
[2023-10-01 11:55:57.187] [info] [916/2440455] Starting contraction of size 3
[2023-10-01 13:41:08.220] [info] [11238/2440455] Starting contraction of size 4
[2023-10-02 00:56:04.067] [info] [92891/2440455] Starting contraction of size 5
[2023-10-04 07:19:04.514] [info] [550935/2440455] Starting contraction of size 6
[2023-10-08 01:07:55.626] [info] All colors passed! Contracted: 15, 19, 42, 47, 54, 55
[2023-10-08 01:07:55.627] [info] Graph is C-reducible!
