[2023-10-02 16:31:56.329] [info] Kempe type: Projective
[2023-10-02 16:31:56.350] [info] Vertex size: 27, Edge size: 46, Ring size: 11
[2023-10-02 16:31:56.501] [info] Started D-reducibility check
[2023-10-02 16:31:56.501] [info] #1: Feasible / Total: 1691 / 7381
[2023-10-02 16:31:57.240] [info] #2: Feasible / Total: 2328 / 7381
[2023-10-02 16:31:57.560] [info] #3: Feasible / Total: 3155 / 7381
[2023-10-02 16:31:57.854] [info] #4: Feasible / Total: 3954 / 7381
[2023-10-02 16:31:57.986] [info] #5: Feasible / Total: 4440 / 7381
[2023-10-02 16:31:58.052] [info] #6: Feasible / Total: 4549 / 7381
[2023-10-02 16:31:58.089] [info] #7: Feasible / Total: 4598 / 7381
[2023-10-02 16:31:58.148] [info] #8: Feasible / Total: 4637 / 7381
[2023-10-02 16:31:58.183] [info] #9: Feasible / Total: 4659 / 7381
[2023-10-02 16:31:58.193] [info] #10: Feasible / Total: 4664 / 7381
[2023-10-02 16:31:58.220] [info] #11: Feasible / Total: 4665 / 7381
[2023-10-02 16:31:58.272] [info] #11: Feasible / Total: 4665 / 7381
[2023-10-02 16:31:58.272] [info] Graph is not D-reducible.
[2023-10-02 16:31:58.273] [info] Started C-reducibility check
[2023-10-02 16:32:04.113] [info] Trying 428475 possible contractions
[2023-10-02 16:32:04.113] [info] [0/428475] Starting contraction of size 1
[2023-10-02 16:32:05.295] [info] All colors passed! Contracted: 13
[2023-10-02 16:32:05.295] [info] Graph is C-reducible!
