[2023-09-30 14:52:46.466] [info] Kempe type: Projective
[2023-09-30 14:52:46.466] [info] Vertex size: 28, Edge size: 48, Ring size: 12
[2023-09-30 14:52:46.647] [info] Started D-reducibility check
[2023-09-30 14:52:46.647] [info] #1: Feasible / Total: 4124 / 22144
[2023-09-30 14:52:49.740] [info] #2: Feasible / Total: 6495 / 22144
[2023-09-30 14:52:50.620] [info] #3: Feasible / Total: 8467 / 22144
[2023-09-30 14:52:51.803] [info] #4: Feasible / Total: 11240 / 22144
[2023-09-30 14:52:52.673] [info] #5: Feasible / Total: 13495 / 22144
[2023-09-30 14:52:52.891] [info] #6: Feasible / Total: 14335 / 22144
[2023-09-30 14:52:52.961] [info] #7: Feasible / Total: 14496 / 22144
[2023-09-30 14:52:53.010] [info] #8: Feasible / Total: 14553 / 22144
[2023-09-30 14:52:53.049] [info] #9: Feasible / Total: 14564 / 22144
[2023-09-30 14:52:53.087] [info] #9: Feasible / Total: 14564 / 22144
[2023-09-30 14:52:53.087] [info] Graph is not D-reducible.
[2023-09-30 14:52:53.091] [info] Started C-reducibility check
[2023-09-30 14:52:59.254] [info] Trying 542482 possible contractions
[2023-09-30 14:52:59.254] [info] [0/542482] Starting contraction of size 1
[2023-09-30 14:53:02.337] [info] [36/542482] Starting contraction of size 2
[2023-09-30 14:53:13.752] [info] All colors passed! Contracted: 21, 31
[2023-09-30 14:53:13.752] [info] Graph is C-reducible!
