[2023-10-01 15:08:25.827] [info] Kempe type: Projective
[2023-10-01 15:08:25.827] [info] Vertex size: 34, Edge size: 58, Ring size: 14
[2023-10-01 15:08:29.934] [info] Started D-reducibility check
[2023-10-01 15:08:29.935] [info] #1: Feasible / Total: 25856 / 199291
[2023-10-01 15:09:16.498] [info] #2: Feasible / Total: 33463 / 199291
[2023-10-01 15:09:32.126] [info] #3: Feasible / Total: 39691 / 199291
[2023-10-01 15:09:44.763] [info] #4: Feasible / Total: 45544 / 199291
[2023-10-01 15:09:58.794] [info] #5: Feasible / Total: 53136 / 199291
[2023-10-01 15:10:22.591] [info] #6: Feasible / Total: 66563 / 199291
[2023-10-01 15:10:50.565] [info] #7: Feasible / Total: 88400 / 199291
[2023-10-01 15:11:14.412] [info] #8: Feasible / Total: 110138 / 199291
[2023-10-01 15:11:24.945] [info] #9: Feasible / Total: 117105 / 199291
[2023-10-01 15:11:26.953] [info] #10: Feasible / Total: 118142 / 199291
[2023-10-01 15:11:27.839] [info] #11: Feasible / Total: 118191 / 199291
[2023-10-01 15:11:28.975] [info] #12: Feasible / Total: 118196 / 199291
[2023-10-01 15:11:30.805] [info] #12: Feasible / Total: 118196 / 199291
[2023-10-01 15:11:30.805] [info] Graph is not D-reducible.
[2023-10-01 15:11:30.862] [info] Started C-reducibility check
[2023-10-01 15:14:54.317] [info] Trying 48616149 possible contractions
[2023-10-01 15:14:54.317] [info] [0/48616149] Starting contraction of size 1
[2023-10-01 15:15:19.335] [info] All colors passed! Contracted: 29
[2023-10-01 15:15:19.335] [info] Graph is C-reducible!
