[2023-10-02 00:12:27.550] [info] Kempe type: Projective
[2023-10-02 00:12:27.606] [info] Vertex size: 33, Edge size: 56, Ring size: 13
[2023-10-02 00:12:30.530] [info] Started D-reducibility check
[2023-10-02 00:12:30.554] [info] #1: Feasible / Total: 11836 / 66430
[2023-10-02 00:13:10.002] [info] #2: Feasible / Total: 17425 / 66430
[2023-10-02 00:13:28.167] [info] #3: Feasible / Total: 22166 / 66430
[2023-10-02 00:13:47.092] [info] #4: Feasible / Total: 27717 / 66430
[2023-10-02 00:14:06.231] [info] #5: Feasible / Total: 36626 / 66430
[2023-10-02 00:14:13.156] [info] #6: Feasible / Total: 42812 / 66430
[2023-10-02 00:14:15.667] [info] #7: Feasible / Total: 43621 / 66430
[2023-10-02 00:14:17.161] [info] #8: Feasible / Total: 43940 / 66430
[2023-10-02 00:14:18.130] [info] #9: Feasible / Total: 44046 / 66430
[2023-10-02 00:14:19.024] [info] #10: Feasible / Total: 44131 / 66430
[2023-10-02 00:14:19.586] [info] #11: Feasible / Total: 44140 / 66430
[2023-10-02 00:14:20.135] [info] #11: Feasible / Total: 44140 / 66430
[2023-10-02 00:14:20.158] [info] Graph is not D-reducible.
[2023-10-02 00:14:20.168] [info] Started C-reducibility check
[2023-10-02 00:19:58.200] [info] Trying 35752663 possible contractions
[2023-10-02 00:19:58.214] [info] [0/35752663] Starting contraction of size 1
[2023-10-02 00:20:29.350] [info] All colors passed! Contracted: 24
[2023-10-02 00:20:29.351] [info] Graph is C-reducible!
