[2023-09-30 14:52:46.451] [info] Kempe type: Projective
[2023-09-30 14:52:46.451] [info] Vertex size: 29, Edge size: 50, Ring size: 13
[2023-09-30 14:52:46.978] [info] Started D-reducibility check
[2023-09-30 14:52:46.983] [info] #1: Feasible / Total: 8905 / 66430
[2023-09-30 14:52:58.524] [info] #2: Feasible / Total: 12388 / 66430
[2023-09-30 14:53:01.594] [info] #3: Feasible / Total: 14268 / 66430
[2023-09-30 14:53:05.314] [info] #4: Feasible / Total: 16390 / 66430
[2023-09-30 14:53:09.485] [info] #5: Feasible / Total: 18946 / 66430
[2023-09-30 14:53:14.512] [info] #6: Feasible / Total: 22975 / 66430
[2023-09-30 14:53:20.911] [info] #7: Feasible / Total: 30937 / 66430
[2023-09-30 14:53:28.969] [info] #8: Feasible / Total: 43037 / 66430
[2023-09-30 14:53:32.616] [info] #9: Feasible / Total: 52202 / 66430
[2023-09-30 14:53:33.545] [info] #10: Feasible / Total: 54183 / 66430
[2023-09-30 14:53:33.671] [info] #11: Feasible / Total: 54210 / 66430
[2023-09-30 14:53:33.758] [info] #11: Feasible / Total: 54210 / 66430
[2023-09-30 14:53:33.758] [info] Graph is not D-reducible.
[2023-09-30 14:53:33.768] [info] Started C-reducibility check
[2023-09-30 14:53:40.477] [info] Trying 677150 possible contractions
[2023-09-30 14:53:40.477] [info] [0/677150] Starting contraction of size 1
[2023-09-30 14:53:43.057] [info] All colors passed! Contracted: 20
[2023-09-30 14:53:43.057] [info] Graph is C-reducible!
