[2023-10-02 23:43:09.630] [info] Kempe type: Projective
[2023-10-02 23:43:09.646] [info] Vertex size: 41, Edge size: 70, Ring size: 17
[2023-10-02 23:43:57.643] [info] Started D-reducibility check
[2023-10-02 23:43:57.643] [info] #1: Feasible / Total: 344600 / 5380840
[2023-10-03 03:12:26.573] [info] #2: Feasible / Total: 588945 / 5380840
[2023-10-03 04:41:54.011] [info] #3: Feasible / Total: 734211 / 5380840
[2023-10-03 05:52:40.522] [info] #4: Feasible / Total: 856581 / 5380840
[2023-10-03 07:12:22.557] [info] #5: Feasible / Total: 997321 / 5380840
[2023-10-03 08:44:45.546] [info] #6: Feasible / Total: 1178997 / 5380840
[2023-10-03 10:42:08.152] [info] #7: Feasible / Total: 1425747 / 5380840
[2023-10-03 13:08:05.805] [info] #8: Feasible / Total: 1759696 / 5380840
[2023-10-03 16:22:54.027] [info] #9: Feasible / Total: 2232509 / 5380840
[2023-10-03 21:02:38.824] [info] #10: Feasible / Total: 2880907 / 5380840
[2023-10-04 00:00:45.213] [info] #11: Feasible / Total: 3636734 / 5380840
[2023-10-04 01:24:24.259] [info] #12: Feasible / Total: 4131732 / 5380840
[2023-10-04 01:51:44.271] [info] #13: Feasible / Total: 4399488 / 5380840
[2023-10-04 01:54:01.479] [info] #14: Feasible / Total: 4415747 / 5380840
[2023-10-04 01:54:46.055] [info] #15: Feasible / Total: 4415932 / 5380840
[2023-10-04 01:55:26.461] [info] #16: Feasible / Total: 4415952 / 5380840
[2023-10-04 01:56:06.751] [info] #17: Feasible / Total: 4415960 / 5380840
[2023-10-04 01:56:46.968] [info] #18: Feasible / Total: 4415962 / 5380840
[2023-10-04 01:57:27.358] [info] #18: Feasible / Total: 4415962 / 5380840
[2023-10-04 01:57:27.358] [info] Graph is not D-reducible.
[2023-10-04 01:57:29.010] [info] Started C-reducibility check
[2023-10-04 04:12:59.363] [info] Trying 9531069 possible contractions
[2023-10-04 04:12:59.363] [info] [0/9531069] Starting contraction of size 1
[2023-10-04 04:28:30.451] [info] [53/9531069] Starting contraction of size 2
[2023-10-04 09:48:05.877] [info] [1342/9531069] Starting contraction of size 3
[2023-10-07 08:04:43.579] [info] [20452/9531069] Starting contraction of size 4
[2023-10-07 14:01:43.544] [info] All colors passed! Contracted: 37, 41, 57, 64
[2023-10-07 14:01:43.544] [info] Graph is C-reducible!
