[2023-10-03 15:49:02.173] [info] Kempe type: Projective
[2023-10-03 15:49:02.180] [info] Vertex size: 34, Edge size: 58, Ring size: 14
[2023-10-03 15:49:04.237] [info] Started D-reducibility check
[2023-10-03 15:49:04.238] [info] #1: Feasible / Total: 22877 / 199291
[2023-10-03 15:51:27.517] [info] #2: Feasible / Total: 32246 / 199291
[2023-10-03 15:52:12.359] [info] #3: Feasible / Total: 38608 / 199291
[2023-10-03 15:52:54.956] [info] #4: Feasible / Total: 44951 / 199291
[2023-10-03 15:53:38.113] [info] #5: Feasible / Total: 52874 / 199291
[2023-10-03 15:54:22.263] [info] #6: Feasible / Total: 62172 / 199291
[2023-10-03 15:55:01.882] [info] #7: Feasible / Total: 71717 / 199291
[2023-10-03 15:55:40.554] [info] #8: Feasible / Total: 80193 / 199291
[2023-10-03 15:56:08.678] [info] #9: Feasible / Total: 87858 / 199291
[2023-10-03 15:56:36.361] [info] #10: Feasible / Total: 95277 / 199291
[2023-10-03 15:56:53.827] [info] #11: Feasible / Total: 100449 / 199291
[2023-10-03 15:57:08.626] [info] #12: Feasible / Total: 103491 / 199291
[2023-10-03 15:57:14.631] [info] #13: Feasible / Total: 104355 / 199291
[2023-10-03 15:57:17.848] [info] #14: Feasible / Total: 104479 / 199291
[2023-10-03 15:57:20.256] [info] #15: Feasible / Total: 104495 / 199291
[2023-10-03 15:57:22.539] [info] #15: Feasible / Total: 104495 / 199291
[2023-10-03 15:57:22.539] [info] Graph is not D-reducible.
[2023-10-03 15:57:22.629] [info] Started C-reducibility check
[2023-10-03 16:02:45.707] [info] Trying 48580850 possible contractions
[2023-10-03 16:02:45.707] [info] [0/48580850] Starting contraction of size 1
[2023-10-03 16:02:47.037] [info] All colors passed! Contracted: 28
[2023-10-03 16:02:47.037] [info] Graph is C-reducible!
