[2023-10-04 13:28:03.780] [info] Kempe type: Projective
[2023-10-04 13:28:03.842] [info] Vertex size: 36, Edge size: 61, Ring size: 14
[2023-10-04 13:28:11.619] [info] Started D-reducibility check
[2023-10-04 13:28:11.646] [info] #1: Feasible / Total: 28887 / 199291
[2023-10-04 13:31:26.285] [info] #2: Feasible / Total: 50462 / 199291
[2023-10-04 13:33:15.336] [info] #3: Feasible / Total: 77418 / 199291
[2023-10-04 13:34:51.799] [info] #4: Feasible / Total: 112152 / 199291
[2023-10-04 13:35:36.994] [info] #5: Feasible / Total: 138240 / 199291
[2023-10-04 13:35:49.055] [info] #6: Feasible / Total: 142037 / 199291
[2023-10-04 13:35:53.912] [info] #7: Feasible / Total: 143053 / 199291
[2023-10-04 13:35:57.013] [info] #8: Feasible / Total: 143528 / 199291
[2023-10-04 13:35:58.709] [info] #9: Feasible / Total: 143582 / 199291
[2023-10-04 13:36:00.365] [info] #10: Feasible / Total: 143583 / 199291
[2023-10-04 13:36:01.136] [info] #10: Feasible / Total: 143583 / 199291
[2023-10-04 13:36:01.136] [info] Graph is not D-reducible.
[2023-10-04 13:36:01.200] [info] Started C-reducibility check
[2023-10-04 13:55:02.567] [info] Trying 105338570 possible contractions
[2023-10-04 13:55:02.568] [info] [0/105338570] Starting contraction of size 1
[2023-10-04 13:55:05.801] [info] All colors passed! Contracted: 26
[2023-10-04 13:55:05.801] [info] Graph is C-reducible!
