[2023-10-03 15:49:02.196] [info] Kempe type: Projective
[2023-10-03 15:49:02.214] [info] Vertex size: 37, Edge size: 63, Ring size: 15
[2023-10-03 15:49:14.241] [info] Started D-reducibility check
[2023-10-03 15:49:14.241] [info] #1: Feasible / Total: 59691 / 597871
[2023-10-03 15:56:19.448] [info] #2: Feasible / Total: 83716 / 597871
[2023-10-03 15:59:38.072] [info] #3: Feasible / Total: 105195 / 597871
[2023-10-03 16:02:12.611] [info] #4: Feasible / Total: 127203 / 597871
[2023-10-03 16:03:47.009] [info] #5: Feasible / Total: 144916 / 597871
[2023-10-03 16:05:11.937] [info] #6: Feasible / Total: 159038 / 597871
[2023-10-03 16:06:54.226] [info] #7: Feasible / Total: 174722 / 597871
[2023-10-03 16:09:27.292] [info] #8: Feasible / Total: 198293 / 597871
[2023-10-03 16:13:13.981] [info] #9: Feasible / Total: 236789 / 597871
[2023-10-03 16:16:32.747] [info] #10: Feasible / Total: 289607 / 597871
[2023-10-03 16:18:33.295] [info] #11: Feasible / Total: 336594 / 597871
[2023-10-03 16:19:29.956] [info] #12: Feasible / Total: 359696 / 597871
[2023-10-03 16:19:40.282] [info] #13: Feasible / Total: 362794 / 597871
[2023-10-03 16:19:44.230] [info] #14: Feasible / Total: 363353 / 597871
[2023-10-03 16:19:50.684] [info] #15: Feasible / Total: 363612 / 597871
[2023-10-03 16:19:54.347] [info] #16: Feasible / Total: 363721 / 597871
[2023-10-03 16:19:58.456] [info] #17: Feasible / Total: 363799 / 597871
[2023-10-03 16:20:02.810] [info] #18: Feasible / Total: 363817 / 597871
[2023-10-03 16:20:06.422] [info] #19: Feasible / Total: 363839 / 597871
[2023-10-03 16:20:10.583] [info] #19: Feasible / Total: 363839 / 597871
[2023-10-03 16:20:10.584] [info] Graph is not D-reducible.
[2023-10-03 16:20:10.687] [info] Started C-reducibility check
[2023-10-03 16:38:25.166] [info] Trying 139554341 possible contractions
[2023-10-03 16:38:25.166] [info] [0/139554341] Starting contraction of size 1
[2023-10-03 16:40:36.377] [info] [48/139554341] Starting contraction of size 2
[2023-10-03 17:16:53.661] [info] [1095/139554341] Starting contraction of size 3
[2023-10-03 19:23:47.628] [info] All colors passed! Contracted: 41, 53, 59
[2023-10-03 19:23:47.629] [info] Graph is C-reducible!
