[2023-09-30 20:00:26.192] [info] Kempe type: Projective
[2023-09-30 20:00:26.193] [info] Vertex size: 29, Edge size: 50, Ring size: 13
[2023-09-30 20:00:26.429] [info] Started D-reducibility check
[2023-09-30 20:00:26.429] [info] #1: Feasible / Total: 8516 / 66430
[2023-09-30 20:00:42.397] [info] #2: Feasible / Total: 12426 / 66430
[2023-09-30 20:00:49.237] [info] #3: Feasible / Total: 14300 / 66430
[2023-09-30 20:00:52.338] [info] #4: Feasible / Total: 15903 / 66430
[2023-09-30 20:00:56.477] [info] #5: Feasible / Total: 17768 / 66430
[2023-09-30 20:01:02.569] [info] #6: Feasible / Total: 20886 / 66430
[2023-09-30 20:01:10.194] [info] #7: Feasible / Total: 25908 / 66430
[2023-09-30 20:01:18.580] [info] #8: Feasible / Total: 32878 / 66430
[2023-09-30 20:01:25.860] [info] #9: Feasible / Total: 40767 / 66430
[2023-09-30 20:01:30.240] [info] #10: Feasible / Total: 48232 / 66430
[2023-09-30 20:01:31.331] [info] #11: Feasible / Total: 51007 / 66430
[2023-09-30 20:01:31.568] [info] #12: Feasible / Total: 51060 / 66430
[2023-09-30 20:01:31.787] [info] #12: Feasible / Total: 51060 / 66430
[2023-09-30 20:01:31.787] [info] Graph is not D-reducible.
[2023-09-30 20:01:31.808] [info] Started C-reducibility check
[2023-09-30 20:01:40.900] [info] Trying 678759 possible contractions
[2023-09-30 20:01:40.901] [info] [0/678759] Starting contraction of size 1
[2023-09-30 20:01:41.566] [info] All colors passed! Contracted: 20
[2023-09-30 20:01:41.566] [info] Graph is C-reducible!
