[2023-09-30 17:37:16.160] [info] Kempe type: Projective
[2023-09-30 17:37:16.160] [info] Vertex size: 34, Edge size: 58, Ring size: 14
[2023-09-30 17:37:18.896] [info] Started D-reducibility check
[2023-09-30 17:37:18.896] [info] #1: Feasible / Total: 26023 / 199291
[2023-09-30 17:38:53.502] [info] #2: Feasible / Total: 36200 / 199291
[2023-09-30 17:39:24.429] [info] #3: Feasible / Total: 43490 / 199291
[2023-09-30 17:39:54.833] [info] #4: Feasible / Total: 52553 / 199291
[2023-09-30 17:40:23.765] [info] #5: Feasible / Total: 66783 / 199291
[2023-09-30 17:41:07.301] [info] #6: Feasible / Total: 89846 / 199291
[2023-09-30 17:41:50.953] [info] #7: Feasible / Total: 126937 / 199291
[2023-09-30 17:42:23.247] [info] #8: Feasible / Total: 162128 / 199291
[2023-09-30 17:42:31.049] [info] #9: Feasible / Total: 167505 / 199291
[2023-09-30 17:42:31.439] [info] #10: Feasible / Total: 167510 / 199291
[2023-09-30 17:42:31.742] [info] #10: Feasible / Total: 167510 / 199291
[2023-09-30 17:42:31.742] [info] Graph is not D-reducible.
[2023-09-30 17:42:31.773] [info] Started C-reducibility check
[2023-09-30 17:45:04.395] [info] Trying 2436491 possible contractions
[2023-09-30 17:45:04.395] [info] [0/2436491] Starting contraction of size 1
[2023-09-30 17:45:35.290] [info] [44/2436491] Starting contraction of size 2
[2023-09-30 17:54:08.994] [info] [916/2436491] Starting contraction of size 3
[2023-09-30 18:11:08.229] [info] All colors passed! Contracted: 32, 34, 57
[2023-09-30 18:11:08.229] [info] Graph is C-reducible!
