[2023-09-30 20:00:26.193] [info] Kempe type: Projective
[2023-09-30 20:00:26.193] [info] Vertex size: 32, Edge size: 55, Ring size: 14
[2023-09-30 20:00:27.076] [info] Started D-reducibility check
[2023-09-30 20:00:27.076] [info] #1: Feasible / Total: 21740 / 199291
[2023-09-30 20:01:56.166] [info] #2: Feasible / Total: 33285 / 199291
[2023-09-30 20:02:12.521] [info] #3: Feasible / Total: 38909 / 199291
[2023-09-30 20:02:23.941] [info] #4: Feasible / Total: 44372 / 199291
[2023-09-30 20:02:36.535] [info] #5: Feasible / Total: 50731 / 199291
[2023-09-30 20:02:51.887] [info] #6: Feasible / Total: 59708 / 199291
[2023-09-30 20:03:13.580] [info] #7: Feasible / Total: 73680 / 199291
[2023-09-30 20:03:42.221] [info] #8: Feasible / Total: 96411 / 199291
[2023-09-30 20:04:07.168] [info] #9: Feasible / Total: 125347 / 199291
[2023-09-30 20:04:19.149] [info] #10: Feasible / Total: 147330 / 199291
[2023-09-30 20:04:21.482] [info] #11: Feasible / Total: 152382 / 199291
[2023-09-30 20:04:21.927] [info] #12: Feasible / Total: 152412 / 199291
[2023-09-30 20:04:22.355] [info] #12: Feasible / Total: 152412 / 199291
[2023-09-30 20:04:22.355] [info] Graph is not D-reducible.
[2023-09-30 20:04:22.385] [info] Started C-reducibility check
[2023-09-30 20:04:58.444] [info] Trying 1463169 possible contractions
[2023-09-30 20:04:58.444] [info] [0/1463169] Starting contraction of size 1
[2023-09-30 20:04:59.286] [info] All colors passed! Contracted: 30
[2023-09-30 20:04:59.286] [info] Graph is C-reducible!
