[2023-10-02 00:12:27.534] [info] Kempe type: Projective
[2023-10-02 00:12:27.538] [info] Vertex size: 35, Edge size: 60, Ring size: 15
[2023-10-02 00:12:37.951] [info] Started D-reducibility check
[2023-10-02 00:12:37.951] [info] #1: Feasible / Total: 56137 / 597871
[2023-10-02 00:24:01.695] [info] #2: Feasible / Total: 85901 / 597871
[2023-10-02 00:27:30.789] [info] #3: Feasible / Total: 100902 / 597871
[2023-10-02 00:29:33.287] [info] #4: Feasible / Total: 110394 / 597871
[2023-10-02 00:31:12.978] [info] #5: Feasible / Total: 117109 / 597871
[2023-10-02 00:32:45.119] [info] #6: Feasible / Total: 122503 / 597871
[2023-10-02 00:33:59.843] [info] #7: Feasible / Total: 127222 / 597871
[2023-10-02 00:35:05.870] [info] #8: Feasible / Total: 131366 / 597871
[2023-10-02 00:36:13.829] [info] #9: Feasible / Total: 135330 / 597871
[2023-10-02 00:37:33.786] [info] #10: Feasible / Total: 139431 / 597871
[2023-10-02 00:39:02.827] [info] #11: Feasible / Total: 144460 / 597871
[2023-10-02 00:40:31.425] [info] #12: Feasible / Total: 150169 / 597871
[2023-10-02 00:42:03.289] [info] #13: Feasible / Total: 156739 / 597871
[2023-10-02 00:43:50.812] [info] #14: Feasible / Total: 164025 / 597871
[2023-10-02 00:46:02.012] [info] #15: Feasible / Total: 172037 / 597871
[2023-10-02 00:47:53.408] [info] #16: Feasible / Total: 182328 / 597871
[2023-10-02 00:50:17.337] [info] #17: Feasible / Total: 197449 / 597871
[2023-10-02 00:53:34.851] [info] #18: Feasible / Total: 219597 / 597871
[2023-10-02 00:58:17.667] [info] #19: Feasible / Total: 253420 / 597871
[2023-10-02 01:03:16.072] [info] #20: Feasible / Total: 298805 / 597871
[2023-10-02 01:07:34.685] [info] #21: Feasible / Total: 357514 / 597871
[2023-10-02 01:10:03.272] [info] #22: Feasible / Total: 414800 / 597871
[2023-10-02 01:10:22.652] [info] #23: Feasible / Total: 425332 / 597871
[2023-10-02 01:10:29.127] [info] #24: Feasible / Total: 425381 / 597871
[2023-10-02 01:10:33.335] [info] #24: Feasible / Total: 425381 / 597871
[2023-10-02 01:10:33.335] [info] Graph is not D-reducible.
[2023-10-02 01:10:33.515] [info] Started C-reducibility check
[2023-10-02 01:18:28.127] [info] Trying 65720254 possible contractions
[2023-10-02 01:18:28.127] [info] [0/65720254] Starting contraction of size 1
[2023-10-02 01:20:22.565] [info] [45/65720254] Starting contraction of size 2
[2023-10-02 01:49:41.225] [info] [960/65720254] Starting contraction of size 3
[2023-10-02 02:49:04.093] [info] All colors passed! Contracted: 29, 45, 50
[2023-10-02 02:49:04.093] [info] Graph is C-reducible!
