[2023-10-03 17:50:33.105] [info] Kempe type: Projective
[2023-10-03 17:50:33.118] [info] Vertex size: 36, Edge size: 61, Ring size: 14
[2023-10-03 17:50:38.141] [info] Started D-reducibility check
[2023-10-03 17:50:38.141] [info] #1: Feasible / Total: 27964 / 199291
[2023-10-03 17:53:14.678] [info] #2: Feasible / Total: 35985 / 199291
[2023-10-03 17:54:03.847] [info] #3: Feasible / Total: 42017 / 199291
[2023-10-03 17:54:52.943] [info] #4: Feasible / Total: 49152 / 199291
[2023-10-03 17:55:44.557] [info] #5: Feasible / Total: 59542 / 199291
[2023-10-03 17:57:06.454] [info] #6: Feasible / Total: 76978 / 199291
[2023-10-03 17:58:54.749] [info] #7: Feasible / Total: 107928 / 199291
[2023-10-03 18:00:26.449] [info] #8: Feasible / Total: 152273 / 199291
[2023-10-03 18:00:39.256] [info] #9: Feasible / Total: 165954 / 199291
[2023-10-03 18:00:40.023] [info] #10: Feasible / Total: 166003 / 199291
[2023-10-03 18:00:40.702] [info] #10: Feasible / Total: 166003 / 199291
[2023-10-03 18:00:40.710] [info] Graph is not D-reducible.
[2023-10-03 18:00:40.764] [info] Started C-reducibility check
[2023-10-03 18:21:45.704] [info] Trying 104532323 possible contractions
[2023-10-03 18:21:45.714] [info] [0/104532323] Starting contraction of size 1
[2023-10-03 18:22:48.991] [info] [47/104532323] Starting contraction of size 2
[2023-10-03 18:36:02.551] [info] All colors passed! Contracted: 29, 51
[2023-10-03 18:36:02.552] [info] Graph is C-reducible!
