[2023-10-05 00:48:35.544] [info] Kempe type: Projective
[2023-10-05 00:48:35.562] [info] Vertex size: 31, Edge size: 53, Ring size: 13
[2023-10-05 00:48:36.428] [info] Started D-reducibility check
[2023-10-05 00:48:36.462] [info] #1: Feasible / Total: 9827 / 66430
[2023-10-05 00:49:02.466] [info] #2: Feasible / Total: 14364 / 66430
[2023-10-05 00:49:11.309] [info] #3: Feasible / Total: 18069 / 66430
[2023-10-05 00:49:18.064] [info] #4: Feasible / Total: 22861 / 66430
[2023-10-05 00:49:27.469] [info] #5: Feasible / Total: 29857 / 66430
[2023-10-05 00:49:36.494] [info] #6: Feasible / Total: 39969 / 66430
[2023-10-05 00:49:41.770] [info] #7: Feasible / Total: 46646 / 66430
[2023-10-05 00:49:43.009] [info] #8: Feasible / Total: 48909 / 66430
[2023-10-05 00:49:43.248] [info] #9: Feasible / Total: 49195 / 66430
[2023-10-05 00:49:43.384] [info] #10: Feasible / Total: 49200 / 66430
[2023-10-05 00:49:43.504] [info] #10: Feasible / Total: 49200 / 66430
[2023-10-05 00:49:43.504] [info] Graph is not D-reducible.
[2023-10-05 00:49:43.515] [info] Started C-reducibility check
[2023-10-05 00:50:34.964] [info] Trying 15131838 possible contractions
[2023-10-05 00:50:34.964] [info] [0/15131838] Starting contraction of size 1
[2023-10-05 00:50:47.165] [info] [40/15131838] Starting contraction of size 2
[2023-10-05 00:54:25.768] [info] [753/15131838] Starting contraction of size 3
[2023-10-05 01:18:03.953] [info] [8252/15131838] Starting contraction of size 4
[2023-10-05 02:49:03.022] [info] All colors passed! Contracted: 36, 41, 44, 45
[2023-10-05 02:49:03.022] [info] Graph is C-reducible!
