[2023-09-30 23:35:48.129] [info] Kempe type: Projective
[2023-09-30 23:35:48.129] [info] Vertex size: 29, Edge size: 50, Ring size: 13
[2023-09-30 23:35:48.626] [info] Started D-reducibility check
[2023-09-30 23:35:48.626] [info] #1: Feasible / Total: 7991 / 66430
[2023-09-30 23:35:57.008] [info] #2: Feasible / Total: 12650 / 66430
[2023-09-30 23:35:59.780] [info] #3: Feasible / Total: 14859 / 66430
[2023-09-30 23:36:02.653] [info] #4: Feasible / Total: 17207 / 66430
[2023-09-30 23:36:06.089] [info] #5: Feasible / Total: 20088 / 66430
[2023-09-30 23:36:09.143] [info] #6: Feasible / Total: 23731 / 66430
[2023-09-30 23:36:13.119] [info] #7: Feasible / Total: 28078 / 66430
[2023-09-30 23:36:16.944] [info] #8: Feasible / Total: 33933 / 66430
[2023-09-30 23:36:23.805] [info] #9: Feasible / Total: 40517 / 66430
[2023-09-30 23:36:26.513] [info] #10: Feasible / Total: 45575 / 66430
[2023-09-30 23:36:27.535] [info] #11: Feasible / Total: 48069 / 66430
[2023-09-30 23:36:27.932] [info] #12: Feasible / Total: 48702 / 66430
[2023-09-30 23:36:28.215] [info] #13: Feasible / Total: 48735 / 66430
[2023-09-30 23:36:28.461] [info] #14: Feasible / Total: 48752 / 66430
[2023-09-30 23:36:28.720] [info] #15: Feasible / Total: 48767 / 66430
[2023-09-30 23:36:28.964] [info] #16: Feasible / Total: 48771 / 66430
[2023-09-30 23:36:29.203] [info] #17: Feasible / Total: 48772 / 66430
[2023-09-30 23:36:29.444] [info] #17: Feasible / Total: 48772 / 66430
[2023-09-30 23:36:29.444] [info] Graph is not D-reducible.
[2023-09-30 23:36:29.466] [info] Started C-reducibility check
[2023-09-30 23:36:38.797] [info] Trying 678910 possible contractions
[2023-09-30 23:36:38.797] [info] [0/678910] Starting contraction of size 1
[2023-09-30 23:36:43.387] [info] [37/678910] Starting contraction of size 2
[2023-09-30 23:37:50.463] [info] [642/678910] Starting contraction of size 3
[2023-09-30 23:46:40.748] [info] [6426/678910] Starting contraction of size 4
[2023-09-30 23:52:08.010] [info] All colors passed! Contracted: 14, 18, 22, 46
[2023-09-30 23:52:08.011] [info] Graph is C-reducible!
