[2023-10-02 19:57:05.289] [info] Kempe type: Projective
[2023-10-02 19:57:05.290] [info] Vertex size: 31, Edge size: 53, Ring size: 13
[2023-10-02 19:57:05.517] [info] Started D-reducibility check
[2023-10-02 19:57:05.517] [info] #1: Feasible / Total: 9878 / 66430
[2023-10-02 19:57:12.349] [info] #2: Feasible / Total: 13781 / 66430
[2023-10-02 19:57:15.359] [info] #3: Feasible / Total: 16845 / 66430
[2023-10-02 19:57:18.019] [info] #4: Feasible / Total: 19945 / 66430
[2023-10-02 19:57:23.345] [info] #5: Feasible / Total: 24592 / 66430
[2023-10-02 19:57:30.381] [info] #6: Feasible / Total: 33902 / 66430
[2023-10-02 19:57:36.816] [info] #7: Feasible / Total: 46178 / 66430
[2023-10-02 19:57:38.946] [info] #8: Feasible / Total: 51682 / 66430
[2023-10-02 19:57:39.267] [info] #9: Feasible / Total: 52477 / 66430
[2023-10-02 19:57:39.367] [info] #10: Feasible / Total: 52490 / 66430
[2023-10-02 19:57:39.462] [info] #10: Feasible / Total: 52490 / 66430
[2023-10-02 19:57:39.462] [info] Graph is not D-reducible.
[2023-10-02 19:57:39.472] [info] Started C-reducibility check
[2023-10-02 19:58:11.780] [info] Trying 1197593 possible contractions
[2023-10-02 19:58:11.780] [info] [0/1197593] Starting contraction of size 1
[2023-10-02 19:58:18.120] [info] [40/1197593] Starting contraction of size 2
[2023-10-02 19:59:56.326] [info] [753/1197593] Starting contraction of size 3
[2023-10-02 20:07:27.423] [info] All colors passed! Contracted: 27, 31, 50
[2023-10-02 20:07:27.424] [info] Graph is C-reducible!
