[2023-10-02 19:57:05.445] [info] Kempe type: Projective
[2023-10-02 19:57:05.486] [info] Vertex size: 29, Edge size: 50, Ring size: 13
[2023-10-02 19:57:06.364] [info] Started D-reducibility check
[2023-10-02 19:57:06.364] [info] #1: Feasible / Total: 8192 / 66430
[2023-10-02 19:57:30.410] [info] #2: Feasible / Total: 11322 / 66430
[2023-10-02 19:57:37.524] [info] #3: Feasible / Total: 13233 / 66430
[2023-10-02 19:57:42.454] [info] #4: Feasible / Total: 14372 / 66430
[2023-10-02 19:57:46.647] [info] #5: Feasible / Total: 15442 / 66430
[2023-10-02 19:57:50.246] [info] #6: Feasible / Total: 16431 / 66430
[2023-10-02 19:57:54.285] [info] #7: Feasible / Total: 17577 / 66430
[2023-10-02 19:57:59.329] [info] #8: Feasible / Total: 19156 / 66430
[2023-10-02 19:58:05.054] [info] #9: Feasible / Total: 21318 / 66430
[2023-10-02 19:58:10.263] [info] #10: Feasible / Total: 23855 / 66430
[2023-10-02 19:58:15.177] [info] #11: Feasible / Total: 26071 / 66430
[2023-10-02 19:58:18.970] [info] #12: Feasible / Total: 27912 / 66430
[2023-10-02 19:58:21.368] [info] #13: Feasible / Total: 28780 / 66430
[2023-10-02 19:58:22.400] [info] #14: Feasible / Total: 28853 / 66430
[2023-10-02 19:58:23.489] [info] #15: Feasible / Total: 28861 / 66430
[2023-10-02 19:58:24.593] [info] #16: Feasible / Total: 28867 / 66430
[2023-10-02 19:58:25.400] [info] #17: Feasible / Total: 28870 / 66430
[2023-10-02 19:58:26.161] [info] #17: Feasible / Total: 28870 / 66430
[2023-10-02 19:58:26.161] [info] Graph is not D-reducible.
[2023-10-02 19:58:26.215] [info] Started C-reducibility check
[2023-10-02 19:58:47.934] [info] Trying 678869 possible contractions
[2023-10-02 19:58:47.934] [info] [0/678869] Starting contraction of size 1
[2023-10-02 19:58:51.549] [info] All colors passed! Contracted: 40
[2023-10-02 19:58:51.549] [info] Graph is C-reducible!
