[2023-10-04 21:56:06.800] [info] Kempe type: Projective
[2023-10-04 21:56:06.806] [info] Vertex size: 31, Edge size: 53, Ring size: 13
[2023-10-04 21:56:07.434] [info] Started D-reducibility check
[2023-10-04 21:56:07.442] [info] #1: Feasible / Total: 8895 / 66430
[2023-10-04 21:56:16.927] [info] #2: Feasible / Total: 11782 / 66430
[2023-10-04 21:56:20.785] [info] #3: Feasible / Total: 13799 / 66430
[2023-10-04 21:56:23.970] [info] #4: Feasible / Total: 15416 / 66430
[2023-10-04 21:56:26.797] [info] #5: Feasible / Total: 16781 / 66430
[2023-10-04 21:56:29.678] [info] #6: Feasible / Total: 18229 / 66430
[2023-10-04 21:56:32.336] [info] #7: Feasible / Total: 19548 / 66430
[2023-10-04 21:56:34.960] [info] #8: Feasible / Total: 21023 / 66430
[2023-10-04 21:56:38.052] [info] #9: Feasible / Total: 22852 / 66430
[2023-10-04 21:56:42.300] [info] #10: Feasible / Total: 25278 / 66430
[2023-10-04 21:56:46.934] [info] #11: Feasible / Total: 28795 / 66430
[2023-10-04 21:56:51.394] [info] #12: Feasible / Total: 32812 / 66430
[2023-10-04 21:56:55.942] [info] #13: Feasible / Total: 36590 / 66430
[2023-10-04 21:56:59.870] [info] #14: Feasible / Total: 40560 / 66430
[2023-10-04 21:57:04.021] [info] #15: Feasible / Total: 45364 / 66430
[2023-10-04 21:57:05.801] [info] #16: Feasible / Total: 48042 / 66430
[2023-10-04 21:57:06.283] [info] #17: Feasible / Total: 48450 / 66430
[2023-10-04 21:57:06.550] [info] #18: Feasible / Total: 48464 / 66430
[2023-10-04 21:57:06.809] [info] #18: Feasible / Total: 48464 / 66430
[2023-10-04 21:57:06.810] [info] Graph is not D-reducible.
[2023-10-04 21:57:06.826] [info] Started C-reducibility check
[2023-10-04 21:57:51.922] [info] Trying 15194040 possible contractions
[2023-10-04 21:57:51.922] [info] [0/15194040] Starting contraction of size 1
[2023-10-04 21:57:58.819] [info] [40/15194040] Starting contraction of size 2
[2023-10-04 22:00:02.088] [info] [753/15194040] Starting contraction of size 3
[2023-10-04 22:15:25.489] [info] [8253/15194040] Starting contraction of size 4
[2023-10-04 23:10:06.075] [info] All colors passed! Contracted: 14, 18, 33, 44
[2023-10-04 23:10:06.076] [info] Graph is C-reducible!
