[2023-10-04 10:10:41.733] [info] Kempe type: Projective
[2023-10-04 10:10:41.734] [info] Vertex size: 37, Edge size: 63, Ring size: 15
[2023-10-04 10:10:50.645] [info] Started D-reducibility check
[2023-10-04 10:10:50.645] [info] #1: Feasible / Total: 59227 / 597871
[2023-10-04 10:23:07.148] [info] #2: Feasible / Total: 110547 / 597871
[2023-10-04 10:27:34.708] [info] #3: Feasible / Total: 143643 / 597871
[2023-10-04 10:31:38.338] [info] #4: Feasible / Total: 182716 / 597871
[2023-10-04 10:36:39.276] [info] #5: Feasible / Total: 234227 / 597871
[2023-10-04 10:41:56.552] [info] #6: Feasible / Total: 314494 / 597871
[2023-10-04 10:45:25.217] [info] #7: Feasible / Total: 400283 / 597871
[2023-10-04 10:46:02.372] [info] #8: Feasible / Total: 426609 / 597871
[2023-10-04 10:46:07.409] [info] #9: Feasible / Total: 426980 / 597871
[2023-10-04 10:46:12.167] [info] #9: Feasible / Total: 426980 / 597871
[2023-10-04 10:46:12.167] [info] Graph is not D-reducible.
[2023-10-04 10:46:12.301] [info] Started C-reducibility check
[2023-10-04 11:05:04.053] [info] Trying 139508503 possible contractions
[2023-10-04 11:05:04.053] [info] [0/139508503] Starting contraction of size 1
[2023-10-04 11:06:47.336] [info] [48/139508503] Starting contraction of size 2
[2023-10-04 11:34:50.992] [info] [1095/139508503] Starting contraction of size 3
[2023-10-04 14:39:31.282] [info] All colors passed! Contracted: 18, 46, 50
[2023-10-04 14:39:31.283] [info] Graph is C-reducible!
