[2023-10-05 00:48:35.585] [info] Kempe type: Projective
[2023-10-05 00:48:35.602] [info] Vertex size: 35, Edge size: 60, Ring size: 15
[2023-10-05 00:48:52.082] [info] Started D-reducibility check
[2023-10-05 00:48:52.110] [info] #1: Feasible / Total: 52966 / 597871
[2023-10-05 00:56:56.086] [info] #2: Feasible / Total: 85590 / 597871
[2023-10-05 00:59:46.706] [info] #3: Feasible / Total: 103471 / 597871
[2023-10-05 01:01:30.371] [info] #4: Feasible / Total: 113602 / 597871
[2023-10-05 01:02:54.661] [info] #5: Feasible / Total: 122071 / 597871
[2023-10-05 01:04:02.803] [info] #6: Feasible / Total: 131279 / 597871
[2023-10-05 01:05:24.790] [info] #7: Feasible / Total: 142005 / 597871
[2023-10-05 01:06:55.003] [info] #8: Feasible / Total: 155474 / 597871
[2023-10-05 01:08:23.929] [info] #9: Feasible / Total: 171501 / 597871
[2023-10-05 01:10:19.680] [info] #10: Feasible / Total: 190656 / 597871
[2023-10-05 01:12:36.574] [info] #11: Feasible / Total: 212093 / 597871
[2023-10-05 01:14:44.532] [info] #12: Feasible / Total: 236316 / 597871
[2023-10-05 01:16:26.972] [info] #13: Feasible / Total: 260203 / 597871
[2023-10-05 01:17:43.672] [info] #14: Feasible / Total: 278957 / 597871
[2023-10-05 01:18:20.312] [info] #15: Feasible / Total: 286344 / 597871
[2023-10-05 01:18:30.231] [info] #16: Feasible / Total: 287595 / 597871
[2023-10-05 01:18:38.055] [info] #17: Feasible / Total: 287886 / 597871
[2023-10-05 01:18:43.326] [info] #18: Feasible / Total: 287995 / 597871
[2023-10-05 01:18:48.498] [info] #19: Feasible / Total: 288052 / 597871
[2023-10-05 01:18:53.913] [info] #20: Feasible / Total: 288072 / 597871
[2023-10-05 01:18:59.295] [info] #21: Feasible / Total: 288076 / 597871
[2023-10-05 01:19:08.387] [info] #21: Feasible / Total: 288076 / 597871
[2023-10-05 01:19:08.387] [info] Graph is not D-reducible.
[2023-10-05 01:19:08.589] [info] Started C-reducibility check
[2023-10-05 01:25:19.110] [info] Trying 65447166 possible contractions
[2023-10-05 01:25:19.110] [info] [0/65447166] Starting contraction of size 1
[2023-10-05 01:25:56.288] [info] All colors passed! Contracted: 25
[2023-10-05 01:25:56.288] [info] Graph is C-reducible!
