[2023-09-30 15:10:14.008] [info] Kempe type: Projective
[2023-09-30 15:10:14.009] [info] Vertex size: 40, Edge size: 68, Ring size: 16
[2023-09-30 15:10:35.155] [info] Started D-reducibility check
[2023-09-30 15:10:35.155] [info] #1: Feasible / Total: 149607 / 1793614
[2023-09-30 16:02:05.895] [info] #2: Feasible / Total: 338260 / 1793614
[2023-09-30 16:25:01.468] [info] #3: Feasible / Total: 445888 / 1793614
[2023-09-30 16:41:03.621] [info] #4: Feasible / Total: 526092 / 1793614
[2023-09-30 16:53:35.618] [info] #5: Feasible / Total: 596608 / 1793614
[2023-09-30 17:02:30.709] [info] #6: Feasible / Total: 650167 / 1793614
[2023-09-30 17:05:57.543] [info] #7: Feasible / Total: 678463 / 1793614
[2023-09-30 17:08:19.226] [info] #8: Feasible / Total: 689287 / 1793614
[2023-09-30 17:10:26.682] [info] #9: Feasible / Total: 697515 / 1793614
[2023-09-30 17:12:28.241] [info] #10: Feasible / Total: 705075 / 1793614
[2023-09-30 17:14:43.339] [info] #11: Feasible / Total: 713880 / 1793614
[2023-09-30 17:17:50.710] [info] #12: Feasible / Total: 725667 / 1793614
[2023-09-30 17:21:35.117] [info] #13: Feasible / Total: 740679 / 1793614
[2023-09-30 17:26:15.396] [info] #14: Feasible / Total: 759508 / 1793614
[2023-09-30 17:32:46.404] [info] #15: Feasible / Total: 785696 / 1793614
[2023-09-30 17:45:44.800] [info] #16: Feasible / Total: 834617 / 1793614
[2023-09-30 18:05:31.170] [info] #17: Feasible / Total: 946683 / 1793614
[2023-09-30 18:39:17.399] [info] #18: Feasible / Total: 1237826 / 1793614
[2023-09-30 19:07:16.108] [info] #19: Feasible / Total: 1694830 / 1793614
[2023-09-30 19:09:12.908] [info] #20: Feasible / Total: 1793614 / 1793614
[2023-09-30 19:09:12.908] [info] Graph is D-reducible!
