[2023-10-02 23:43:09.726] [info] Kempe type: Projective
[2023-10-02 23:43:09.758] [info] Vertex size: 36, Edge size: 61, Ring size: 14
[2023-10-02 23:43:20.346] [info] Started D-reducibility check
[2023-10-02 23:43:20.346] [info] #1: Feasible / Total: 25474 / 199291
[2023-10-02 23:45:20.373] [info] #2: Feasible / Total: 35089 / 199291
[2023-10-02 23:46:17.982] [info] #3: Feasible / Total: 45438 / 199291
[2023-10-02 23:47:04.044] [info] #4: Feasible / Total: 56178 / 199291
[2023-10-02 23:47:36.481] [info] #5: Feasible / Total: 63331 / 199291
[2023-10-02 23:48:02.887] [info] #6: Feasible / Total: 69416 / 199291
[2023-10-02 23:48:26.718] [info] #7: Feasible / Total: 75377 / 199291
[2023-10-02 23:48:55.985] [info] #8: Feasible / Total: 83104 / 199291
[2023-10-02 23:49:31.585] [info] #9: Feasible / Total: 95724 / 199291
[2023-10-02 23:49:46.579] [info] #10: Feasible / Total: 104447 / 199291
[2023-10-02 23:49:50.908] [info] #11: Feasible / Total: 105512 / 199291
[2023-10-02 23:49:52.958] [info] #12: Feasible / Total: 105576 / 199291
[2023-10-02 23:49:55.162] [info] #13: Feasible / Total: 105597 / 199291
[2023-10-02 23:49:57.791] [info] #13: Feasible / Total: 105597 / 199291
[2023-10-02 23:49:57.791] [info] Graph is not D-reducible.
[2023-10-02 23:49:57.888] [info] Started C-reducibility check
[2023-10-03 00:07:13.321] [info] Trying 3911130 possible contractions
[2023-10-03 00:07:13.322] [info] [0/3911130] Starting contraction of size 1
[2023-10-03 00:09:00.460] [info] [47/3911130] Starting contraction of size 2
[2023-10-03 00:41:02.863] [info] [1048/3911130] Starting contraction of size 3
[2023-10-03 04:43:31.743] [info] [13866/3911130] Starting contraction of size 4
[2023-10-04 03:28:48.000] [info] All colors passed! Contracted: 18, 42, 46, 56
[2023-10-04 03:28:48.001] [info] Graph is C-reducible!
