[2023-10-04 13:28:03.758] [info] Kempe type: Projective
[2023-10-04 13:28:03.770] [info] Vertex size: 33, Edge size: 56, Ring size: 13
[2023-10-04 13:28:05.908] [info] Started D-reducibility check
[2023-10-04 13:28:05.914] [info] #1: Feasible / Total: 11048 / 66430
[2023-10-04 13:28:34.245] [info] #2: Feasible / Total: 16264 / 66430
[2023-10-04 13:28:45.383] [info] #3: Feasible / Total: 22708 / 66430
[2023-10-04 13:28:54.533] [info] #4: Feasible / Total: 28329 / 66430
[2023-10-04 13:29:01.943] [info] #5: Feasible / Total: 34096 / 66430
[2023-10-04 13:29:06.100] [info] #6: Feasible / Total: 39014 / 66430
[2023-10-04 13:29:07.304] [info] #7: Feasible / Total: 39949 / 66430
[2023-10-04 13:29:07.993] [info] #8: Feasible / Total: 40046 / 66430
[2023-10-04 13:29:08.589] [info] #9: Feasible / Total: 40074 / 66430
[2023-10-04 13:29:09.120] [info] #10: Feasible / Total: 40076 / 66430
[2023-10-04 13:29:09.678] [info] #10: Feasible / Total: 40076 / 66430
[2023-10-04 13:29:09.678] [info] Graph is not D-reducible.
[2023-10-04 13:29:09.713] [info] Started C-reducibility check
[2023-10-04 13:33:49.995] [info] Trying 35901409 possible contractions
[2023-10-04 13:33:49.996] [info] [0/35901409] Starting contraction of size 1
[2023-10-04 13:34:15.230] [info] [43/35901409] Starting contraction of size 2
[2023-10-04 13:40:31.946] [info] [873/35901409] Starting contraction of size 3
[2023-10-04 13:48:04.757] [info] All colors passed! Contracted: 14, 18, 43
[2023-10-04 13:48:04.757] [info] Graph is C-reducible!
