[2023-09-30 23:35:48.102] [info] Kempe type: Projective
[2023-09-30 23:35:48.102] [info] Vertex size: 31, Edge size: 53, Ring size: 13
[2023-09-30 23:35:48.329] [info] Started D-reducibility check
[2023-09-30 23:35:48.329] [info] #1: Feasible / Total: 10040 / 66430
[2023-09-30 23:35:57.845] [info] #2: Feasible / Total: 16575 / 66430
[2023-09-30 23:36:05.320] [info] #3: Feasible / Total: 21339 / 66430
[2023-09-30 23:36:12.880] [info] #4: Feasible / Total: 26926 / 66430
[2023-09-30 23:36:20.196] [info] #5: Feasible / Total: 36296 / 66430
[2023-09-30 23:36:24.455] [info] #6: Feasible / Total: 47208 / 66430
[2023-09-30 23:36:25.999] [info] #7: Feasible / Total: 50712 / 66430
[2023-09-30 23:36:26.387] [info] #8: Feasible / Total: 51029 / 66430
[2023-09-30 23:36:26.522] [info] #9: Feasible / Total: 51064 / 66430
[2023-09-30 23:36:26.632] [info] #9: Feasible / Total: 51064 / 66430
[2023-09-30 23:36:26.632] [info] Graph is not D-reducible.
[2023-09-30 23:36:26.642] [info] Started C-reducibility check
[2023-09-30 23:36:56.898] [info] Trying 1200212 possible contractions
[2023-09-30 23:36:56.898] [info] [0/1200212] Starting contraction of size 1
[2023-09-30 23:37:05.411] [info] [40/1200212] Starting contraction of size 2
[2023-09-30 23:38:00.896] [info] All colors passed! Contracted: 21, 43
[2023-09-30 23:38:00.896] [info] Graph is C-reducible!
