[2023-10-03 17:50:32.877] [info] Kempe type: Projective
[2023-10-03 17:50:32.882] [info] Vertex size: 31, Edge size: 53, Ring size: 13
[2023-10-03 17:50:34.837] [info] Started D-reducibility check
[2023-10-03 17:50:34.837] [info] #1: Feasible / Total: 10148 / 66430
[2023-10-03 17:51:11.843] [info] #2: Feasible / Total: 13744 / 66430
[2023-10-03 17:51:25.238] [info] #3: Feasible / Total: 15451 / 66430
[2023-10-03 17:51:32.567] [info] #4: Feasible / Total: 16729 / 66430
[2023-10-03 17:51:38.845] [info] #5: Feasible / Total: 18155 / 66430
[2023-10-03 17:51:46.233] [info] #6: Feasible / Total: 20587 / 66430
[2023-10-03 17:51:57.840] [info] #7: Feasible / Total: 24963 / 66430
[2023-10-03 17:52:12.005] [info] #8: Feasible / Total: 30661 / 66430
[2023-10-03 17:52:22.623] [info] #9: Feasible / Total: 35668 / 66430
[2023-10-03 17:52:27.076] [info] #10: Feasible / Total: 37746 / 66430
[2023-10-03 17:52:29.343] [info] #11: Feasible / Total: 38222 / 66430
[2023-10-03 17:52:31.245] [info] #12: Feasible / Total: 38504 / 66430
[2023-10-03 17:52:32.519] [info] #13: Feasible / Total: 38570 / 66430
[2023-10-03 17:52:33.449] [info] #14: Feasible / Total: 38592 / 66430
[2023-10-03 17:52:34.372] [info] #15: Feasible / Total: 38612 / 66430
[2023-10-03 17:52:35.509] [info] #16: Feasible / Total: 38692 / 66430
[2023-10-03 17:52:36.548] [info] #17: Feasible / Total: 38772 / 66430
[2023-10-03 17:52:37.422] [info] #18: Feasible / Total: 38811 / 66430
[2023-10-03 17:52:37.944] [info] #19: Feasible / Total: 38812 / 66430
[2023-10-03 17:52:38.714] [info] #19: Feasible / Total: 38812 / 66430
[2023-10-03 17:52:38.714] [info] Graph is not D-reducible.
[2023-10-03 17:52:38.748] [info] Started C-reducibility check
[2023-10-03 17:54:23.988] [info] Trying 15256983 possible contractions
[2023-10-03 17:54:23.988] [info] [0/15256983] Starting contraction of size 1
[2023-10-03 17:54:44.355] [info] [40/15256983] Starting contraction of size 2
[2023-10-03 17:55:51.314] [info] All colors passed! Contracted: 17, 36
[2023-10-03 17:55:51.318] [info] Graph is C-reducible!
