[2023-10-04 13:28:03.694] [info] Kempe type: Projective
[2023-10-04 13:28:03.726] [info] Vertex size: 34, Edge size: 58, Ring size: 14
[2023-10-04 13:28:08.635] [info] Started D-reducibility check
[2023-10-04 13:28:08.635] [info] #1: Feasible / Total: 25623 / 199291
[2023-10-04 13:30:29.824] [info] #2: Feasible / Total: 39028 / 199291
[2023-10-04 13:31:12.476] [info] #3: Feasible / Total: 47642 / 199291
[2023-10-04 13:31:52.657] [info] #4: Feasible / Total: 55275 / 199291
[2023-10-04 13:32:29.709] [info] #5: Feasible / Total: 65008 / 199291
[2023-10-04 13:33:28.857] [info] #6: Feasible / Total: 79704 / 199291
[2023-10-04 13:34:48.522] [info] #7: Feasible / Total: 103274 / 199291
[2023-10-04 13:35:58.540] [info] #8: Feasible / Total: 138815 / 199291
[2023-10-04 13:36:30.831] [info] #9: Feasible / Total: 169048 / 199291
[2023-10-04 13:36:33.196] [info] #10: Feasible / Total: 171961 / 199291
[2023-10-04 13:36:33.937] [info] #10: Feasible / Total: 171961 / 199291
[2023-10-04 13:36:33.937] [info] Graph is not D-reducible.
[2023-10-04 13:36:34.039] [info] Started C-reducibility check
[2023-10-04 13:42:34.019] [info] Trying 48800127 possible contractions
[2023-10-04 13:42:34.030] [info] [0/48800127] Starting contraction of size 1
[2023-10-04 13:42:39.263] [info] All colors passed! Contracted: 20
[2023-10-04 13:42:39.263] [info] Graph is C-reducible!
