[2023-10-05 00:48:35.749] [info] Kempe type: Projective
[2023-10-05 00:48:35.766] [info] Vertex size: 32, Edge size: 55, Ring size: 14
[2023-10-05 00:48:41.062] [info] Started D-reducibility check
[2023-10-05 00:48:41.070] [info] #1: Feasible / Total: 20736 / 199291
[2023-10-05 00:49:47.854] [info] #2: Feasible / Total: 29386 / 199291
[2023-10-05 00:50:10.618] [info] #3: Feasible / Total: 34341 / 199291
[2023-10-05 00:50:29.315] [info] #4: Feasible / Total: 37452 / 199291
[2023-10-05 00:50:44.056] [info] #5: Feasible / Total: 40225 / 199291
[2023-10-05 00:51:05.836] [info] #6: Feasible / Total: 43799 / 199291
[2023-10-05 00:51:28.109] [info] #7: Feasible / Total: 48959 / 199291
[2023-10-05 00:52:00.136] [info] #8: Feasible / Total: 56570 / 199291
[2023-10-05 00:52:46.508] [info] #9: Feasible / Total: 68029 / 199291
[2023-10-05 00:53:48.349] [info] #10: Feasible / Total: 85046 / 199291
[2023-10-05 00:54:56.913] [info] #11: Feasible / Total: 108049 / 199291
[2023-10-05 00:55:47.937] [info] #12: Feasible / Total: 131029 / 199291
[2023-10-05 00:56:09.443] [info] #13: Feasible / Total: 145112 / 199291
[2023-10-05 00:56:18.752] [info] #14: Feasible / Total: 153406 / 199291
[2023-10-05 00:56:19.858] [info] #15: Feasible / Total: 153705 / 199291
[2023-10-05 00:56:20.715] [info] #15: Feasible / Total: 153705 / 199291
[2023-10-05 00:56:20.718] [info] Graph is not D-reducible.
[2023-10-05 00:56:20.782] [info] Started C-reducibility check
[2023-10-05 00:58:05.484] [info] Trying 21129002 possible contractions
[2023-10-05 00:58:05.490] [info] [0/21129002] Starting contraction of size 1
[2023-10-05 00:58:58.427] [info] [41/21129002] Starting contraction of size 2
[2023-10-05 01:10:22.231] [info] [793/21129002] Starting contraction of size 3
[2023-10-05 02:12:03.434] [info] All colors passed! Contracted: 17, 46, 52
[2023-10-05 02:12:03.434] [info] Graph is C-reducible!
