[2023-10-04 21:56:06.814] [info] Kempe type: Projective
[2023-10-04 21:56:06.830] [info] Vertex size: 36, Edge size: 61, Ring size: 14
[2023-10-04 21:56:09.467] [info] Started D-reducibility check
[2023-10-04 21:56:09.474] [info] #1: Feasible / Total: 23272 / 199291
[2023-10-04 21:57:10.882] [info] #2: Feasible / Total: 34303 / 199291
[2023-10-04 21:57:31.308] [info] #3: Feasible / Total: 41795 / 199291
[2023-10-04 21:57:42.730] [info] #4: Feasible / Total: 45427 / 199291
[2023-10-04 21:57:54.715] [info] #5: Feasible / Total: 48512 / 199291
[2023-10-04 21:58:06.103] [info] #6: Feasible / Total: 53472 / 199291
[2023-10-04 21:58:20.130] [info] #7: Feasible / Total: 61303 / 199291
[2023-10-04 21:58:40.103] [info] #8: Feasible / Total: 72788 / 199291
[2023-10-04 21:58:54.513] [info] #9: Feasible / Total: 83835 / 199291
[2023-10-04 21:59:01.345] [info] #10: Feasible / Total: 88111 / 199291
[2023-10-04 21:59:02.966] [info] #11: Feasible / Total: 88466 / 199291
[2023-10-04 21:59:04.612] [info] #11: Feasible / Total: 88466 / 199291
[2023-10-04 21:59:04.612] [info] Graph is not D-reducible.
[2023-10-04 21:59:04.642] [info] Started C-reducibility check
[2023-10-04 22:10:42.359] [info] Trying 105306533 possible contractions
[2023-10-04 22:10:42.359] [info] [0/105306533] Starting contraction of size 1
[2023-10-04 22:10:44.907] [info] All colors passed! Contracted: 45
[2023-10-04 22:10:44.907] [info] Graph is C-reducible!
