[2023-10-05 00:48:35.671] [info] Kempe type: Projective
[2023-10-05 00:48:35.690] [info] Vertex size: 29, Edge size: 50, Ring size: 13
[2023-10-05 00:48:37.867] [info] Started D-reducibility check
[2023-10-05 00:48:37.867] [info] #1: Feasible / Total: 8001 / 66430
[2023-10-05 00:49:02.704] [info] #2: Feasible / Total: 11179 / 66430
[2023-10-05 00:49:13.913] [info] #3: Feasible / Total: 13331 / 66430
[2023-10-05 00:49:22.346] [info] #4: Feasible / Total: 14726 / 66430
[2023-10-05 00:49:28.920] [info] #5: Feasible / Total: 15973 / 66430
[2023-10-05 00:49:34.082] [info] #6: Feasible / Total: 17093 / 66430
[2023-10-05 00:49:38.709] [info] #7: Feasible / Total: 18099 / 66430
[2023-10-05 00:49:44.740] [info] #8: Feasible / Total: 19409 / 66430
[2023-10-05 00:49:51.497] [info] #9: Feasible / Total: 20926 / 66430
[2023-10-05 00:49:59.144] [info] #10: Feasible / Total: 22794 / 66430
[2023-10-05 00:50:09.392] [info] #11: Feasible / Total: 25622 / 66430
[2023-10-05 00:50:19.646] [info] #12: Feasible / Total: 29357 / 66430
[2023-10-05 00:50:28.240] [info] #13: Feasible / Total: 33877 / 66430
[2023-10-05 00:50:35.561] [info] #14: Feasible / Total: 38373 / 66430
[2023-10-05 00:50:39.279] [info] #15: Feasible / Total: 41712 / 66430
[2023-10-05 00:50:40.966] [info] #16: Feasible / Total: 42845 / 66430
[2023-10-05 00:50:41.643] [info] #17: Feasible / Total: 42990 / 66430
[2023-10-05 00:50:42.222] [info] #18: Feasible / Total: 42992 / 66430
[2023-10-05 00:50:42.730] [info] #18: Feasible / Total: 42992 / 66430
[2023-10-05 00:50:42.738] [info] Graph is not D-reducible.
[2023-10-05 00:50:42.773] [info] Started C-reducibility check
[2023-10-05 00:51:09.753] [info] Trying 6123111 possible contractions
[2023-10-05 00:51:09.753] [info] [0/6123111] Starting contraction of size 1
[2023-10-05 00:51:27.167] [info] [37/6123111] Starting contraction of size 2
[2023-10-05 00:55:06.755] [info] [642/6123111] Starting contraction of size 3
[2023-10-05 01:14:59.393] [info] [6426/6123111] Starting contraction of size 4
[2023-10-05 02:23:22.578] [info] [42516/6123111] Starting contraction of size 5
[2023-10-05 02:49:49.015] [info] All colors passed! Contracted: 23, 32, 41, 44, 45
[2023-10-05 02:49:49.015] [info] Graph is C-reducible!
