[2023-10-05 16:00:26.023] [info] Kempe type: Projective
[2023-10-05 16:00:26.023] [info] Vertex size: 37, Edge size: 63, Ring size: 15
[2023-10-05 16:00:27.766] [info] Started D-reducibility check
[2023-10-05 16:00:27.767] [info] #1: Feasible / Total: 67049 / 597871
[2023-10-05 16:05:22.851] [info] #2: Feasible / Total: 101684 / 597871
[2023-10-05 16:08:38.858] [info] #3: Feasible / Total: 136825 / 597871
[2023-10-05 16:11:54.914] [info] #4: Feasible / Total: 178673 / 597871
[2023-10-05 16:15:50.814] [info] #5: Feasible / Total: 233491 / 597871
[2023-10-05 16:20:12.790] [info] #6: Feasible / Total: 298549 / 597871
[2023-10-05 16:24:03.586] [info] #7: Feasible / Total: 358896 / 597871
[2023-10-05 16:25:23.239] [info] #8: Feasible / Total: 387490 / 597871
[2023-10-05 16:25:41.553] [info] #9: Feasible / Total: 390590 / 597871
[2023-10-05 16:25:46.807] [info] #10: Feasible / Total: 390701 / 597871
[2023-10-05 16:25:51.444] [info] #11: Feasible / Total: 390708 / 597871
[2023-10-05 16:25:54.573] [info] #12: Feasible / Total: 390710 / 597871
[2023-10-05 16:25:58.370] [info] #12: Feasible / Total: 390710 / 597871
[2023-10-05 16:25:58.371] [info] Graph is not D-reducible.
[2023-10-05 16:25:58.455] [info] Started C-reducibility check
[2023-10-05 16:45:44.214] [info] Trying 55509777 possible contractions
[2023-10-05 16:45:44.214] [info] [0/55509777] Starting contraction of size 1
[2023-10-05 16:47:02.583] [info] [48/55509777] Starting contraction of size 2
[2023-10-05 17:10:50.344] [info] [1095/55509777] Starting contraction of size 3
[2023-10-05 20:20:50.896] [info] All colors passed! Contracted: 18, 50, 62
[2023-10-05 20:20:50.896] [info] Graph is C-reducible!
