[2023-10-02 21:50:37.644] [info] Kempe type: Projective
[2023-10-02 21:50:37.650] [info] Vertex size: 37, Edge size: 63, Ring size: 15
[2023-10-02 21:51:03.999] [info] Started D-reducibility check
[2023-10-02 21:51:03.999] [info] #1: Feasible / Total: 65007 / 597871
[2023-10-02 21:59:07.953] [info] #2: Feasible / Total: 91639 / 597871
[2023-10-02 22:02:07.839] [info] #3: Feasible / Total: 109990 / 597871
[2023-10-02 22:04:43.039] [info] #4: Feasible / Total: 130616 / 597871
[2023-10-02 22:08:00.397] [info] #5: Feasible / Total: 159251 / 597871
[2023-10-02 22:11:58.771] [info] #6: Feasible / Total: 199802 / 597871
[2023-10-02 22:17:01.269] [info] #7: Feasible / Total: 269750 / 597871
[2023-10-02 22:23:11.577] [info] #8: Feasible / Total: 409219 / 597871
[2023-10-02 22:25:34.503] [info] #9: Feasible / Total: 525405 / 597871
[2023-10-02 22:25:41.649] [info] #10: Feasible / Total: 534494 / 597871
[2023-10-02 22:25:42.487] [info] #10: Feasible / Total: 534494 / 597871
[2023-10-02 22:25:42.487] [info] Graph is not D-reducible.
[2023-10-02 22:25:42.585] [info] Started C-reducibility check
[2023-10-02 22:41:43.183] [info] Trying 4615194 possible contractions
[2023-10-02 22:41:43.183] [info] [0/4615194] Starting contraction of size 1
[2023-10-02 22:42:05.201] [info] All colors passed! Contracted: 28
[2023-10-02 22:42:05.201] [info] Graph is C-reducible!
