[2023-10-03 15:49:02.386] [info] Kempe type: Projective
[2023-10-03 15:49:02.408] [info] Vertex size: 37, Edge size: 63, Ring size: 15
[2023-10-03 15:49:10.817] [info] Started D-reducibility check
[2023-10-03 15:49:10.817] [info] #1: Feasible / Total: 66432 / 597871
[2023-10-03 16:00:12.971] [info] #2: Feasible / Total: 101897 / 597871
[2023-10-03 16:06:09.422] [info] #3: Feasible / Total: 147895 / 597871
[2023-10-03 16:11:39.767] [info] #4: Feasible / Total: 211284 / 597871
[2023-10-03 16:16:11.564] [info] #5: Feasible / Total: 279494 / 597871
[2023-10-03 16:19:49.238] [info] #6: Feasible / Total: 337501 / 597871
[2023-10-03 16:20:45.421] [info] #7: Feasible / Total: 357701 / 597871
[2023-10-03 16:21:01.993] [info] #8: Feasible / Total: 359951 / 597871
[2023-10-03 16:21:07.327] [info] #9: Feasible / Total: 360210 / 597871
[2023-10-03 16:21:12.755] [info] #10: Feasible / Total: 360211 / 597871
[2023-10-03 16:21:19.608] [info] #10: Feasible / Total: 360211 / 597871
[2023-10-03 16:21:19.608] [info] Graph is not D-reducible.
[2023-10-03 16:21:19.769] [info] Started C-reducibility check
[2023-10-03 16:39:23.699] [info] Trying 138971203 possible contractions
[2023-10-03 16:39:23.699] [info] [0/138971203] Starting contraction of size 1
[2023-10-03 16:39:26.711] [info] All colors passed! Contracted: 22
[2023-10-03 16:39:26.712] [info] Graph is C-reducible!
