[2023-10-04 20:51:57.112] [info] Kempe type: Projective
[2023-10-04 20:51:57.124] [info] Vertex size: 34, Edge size: 58, Ring size: 14
[2023-10-04 20:52:01.719] [info] Started D-reducibility check
[2023-10-04 20:52:01.719] [info] #1: Feasible / Total: 25434 / 199291
[2023-10-04 20:54:22.611] [info] #2: Feasible / Total: 34991 / 199291
[2023-10-04 20:54:58.794] [info] #3: Feasible / Total: 41100 / 199291
[2023-10-04 20:55:30.916] [info] #4: Feasible / Total: 46903 / 199291
[2023-10-04 20:56:03.331] [info] #5: Feasible / Total: 54096 / 199291
[2023-10-04 20:56:42.818] [info] #6: Feasible / Total: 63162 / 199291
[2023-10-04 20:57:32.412] [info] #7: Feasible / Total: 76413 / 199291
[2023-10-04 20:58:42.312] [info] #8: Feasible / Total: 95296 / 199291
[2023-10-04 20:59:51.868] [info] #9: Feasible / Total: 124574 / 199291
[2023-10-04 21:00:48.437] [info] #10: Feasible / Total: 163593 / 199291
[2023-10-04 21:01:00.714] [info] #11: Feasible / Total: 182063 / 199291
[2023-10-04 21:01:01.202] [info] #12: Feasible / Total: 182282 / 199291
[2023-10-04 21:01:01.532] [info] #12: Feasible / Total: 182282 / 199291
[2023-10-04 21:01:01.532] [info] Graph is not D-reducible.
[2023-10-04 21:01:01.590] [info] Started C-reducibility check
[2023-10-04 21:06:31.093] [info] Trying 48765417 possible contractions
[2023-10-04 21:06:31.093] [info] [0/48765417] Starting contraction of size 1
[2023-10-04 21:06:33.438] [info] All colors passed! Contracted: 18
[2023-10-04 21:06:33.439] [info] Graph is C-reducible!
