[2023-10-02 19:57:05.304] [info] Kempe type: Projective
[2023-10-02 19:57:05.334] [info] Vertex size: 38, Edge size: 65, Ring size: 16
[2023-10-02 19:57:46.932] [info] Started D-reducibility check
[2023-10-02 19:57:46.932] [info] #1: Feasible / Total: 143869 / 1793614
[2023-10-02 20:45:18.488] [info] #2: Feasible / Total: 243216 / 1793614
[2023-10-02 21:03:10.819] [info] #3: Feasible / Total: 308194 / 1793614
[2023-10-02 21:20:22.700] [info] #4: Feasible / Total: 373760 / 1793614
[2023-10-02 21:39:22.559] [info] #5: Feasible / Total: 456246 / 1793614
[2023-10-02 22:14:49.611] [info] #6: Feasible / Total: 568496 / 1793614
[2023-10-02 22:54:52.596] [info] #7: Feasible / Total: 747177 / 1793614
[2023-10-02 23:35:07.982] [info] #8: Feasible / Total: 1030029 / 1793614
[2023-10-03 00:28:16.086] [info] #9: Feasible / Total: 1407297 / 1793614
[2023-10-03 00:39:50.565] [info] #10: Feasible / Total: 1607516 / 1793614
[2023-10-03 00:40:02.603] [info] #11: Feasible / Total: 1609105 / 1793614
[2023-10-03 00:40:10.217] [info] #11: Feasible / Total: 1609105 / 1793614
[2023-10-03 00:40:10.217] [info] Graph is not D-reducible.
[2023-10-03 00:40:11.281] [info] Started C-reducibility check
[2023-10-03 01:12:55.627] [info] Trying 5420649 possible contractions
[2023-10-03 01:12:55.627] [info] [0/5420649] Starting contraction of size 1
[2023-10-03 01:13:01.850] [info] All colors passed! Contracted: 40
[2023-10-03 01:13:01.850] [info] Graph is C-reducible!
