[2023-10-03 17:50:33.065] [info] Kempe type: Projective
[2023-10-03 17:50:33.078] [info] Vertex size: 34, Edge size: 58, Ring size: 14
[2023-10-03 17:50:36.990] [info] Started D-reducibility check
[2023-10-03 17:50:36.990] [info] #1: Feasible / Total: 23513 / 199291
[2023-10-03 17:52:52.376] [info] #2: Feasible / Total: 27460 / 199291
[2023-10-03 17:53:16.655] [info] #3: Feasible / Total: 29222 / 199291
[2023-10-03 17:53:29.606] [info] #4: Feasible / Total: 30420 / 199291
[2023-10-03 17:53:42.367] [info] #5: Feasible / Total: 31277 / 199291
[2023-10-03 17:53:53.624] [info] #6: Feasible / Total: 31792 / 199291
[2023-10-03 17:54:01.764] [info] #7: Feasible / Total: 32176 / 199291
[2023-10-03 17:54:10.688] [info] #8: Feasible / Total: 32456 / 199291
[2023-10-03 17:54:18.873] [info] #9: Feasible / Total: 32671 / 199291
[2023-10-03 17:54:26.184] [info] #10: Feasible / Total: 32908 / 199291
[2023-10-03 17:54:34.962] [info] #11: Feasible / Total: 33143 / 199291
[2023-10-03 17:54:42.890] [info] #12: Feasible / Total: 33327 / 199291
[2023-10-03 17:54:50.732] [info] #13: Feasible / Total: 33571 / 199291
[2023-10-03 17:54:59.296] [info] #14: Feasible / Total: 33827 / 199291
[2023-10-03 17:55:05.926] [info] #15: Feasible / Total: 34107 / 199291
[2023-10-03 17:55:12.994] [info] #16: Feasible / Total: 34466 / 199291
[2023-10-03 17:55:20.715] [info] #17: Feasible / Total: 34893 / 199291
[2023-10-03 17:55:28.552] [info] #18: Feasible / Total: 35326 / 199291
[2023-10-03 17:55:37.057] [info] #19: Feasible / Total: 35811 / 199291
[2023-10-03 17:55:45.789] [info] #20: Feasible / Total: 36332 / 199291
[2023-10-03 17:55:53.967] [info] #21: Feasible / Total: 36856 / 199291
[2023-10-03 17:56:02.554] [info] #22: Feasible / Total: 37398 / 199291
[2023-10-03 17:56:11.586] [info] #23: Feasible / Total: 38024 / 199291
[2023-10-03 17:56:19.650] [info] #24: Feasible / Total: 38551 / 199291
[2023-10-03 17:56:26.018] [info] #25: Feasible / Total: 38936 / 199291
[2023-10-03 17:56:33.442] [info] #26: Feasible / Total: 39233 / 199291
[2023-10-03 17:56:39.686] [info] #27: Feasible / Total: 39669 / 199291
[2023-10-03 17:56:46.851] [info] #28: Feasible / Total: 40142 / 199291
[2023-10-03 17:56:55.630] [info] #29: Feasible / Total: 40705 / 199291
[2023-10-03 17:57:04.651] [info] #30: Feasible / Total: 41437 / 199291
[2023-10-03 17:57:13.237] [info] #31: Feasible / Total: 42210 / 199291
[2023-10-03 17:57:22.694] [info] #32: Feasible / Total: 43084 / 199291
[2023-10-03 17:57:35.334] [info] #33: Feasible / Total: 44062 / 199291
[2023-10-03 17:57:45.551] [info] #34: Feasible / Total: 45024 / 199291
[2023-10-03 17:57:56.703] [info] #35: Feasible / Total: 45886 / 199291
[2023-10-03 17:58:07.037] [info] #36: Feasible / Total: 46907 / 199291
[2023-10-03 17:58:15.709] [info] #37: Feasible / Total: 47696 / 199291
[2023-10-03 17:58:24.655] [info] #38: Feasible / Total: 48322 / 199291
[2023-10-03 17:58:33.644] [info] #39: Feasible / Total: 48992 / 199291
[2023-10-03 17:58:42.830] [info] #40: Feasible / Total: 49835 / 199291
[2023-10-03 17:58:51.546] [info] #41: Feasible / Total: 50620 / 199291
[2023-10-03 17:59:01.251] [info] #42: Feasible / Total: 51453 / 199291
[2023-10-03 17:59:10.532] [info] #43: Feasible / Total: 52270 / 199291
[2023-10-03 17:59:19.242] [info] #44: Feasible / Total: 53148 / 199291
[2023-10-03 17:59:27.758] [info] #45: Feasible / Total: 54253 / 199291
[2023-10-03 17:59:35.268] [info] #46: Feasible / Total: 55691 / 199291
[2023-10-03 17:59:45.310] [info] #47: Feasible / Total: 57407 / 199291
[2023-10-03 18:00:00.900] [info] #48: Feasible / Total: 59920 / 199291
[2023-10-03 18:00:18.338] [info] #49: Feasible / Total: 63072 / 199291
[2023-10-03 18:00:41.402] [info] #50: Feasible / Total: 66647 / 199291
[2023-10-03 18:01:04.636] [info] #51: Feasible / Total: 70768 / 199291
[2023-10-03 18:01:28.379] [info] #52: Feasible / Total: 75874 / 199291
[2023-10-03 18:02:00.771] [info] #53: Feasible / Total: 82870 / 199291
[2023-10-03 18:02:38.141] [info] #54: Feasible / Total: 91593 / 199291
[2023-10-03 18:03:17.068] [info] #55: Feasible / Total: 100848 / 199291
[2023-10-03 18:03:42.694] [info] #56: Feasible / Total: 109161 / 199291
[2023-10-03 18:03:54.647] [info] #57: Feasible / Total: 112750 / 199291
[2023-10-03 18:03:59.249] [info] #58: Feasible / Total: 113400 / 199291
[2023-10-03 18:04:01.505] [info] #59: Feasible / Total: 113495 / 199291
[2023-10-03 18:04:04.334] [info] #60: Feasible / Total: 113501 / 199291
[2023-10-03 18:04:06.485] [info] #60: Feasible / Total: 113501 / 199291
[2023-10-03 18:04:06.485] [info] Graph is not D-reducible.
[2023-10-03 18:04:06.568] [info] Started C-reducibility check
[2023-10-03 18:10:47.163] [info] Trying 48582174 possible contractions
[2023-10-03 18:10:47.163] [info] [0/48582174] Starting contraction of size 1
[2023-10-03 18:11:32.956] [info] [44/48582174] Starting contraction of size 2
[2023-10-03 18:23:25.244] [info] All colors passed! Contracted: 30, 48
[2023-10-03 18:23:25.245] [info] Graph is C-reducible!
