[2023-10-02 00:12:27.697] [info] Kempe type: Projective
[2023-10-02 00:12:27.726] [info] Vertex size: 31, Edge size: 53, Ring size: 13
[2023-10-02 00:12:29.562] [info] Started D-reducibility check
[2023-10-02 00:12:29.562] [info] #1: Feasible / Total: 9490 / 66430
[2023-10-02 00:12:45.729] [info] #2: Feasible / Total: 13863 / 66430
[2023-10-02 00:12:53.349] [info] #3: Feasible / Total: 17084 / 66430
[2023-10-02 00:12:59.945] [info] #4: Feasible / Total: 20621 / 66430
[2023-10-02 00:13:07.980] [info] #5: Feasible / Total: 25544 / 66430
[2023-10-02 00:13:17.599] [info] #6: Feasible / Total: 33306 / 66430
[2023-10-02 00:13:25.972] [info] #7: Feasible / Total: 43317 / 66430
[2023-10-02 00:13:29.481] [info] #8: Feasible / Total: 48832 / 66430
[2023-10-02 00:13:30.996] [info] #9: Feasible / Total: 50061 / 66430
[2023-10-02 00:13:31.372] [info] #10: Feasible / Total: 50066 / 66430
[2023-10-02 00:13:31.728] [info] #10: Feasible / Total: 50066 / 66430
[2023-10-02 00:13:31.728] [info] Graph is not D-reducible.
[2023-10-02 00:13:31.752] [info] Started C-reducibility check
[2023-10-02 00:14:55.450] [info] Trying 15260537 possible contractions
[2023-10-02 00:14:55.451] [info] [0/15260537] Starting contraction of size 1
[2023-10-02 00:15:22.027] [info] [40/15260537] Starting contraction of size 2
[2023-10-02 00:21:56.936] [info] [753/15260537] Starting contraction of size 3
[2023-10-02 01:08:13.409] [info] [8254/15260537] Starting contraction of size 4
[2023-10-02 03:36:41.708] [info] [60300/15260537] Starting contraction of size 5
[2023-10-02 12:08:47.319] [info] [312768/15260537] Starting contraction of size 6
[2023-10-03 10:30:48.981] [info] All colors passed! Contracted: 29, 32, 39, 44, 48, 51
[2023-10-03 10:30:48.981] [info] Graph is C-reducible!
