[2023-10-01 10:31:59.047] [info] Kempe type: Projective
[2023-10-01 10:31:59.047] [info] Vertex size: 31, Edge size: 53, Ring size: 13
[2023-10-01 10:31:59.376] [info] Started D-reducibility check
[2023-10-01 10:31:59.376] [info] #1: Feasible / Total: 9738 / 66430
[2023-10-01 10:32:05.809] [info] #2: Feasible / Total: 13401 / 66430
[2023-10-01 10:32:09.589] [info] #3: Feasible / Total: 15661 / 66430
[2023-10-01 10:32:11.315] [info] #4: Feasible / Total: 17375 / 66430
[2023-10-01 10:32:13.212] [info] #5: Feasible / Total: 18553 / 66430
[2023-10-01 10:32:15.254] [info] #6: Feasible / Total: 19267 / 66430
[2023-10-01 10:32:16.948] [info] #7: Feasible / Total: 19767 / 66430
[2023-10-01 10:32:18.212] [info] #8: Feasible / Total: 20142 / 66430
[2023-10-01 10:32:19.674] [info] #9: Feasible / Total: 20576 / 66430
[2023-10-01 10:32:20.904] [info] #10: Feasible / Total: 21096 / 66430
[2023-10-01 10:32:22.540] [info] #11: Feasible / Total: 21802 / 66430
[2023-10-01 10:32:24.251] [info] #12: Feasible / Total: 22581 / 66430
[2023-10-01 10:32:26.350] [info] #13: Feasible / Total: 23585 / 66430
[2023-10-01 10:32:28.823] [info] #14: Feasible / Total: 25063 / 66430
[2023-10-01 10:32:31.417] [info] #15: Feasible / Total: 26800 / 66430
[2023-10-01 10:32:34.205] [info] #16: Feasible / Total: 28936 / 66430
[2023-10-01 10:32:35.975] [info] #17: Feasible / Total: 31580 / 66430
[2023-10-01 10:32:36.700] [info] #18: Feasible / Total: 32961 / 66430
[2023-10-01 10:32:37.056] [info] #19: Feasible / Total: 33184 / 66430
[2023-10-01 10:32:37.287] [info] #20: Feasible / Total: 33185 / 66430
[2023-10-01 10:32:37.511] [info] #20: Feasible / Total: 33185 / 66430
[2023-10-01 10:32:37.511] [info] Graph is not D-reducible.
[2023-10-01 10:32:37.520] [info] Started C-reducibility check
[2023-10-01 10:33:04.095] [info] Trying 1200176 possible contractions
[2023-10-01 10:33:04.096] [info] [0/1200176] Starting contraction of size 1
[2023-10-01 10:33:18.645] [info] [40/1200176] Starting contraction of size 2
[2023-10-01 10:36:20.756] [info] [753/1200176] Starting contraction of size 3
[2023-10-01 10:58:42.812] [info] [8254/1200176] Starting contraction of size 4
[2023-10-01 13:30:24.308] [info] [60300/1200176] Starting contraction of size 5
[2023-10-01 20:05:31.508] [info] All colors passed! Contracted: 34, 36, 43, 45, 51
[2023-10-01 20:05:31.508] [info] Graph is C-reducible!
