[2023-10-04 13:28:03.753] [info] Kempe type: Projective
[2023-10-04 13:28:03.766] [info] Vertex size: 33, Edge size: 56, Ring size: 13
[2023-10-04 13:28:04.712] [info] Started D-reducibility check
[2023-10-04 13:28:04.712] [info] #1: Feasible / Total: 11039 / 66430
[2023-10-04 13:28:42.514] [info] #2: Feasible / Total: 16093 / 66430
[2023-10-04 13:29:03.290] [info] #3: Feasible / Total: 20481 / 66430
[2023-10-04 13:29:21.166] [info] #4: Feasible / Total: 25574 / 66430
[2023-10-04 13:29:35.991] [info] #5: Feasible / Total: 31465 / 66430
[2023-10-04 13:29:51.233] [info] #6: Feasible / Total: 38446 / 66430
[2023-10-04 13:30:02.095] [info] #7: Feasible / Total: 44929 / 66430
[2023-10-04 13:30:06.738] [info] #8: Feasible / Total: 49041 / 66430
[2023-10-04 13:30:07.854] [info] #9: Feasible / Total: 49775 / 66430
[2023-10-04 13:30:08.274] [info] #10: Feasible / Total: 49831 / 66430
[2023-10-04 13:30:08.627] [info] #10: Feasible / Total: 49831 / 66430
[2023-10-04 13:30:08.638] [info] Graph is not D-reducible.
[2023-10-04 13:30:08.656] [info] Started C-reducibility check
[2023-10-04 13:35:20.437] [info] Trying 35756867 possible contractions
[2023-10-04 13:35:20.437] [info] [0/35756867] Starting contraction of size 1
[2023-10-04 13:35:36.691] [info] [43/35756867] Starting contraction of size 2
[2023-10-04 13:37:17.596] [info] All colors passed! Contracted: 30, 44
[2023-10-04 13:37:17.597] [info] Graph is C-reducible!
