[2023-10-03 17:50:32.914] [info] Kempe type: Projective
[2023-10-03 17:50:32.936] [info] Vertex size: 31, Edge size: 53, Ring size: 13
[2023-10-03 17:50:34.124] [info] Started D-reducibility check
[2023-10-03 17:50:34.124] [info] #1: Feasible / Total: 10076 / 66430
[2023-10-03 17:51:05.875] [info] #2: Feasible / Total: 12837 / 66430
[2023-10-03 17:51:20.809] [info] #3: Feasible / Total: 14898 / 66430
[2023-10-03 17:51:33.982] [info] #4: Feasible / Total: 17403 / 66430
[2023-10-03 17:51:48.860] [info] #5: Feasible / Total: 20901 / 66430
[2023-10-03 17:52:09.917] [info] #6: Feasible / Total: 27149 / 66430
[2023-10-03 17:52:25.476] [info] #7: Feasible / Total: 38600 / 66430
[2023-10-03 17:52:35.967] [info] #8: Feasible / Total: 48174 / 66430
[2023-10-03 17:52:38.553] [info] #9: Feasible / Total: 50039 / 66430
[2023-10-03 17:52:38.994] [info] #10: Feasible / Total: 50125 / 66430
[2023-10-03 17:52:39.326] [info] #10: Feasible / Total: 50125 / 66430
[2023-10-03 17:52:39.326] [info] Graph is not D-reducible.
[2023-10-03 17:52:39.357] [info] Started C-reducibility check
[2023-10-03 17:54:19.489] [info] Trying 15132689 possible contractions
[2023-10-03 17:54:19.496] [info] [0/15132689] Starting contraction of size 1
[2023-10-03 17:54:32.765] [info] All colors passed! Contracted: 40
[2023-10-03 17:54:32.765] [info] Graph is C-reducible!
