[2023-09-30 15:10:14.010] [info] Kempe type: Projective
[2023-09-30 15:10:14.010] [info] Vertex size: 33, Edge size: 56, Ring size: 13
[2023-09-30 15:10:14.354] [info] Started D-reducibility check
[2023-09-30 15:10:14.354] [info] #1: Feasible / Total: 11334 / 66430
[2023-09-30 15:10:28.175] [info] #2: Feasible / Total: 18040 / 66430
[2023-09-30 15:10:39.520] [info] #3: Feasible / Total: 25506 / 66430
[2023-09-30 15:10:48.234] [info] #4: Feasible / Total: 35305 / 66430
[2023-09-30 15:10:52.265] [info] #5: Feasible / Total: 42090 / 66430
[2023-09-30 15:10:53.558] [info] #6: Feasible / Total: 43238 / 66430
[2023-09-30 15:10:54.208] [info] #7: Feasible / Total: 43534 / 66430
[2023-09-30 15:10:54.710] [info] #8: Feasible / Total: 43693 / 66430
[2023-09-30 15:10:55.062] [info] #9: Feasible / Total: 43777 / 66430
[2023-09-30 15:10:55.393] [info] #10: Feasible / Total: 43804 / 66430
[2023-09-30 15:10:55.710] [info] #11: Feasible / Total: 43810 / 66430
[2023-09-30 15:10:56.016] [info] #12: Feasible / Total: 43812 / 66430
[2023-09-30 15:10:56.328] [info] #12: Feasible / Total: 43812 / 66430
[2023-09-30 15:10:56.329] [info] Graph is not D-reducible.
[2023-09-30 15:10:56.339] [info] Started C-reducibility check
[2023-09-30 15:13:14.564] [info] Trying 2033131 possible contractions
[2023-09-30 15:13:14.564] [info] [0/2033131] Starting contraction of size 1
[2023-09-30 15:13:24.923] [info] All colors passed! Contracted: 25
[2023-09-30 15:13:24.923] [info] Graph is C-reducible!
