[2023-10-03 17:50:32.910] [info] Kempe type: Projective
[2023-10-03 17:50:32.958] [info] Vertex size: 38, Edge size: 65, Ring size: 16
[2023-10-03 17:51:03.991] [info] Started D-reducibility check
[2023-10-03 17:51:03.991] [info] #1: Feasible / Total: 145076 / 1793614
[2023-10-03 18:54:11.275] [info] #2: Feasible / Total: 204392 / 1793614
[2023-10-03 19:17:13.856] [info] #3: Feasible / Total: 248300 / 1793614
[2023-10-03 19:34:43.693] [info] #4: Feasible / Total: 289877 / 1793614
[2023-10-03 19:54:10.735] [info] #5: Feasible / Total: 345032 / 1793614
[2023-10-03 20:20:49.709] [info] #6: Feasible / Total: 433601 / 1793614
[2023-10-03 21:00:29.168] [info] #7: Feasible / Total: 586537 / 1793614
[2023-10-03 21:51:48.904] [info] #8: Feasible / Total: 860514 / 1793614
[2023-10-03 22:49:07.469] [info] #9: Feasible / Total: 1335522 / 1793614
[2023-10-03 23:08:44.831] [info] #10: Feasible / Total: 1682728 / 1793614
[2023-10-03 23:09:16.353] [info] #11: Feasible / Total: 1694920 / 1793614
[2023-10-03 23:09:18.365] [info] #11: Feasible / Total: 1694920 / 1793614
[2023-10-03 23:09:18.365] [info] Graph is not D-reducible.
[2023-10-03 23:09:18.868] [info] Started C-reducibility check
[2023-10-03 23:34:15.572] [info] Trying 182695732 possible contractions
[2023-10-03 23:34:15.572] [info] [0/182695732] Starting contraction of size 1
[2023-10-03 23:37:12.181] [info] [49/182695732] Starting contraction of size 2
[2023-10-04 00:33:46.460] [info] [1143/182695732] Starting contraction of size 3
[2023-10-04 03:13:21.444] [info] All colors passed! Contracted: 44, 46, 61
[2023-10-04 03:13:21.445] [info] Graph is C-reducible!
