[2023-10-03 17:50:33.138] [info] Kempe type: Projective
[2023-10-03 17:50:33.218] [info] Vertex size: 36, Edge size: 61, Ring size: 14
[2023-10-03 17:50:41.099] [info] Started D-reducibility check
[2023-10-03 17:50:41.100] [info] #1: Feasible / Total: 27305 / 199291
[2023-10-03 17:51:42.202] [info] #2: Feasible / Total: 36601 / 199291
[2023-10-03 17:52:10.306] [info] #3: Feasible / Total: 42796 / 199291
[2023-10-03 17:52:41.359] [info] #4: Feasible / Total: 49022 / 199291
[2023-10-03 17:53:15.159] [info] #5: Feasible / Total: 56400 / 199291
[2023-10-03 17:54:10.197] [info] #6: Feasible / Total: 65817 / 199291
[2023-10-03 17:55:16.575] [info] #7: Feasible / Total: 78619 / 199291
[2023-10-03 17:56:39.284] [info] #8: Feasible / Total: 99450 / 199291
[2023-10-03 17:58:21.035] [info] #9: Feasible / Total: 142051 / 199291
[2023-10-03 17:58:52.765] [info] #10: Feasible / Total: 179200 / 199291
[2023-10-03 17:58:53.431] [info] #11: Feasible / Total: 179599 / 199291
[2023-10-03 17:58:53.975] [info] #11: Feasible / Total: 179599 / 199291
[2023-10-03 17:58:53.990] [info] Graph is not D-reducible.
[2023-10-03 17:58:54.072] [info] Started C-reducibility check
[2023-10-03 18:20:02.119] [info] Trying 104933771 possible contractions
[2023-10-03 18:20:02.130] [info] [0/104933771] Starting contraction of size 1
[2023-10-03 18:20:03.514] [info] All colors passed! Contracted: 30
[2023-10-03 18:20:03.527] [info] Graph is C-reducible!
