[2023-09-30 14:52:28.479] [info] Kempe type: Projective
[2023-09-30 14:52:28.479] [info] Vertex size: 34, Edge size: 58, Ring size: 14
[2023-09-30 14:52:29.464] [info] Started D-reducibility check
[2023-09-30 14:52:29.464] [info] #1: Feasible / Total: 25682 / 199291
[2023-09-30 14:53:44.943] [info] #2: Feasible / Total: 50305 / 199291
[2023-09-30 14:54:12.097] [info] #3: Feasible / Total: 66713 / 199291
[2023-09-30 14:54:31.889] [info] #4: Feasible / Total: 80297 / 199291
[2023-09-30 14:54:49.725] [info] #5: Feasible / Total: 94485 / 199291
[2023-09-30 14:55:11.482] [info] #6: Feasible / Total: 111686 / 199291
[2023-09-30 14:55:29.017] [info] #7: Feasible / Total: 135333 / 199291
[2023-09-30 14:55:35.042] [info] #8: Feasible / Total: 144857 / 199291
[2023-09-30 14:55:36.274] [info] #9: Feasible / Total: 145322 / 199291
[2023-09-30 14:55:37.329] [info] #10: Feasible / Total: 145357 / 199291
[2023-09-30 14:55:38.353] [info] #10: Feasible / Total: 145357 / 199291
[2023-09-30 14:55:38.353] [info] Graph is not D-reducible.
[2023-09-30 14:55:38.410] [info] Started C-reducibility check
[2023-09-30 14:58:38.763] [info] Trying 2440217 possible contractions
[2023-09-30 14:58:38.763] [info] [0/2440217] Starting contraction of size 1
[2023-09-30 14:59:12.020] [info] [44/2440217] Starting contraction of size 2
[2023-09-30 15:08:05.303] [info] [916/2440217] Starting contraction of size 3
[2023-09-30 15:33:18.993] [info] All colors passed! Contracted: 37, 41, 42
[2023-09-30 15:33:18.993] [info] Graph is C-reducible!
