[2023-10-02 09:49:22.685] [info] Kempe type: Projective
[2023-10-02 09:49:22.687] [info] Vertex size: 32, Edge size: 55, Ring size: 14
[2023-10-02 09:49:23.258] [info] Started D-reducibility check
[2023-10-02 09:49:23.258] [info] #1: Feasible / Total: 21038 / 199291
[2023-10-02 09:50:07.483] [info] #2: Feasible / Total: 31384 / 199291
[2023-10-02 09:50:29.700] [info] #3: Feasible / Total: 39255 / 199291
[2023-10-02 09:51:00.113] [info] #4: Feasible / Total: 46689 / 199291
[2023-10-02 09:51:46.438] [info] #5: Feasible / Total: 56410 / 199291
[2023-10-02 09:52:44.565] [info] #6: Feasible / Total: 71075 / 199291
[2023-10-02 09:54:08.155] [info] #7: Feasible / Total: 96129 / 199291
[2023-10-02 09:55:47.237] [info] #8: Feasible / Total: 136400 / 199291
[2023-10-02 09:56:22.757] [info] #9: Feasible / Total: 161558 / 199291
[2023-10-02 09:56:25.903] [info] #10: Feasible / Total: 162318 / 199291
[2023-10-02 09:56:26.577] [info] #10: Feasible / Total: 162318 / 199291
[2023-10-02 09:56:26.578] [info] Graph is not D-reducible.
[2023-10-02 09:56:26.604] [info] Started C-reducibility check
[2023-10-02 09:58:04.419] [info] Trying 1466257 possible contractions
[2023-10-02 09:58:04.419] [info] [0/1466257] Starting contraction of size 1
[2023-10-02 09:58:05.119] [info] All colors passed! Contracted: 18
[2023-10-02 09:58:05.119] [info] Graph is C-reducible!
