[2023-10-02 16:31:56.328] [info] Kempe type: Projective
[2023-10-02 16:31:56.394] [info] Vertex size: 31, Edge size: 53, Ring size: 13
[2023-10-02 16:31:57.582] [info] Started D-reducibility check
[2023-10-02 16:31:57.582] [info] #1: Feasible / Total: 9941 / 66430
[2023-10-02 16:32:14.540] [info] #2: Feasible / Total: 15301 / 66430
[2023-10-02 16:32:22.091] [info] #3: Feasible / Total: 20595 / 66430
[2023-10-02 16:32:30.360] [info] #4: Feasible / Total: 27242 / 66430
[2023-10-02 16:32:39.761] [info] #5: Feasible / Total: 36623 / 66430
[2023-10-02 16:32:46.260] [info] #6: Feasible / Total: 45971 / 66430
[2023-10-02 16:32:47.261] [info] #7: Feasible / Total: 47774 / 66430
[2023-10-02 16:32:47.658] [info] #8: Feasible / Total: 47805 / 66430
[2023-10-02 16:32:47.934] [info] #9: Feasible / Total: 47806 / 66430
[2023-10-02 16:32:48.205] [info] #9: Feasible / Total: 47806 / 66430
[2023-10-02 16:32:48.205] [info] Graph is not D-reducible.
[2023-10-02 16:32:48.226] [info] Started C-reducibility check
[2023-10-02 16:33:24.534] [info] Trying 1197859 possible contractions
[2023-10-02 16:33:24.534] [info] [0/1197859] Starting contraction of size 1
[2023-10-02 16:33:34.894] [info] [40/1197859] Starting contraction of size 2
[2023-10-02 16:35:51.896] [info] [753/1197859] Starting contraction of size 3
[2023-10-02 16:36:10.202] [info] All colors passed! Contracted: 20, 24, 45
[2023-10-02 16:36:10.202] [info] Graph is C-reducible!
