[2023-10-05 00:48:35.759] [info] Kempe type: Projective
[2023-10-05 00:48:35.782] [info] Vertex size: 34, Edge size: 58, Ring size: 14
[2023-10-05 00:48:40.820] [info] Started D-reducibility check
[2023-10-05 00:48:40.830] [info] #1: Feasible / Total: 22887 / 199291
[2023-10-05 00:50:06.207] [info] #2: Feasible / Total: 34609 / 199291
[2023-10-05 00:50:47.597] [info] #3: Feasible / Total: 44432 / 199291
[2023-10-05 00:51:16.528] [info] #4: Feasible / Total: 50591 / 199291
[2023-10-05 00:51:49.373] [info] #5: Feasible / Total: 56910 / 199291
[2023-10-05 00:52:36.091] [info] #6: Feasible / Total: 67536 / 199291
[2023-10-05 00:53:49.347] [info] #7: Feasible / Total: 87418 / 199291
[2023-10-05 00:55:20.848] [info] #8: Feasible / Total: 128641 / 199291
[2023-10-05 00:56:23.617] [info] #9: Feasible / Total: 172075 / 199291
[2023-10-05 00:56:34.706] [info] #10: Feasible / Total: 179376 / 199291
[2023-10-05 00:56:35.272] [info] #11: Feasible / Total: 179416 / 199291
[2023-10-05 00:56:35.719] [info] #11: Feasible / Total: 179416 / 199291
[2023-10-05 00:56:35.719] [info] Graph is not D-reducible.
[2023-10-05 00:56:35.768] [info] Started C-reducibility check
[2023-10-05 01:02:26.539] [info] Trying 48582443 possible contractions
[2023-10-05 01:02:26.542] [info] [0/48582443] Starting contraction of size 1
[2023-10-05 01:02:37.746] [info] All colors passed! Contracted: 23
[2023-10-05 01:02:37.750] [info] Graph is C-reducible!
