[2023-10-02 09:49:22.709] [info] Kempe type: Projective
[2023-10-02 09:49:22.709] [info] Vertex size: 28, Edge size: 48, Ring size: 12
[2023-10-02 09:49:22.864] [info] Started D-reducibility check
[2023-10-02 09:49:22.864] [info] #1: Feasible / Total: 4009 / 22144
[2023-10-02 09:49:29.091] [info] #2: Feasible / Total: 5563 / 22144
[2023-10-02 09:49:31.861] [info] #3: Feasible / Total: 6894 / 22144
[2023-10-02 09:49:34.758] [info] #4: Feasible / Total: 8863 / 22144
[2023-10-02 09:49:38.490] [info] #5: Feasible / Total: 11949 / 22144
[2023-10-02 09:49:40.734] [info] #6: Feasible / Total: 14467 / 22144
[2023-10-02 09:49:41.625] [info] #7: Feasible / Total: 15274 / 22144
[2023-10-02 09:49:41.800] [info] #8: Feasible / Total: 15305 / 22144
[2023-10-02 09:49:41.897] [info] #9: Feasible / Total: 15309 / 22144
[2023-10-02 09:49:42.001] [info] #9: Feasible / Total: 15309 / 22144
[2023-10-02 09:49:42.001] [info] Graph is not D-reducible.
[2023-10-02 09:49:42.037] [info] Started C-reducibility check
[2023-10-02 09:50:01.406] [info] Trying 540959 possible contractions
[2023-10-02 09:50:01.406] [info] [0/540959] Starting contraction of size 1
[2023-10-02 09:50:07.908] [info] [36/540959] Starting contraction of size 2
[2023-10-02 09:51:27.585] [info] [606/540959] Starting contraction of size 3
[2023-10-02 09:56:47.858] [info] All colors passed! Contracted: 22, 24, 44
[2023-10-02 09:56:47.858] [info] Graph is C-reducible!
