[2023-10-01 10:31:59.051] [info] Kempe type: Projective
[2023-10-01 10:31:59.051] [info] Vertex size: 34, Edge size: 58, Ring size: 14
[2023-10-01 10:32:00.185] [info] Started D-reducibility check
[2023-10-01 10:32:00.185] [info] #1: Feasible / Total: 25326 / 199291
[2023-10-01 10:32:45.885] [info] #2: Feasible / Total: 37935 / 199291
[2023-10-01 10:33:04.609] [info] #3: Feasible / Total: 47751 / 199291
[2023-10-01 10:33:26.530] [info] #4: Feasible / Total: 60405 / 199291
[2023-10-01 10:33:49.778] [info] #5: Feasible / Total: 76034 / 199291
[2023-10-01 10:34:11.059] [info] #6: Feasible / Total: 91821 / 199291
[2023-10-01 10:34:22.912] [info] #7: Feasible / Total: 101585 / 199291
[2023-10-01 10:34:27.085] [info] #8: Feasible / Total: 104522 / 199291
[2023-10-01 10:34:29.148] [info] #9: Feasible / Total: 105207 / 199291
[2023-10-01 10:34:30.258] [info] #10: Feasible / Total: 105248 / 199291
[2023-10-01 10:34:31.181] [info] #11: Feasible / Total: 105261 / 199291
[2023-10-01 10:34:32.515] [info] #12: Feasible / Total: 105414 / 199291
[2023-10-01 10:34:33.820] [info] #13: Feasible / Total: 105651 / 199291
[2023-10-01 10:34:35.293] [info] #14: Feasible / Total: 105761 / 199291
[2023-10-01 10:34:36.581] [info] #15: Feasible / Total: 105797 / 199291
[2023-10-01 10:34:37.503] [info] #16: Feasible / Total: 105805 / 199291
[2023-10-01 10:34:38.446] [info] #16: Feasible / Total: 105805 / 199291
[2023-10-01 10:34:38.446] [info] Graph is not D-reducible.
[2023-10-01 10:34:38.515] [info] Started C-reducibility check
[2023-10-01 10:37:28.015] [info] Trying 2432797 possible contractions
[2023-10-01 10:37:28.015] [info] [0/2432797] Starting contraction of size 1
[2023-10-01 10:38:08.683] [info] [44/2432797] Starting contraction of size 2
[2023-10-01 10:48:57.629] [info] [916/2432797] Starting contraction of size 3
[2023-10-01 10:55:42.066] [info] All colors passed! Contracted: 19, 35, 55
[2023-10-01 10:55:42.066] [info] Graph is C-reducible!
