[2023-10-04 13:28:03.530] [info] Kempe type: Projective
[2023-10-04 13:28:03.550] [info] Vertex size: 34, Edge size: 58, Ring size: 14
[2023-10-04 13:28:07.209] [info] Started D-reducibility check
[2023-10-04 13:28:07.210] [info] #1: Feasible / Total: 23869 / 199291
[2023-10-04 13:30:44.840] [info] #2: Feasible / Total: 32082 / 199291
[2023-10-04 13:31:26.499] [info] #3: Feasible / Total: 37581 / 199291
[2023-10-04 13:32:08.626] [info] #4: Feasible / Total: 43387 / 199291
[2023-10-04 13:33:05.417] [info] #5: Feasible / Total: 52543 / 199291
[2023-10-04 13:34:14.714] [info] #6: Feasible / Total: 67725 / 199291
[2023-10-04 13:35:39.567] [info] #7: Feasible / Total: 92225 / 199291
[2023-10-04 13:36:57.455] [info] #8: Feasible / Total: 124380 / 199291
[2023-10-04 13:37:36.713] [info] #9: Feasible / Total: 148373 / 199291
[2023-10-04 13:37:41.784] [info] #10: Feasible / Total: 152403 / 199291
[2023-10-04 13:37:42.727] [info] #11: Feasible / Total: 152412 / 199291
[2023-10-04 13:37:43.752] [info] #11: Feasible / Total: 152412 / 199291
[2023-10-04 13:37:43.762] [info] Graph is not D-reducible.
[2023-10-04 13:37:43.815] [info] Started C-reducibility check
[2023-10-04 13:44:12.129] [info] Trying 48572391 possible contractions
[2023-10-04 13:44:12.129] [info] [0/48572391] Starting contraction of size 1
[2023-10-04 13:44:13.871] [info] All colors passed! Contracted: 18
[2023-10-04 13:44:13.879] [info] Graph is C-reducible!
