[2023-10-05 16:00:26.450] [info] Kempe type: Projective
[2023-10-05 16:00:26.450] [info] Vertex size: 37, Edge size: 63, Ring size: 15
[2023-10-05 16:00:30.396] [info] Started D-reducibility check
[2023-10-05 16:00:30.396] [info] #1: Feasible / Total: 64746 / 597871
[2023-10-05 16:05:18.023] [info] #2: Feasible / Total: 99126 / 597871
[2023-10-05 16:07:51.481] [info] #3: Feasible / Total: 128992 / 597871
[2023-10-05 16:10:48.245] [info] #4: Feasible / Total: 162743 / 597871
[2023-10-05 16:13:39.079] [info] #5: Feasible / Total: 202663 / 597871
[2023-10-05 16:16:25.159] [info] #6: Feasible / Total: 249376 / 597871
[2023-10-05 16:18:52.954] [info] #7: Feasible / Total: 299940 / 597871
[2023-10-05 16:20:04.185] [info] #8: Feasible / Total: 332300 / 597871
[2023-10-05 16:20:21.681] [info] #9: Feasible / Total: 337918 / 597871
[2023-10-05 16:20:27.184] [info] #10: Feasible / Total: 338258 / 597871
[2023-10-05 16:20:32.959] [info] #11: Feasible / Total: 338350 / 597871
[2023-10-05 16:20:38.023] [info] #12: Feasible / Total: 338368 / 597871
[2023-10-05 16:20:42.295] [info] #13: Feasible / Total: 338371 / 597871
[2023-10-05 16:20:47.757] [info] #13: Feasible / Total: 338371 / 597871
[2023-10-05 16:20:47.758] [info] Graph is not D-reducible.
[2023-10-05 16:20:47.865] [info] Started C-reducibility check
[2023-10-05 16:38:54.776] [info] Trying 55531464 possible contractions
[2023-10-05 16:38:54.776] [info] [0/55531464] Starting contraction of size 1
[2023-10-05 16:42:01.248] [info] [48/55531464] Starting contraction of size 2
[2023-10-05 16:43:02.315] [info] All colors passed! Contracted: 18, 61
[2023-10-05 16:43:02.315] [info] Graph is C-reducible!
