[2023-10-03 15:49:02.392] [info] Kempe type: Projective
[2023-10-03 15:49:02.402] [info] Vertex size: 31, Edge size: 53, Ring size: 13
[2023-10-03 15:49:04.410] [info] Started D-reducibility check
[2023-10-03 15:49:04.410] [info] #1: Feasible / Total: 8895 / 66430
[2023-10-03 15:49:33.629] [info] #2: Feasible / Total: 15123 / 66430
[2023-10-03 15:49:46.919] [info] #3: Feasible / Total: 18211 / 66430
[2023-10-03 15:49:59.667] [info] #4: Feasible / Total: 22126 / 66430
[2023-10-03 15:50:12.588] [info] #5: Feasible / Total: 27223 / 66430
[2023-10-03 15:50:27.068] [info] #6: Feasible / Total: 33870 / 66430
[2023-10-03 15:50:39.599] [info] #7: Feasible / Total: 41889 / 66430
[2023-10-03 15:50:48.661] [info] #8: Feasible / Total: 49770 / 66430
[2023-10-03 15:50:51.939] [info] #9: Feasible / Total: 54901 / 66430
[2023-10-03 15:50:52.367] [info] #10: Feasible / Total: 55164 / 66430
[2023-10-03 15:50:52.598] [info] #10: Feasible / Total: 55164 / 66430
[2023-10-03 15:50:52.598] [info] Graph is not D-reducible.
[2023-10-03 15:50:52.640] [info] Started C-reducibility check
[2023-10-03 15:52:16.270] [info] Trying 15195922 possible contractions
[2023-10-03 15:52:16.270] [info] [0/15195922] Starting contraction of size 1
[2023-10-03 15:52:26.156] [info] All colors passed! Contracted: 34
[2023-10-03 15:52:26.156] [info] Graph is C-reducible!
