[2023-10-04 10:10:41.720] [info] Kempe type: Projective
[2023-10-04 10:10:41.720] [info] Vertex size: 34, Edge size: 58, Ring size: 14
[2023-10-04 10:10:44.902] [info] Started D-reducibility check
[2023-10-04 10:10:44.902] [info] #1: Feasible / Total: 23735 / 199291
[2023-10-04 10:11:59.049] [info] #2: Feasible / Total: 28277 / 199291
[2023-10-04 10:12:14.876] [info] #3: Feasible / Total: 31155 / 199291
[2023-10-04 10:12:27.116] [info] #4: Feasible / Total: 32648 / 199291
[2023-10-04 10:12:37.633] [info] #5: Feasible / Total: 33543 / 199291
[2023-10-04 10:12:45.241] [info] #6: Feasible / Total: 34220 / 199291
[2023-10-04 10:12:52.352] [info] #7: Feasible / Total: 34761 / 199291
[2023-10-04 10:12:58.992] [info] #8: Feasible / Total: 35257 / 199291
[2023-10-04 10:13:05.621] [info] #9: Feasible / Total: 35696 / 199291
[2023-10-04 10:13:11.840] [info] #10: Feasible / Total: 35971 / 199291
[2023-10-04 10:13:16.217] [info] #11: Feasible / Total: 36256 / 199291
[2023-10-04 10:13:21.338] [info] #12: Feasible / Total: 36489 / 199291
[2023-10-04 10:13:25.316] [info] #13: Feasible / Total: 36682 / 199291
[2023-10-04 10:13:29.820] [info] #14: Feasible / Total: 36870 / 199291
[2023-10-04 10:13:33.626] [info] #15: Feasible / Total: 36995 / 199291
[2023-10-04 10:13:37.603] [info] #16: Feasible / Total: 37151 / 199291
[2023-10-04 10:13:41.868] [info] #17: Feasible / Total: 37344 / 199291
[2023-10-04 10:13:45.682] [info] #18: Feasible / Total: 37467 / 199291
[2023-10-04 10:13:50.327] [info] #19: Feasible / Total: 37544 / 199291
[2023-10-04 10:13:54.165] [info] #20: Feasible / Total: 37633 / 199291
[2023-10-04 10:13:58.049] [info] #21: Feasible / Total: 37731 / 199291
[2023-10-04 10:14:01.754] [info] #22: Feasible / Total: 37872 / 199291
[2023-10-04 10:14:05.529] [info] #23: Feasible / Total: 38057 / 199291
[2023-10-04 10:14:09.991] [info] #24: Feasible / Total: 38276 / 199291
[2023-10-04 10:14:15.036] [info] #25: Feasible / Total: 38589 / 199291
[2023-10-04 10:14:20.571] [info] #26: Feasible / Total: 39011 / 199291
[2023-10-04 10:14:26.978] [info] #27: Feasible / Total: 39675 / 199291
[2023-10-04 10:14:33.649] [info] #28: Feasible / Total: 40722 / 199291
[2023-10-04 10:14:40.836] [info] #29: Feasible / Total: 42120 / 199291
[2023-10-04 10:14:50.600] [info] #30: Feasible / Total: 43970 / 199291
[2023-10-04 10:15:02.584] [info] #31: Feasible / Total: 46422 / 199291
[2023-10-04 10:15:20.066] [info] #32: Feasible / Total: 49377 / 199291
[2023-10-04 10:15:38.555] [info] #33: Feasible / Total: 53703 / 199291
[2023-10-04 10:15:59.843] [info] #34: Feasible / Total: 60263 / 199291
[2023-10-04 10:16:25.732] [info] #35: Feasible / Total: 69011 / 199291
[2023-10-04 10:16:51.242] [info] #36: Feasible / Total: 78617 / 199291
[2023-10-04 10:17:14.373] [info] #37: Feasible / Total: 87756 / 199291
[2023-10-04 10:17:34.238] [info] #38: Feasible / Total: 96229 / 199291
[2023-10-04 10:17:47.011] [info] #39: Feasible / Total: 101794 / 199291
[2023-10-04 10:17:53.853] [info] #40: Feasible / Total: 104357 / 199291
[2023-10-04 10:17:57.651] [info] #41: Feasible / Total: 105172 / 199291
[2023-10-04 10:18:00.790] [info] #42: Feasible / Total: 105672 / 199291
[2023-10-04 10:18:03.710] [info] #43: Feasible / Total: 106169 / 199291
[2023-10-04 10:18:06.292] [info] #44: Feasible / Total: 106533 / 199291
[2023-10-04 10:18:08.873] [info] #45: Feasible / Total: 106877 / 199291
[2023-10-04 10:18:11.287] [info] #46: Feasible / Total: 107286 / 199291
[2023-10-04 10:18:13.337] [info] #47: Feasible / Total: 107480 / 199291
[2023-10-04 10:18:15.176] [info] #48: Feasible / Total: 107483 / 199291
[2023-10-04 10:18:16.989] [info] #48: Feasible / Total: 107483 / 199291
[2023-10-04 10:18:16.989] [info] Graph is not D-reducible.
[2023-10-04 10:18:17.044] [info] Started C-reducibility check
[2023-10-04 10:22:59.105] [info] Trying 48581647 possible contractions
[2023-10-04 10:22:59.105] [info] [0/48581647] Starting contraction of size 1
[2023-10-04 10:23:00.567] [info] All colors passed! Contracted: 16
[2023-10-04 10:23:00.567] [info] Graph is C-reducible!
