[2023-10-04 10:10:41.747] [info] Kempe type: Projective
[2023-10-04 10:10:41.766] [info] Vertex size: 25, Edge size: 43, Ring size: 11
[2023-10-04 10:10:41.798] [info] Started D-reducibility check
[2023-10-04 10:10:41.798] [info] #1: Feasible / Total: 1522 / 7381
[2023-10-04 10:10:42.787] [info] #2: Feasible / Total: 2071 / 7381
[2023-10-04 10:10:43.136] [info] #3: Feasible / Total: 2521 / 7381
[2023-10-04 10:10:43.550] [info] #4: Feasible / Total: 3078 / 7381
[2023-10-04 10:10:44.052] [info] #5: Feasible / Total: 4163 / 7381
[2023-10-04 10:10:44.431] [info] #6: Feasible / Total: 5569 / 7381
[2023-10-04 10:10:44.557] [info] #7: Feasible / Total: 6124 / 7381
[2023-10-04 10:10:44.575] [info] #8: Feasible / Total: 6181 / 7381
[2023-10-04 10:10:44.611] [info] #8: Feasible / Total: 6181 / 7381
[2023-10-04 10:10:44.611] [info] Graph is not D-reducible.
[2023-10-04 10:10:44.612] [info] Started C-reducibility check
[2023-10-04 10:10:49.799] [info] Trying 1039561 possible contractions
[2023-10-04 10:10:49.799] [info] [0/1039561] Starting contraction of size 1
[2023-10-04 10:10:51.099] [info] [32/1039561] Starting contraction of size 2
[2023-10-04 10:11:05.591] [info] [475/1039561] Starting contraction of size 3
[2023-10-04 10:11:32.044] [info] All colors passed! Contracted: 12, 24, 39
[2023-10-04 10:11:32.044] [info] Graph is C-reducible!
