[2023-10-04 10:10:41.942] [info] Kempe type: Projective
[2023-10-04 10:10:41.978] [info] Vertex size: 34, Edge size: 58, Ring size: 14
[2023-10-04 10:10:47.146] [info] Started D-reducibility check
[2023-10-04 10:10:47.146] [info] #1: Feasible / Total: 24962 / 199291
[2023-10-04 10:13:00.614] [info] #2: Feasible / Total: 34506 / 199291
[2023-10-04 10:13:44.001] [info] #3: Feasible / Total: 41583 / 199291
[2023-10-04 10:14:19.845] [info] #4: Feasible / Total: 48497 / 199291
[2023-10-04 10:15:18.160] [info] #5: Feasible / Total: 58041 / 199291
[2023-10-04 10:16:09.950] [info] #6: Feasible / Total: 70427 / 199291
[2023-10-04 10:17:08.046] [info] #7: Feasible / Total: 86074 / 199291
[2023-10-04 10:18:12.511] [info] #8: Feasible / Total: 111215 / 199291
[2023-10-04 10:18:54.214] [info] #9: Feasible / Total: 136726 / 199291
[2023-10-04 10:19:01.114] [info] #10: Feasible / Total: 140279 / 199291
[2023-10-04 10:19:02.998] [info] #11: Feasible / Total: 140590 / 199291
[2023-10-04 10:19:04.150] [info] #11: Feasible / Total: 140590 / 199291
[2023-10-04 10:19:04.150] [info] Graph is not D-reducible.
[2023-10-04 10:19:04.207] [info] Started C-reducibility check
[2023-10-04 10:24:27.805] [info] Trying 48604878 possible contractions
[2023-10-04 10:24:27.805] [info] [0/48604878] Starting contraction of size 1
[2023-10-04 10:25:26.232] [info] [44/48604878] Starting contraction of size 2
[2023-10-04 10:38:54.851] [info] [916/48604878] Starting contraction of size 3
[2023-10-04 12:15:27.764] [info] [11237/48604878] Starting contraction of size 4
[2023-10-04 12:16:23.067] [info] All colors passed! Contracted: 24, 30, 44, 54
[2023-10-04 12:16:23.068] [info] Graph is C-reducible!
