[2023-09-30 15:10:14.065] [info] Kempe type: Projective
[2023-09-30 15:10:14.065] [info] Vertex size: 34, Edge size: 58, Ring size: 14
[2023-09-30 15:10:15.923] [info] Started D-reducibility check
[2023-09-30 15:10:15.923] [info] #1: Feasible / Total: 26045 / 199291
[2023-09-30 15:11:36.649] [info] #2: Feasible / Total: 40656 / 199291
[2023-09-30 15:12:16.290] [info] #3: Feasible / Total: 53481 / 199291
[2023-09-30 15:12:48.749] [info] #4: Feasible / Total: 68013 / 199291
[2023-09-30 15:13:32.197] [info] #5: Feasible / Total: 88272 / 199291
[2023-09-30 15:14:04.415] [info] #6: Feasible / Total: 119074 / 199291
[2023-09-30 15:14:22.367] [info] #7: Feasible / Total: 145819 / 199291
[2023-09-30 15:14:24.339] [info] #8: Feasible / Total: 148690 / 199291
[2023-09-30 15:14:24.910] [info] #9: Feasible / Total: 148794 / 199291
[2023-09-30 15:14:25.388] [info] #10: Feasible / Total: 148807 / 199291
[2023-09-30 15:14:25.845] [info] #10: Feasible / Total: 148807 / 199291
[2023-09-30 15:14:25.845] [info] Graph is not D-reducible.
[2023-09-30 15:14:25.874] [info] Started C-reducibility check
[2023-09-30 15:16:48.864] [info] Trying 2440477 possible contractions
[2023-09-30 15:16:48.864] [info] [0/2440477] Starting contraction of size 1
[2023-09-30 15:17:31.440] [info] [44/2440477] Starting contraction of size 2
[2023-09-30 15:28:41.158] [info] [916/2440477] Starting contraction of size 3
[2023-09-30 15:29:44.611] [info] All colors passed! Contracted: 17, 47, 49
[2023-09-30 15:29:44.611] [info] Graph is C-reducible!
