[2023-10-01 00:58:46.325] [info] Kempe type: Projective
[2023-10-01 00:58:46.325] [info] Vertex size: 32, Edge size: 55, Ring size: 14
[2023-10-01 00:58:46.940] [info] Started D-reducibility check
[2023-10-01 00:58:46.940] [info] #1: Feasible / Total: 22776 / 199291
[2023-10-01 00:59:29.589] [info] #2: Feasible / Total: 27597 / 199291
[2023-10-01 00:59:42.396] [info] #3: Feasible / Total: 29704 / 199291
[2023-10-01 00:59:52.179] [info] #4: Feasible / Total: 31219 / 199291
[2023-10-01 01:00:00.817] [info] #5: Feasible / Total: 32592 / 199291
[2023-10-01 01:00:10.064] [info] #6: Feasible / Total: 34011 / 199291
[2023-10-01 01:00:19.823] [info] #7: Feasible / Total: 35482 / 199291
[2023-10-01 01:00:29.676] [info] #8: Feasible / Total: 37082 / 199291
[2023-10-01 01:00:40.703] [info] #9: Feasible / Total: 39061 / 199291
[2023-10-01 01:00:53.638] [info] #10: Feasible / Total: 41739 / 199291
[2023-10-01 01:01:14.020] [info] #11: Feasible / Total: 45532 / 199291
[2023-10-01 01:01:39.057] [info] #12: Feasible / Total: 50700 / 199291
[2023-10-01 01:02:10.369] [info] #13: Feasible / Total: 57323 / 199291
[2023-10-01 01:02:47.767] [info] #14: Feasible / Total: 67002 / 199291
[2023-10-01 01:03:36.132] [info] #15: Feasible / Total: 81333 / 199291
[2023-10-01 01:04:35.573] [info] #16: Feasible / Total: 103726 / 199291
[2023-10-01 01:05:28.693] [info] #17: Feasible / Total: 132843 / 199291
[2023-10-01 01:05:55.499] [info] #18: Feasible / Total: 150536 / 199291
[2023-10-01 01:06:00.403] [info] #19: Feasible / Total: 153058 / 199291
[2023-10-01 01:06:01.369] [info] #20: Feasible / Total: 153070 / 199291
[2023-10-01 01:06:02.298] [info] #20: Feasible / Total: 153070 / 199291
[2023-10-01 01:06:02.298] [info] Graph is not D-reducible.
[2023-10-01 01:06:02.350] [info] Started C-reducibility check
[2023-10-01 01:07:22.291] [info] Trying 1463391 possible contractions
[2023-10-01 01:07:22.291] [info] [0/1463391] Starting contraction of size 1
[2023-10-01 01:07:50.303] [info] [41/1463391] Starting contraction of size 2
[2023-10-01 01:14:23.196] [info] [793/1463391] Starting contraction of size 3
[2023-10-01 01:57:46.431] [info] [8968/1463391] Starting contraction of size 4
[2023-10-01 05:20:02.617] [info] [67849/1463391] Starting contraction of size 5
[2023-10-01 07:55:59.492] [info] All colors passed! Contracted: 15, 21, 35, 45, 48
[2023-10-01 07:55:59.492] [info] Graph is C-reducible!
