[2023-10-03 17:50:33.142] [info] Kempe type: Projective
[2023-10-03 17:50:33.170] [info] Vertex size: 34, Edge size: 58, Ring size: 14
[2023-10-03 17:50:35.700] [info] Started D-reducibility check
[2023-10-03 17:50:35.700] [info] #1: Feasible / Total: 24748 / 199291
[2023-10-03 17:53:50.293] [info] #2: Feasible / Total: 33468 / 199291
[2023-10-03 17:54:45.071] [info] #3: Feasible / Total: 40528 / 199291
[2023-10-03 17:55:54.352] [info] #4: Feasible / Total: 50244 / 199291
[2023-10-03 17:57:17.857] [info] #5: Feasible / Total: 66267 / 199291
[2023-10-03 17:58:52.310] [info] #6: Feasible / Total: 89557 / 199291
[2023-10-03 18:00:04.953] [info] #7: Feasible / Total: 114733 / 199291
[2023-10-03 18:00:48.831] [info] #8: Feasible / Total: 128597 / 199291
[2023-10-03 18:01:03.431] [info] #9: Feasible / Total: 132230 / 199291
[2023-10-03 18:01:06.127] [info] #10: Feasible / Total: 132383 / 199291
[2023-10-03 18:01:08.302] [info] #11: Feasible / Total: 132385 / 199291
[2023-10-03 18:01:10.417] [info] #11: Feasible / Total: 132385 / 199291
[2023-10-03 18:01:10.417] [info] Graph is not D-reducible.
[2023-10-03 18:01:10.518] [info] Started C-reducibility check
[2023-10-03 18:08:13.124] [info] Trying 48572520 possible contractions
[2023-10-03 18:08:13.125] [info] [0/48572520] Starting contraction of size 1
[2023-10-03 18:08:15.375] [info] All colors passed! Contracted: 33
[2023-10-03 18:08:15.375] [info] Graph is C-reducible!
