[2023-10-01 11:31:09.032] [info] Kempe type: Projective
[2023-10-01 11:31:09.032] [info] Vertex size: 33, Edge size: 56, Ring size: 13
[2023-10-01 11:31:12.872] [info] Started D-reducibility check
[2023-10-01 11:31:12.872] [info] #1: Feasible / Total: 11002 / 66430
[2023-10-01 11:31:39.152] [info] #2: Feasible / Total: 17005 / 66430
[2023-10-01 11:31:55.560] [info] #3: Feasible / Total: 23380 / 66430
[2023-10-01 11:32:07.659] [info] #4: Feasible / Total: 29572 / 66430
[2023-10-01 11:32:15.899] [info] #5: Feasible / Total: 35545 / 66430
[2023-10-01 11:32:19.720] [info] #6: Feasible / Total: 39360 / 66430
[2023-10-01 11:32:21.066] [info] #7: Feasible / Total: 40269 / 66430
[2023-10-01 11:32:21.641] [info] #8: Feasible / Total: 40291 / 66430
[2023-10-01 11:32:22.179] [info] #9: Feasible / Total: 40292 / 66430
[2023-10-01 11:32:22.736] [info] #9: Feasible / Total: 40292 / 66430
[2023-10-01 11:32:22.736] [info] Graph is not D-reducible.
[2023-10-01 11:32:22.769] [info] Started C-reducibility check
[2023-10-01 11:35:48.017] [info] Trying 2029804 possible contractions
[2023-10-01 11:35:48.017] [info] [0/2029804] Starting contraction of size 1
[2023-10-01 11:36:20.089] [info] [43/2029804] Starting contraction of size 2
[2023-10-01 11:42:57.919] [info] [873/2029804] Starting contraction of size 3
[2023-10-01 12:31:48.356] [info] [10406/2029804] Starting contraction of size 4
[2023-10-01 16:40:41.086] [info] [83274/2029804] Starting contraction of size 5
[2023-10-01 22:01:22.060] [info] All colors passed! Contracted: 20, 30, 32, 47, 53
[2023-10-01 22:01:22.060] [info] Graph is C-reducible!
