[2023-10-02 00:12:27.648] [info] Kempe type: Projective
[2023-10-02 00:12:27.690] [info] Vertex size: 33, Edge size: 56, Ring size: 13
[2023-10-02 00:12:30.268] [info] Started D-reducibility check
[2023-10-02 00:12:30.268] [info] #1: Feasible / Total: 11495 / 66430
[2023-10-02 00:13:11.738] [info] #2: Feasible / Total: 18397 / 66430
[2023-10-02 00:13:29.510] [info] #3: Feasible / Total: 24231 / 66430
[2023-10-02 00:13:45.864] [info] #4: Feasible / Total: 29795 / 66430
[2023-10-02 00:14:00.000] [info] #5: Feasible / Total: 36213 / 66430
[2023-10-02 00:14:04.381] [info] #6: Feasible / Total: 39571 / 66430
[2023-10-02 00:14:05.214] [info] #7: Feasible / Total: 39894 / 66430
[2023-10-02 00:14:06.028] [info] #8: Feasible / Total: 39922 / 66430
[2023-10-02 00:14:06.924] [info] #9: Feasible / Total: 39965 / 66430
[2023-10-02 00:14:07.710] [info] #10: Feasible / Total: 39990 / 66430
[2023-10-02 00:14:08.491] [info] #11: Feasible / Total: 39997 / 66430
[2023-10-02 00:14:09.286] [info] #12: Feasible / Total: 40001 / 66430
[2023-10-02 00:14:10.009] [info] #12: Feasible / Total: 40001 / 66430
[2023-10-02 00:14:10.009] [info] Graph is not D-reducible.
[2023-10-02 00:14:10.055] [info] Started C-reducibility check
[2023-10-02 00:19:47.716] [info] Trying 35622388 possible contractions
[2023-10-02 00:19:47.730] [info] [0/35622388] Starting contraction of size 1
[2023-10-02 00:20:24.097] [info] [43/35622388] Starting contraction of size 2
[2023-10-02 00:29:25.266] [info] [873/35622388] Starting contraction of size 3
[2023-10-02 01:31:35.556] [info] [10405/35622388] Starting contraction of size 4
[2023-10-02 04:31:04.408] [info] All colors passed! Contracted: 28, 30, 36, 51
[2023-10-02 04:31:04.408] [info] Graph is C-reducible!
