[2023-10-03 15:49:02.210] [info] Kempe type: Projective
[2023-10-03 15:49:02.232] [info] Vertex size: 32, Edge size: 55, Ring size: 14
[2023-10-03 15:49:05.557] [info] Started D-reducibility check
[2023-10-03 15:49:05.557] [info] #1: Feasible / Total: 22390 / 199291
[2023-10-03 15:51:29.346] [info] #2: Feasible / Total: 31877 / 199291
[2023-10-03 15:52:03.869] [info] #3: Feasible / Total: 37094 / 199291
[2023-10-03 15:52:36.072] [info] #4: Feasible / Total: 42229 / 199291
[2023-10-03 15:53:08.287] [info] #5: Feasible / Total: 48613 / 199291
[2023-10-03 15:53:55.340] [info] #6: Feasible / Total: 56980 / 199291
[2023-10-03 15:54:52.036] [info] #7: Feasible / Total: 68352 / 199291
[2023-10-03 15:55:58.753] [info] #8: Feasible / Total: 85444 / 199291
[2023-10-03 15:57:06.976] [info] #9: Feasible / Total: 109383 / 199291
[2023-10-03 15:57:55.354] [info] #10: Feasible / Total: 132378 / 199291
[2023-10-03 15:58:06.539] [info] #11: Feasible / Total: 138339 / 199291
[2023-10-03 15:58:08.700] [info] #12: Feasible / Total: 138696 / 199291
[2023-10-03 15:58:10.285] [info] #13: Feasible / Total: 138701 / 199291
[2023-10-03 15:58:11.472] [info] #13: Feasible / Total: 138701 / 199291
[2023-10-03 15:58:11.472] [info] Graph is not D-reducible.
[2023-10-03 15:58:11.524] [info] Started C-reducibility check
[2023-10-03 15:59:52.559] [info] Trying 21216913 possible contractions
[2023-10-03 15:59:52.559] [info] [0/21216913] Starting contraction of size 1
[2023-10-03 15:59:54.874] [info] All colors passed! Contracted: 29
[2023-10-03 15:59:54.874] [info] Graph is C-reducible!
