[2023-09-30 16:28:17.885] [info] Kempe type: Projective
[2023-09-30 16:28:17.885] [info] Vertex size: 34, Edge size: 58, Ring size: 14
[2023-09-30 16:28:19.990] [info] Started D-reducibility check
[2023-09-30 16:28:19.990] [info] #1: Feasible / Total: 24982 / 199291
[2023-09-30 16:29:54.015] [info] #2: Feasible / Total: 49103 / 199291
[2023-09-30 16:30:17.890] [info] #3: Feasible / Total: 63270 / 199291
[2023-09-30 16:30:36.665] [info] #4: Feasible / Total: 75242 / 199291
[2023-09-30 16:30:53.949] [info] #5: Feasible / Total: 88512 / 199291
[2023-09-30 16:31:10.383] [info] #6: Feasible / Total: 103397 / 199291
[2023-09-30 16:31:26.128] [info] #7: Feasible / Total: 123130 / 199291
[2023-09-30 16:31:37.883] [info] #8: Feasible / Total: 140646 / 199291
[2023-09-30 16:31:40.184] [info] #9: Feasible / Total: 144926 / 199291
[2023-09-30 16:31:40.698] [info] #10: Feasible / Total: 144933 / 199291
[2023-09-30 16:31:41.189] [info] #10: Feasible / Total: 144933 / 199291
[2023-09-30 16:31:41.190] [info] Graph is not D-reducible.
[2023-09-30 16:31:41.219] [info] Started C-reducibility check
[2023-09-30 16:34:03.707] [info] Trying 2440504 possible contractions
[2023-09-30 16:34:03.708] [info] [0/2440504] Starting contraction of size 1
[2023-09-30 16:34:05.787] [info] All colors passed! Contracted: 37
[2023-09-30 16:34:05.787] [info] Graph is C-reducible!
