[2023-09-30 15:10:14.065] [info] Kempe type: Projective
[2023-09-30 15:10:14.065] [info] Vertex size: 31, Edge size: 53, Ring size: 13
[2023-09-30 15:10:14.795] [info] Started D-reducibility check
[2023-09-30 15:10:14.796] [info] #1: Feasible / Total: 10076 / 66430
[2023-09-30 15:10:26.417] [info] #2: Feasible / Total: 15392 / 66430
[2023-09-30 15:10:34.966] [info] #3: Feasible / Total: 20256 / 66430
[2023-09-30 15:10:42.254] [info] #4: Feasible / Total: 25850 / 66430
[2023-09-30 15:10:50.132] [info] #5: Feasible / Total: 34073 / 66430
[2023-09-30 15:10:56.346] [info] #6: Feasible / Total: 42893 / 66430
[2023-09-30 15:10:58.071] [info] #7: Feasible / Total: 46375 / 66430
[2023-09-30 15:10:58.387] [info] #8: Feasible / Total: 46483 / 66430
[2023-09-30 15:10:58.660] [info] #9: Feasible / Total: 46485 / 66430
[2023-09-30 15:10:58.915] [info] #9: Feasible / Total: 46485 / 66430
[2023-09-30 15:10:58.915] [info] Graph is not D-reducible.
[2023-09-30 15:10:58.932] [info] Started C-reducibility check
[2023-09-30 15:11:41.390] [info] Trying 1200194 possible contractions
[2023-09-30 15:11:41.394] [info] [0/1200194] Starting contraction of size 1
[2023-09-30 15:12:00.622] [info] [40/1200194] Starting contraction of size 2
[2023-09-30 15:15:33.176] [info] [753/1200194] Starting contraction of size 3
[2023-09-30 15:16:14.185] [info] All colors passed! Contracted: 17, 29, 33
[2023-09-30 15:16:14.185] [info] Graph is C-reducible!
