[2023-10-02 23:43:09.712] [info] Kempe type: Projective
[2023-10-02 23:43:09.766] [info] Vertex size: 32, Edge size: 55, Ring size: 14
[2023-10-02 23:43:12.596] [info] Started D-reducibility check
[2023-10-02 23:43:12.596] [info] #1: Feasible / Total: 20868 / 199291
[2023-10-02 23:45:17.565] [info] #2: Feasible / Total: 28912 / 199291
[2023-10-02 23:45:48.968] [info] #3: Feasible / Total: 33766 / 199291
[2023-10-02 23:46:11.393] [info] #4: Feasible / Total: 36506 / 199291
[2023-10-02 23:46:29.425] [info] #5: Feasible / Total: 38884 / 199291
[2023-10-02 23:46:51.610] [info] #6: Feasible / Total: 41300 / 199291
[2023-10-02 23:47:09.049] [info] #7: Feasible / Total: 44105 / 199291
[2023-10-02 23:47:28.421] [info] #8: Feasible / Total: 47778 / 199291
[2023-10-02 23:47:47.898] [info] #9: Feasible / Total: 51996 / 199291
[2023-10-02 23:48:20.972] [info] #10: Feasible / Total: 57181 / 199291
[2023-10-02 23:48:56.559] [info] #11: Feasible / Total: 64296 / 199291
[2023-10-02 23:49:34.898] [info] #12: Feasible / Total: 73022 / 199291
[2023-10-02 23:50:13.395] [info] #13: Feasible / Total: 83385 / 199291
[2023-10-02 23:50:53.119] [info] #14: Feasible / Total: 95634 / 199291
[2023-10-02 23:51:23.717] [info] #15: Feasible / Total: 106752 / 199291
[2023-10-02 23:51:36.707] [info] #16: Feasible / Total: 111472 / 199291
[2023-10-02 23:51:40.301] [info] #17: Feasible / Total: 112001 / 199291
[2023-10-02 23:51:42.531] [info] #18: Feasible / Total: 112010 / 199291
[2023-10-02 23:51:45.072] [info] #18: Feasible / Total: 112010 / 199291
[2023-10-02 23:51:45.072] [info] Graph is not D-reducible.
[2023-10-02 23:51:45.137] [info] Started C-reducibility check
[2023-10-02 23:53:18.004] [info] Trying 1463122 possible contractions
[2023-10-02 23:53:18.006] [info] [0/1463122] Starting contraction of size 1
[2023-10-02 23:53:19.674] [info] All colors passed! Contracted: 47
[2023-10-02 23:53:19.674] [info] Graph is C-reducible!
