[2023-09-30 17:37:16.268] [info] Kempe type: Projective
[2023-09-30 17:37:16.268] [info] Vertex size: 32, Edge size: 55, Ring size: 14
[2023-09-30 17:37:17.748] [info] Started D-reducibility check
[2023-09-30 17:37:17.761] [info] #1: Feasible / Total: 22229 / 199291
[2023-09-30 17:39:08.160] [info] #2: Feasible / Total: 32162 / 199291
[2023-09-30 17:39:27.642] [info] #3: Feasible / Total: 38529 / 199291
[2023-09-30 17:39:40.413] [info] #4: Feasible / Total: 43699 / 199291
[2023-09-30 17:39:55.135] [info] #5: Feasible / Total: 49578 / 199291
[2023-09-30 17:40:09.764] [info] #6: Feasible / Total: 57256 / 199291
[2023-09-30 17:40:32.621] [info] #7: Feasible / Total: 68133 / 199291
[2023-09-30 17:40:56.984] [info] #8: Feasible / Total: 83590 / 199291
[2023-09-30 17:41:26.171] [info] #9: Feasible / Total: 103031 / 199291
[2023-09-30 17:41:50.970] [info] #10: Feasible / Total: 125727 / 199291
[2023-09-30 17:42:02.337] [info] #11: Feasible / Total: 140014 / 199291
[2023-09-30 17:42:03.690] [info] #12: Feasible / Total: 141054 / 199291
[2023-09-30 17:42:04.300] [info] #12: Feasible / Total: 141054 / 199291
[2023-09-30 17:42:04.301] [info] Graph is not D-reducible.
[2023-09-30 17:42:04.329] [info] Started C-reducibility check
[2023-09-30 17:42:52.155] [info] Trying 1466062 possible contractions
[2023-09-30 17:42:52.155] [info] [0/1466062] Starting contraction of size 1
[2023-09-30 17:42:52.401] [info] All colors passed! Contracted: 22
[2023-09-30 17:42:52.401] [info] Graph is C-reducible!
