[2023-09-30 14:52:46.461] [info] Kempe type: Projective
[2023-09-30 14:52:46.461] [info] Vertex size: 22, Edge size: 38, Ring size: 10
[2023-09-30 14:52:46.486] [info] Started D-reducibility check
[2023-09-30 14:52:46.486] [info] #1: Feasible / Total: 575 / 2461
[2023-09-30 14:52:46.620] [info] #2: Feasible / Total: 713 / 2461
[2023-09-30 14:52:46.682] [info] #3: Feasible / Total: 857 / 2461
[2023-09-30 14:52:46.719] [info] #4: Feasible / Total: 939 / 2461
[2023-09-30 14:52:46.729] [info] #5: Feasible / Total: 1060 / 2461
[2023-09-30 14:52:46.765] [info] #6: Feasible / Total: 1220 / 2461
[2023-09-30 14:52:46.787] [info] #7: Feasible / Total: 1432 / 2461
[2023-09-30 14:52:46.791] [info] #8: Feasible / Total: 1488 / 2461
[2023-09-30 14:52:46.794] [info] #8: Feasible / Total: 1488 / 2461
[2023-09-30 14:52:46.794] [info] Graph is not D-reducible.
[2023-09-30 14:52:46.806] [info] Started C-reducibility check
[2023-09-30 14:52:47.044] [info] Trying 78212 possible contractions
[2023-09-30 14:52:47.044] [info] [0/78212] Starting contraction of size 1
[2023-09-30 14:52:47.263] [info] [28/78212] Starting contraction of size 2
[2023-09-30 14:52:49.842] [info] [360/78212] Starting contraction of size 3
[2023-09-30 14:52:59.124] [info] [2552/78212] Starting contraction of size 4
[2023-09-30 14:53:27.674] [info] [11495/78212] Starting contraction of size 5
[2023-09-30 14:54:13.573] [info] [35289/78212] Starting contraction of size 6
[2023-09-30 14:54:13.871] [info] All colors passed! Contracted: 14, 19, 21, 30, 32, 34
[2023-09-30 14:54:13.871] [info] Graph is C-reducible!
