[2023-10-02 19:57:05.308] [info] Kempe type: Projective
[2023-10-02 19:57:05.309] [info] Vertex size: 35, Edge size: 60, Ring size: 15
[2023-10-02 19:57:16.553] [info] Started D-reducibility check
[2023-10-02 19:57:16.553] [info] #1: Feasible / Total: 55981 / 597871
[2023-10-02 20:04:02.394] [info] #2: Feasible / Total: 86459 / 597871
[2023-10-02 20:06:29.672] [info] #3: Feasible / Total: 103553 / 597871
[2023-10-02 20:07:47.941] [info] #4: Feasible / Total: 118585 / 597871
[2023-10-02 20:08:58.025] [info] #5: Feasible / Total: 133256 / 597871
[2023-10-02 20:10:09.818] [info] #6: Feasible / Total: 148254 / 597871
[2023-10-02 20:11:27.024] [info] #7: Feasible / Total: 164948 / 597871
[2023-10-02 20:12:57.097] [info] #8: Feasible / Total: 185593 / 597871
[2023-10-02 20:14:43.191] [info] #9: Feasible / Total: 211566 / 597871
[2023-10-02 20:16:36.621] [info] #10: Feasible / Total: 243238 / 597871
[2023-10-02 20:18:35.623] [info] #11: Feasible / Total: 280494 / 597871
[2023-10-02 20:20:29.074] [info] #12: Feasible / Total: 323304 / 597871
[2023-10-02 20:21:48.565] [info] #13: Feasible / Total: 365923 / 597871
[2023-10-02 20:22:23.481] [info] #14: Feasible / Total: 388379 / 597871
[2023-10-02 20:22:30.963] [info] #15: Feasible / Total: 391671 / 597871
[2023-10-02 20:22:33.652] [info] #16: Feasible / Total: 391711 / 597871
[2023-10-02 20:22:36.202] [info] #16: Feasible / Total: 391711 / 597871
[2023-10-02 20:22:36.202] [info] Graph is not D-reducible.
[2023-10-02 20:22:36.287] [info] Started C-reducibility check
[2023-10-02 20:26:13.596] [info] Trying 2912762 possible contractions
[2023-10-02 20:26:13.597] [info] [0/2912762] Starting contraction of size 1
[2023-10-02 20:27:21.531] [info] [45/2912762] Starting contraction of size 2
[2023-10-02 20:47:00.061] [info] [960/2912762] Starting contraction of size 3
[2023-10-02 23:08:56.517] [info] All colors passed! Contracted: 42, 44, 57
[2023-10-02 23:08:56.517] [info] Graph is C-reducible!
