[2023-09-30 16:50:13.028] [info] Kempe type: Projective
[2023-09-30 16:50:13.029] [info] Vertex size: 32, Edge size: 55, Ring size: 14
[2023-09-30 16:50:14.177] [info] Started D-reducibility check
[2023-09-30 16:50:14.177] [info] #1: Feasible / Total: 21483 / 199291
[2023-09-30 16:51:24.888] [info] #2: Feasible / Total: 34642 / 199291
[2023-09-30 16:51:43.266] [info] #3: Feasible / Total: 42392 / 199291
[2023-09-30 16:51:55.392] [info] #4: Feasible / Total: 48796 / 199291
[2023-09-30 16:52:07.362] [info] #5: Feasible / Total: 55130 / 199291
[2023-09-30 16:52:23.556] [info] #6: Feasible / Total: 62577 / 199291
[2023-09-30 16:52:44.122] [info] #7: Feasible / Total: 72746 / 199291
[2023-09-30 16:53:15.478] [info] #8: Feasible / Total: 88573 / 199291
[2023-09-30 16:53:52.779] [info] #9: Feasible / Total: 113516 / 199291
[2023-09-30 16:54:14.362] [info] #10: Feasible / Total: 138896 / 199291
[2023-09-30 16:54:20.370] [info] #11: Feasible / Total: 148225 / 199291
[2023-09-30 16:54:21.274] [info] #12: Feasible / Total: 148596 / 199291
[2023-09-30 16:54:21.901] [info] #12: Feasible / Total: 148596 / 199291
[2023-09-30 16:54:21.901] [info] Graph is not D-reducible.
[2023-09-30 16:54:21.929] [info] Started C-reducibility check
[2023-09-30 16:55:11.131] [info] Trying 1463365 possible contractions
[2023-09-30 16:55:11.131] [info] [0/1463365] Starting contraction of size 1
[2023-09-30 16:55:14.475] [info] All colors passed! Contracted: 31
[2023-09-30 16:55:14.475] [info] Graph is C-reducible!
