[2023-10-05 16:00:26.440] [info] Kempe type: Projective
[2023-10-05 16:00:26.440] [info] Vertex size: 39, Edge size: 66, Ring size: 15
[2023-10-05 16:00:30.682] [info] Started D-reducibility check
[2023-10-05 16:00:30.682] [info] #1: Feasible / Total: 74135 / 597871
[2023-10-05 16:05:06.953] [info] #2: Feasible / Total: 104564 / 597871
[2023-10-05 16:08:52.566] [info] #3: Feasible / Total: 147664 / 597871
[2023-10-05 16:13:03.804] [info] #4: Feasible / Total: 207294 / 597871
[2023-10-05 16:17:05.519] [info] #5: Feasible / Total: 278811 / 597871
[2023-10-05 16:19:32.673] [info] #6: Feasible / Total: 352940 / 597871
[2023-10-05 16:20:23.022] [info] #7: Feasible / Total: 378106 / 597871
[2023-10-05 16:20:45.304] [info] #8: Feasible / Total: 383744 / 597871
[2023-10-05 16:20:58.486] [info] #9: Feasible / Total: 386468 / 597871
[2023-10-05 16:21:08.190] [info] #10: Feasible / Total: 387823 / 597871
[2023-10-05 16:21:17.718] [info] #11: Feasible / Total: 388744 / 597871
[2023-10-05 16:21:23.357] [info] #12: Feasible / Total: 389159 / 597871
[2023-10-05 16:21:27.224] [info] #13: Feasible / Total: 389206 / 597871
[2023-10-05 16:21:30.376] [info] #14: Feasible / Total: 389215 / 597871
[2023-10-05 16:21:33.761] [info] #14: Feasible / Total: 389215 / 597871
[2023-10-05 16:21:33.761] [info] Graph is not D-reducible.
[2023-10-05 16:21:33.865] [info] Started C-reducibility check
[2023-10-05 17:33:00.024] [info] Trying 102546425 possible contractions
[2023-10-05 17:33:00.024] [info] [0/102546425] Starting contraction of size 1
[2023-10-05 17:35:35.290] [info] All colors passed! Contracted: 20
[2023-10-05 17:35:35.291] [info] Graph is C-reducible!
