[2023-10-03 17:50:33.149] [info] Kempe type: Projective
[2023-10-03 17:50:33.194] [info] Vertex size: 31, Edge size: 53, Ring size: 13
[2023-10-03 17:50:34.096] [info] Started D-reducibility check
[2023-10-03 17:50:34.096] [info] #1: Feasible / Total: 9379 / 66430
[2023-10-03 17:51:06.410] [info] #2: Feasible / Total: 12569 / 66430
[2023-10-03 17:51:20.069] [info] #3: Feasible / Total: 15100 / 66430
[2023-10-03 17:51:31.904] [info] #4: Feasible / Total: 17433 / 66430
[2023-10-03 17:51:45.233] [info] #5: Feasible / Total: 20553 / 66430
[2023-10-03 17:52:05.026] [info] #6: Feasible / Total: 26020 / 66430
[2023-10-03 17:52:30.129] [info] #7: Feasible / Total: 37572 / 66430
[2023-10-03 17:52:47.915] [info] #8: Feasible / Total: 51712 / 66430
[2023-10-03 17:52:49.289] [info] #9: Feasible / Total: 54730 / 66430
[2023-10-03 17:52:49.563] [info] #10: Feasible / Total: 54733 / 66430
[2023-10-03 17:52:49.898] [info] #10: Feasible / Total: 54733 / 66430
[2023-10-03 17:52:49.914] [info] Graph is not D-reducible.
[2023-10-03 17:52:49.933] [info] Started C-reducibility check
[2023-10-03 17:54:36.489] [info] Trying 15257108 possible contractions
[2023-10-03 17:54:36.502] [info] [0/15257108] Starting contraction of size 1
[2023-10-03 17:54:39.060] [info] All colors passed! Contracted: 40
[2023-10-03 17:54:39.060] [info] Graph is C-reducible!
