[2023-09-30 14:52:46.485] [info] Kempe type: Projective
[2023-09-30 14:52:46.485] [info] Vertex size: 29, Edge size: 50, Ring size: 13
[2023-09-30 14:52:47.320] [info] Started D-reducibility check
[2023-09-30 14:52:47.320] [info] #1: Feasible / Total: 8896 / 66430
[2023-09-30 14:53:00.916] [info] #2: Feasible / Total: 12376 / 66430
[2023-09-30 14:53:05.215] [info] #3: Feasible / Total: 14070 / 66430
[2023-09-30 14:53:07.585] [info] #4: Feasible / Total: 15849 / 66430
[2023-09-30 14:53:09.974] [info] #5: Feasible / Total: 18602 / 66430
[2023-09-30 14:53:15.246] [info] #6: Feasible / Total: 23701 / 66430
[2023-09-30 14:53:21.103] [info] #7: Feasible / Total: 32021 / 66430
[2023-09-30 14:53:27.302] [info] #8: Feasible / Total: 42434 / 66430
[2023-09-30 14:53:30.156] [info] #9: Feasible / Total: 50110 / 66430
[2023-09-30 14:53:30.916] [info] #10: Feasible / Total: 51756 / 66430
[2023-09-30 14:53:31.087] [info] #11: Feasible / Total: 51826 / 66430
[2023-09-30 14:53:31.188] [info] #11: Feasible / Total: 51826 / 66430
[2023-09-30 14:53:31.188] [info] Graph is not D-reducible.
[2023-09-30 14:53:31.198] [info] Started C-reducibility check
[2023-09-30 14:53:38.626] [info] Trying 678909 possible contractions
[2023-09-30 14:53:38.626] [info] [0/678909] Starting contraction of size 1
[2023-09-30 14:53:39.541] [info] All colors passed! Contracted: 21
[2023-09-30 14:53:39.541] [info] Graph is C-reducible!
