[2023-10-04 10:10:41.944] [info] Kempe type: Projective
[2023-10-04 10:10:41.990] [info] Vertex size: 31, Edge size: 53, Ring size: 13
[2023-10-04 10:10:43.758] [info] Started D-reducibility check
[2023-10-04 10:10:43.758] [info] #1: Feasible / Total: 9693 / 66430
[2023-10-04 10:11:13.333] [info] #2: Feasible / Total: 13940 / 66430
[2023-10-04 10:11:27.504] [info] #3: Feasible / Total: 17957 / 66430
[2023-10-04 10:11:42.961] [info] #4: Feasible / Total: 23807 / 66430
[2023-10-04 10:12:02.234] [info] #5: Feasible / Total: 34164 / 66430
[2023-10-04 10:12:14.299] [info] #6: Feasible / Total: 44879 / 66430
[2023-10-04 10:12:16.552] [info] #7: Feasible / Total: 46972 / 66430
[2023-10-04 10:12:17.296] [info] #8: Feasible / Total: 47086 / 66430
[2023-10-04 10:12:17.842] [info] #9: Feasible / Total: 47104 / 66430
[2023-10-04 10:12:18.260] [info] #9: Feasible / Total: 47104 / 66430
[2023-10-04 10:12:18.260] [info] Graph is not D-reducible.
[2023-10-04 10:12:18.288] [info] Started C-reducibility check
[2023-10-04 10:13:42.087] [info] Trying 15199481 possible contractions
[2023-10-04 10:13:42.087] [info] [0/15199481] Starting contraction of size 1
[2023-10-04 10:14:09.403] [info] [40/15199481] Starting contraction of size 2
[2023-10-04 10:19:44.368] [info] [753/15199481] Starting contraction of size 3
[2023-10-04 10:26:19.604] [info] All colors passed! Contracted: 33, 44, 49
[2023-10-04 10:26:19.604] [info] Graph is C-reducible!
