[2023-10-03 15:49:02.137] [info] Kempe type: Projective
[2023-10-03 15:49:02.137] [info] Vertex size: 35, Edge size: 60, Ring size: 15
[2023-10-03 15:49:04.052] [info] Started D-reducibility check
[2023-10-03 15:49:04.052] [info] #1: Feasible / Total: 53994 / 597871
[2023-10-03 15:55:39.511] [info] #2: Feasible / Total: 81449 / 597871
[2023-10-03 15:59:07.389] [info] #3: Feasible / Total: 98680 / 597871
[2023-10-03 16:01:47.022] [info] #4: Feasible / Total: 114045 / 597871
[2023-10-03 16:04:14.339] [info] #5: Feasible / Total: 132878 / 597871
[2023-10-03 16:06:35.872] [info] #6: Feasible / Total: 157214 / 597871
[2023-10-03 16:09:32.206] [info] #7: Feasible / Total: 186746 / 597871
[2023-10-03 16:12:23.153] [info] #8: Feasible / Total: 221182 / 597871
[2023-10-03 16:14:53.775] [info] #9: Feasible / Total: 258124 / 597871
[2023-10-03 16:17:20.713] [info] #10: Feasible / Total: 302059 / 597871
[2023-10-03 16:19:13.769] [info] #11: Feasible / Total: 345395 / 597871
[2023-10-03 16:19:44.862] [info] #12: Feasible / Total: 362824 / 597871
[2023-10-03 16:19:50.168] [info] #13: Feasible / Total: 363625 / 597871
[2023-10-03 16:19:54.131] [info] #14: Feasible / Total: 363637 / 597871
[2023-10-03 16:19:59.182] [info] #14: Feasible / Total: 363637 / 597871
[2023-10-03 16:19:59.182] [info] Graph is not D-reducible.
[2023-10-03 16:19:59.343] [info] Started C-reducibility check
[2023-10-03 16:25:46.946] [info] Trying 65441938 possible contractions
[2023-10-03 16:25:46.947] [info] [0/65441938] Starting contraction of size 1
[2023-10-03 16:25:50.103] [info] All colors passed! Contracted: 46
[2023-10-03 16:25:50.103] [info] Graph is C-reducible!
