[2023-10-03 17:50:32.992] [info] Kempe type: Projective
[2023-10-03 17:50:32.994] [info] Vertex size: 37, Edge size: 63, Ring size: 15
[2023-10-03 17:50:47.294] [info] Started D-reducibility check
[2023-10-03 17:50:47.294] [info] #1: Feasible / Total: 61469 / 597871
[2023-10-03 17:59:08.453] [info] #2: Feasible / Total: 84151 / 597871
[2023-10-03 18:04:05.725] [info] #3: Feasible / Total: 105585 / 597871
[2023-10-03 18:09:21.523] [info] #4: Feasible / Total: 131999 / 597871
[2023-10-03 18:15:47.057] [info] #5: Feasible / Total: 176662 / 597871
[2023-10-03 18:24:49.726] [info] #6: Feasible / Total: 259202 / 597871
[2023-10-03 18:33:54.632] [info] #7: Feasible / Total: 381530 / 597871
[2023-10-03 18:40:52.710] [info] #8: Feasible / Total: 526699 / 597871
[2023-10-03 18:42:03.123] [info] #9: Feasible / Total: 580718 / 597871
[2023-10-03 18:42:03.604] [info] #10: Feasible / Total: 580723 / 597871
[2023-10-03 18:42:04.060] [info] #10: Feasible / Total: 580723 / 597871
[2023-10-03 18:42:04.060] [info] Graph is not D-reducible.
[2023-10-03 18:42:04.270] [info] Started C-reducibility check
[2023-10-03 19:07:07.374] [info] Trying 139012485 possible contractions
[2023-10-03 19:07:07.386] [info] [0/139012485] Starting contraction of size 1
[2023-10-03 19:08:35.736] [info] [48/139012485] Starting contraction of size 2
[2023-10-03 19:36:46.804] [info] [1095/139012485] Starting contraction of size 3
[2023-10-03 20:20:09.066] [info] All colors passed! Contracted: 17, 46, 51
[2023-10-03 20:20:09.066] [info] Graph is C-reducible!
