[2023-10-03 17:50:33.121] [info] Kempe type: Projective
[2023-10-03 17:50:33.154] [info] Vertex size: 35, Edge size: 60, Ring size: 15
[2023-10-03 17:50:43.712] [info] Started D-reducibility check
[2023-10-03 17:50:43.712] [info] #1: Feasible / Total: 53710 / 597871
[2023-10-03 18:01:55.649] [info] #2: Feasible / Total: 88160 / 597871
[2023-10-03 18:06:43.074] [info] #3: Feasible / Total: 112723 / 597871
[2023-10-03 18:10:54.907] [info] #4: Feasible / Total: 137355 / 597871
[2023-10-03 18:15:15.793] [info] #5: Feasible / Total: 169052 / 597871
[2023-10-03 18:20:49.824] [info] #6: Feasible / Total: 218995 / 597871
[2023-10-03 18:27:34.925] [info] #7: Feasible / Total: 293845 / 597871
[2023-10-03 18:33:29.041] [info] #8: Feasible / Total: 378507 / 597871
[2023-10-03 18:34:51.297] [info] #9: Feasible / Total: 415081 / 597871
[2023-10-03 18:34:57.087] [info] #10: Feasible / Total: 415616 / 597871
[2023-10-03 18:35:01.732] [info] #10: Feasible / Total: 415616 / 597871
[2023-10-03 18:35:01.732] [info] Graph is not D-reducible.
[2023-10-03 18:35:01.923] [info] Started C-reducibility check
[2023-10-03 18:42:54.618] [info] Trying 65717059 possible contractions
[2023-10-03 18:42:54.618] [info] [0/65717059] Starting contraction of size 1
[2023-10-03 18:43:26.519] [info] All colors passed! Contracted: 30
[2023-10-03 18:43:26.520] [info] Graph is C-reducible!
