[2023-09-30 14:55:36.231] [info] Kempe type: Projective
[2023-09-30 14:55:36.231] [info] Vertex size: 31, Edge size: 53, Ring size: 13
[2023-09-30 14:55:37.442] [info] Started D-reducibility check
[2023-09-30 14:55:37.442] [info] #1: Feasible / Total: 9464 / 66430
[2023-09-30 14:55:53.152] [info] #2: Feasible / Total: 12712 / 66430
[2023-09-30 14:56:00.104] [info] #3: Feasible / Total: 15782 / 66430
[2023-09-30 14:56:06.960] [info] #4: Feasible / Total: 18880 / 66430
[2023-09-30 14:56:13.639] [info] #5: Feasible / Total: 21567 / 66430
[2023-09-30 14:56:17.157] [info] #6: Feasible / Total: 23687 / 66430
[2023-09-30 14:56:18.944] [info] #7: Feasible / Total: 25612 / 66430
[2023-09-30 14:56:20.168] [info] #8: Feasible / Total: 27311 / 66430
[2023-09-30 14:56:21.439] [info] #9: Feasible / Total: 29433 / 66430
[2023-09-30 14:56:22.625] [info] #10: Feasible / Total: 31606 / 66430
[2023-09-30 14:56:23.130] [info] #11: Feasible / Total: 32126 / 66430
[2023-09-30 14:56:23.552] [info] #12: Feasible / Total: 32383 / 66430
[2023-09-30 14:56:23.952] [info] #13: Feasible / Total: 32729 / 66430
[2023-09-30 14:56:24.475] [info] #14: Feasible / Total: 33198 / 66430
[2023-09-30 14:56:24.863] [info] #15: Feasible / Total: 33365 / 66430
[2023-09-30 14:56:25.206] [info] #16: Feasible / Total: 33386 / 66430
[2023-09-30 14:56:25.460] [info] #17: Feasible / Total: 33387 / 66430
[2023-09-30 14:56:25.718] [info] #17: Feasible / Total: 33387 / 66430
[2023-09-30 14:56:25.718] [info] Graph is not D-reducible.
[2023-09-30 14:56:25.729] [info] Started C-reducibility check
[2023-09-30 14:56:51.972] [info] Trying 1202732 possible contractions
[2023-09-30 14:56:51.972] [info] [0/1202732] Starting contraction of size 1
[2023-09-30 14:56:58.233] [info] [40/1202732] Starting contraction of size 2
[2023-09-30 14:58:28.545] [info] [753/1202732] Starting contraction of size 3
[2023-09-30 15:10:50.425] [info] [8255/1202732] Starting contraction of size 4
[2023-09-30 15:14:46.889] [info] All colors passed! Contracted: 15, 25, 29, 44
[2023-09-30 15:14:46.889] [info] Graph is C-reducible!
