[2023-10-04 21:56:06.782] [info] Kempe type: Projective
[2023-10-04 21:56:06.788] [info] Vertex size: 31, Edge size: 53, Ring size: 13
[2023-10-04 21:56:07.620] [info] Started D-reducibility check
[2023-10-04 21:56:07.620] [info] #1: Feasible / Total: 8692 / 66430
[2023-10-04 21:56:18.270] [info] #2: Feasible / Total: 12777 / 66430
[2023-10-04 21:56:25.924] [info] #3: Feasible / Total: 16339 / 66430
[2023-10-04 21:56:31.917] [info] #4: Feasible / Total: 19387 / 66430
[2023-10-04 21:56:37.341] [info] #5: Feasible / Total: 22528 / 66430
[2023-10-04 21:56:43.141] [info] #6: Feasible / Total: 26862 / 66430
[2023-10-04 21:56:47.527] [info] #7: Feasible / Total: 31105 / 66430
[2023-10-04 21:56:49.673] [info] #8: Feasible / Total: 33197 / 66430
[2023-10-04 21:56:50.897] [info] #9: Feasible / Total: 34103 / 66430
[2023-10-04 21:56:51.701] [info] #10: Feasible / Total: 34574 / 66430
[2023-10-04 21:56:52.258] [info] #11: Feasible / Total: 34683 / 66430
[2023-10-04 21:56:52.732] [info] #11: Feasible / Total: 34683 / 66430
[2023-10-04 21:56:52.732] [info] Graph is not D-reducible.
[2023-10-04 21:56:52.744] [info] Started C-reducibility check
[2023-10-04 21:57:50.934] [info] Trying 15192928 possible contractions
[2023-10-04 21:57:50.934] [info] [0/15192928] Starting contraction of size 1
[2023-10-04 21:57:53.538] [info] All colors passed! Contracted: 44
[2023-10-04 21:57:53.538] [info] Graph is C-reducible!
