[2023-10-02 23:43:09.812] [info] Kempe type: Projective
[2023-10-02 23:43:09.882] [info] Vertex size: 38, Edge size: 65, Ring size: 16
[2023-10-02 23:43:37.849] [info] Started D-reducibility check
[2023-10-02 23:43:37.874] [info] #1: Feasible / Total: 141659 / 1793614
[2023-10-03 00:43:41.344] [info] #2: Feasible / Total: 211213 / 1793614
[2023-10-03 01:03:14.163] [info] #3: Feasible / Total: 263525 / 1793614
[2023-10-03 01:18:54.276] [info] #4: Feasible / Total: 310561 / 1793614
[2023-10-03 01:33:30.965] [info] #5: Feasible / Total: 361987 / 1793614
[2023-10-03 01:50:10.576] [info] #6: Feasible / Total: 424121 / 1793614
[2023-10-03 02:09:57.936] [info] #7: Feasible / Total: 501019 / 1793614
[2023-10-03 02:32:02.218] [info] #8: Feasible / Total: 598345 / 1793614
[2023-10-03 02:57:41.702] [info] #9: Feasible / Total: 729025 / 1793614
[2023-10-03 03:28:38.535] [info] #10: Feasible / Total: 906936 / 1793614
[2023-10-03 03:59:47.457] [info] #11: Feasible / Total: 1157314 / 1793614
[2023-10-03 04:10:57.094] [info] #12: Feasible / Total: 1336175 / 1793614
[2023-10-03 04:11:51.933] [info] #13: Feasible / Total: 1349953 / 1793614
[2023-10-03 04:12:06.361] [info] #14: Feasible / Total: 1350316 / 1793614
[2023-10-03 04:12:18.197] [info] #15: Feasible / Total: 1350331 / 1793614
[2023-10-03 04:12:29.951] [info] #15: Feasible / Total: 1350331 / 1793614
[2023-10-03 04:12:29.951] [info] Graph is not D-reducible.
[2023-10-03 04:12:30.487] [info] Started C-reducibility check
[2023-10-03 04:36:50.694] [info] Trying 5414135 possible contractions
[2023-10-03 04:36:50.694] [info] [0/5414135] Starting contraction of size 1
[2023-10-03 04:36:54.558] [info] All colors passed! Contracted: 27
[2023-10-03 04:36:54.558] [info] Graph is C-reducible!
