[2023-10-01 11:31:08.965] [info] Kempe type: Projective
[2023-10-01 11:31:08.965] [info] Vertex size: 37, Edge size: 63, Ring size: 15
[2023-10-01 11:31:23.271] [info] Started D-reducibility check
[2023-10-01 11:31:23.271] [info] #1: Feasible / Total: 63351 / 597871
[2023-10-01 11:41:03.432] [info] #2: Feasible / Total: 109290 / 597871
[2023-10-01 11:44:59.150] [info] #3: Feasible / Total: 144464 / 597871
[2023-10-01 11:48:44.423] [info] #4: Feasible / Total: 182591 / 597871
[2023-10-01 11:54:46.870] [info] #5: Feasible / Total: 247655 / 597871
[2023-10-01 12:01:08.870] [info] #6: Feasible / Total: 355493 / 597871
[2023-10-01 12:03:40.898] [info] #7: Feasible / Total: 431334 / 597871
[2023-10-01 12:04:01.918] [info] #8: Feasible / Total: 438555 / 597871
[2023-10-01 12:04:08.928] [info] #9: Feasible / Total: 439841 / 597871
[2023-10-01 12:04:13.081] [info] #10: Feasible / Total: 440136 / 597871
[2023-10-01 12:04:15.950] [info] #11: Feasible / Total: 440139 / 597871
[2023-10-01 12:04:20.082] [info] #11: Feasible / Total: 440139 / 597871
[2023-10-01 12:04:20.082] [info] Graph is not D-reducible.
[2023-10-01 12:04:20.253] [info] Started C-reducibility check
[2023-10-01 12:21:57.427] [info] Trying 4615582 possible contractions
[2023-10-01 12:21:57.427] [info] [0/4615582] Starting contraction of size 1
[2023-10-01 12:23:47.873] [info] [48/4615582] Starting contraction of size 2
[2023-10-01 12:56:47.868] [info] [1095/4615582] Starting contraction of size 3
[2023-10-01 18:17:25.888] [info] [14869/4615582] Starting contraction of size 4
[2023-10-01 22:17:21.924] [info] All colors passed! Contracted: 28, 29, 51, 62
[2023-10-01 22:17:21.925] [info] Graph is C-reducible!
