[2023-10-03 17:50:33.060] [info] Kempe type: Projective
[2023-10-03 17:50:33.090] [info] Vertex size: 28, Edge size: 48, Ring size: 12
[2023-10-03 17:50:33.275] [info] Started D-reducibility check
[2023-10-03 17:50:33.275] [info] #1: Feasible / Total: 3886 / 22144
[2023-10-03 17:50:41.698] [info] #2: Feasible / Total: 5496 / 22144
[2023-10-03 17:50:44.488] [info] #3: Feasible / Total: 6408 / 22144
[2023-10-03 17:50:47.104] [info] #4: Feasible / Total: 7516 / 22144
[2023-10-03 17:50:50.505] [info] #5: Feasible / Total: 9640 / 22144
[2023-10-03 17:50:54.126] [info] #6: Feasible / Total: 12275 / 22144
[2023-10-03 17:50:56.842] [info] #7: Feasible / Total: 14689 / 22144
[2023-10-03 17:50:57.916] [info] #8: Feasible / Total: 15461 / 22144
[2023-10-03 17:50:58.186] [info] #9: Feasible / Total: 15481 / 22144
[2023-10-03 17:50:58.377] [info] #9: Feasible / Total: 15481 / 22144
[2023-10-03 17:50:58.377] [info] Graph is not D-reducible.
[2023-10-03 17:50:58.421] [info] Started C-reducibility check
[2023-10-03 17:51:28.619] [info] Trying 4250890 possible contractions
[2023-10-03 17:51:28.619] [info] [0/4250890] Starting contraction of size 1
[2023-10-03 17:51:33.278] [info] [36/4250890] Starting contraction of size 2
[2023-10-03 17:52:02.426] [info] All colors passed! Contracted: 29, 40
[2023-10-03 17:52:02.427] [info] Graph is C-reducible!
