[2023-09-30 16:50:13.028] [info] Kempe type: Projective
[2023-09-30 16:50:13.029] [info] Vertex size: 26, Edge size: 45, Ring size: 12
[2023-09-30 16:50:13.074] [info] Started D-reducibility check
[2023-09-30 16:50:13.074] [info] #1: Feasible / Total: 3397 / 22144
[2023-09-30 16:50:15.512] [info] #2: Feasible / Total: 5003 / 22144
[2023-09-30 16:50:16.141] [info] #3: Feasible / Total: 5549 / 22144
[2023-09-30 16:50:16.576] [info] #4: Feasible / Total: 5979 / 22144
[2023-09-30 16:50:16.919] [info] #5: Feasible / Total: 6334 / 22144
[2023-09-30 16:50:17.444] [info] #6: Feasible / Total: 6773 / 22144
[2023-09-30 16:50:18.137] [info] #7: Feasible / Total: 7381 / 22144
[2023-09-30 16:50:18.778] [info] #8: Feasible / Total: 8416 / 22144
[2023-09-30 16:50:19.440] [info] #9: Feasible / Total: 9547 / 22144
[2023-09-30 16:50:19.927] [info] #10: Feasible / Total: 10564 / 22144
[2023-09-30 16:50:20.373] [info] #11: Feasible / Total: 11299 / 22144
[2023-09-30 16:50:20.636] [info] #12: Feasible / Total: 11681 / 22144
[2023-09-30 16:50:20.799] [info] #13: Feasible / Total: 11862 / 22144
[2023-09-30 16:50:20.954] [info] #14: Feasible / Total: 12008 / 22144
[2023-09-30 16:50:21.045] [info] #15: Feasible / Total: 12180 / 22144
[2023-09-30 16:50:21.108] [info] #16: Feasible / Total: 12263 / 22144
[2023-09-30 16:50:21.170] [info] #17: Feasible / Total: 12340 / 22144
[2023-09-30 16:50:21.221] [info] #18: Feasible / Total: 12350 / 22144
[2023-09-30 16:50:21.269] [info] #18: Feasible / Total: 12350 / 22144
[2023-09-30 16:50:21.269] [info] Graph is not D-reducible.
[2023-09-30 16:50:21.273] [info] Started C-reducibility check
[2023-09-30 16:50:22.584] [info] Trying 284976 possible contractions
[2023-09-30 16:50:22.584] [info] [0/284976] Starting contraction of size 1
[2023-09-30 16:50:23.218] [info] [33/284976] Starting contraction of size 2
[2023-09-30 16:50:33.908] [info] [507/284976] Starting contraction of size 3
[2023-09-30 16:52:03.843] [info] [4420/284976] Starting contraction of size 4
[2023-09-30 16:56:04.749] [info] All colors passed! Contracted: 15, 27, 41, 42
[2023-09-30 16:56:04.749] [info] Graph is C-reducible!
