[2023-10-03 17:50:33.106] [info] Kempe type: Projective
[2023-10-03 17:50:33.114] [info] Vertex size: 34, Edge size: 58, Ring size: 14
[2023-10-03 17:50:38.270] [info] Started D-reducibility check
[2023-10-03 17:50:38.270] [info] #1: Feasible / Total: 24107 / 199291
[2023-10-03 17:52:01.530] [info] #2: Feasible / Total: 32241 / 199291
[2023-10-03 17:52:37.138] [info] #3: Feasible / Total: 37264 / 199291
[2023-10-03 17:53:05.235] [info] #4: Feasible / Total: 40865 / 199291
[2023-10-03 17:53:33.942] [info] #5: Feasible / Total: 44791 / 199291
[2023-10-03 17:54:01.817] [info] #6: Feasible / Total: 49712 / 199291
[2023-10-03 17:54:35.686] [info] #7: Feasible / Total: 55999 / 199291
[2023-10-03 17:55:10.896] [info] #8: Feasible / Total: 63657 / 199291
[2023-10-03 17:55:57.562] [info] #9: Feasible / Total: 73533 / 199291
[2023-10-03 17:56:51.286] [info] #10: Feasible / Total: 87707 / 199291
[2023-10-03 17:58:06.829] [info] #11: Feasible / Total: 109046 / 199291
[2023-10-03 17:59:18.726] [info] #12: Feasible / Total: 132210 / 199291
[2023-10-03 17:59:44.520] [info] #13: Feasible / Total: 142997 / 199291
[2023-10-03 17:59:50.174] [info] #14: Feasible / Total: 144776 / 199291
[2023-10-03 17:59:51.994] [info] #15: Feasible / Total: 144828 / 199291
[2023-10-03 17:59:52.880] [info] #15: Feasible / Total: 144828 / 199291
[2023-10-03 17:59:52.881] [info] Graph is not D-reducible.
[2023-10-03 17:59:52.928] [info] Started C-reducibility check
[2023-10-03 18:06:41.452] [info] Trying 48388636 possible contractions
[2023-10-03 18:06:41.466] [info] [0/48388636] Starting contraction of size 1
[2023-10-03 18:07:45.145] [info] [44/48388636] Starting contraction of size 2
[2023-10-03 18:25:03.570] [info] [916/48388636] Starting contraction of size 3
[2023-10-03 20:22:18.871] [info] [11236/48388636] Starting contraction of size 4
[2023-10-04 05:40:18.394] [info] [92824/48388636] Starting contraction of size 5
[2023-10-05 17:08:41.328] [info] All colors passed! Contracted: 14, 43, 45, 48, 53
[2023-10-05 17:08:41.328] [info] Graph is C-reducible!
