[2023-10-04 16:22:03.937] [info] Kempe type: Projective
[2023-10-04 16:22:03.990] [info] Vertex size: 35, Edge size: 59, Ring size: 13
[2023-10-04 16:22:06.489] [info] Started D-reducibility check
[2023-10-04 16:22:06.502] [info] #1: Feasible / Total: 13186 / 66430
[2023-10-04 16:22:35.486] [info] #2: Feasible / Total: 19619 / 66430
[2023-10-04 16:22:49.839] [info] #3: Feasible / Total: 25531 / 66430
[2023-10-04 16:23:05.811] [info] #4: Feasible / Total: 32863 / 66430
[2023-10-04 16:23:21.319] [info] #5: Feasible / Total: 44894 / 66430
[2023-10-04 16:23:25.768] [info] #6: Feasible / Total: 49587 / 66430
[2023-10-04 16:23:27.675] [info] #7: Feasible / Total: 50348 / 66430
[2023-10-04 16:23:28.861] [info] #8: Feasible / Total: 50778 / 66430
[2023-10-04 16:23:29.468] [info] #9: Feasible / Total: 50947 / 66430
[2023-10-04 16:23:29.850] [info] #10: Feasible / Total: 50954 / 66430
[2023-10-04 16:23:30.161] [info] #10: Feasible / Total: 50954 / 66430
[2023-10-04 16:23:30.170] [info] Graph is not D-reducible.
[2023-10-04 16:23:30.190] [info] Started C-reducibility check
[2023-10-04 16:34:41.719] [info] Trying 79184662 possible contractions
[2023-10-04 16:34:41.720] [info] [0/79184662] Starting contraction of size 1
[2023-10-04 16:34:54.492] [info] All colors passed! Contracted: 44
[2023-10-04 16:34:54.493] [info] Graph is C-reducible!
