[2023-10-03 17:50:32.908] [info] Kempe type: Projective
[2023-10-03 17:50:32.914] [info] Vertex size: 37, Edge size: 63, Ring size: 15
[2023-10-03 17:50:50.705] [info] Started D-reducibility check
[2023-10-03 17:50:50.705] [info] #1: Feasible / Total: 60565 / 597871
[2023-10-03 17:59:30.876] [info] #2: Feasible / Total: 78226 / 597871
[2023-10-03 18:02:31.934] [info] #3: Feasible / Total: 89360 / 597871
[2023-10-03 18:04:49.980] [info] #4: Feasible / Total: 97397 / 597871
[2023-10-03 18:07:04.075] [info] #5: Feasible / Total: 105980 / 597871
[2023-10-03 18:09:15.024] [info] #6: Feasible / Total: 116192 / 597871
[2023-10-03 18:11:20.126] [info] #7: Feasible / Total: 127978 / 597871
[2023-10-03 18:13:49.065] [info] #8: Feasible / Total: 142240 / 597871
[2023-10-03 18:16:32.701] [info] #9: Feasible / Total: 161248 / 597871
[2023-10-03 18:19:58.668] [info] #10: Feasible / Total: 186660 / 597871
[2023-10-03 18:23:35.771] [info] #11: Feasible / Total: 217787 / 597871
[2023-10-03 18:27:40.206] [info] #12: Feasible / Total: 256082 / 597871
[2023-10-03 18:31:57.718] [info] #13: Feasible / Total: 305242 / 597871
[2023-10-03 18:35:00.766] [info] #14: Feasible / Total: 337588 / 597871
[2023-10-03 18:35:52.038] [info] #15: Feasible / Total: 346070 / 597871
[2023-10-03 18:36:02.862] [info] #16: Feasible / Total: 346740 / 597871
[2023-10-03 18:36:09.496] [info] #17: Feasible / Total: 346750 / 597871
[2023-10-03 18:36:16.072] [info] #17: Feasible / Total: 346750 / 597871
[2023-10-03 18:36:16.072] [info] Graph is not D-reducible.
[2023-10-03 18:36:16.291] [info] Started C-reducibility check
[2023-10-03 19:03:04.164] [info] Trying 139021840 possible contractions
[2023-10-03 19:03:04.164] [info] [0/139021840] Starting contraction of size 1
[2023-10-03 19:03:06.430] [info] All colors passed! Contracted: 17
[2023-10-03 19:03:06.430] [info] Graph is C-reducible!
