[2023-10-02 23:43:09.787] [info] Kempe type: Projective
[2023-10-02 23:43:09.902] [info] Vertex size: 38, Edge size: 65, Ring size: 16
[2023-10-02 23:43:44.866] [info] Started D-reducibility check
[2023-10-02 23:43:44.882] [info] #1: Feasible / Total: 141722 / 1793614
[2023-10-03 00:28:30.201] [info] #2: Feasible / Total: 196131 / 1793614
[2023-10-03 00:39:51.018] [info] #3: Feasible / Total: 221847 / 1793614
[2023-10-03 00:47:58.196] [info] #4: Feasible / Total: 237921 / 1793614
[2023-10-03 00:53:36.067] [info] #5: Feasible / Total: 249654 / 1793614
[2023-10-03 00:58:22.345] [info] #6: Feasible / Total: 259864 / 1793614
[2023-10-03 01:02:34.045] [info] #7: Feasible / Total: 269367 / 1793614
[2023-10-03 01:07:05.789] [info] #8: Feasible / Total: 278934 / 1793614
[2023-10-03 01:11:30.024] [info] #9: Feasible / Total: 289647 / 1793614
[2023-10-03 01:16:09.765] [info] #10: Feasible / Total: 301162 / 1793614
[2023-10-03 01:21:02.134] [info] #11: Feasible / Total: 314136 / 1793614
[2023-10-03 01:27:02.313] [info] #12: Feasible / Total: 330159 / 1793614
[2023-10-03 01:34:23.792] [info] #13: Feasible / Total: 350515 / 1793614
[2023-10-03 01:43:01.731] [info] #14: Feasible / Total: 377087 / 1793614
[2023-10-03 01:52:53.269] [info] #15: Feasible / Total: 411041 / 1793614
[2023-10-03 02:05:13.202] [info] #16: Feasible / Total: 457489 / 1793614
[2023-10-03 02:21:50.846] [info] #17: Feasible / Total: 526842 / 1793614
[2023-10-03 02:42:49.918] [info] #18: Feasible / Total: 629259 / 1793614
[2023-10-03 03:09:58.279] [info] #19: Feasible / Total: 782639 / 1793614
[2023-10-03 03:44:15.204] [info] #20: Feasible / Total: 1020182 / 1793614
[2023-10-03 04:07:54.763] [info] #21: Feasible / Total: 1285923 / 1793614
[2023-10-03 04:11:08.310] [info] #22: Feasible / Total: 1349202 / 1793614
[2023-10-03 04:11:29.233] [info] #23: Feasible / Total: 1350216 / 1793614
[2023-10-03 04:11:41.840] [info] #24: Feasible / Total: 1350331 / 1793614
[2023-10-03 04:11:53.620] [info] #24: Feasible / Total: 1350331 / 1793614
[2023-10-03 04:11:53.620] [info] Graph is not D-reducible.
[2023-10-03 04:11:54.107] [info] Started C-reducibility check
[2023-10-03 04:36:04.984] [info] Trying 5414166 possible contractions
[2023-10-03 04:36:04.984] [info] [0/5414166] Starting contraction of size 1
[2023-10-03 04:36:13.768] [info] All colors passed! Contracted: 22
[2023-10-03 04:36:13.768] [info] Graph is C-reducible!
