[2023-10-02 00:12:27.702] [info] Kempe type: Projective
[2023-10-02 00:12:27.722] [info] Vertex size: 39, Edge size: 66, Ring size: 15
[2023-10-02 00:13:02.377] [info] Started D-reducibility check
[2023-10-02 00:13:02.377] [info] #1: Feasible / Total: 73706 / 597871
[2023-10-02 00:25:05.390] [info] #2: Feasible / Total: 110801 / 597871
[2023-10-02 00:35:10.664] [info] #3: Feasible / Total: 162186 / 597871
[2023-10-02 00:42:46.794] [info] #4: Feasible / Total: 218354 / 597871
[2023-10-02 00:50:13.210] [info] #5: Feasible / Total: 279620 / 597871
[2023-10-02 00:54:20.728] [info] #6: Feasible / Total: 329733 / 597871
[2023-10-02 00:55:57.034] [info] #7: Feasible / Total: 344770 / 597871
[2023-10-02 00:56:56.690] [info] #8: Feasible / Total: 351397 / 597871
[2023-10-02 00:58:14.213] [info] #9: Feasible / Total: 360565 / 597871
[2023-10-02 01:00:35.665] [info] #10: Feasible / Total: 379425 / 597871
[2023-10-02 01:04:28.926] [info] #11: Feasible / Total: 424267 / 597871
[2023-10-02 01:06:48.735] [info] #12: Feasible / Total: 472209 / 597871
[2023-10-02 01:06:59.749] [info] #13: Feasible / Total: 475634 / 597871
[2023-10-02 01:07:03.052] [info] #13: Feasible / Total: 475634 / 597871
[2023-10-02 01:07:03.052] [info] Graph is not D-reducible.
[2023-10-02 01:07:03.250] [info] Started C-reducibility check
[2023-10-02 02:35:33.070] [info] Trying 281577884 possible contractions
[2023-10-02 02:35:33.074] [info] [0/281577884] Starting contraction of size 1
[2023-10-02 02:36:27.441] [info] All colors passed! Contracted: 46
[2023-10-02 02:36:27.441] [info] Graph is C-reducible!
