[2023-10-01 11:31:08.993] [info] Kempe type: Projective
[2023-10-01 11:31:08.993] [info] Vertex size: 28, Edge size: 48, Ring size: 12
[2023-10-01 11:31:09.182] [info] Started D-reducibility check
[2023-10-01 11:31:09.194] [info] #1: Feasible / Total: 4010 / 22144
[2023-10-01 11:31:11.783] [info] #2: Feasible / Total: 5501 / 22144
[2023-10-01 11:31:12.470] [info] #3: Feasible / Total: 6454 / 22144
[2023-10-01 11:31:13.413] [info] #4: Feasible / Total: 7475 / 22144
[2023-10-01 11:31:14.607] [info] #5: Feasible / Total: 8976 / 22144
[2023-10-01 11:31:16.828] [info] #6: Feasible / Total: 11558 / 22144
[2023-10-01 11:31:17.989] [info] #7: Feasible / Total: 14192 / 22144
[2023-10-01 11:31:18.684] [info] #8: Feasible / Total: 16640 / 22144
[2023-10-01 11:31:18.871] [info] #9: Feasible / Total: 16940 / 22144
[2023-10-01 11:31:18.921] [info] #9: Feasible / Total: 16940 / 22144
[2023-10-01 11:31:18.921] [info] Graph is not D-reducible.
[2023-10-01 11:31:18.925] [info] Started C-reducibility check
[2023-10-01 11:31:33.065] [info] Trying 540944 possible contractions
[2023-10-01 11:31:33.066] [info] [0/540944] Starting contraction of size 1
[2023-10-01 11:31:37.697] [info] [36/540944] Starting contraction of size 2
[2023-10-01 11:32:32.945] [info] [606/540944] Starting contraction of size 3
[2023-10-01 11:35:21.497] [info] All colors passed! Contracted: 13, 17, 46
[2023-10-01 11:35:21.497] [info] Graph is C-reducible!
