[2023-10-02 09:49:22.934] [info] Kempe type: Projective
[2023-10-02 09:49:22.962] [info] Vertex size: 26, Edge size: 45, Ring size: 12
[2023-10-02 09:49:23.376] [info] Started D-reducibility check
[2023-10-02 09:49:23.376] [info] #1: Feasible / Total: 3274 / 22144
[2023-10-02 09:49:30.037] [info] #2: Feasible / Total: 4432 / 22144
[2023-10-02 09:49:32.138] [info] #3: Feasible / Total: 4996 / 22144
[2023-10-02 09:49:33.143] [info] #4: Feasible / Total: 5336 / 22144
[2023-10-02 09:49:34.180] [info] #5: Feasible / Total: 5685 / 22144
[2023-10-02 09:49:35.383] [info] #6: Feasible / Total: 6124 / 22144
[2023-10-02 09:49:36.962] [info] #7: Feasible / Total: 6772 / 22144
[2023-10-02 09:49:38.996] [info] #8: Feasible / Total: 7871 / 22144
[2023-10-02 09:49:41.415] [info] #9: Feasible / Total: 9603 / 22144
[2023-10-02 09:49:44.934] [info] #10: Feasible / Total: 12502 / 22144
[2023-10-02 09:49:48.342] [info] #11: Feasible / Total: 16831 / 22144
[2023-10-02 09:49:49.282] [info] #12: Feasible / Total: 19002 / 22144
[2023-10-02 09:49:49.394] [info] #13: Feasible / Total: 19124 / 22144
[2023-10-02 09:49:49.476] [info] #13: Feasible / Total: 19124 / 22144
[2023-10-02 09:49:49.476] [info] Graph is not D-reducible.
[2023-10-02 09:49:49.507] [info] Started C-reducibility check
[2023-10-02 09:49:55.369] [info] Trying 284958 possible contractions
[2023-10-02 09:49:55.369] [info] [0/284958] Starting contraction of size 1
[2023-10-02 09:49:55.593] [info] All colors passed! Contracted: 38
[2023-10-02 09:49:55.593] [info] Graph is C-reducible!
