[2023-10-04 10:10:41.933] [info] Kempe type: Projective
[2023-10-04 10:10:41.947] [info] Vertex size: 34, Edge size: 58, Ring size: 14
[2023-10-04 10:10:47.112] [info] Started D-reducibility check
[2023-10-04 10:10:47.112] [info] #1: Feasible / Total: 25008 / 199291
[2023-10-04 10:12:50.856] [info] #2: Feasible / Total: 32640 / 199291
[2023-10-04 10:13:24.948] [info] #3: Feasible / Total: 38144 / 199291
[2023-10-04 10:13:54.410] [info] #4: Feasible / Total: 42873 / 199291
[2023-10-04 10:14:28.060] [info] #5: Feasible / Total: 49538 / 199291
[2023-10-04 10:15:08.514] [info] #6: Feasible / Total: 60059 / 199291
[2023-10-04 10:15:58.317] [info] #7: Feasible / Total: 75372 / 199291
[2023-10-04 10:17:03.086] [info] #8: Feasible / Total: 100146 / 199291
[2023-10-04 10:17:46.692] [info] #9: Feasible / Total: 126850 / 199291
[2023-10-04 10:17:58.148] [info] #10: Feasible / Total: 136422 / 199291
[2023-10-04 10:18:00.443] [info] #11: Feasible / Total: 136875 / 199291
[2023-10-04 10:18:02.603] [info] #12: Feasible / Total: 137293 / 199291
[2023-10-04 10:18:04.766] [info] #13: Feasible / Total: 137712 / 199291
[2023-10-04 10:18:07.068] [info] #14: Feasible / Total: 137851 / 199291
[2023-10-04 10:18:09.466] [info] #15: Feasible / Total: 138016 / 199291
[2023-10-04 10:18:11.509] [info] #16: Feasible / Total: 138104 / 199291
[2023-10-04 10:18:13.072] [info] #17: Feasible / Total: 138108 / 199291
[2023-10-04 10:18:14.659] [info] #17: Feasible / Total: 138108 / 199291
[2023-10-04 10:18:14.660] [info] Graph is not D-reducible.
[2023-10-04 10:18:14.746] [info] Started C-reducibility check
[2023-10-04 10:23:55.268] [info] Trying 48799824 possible contractions
[2023-10-04 10:23:55.268] [info] [0/48799824] Starting contraction of size 1
[2023-10-04 10:24:52.430] [info] [44/48799824] Starting contraction of size 2
[2023-10-04 10:29:15.608] [info] All colors passed! Contracted: 17, 47
[2023-10-04 10:29:15.608] [info] Graph is C-reducible!
