[2023-10-02 00:12:27.547] [info] Kempe type: Projective
[2023-10-02 00:12:27.586] [info] Vertex size: 35, Edge size: 60, Ring size: 15
[2023-10-02 00:12:36.039] [info] Started D-reducibility check
[2023-10-02 00:12:36.039] [info] #1: Feasible / Total: 53276 / 597871
[2023-10-02 00:22:57.606] [info] #2: Feasible / Total: 86005 / 597871
[2023-10-02 00:28:59.751] [info] #3: Feasible / Total: 109093 / 597871
[2023-10-02 00:33:13.442] [info] #4: Feasible / Total: 131045 / 597871
[2023-10-02 00:36:44.323] [info] #5: Feasible / Total: 154165 / 597871
[2023-10-02 00:40:07.817] [info] #6: Feasible / Total: 174222 / 597871
[2023-10-02 00:44:31.129] [info] #7: Feasible / Total: 193218 / 597871
[2023-10-02 00:49:52.374] [info] #8: Feasible / Total: 217962 / 597871
[2023-10-02 00:55:52.158] [info] #9: Feasible / Total: 258016 / 597871
[2023-10-02 01:02:03.010] [info] #10: Feasible / Total: 315232 / 597871
[2023-10-02 01:05:36.656] [info] #11: Feasible / Total: 367917 / 597871
[2023-10-02 01:06:48.590] [info] #12: Feasible / Total: 387378 / 597871
[2023-10-02 01:07:30.583] [info] #13: Feasible / Total: 396624 / 597871
[2023-10-02 01:07:56.361] [info] #14: Feasible / Total: 402598 / 597871
[2023-10-02 01:08:07.305] [info] #15: Feasible / Total: 404037 / 597871
[2023-10-02 01:08:13.892] [info] #16: Feasible / Total: 404277 / 597871
[2023-10-02 01:08:19.360] [info] #17: Feasible / Total: 404279 / 597871
[2023-10-02 01:08:24.725] [info] #17: Feasible / Total: 404279 / 597871
[2023-10-02 01:08:24.725] [info] Graph is not D-reducible.
[2023-10-02 01:08:24.932] [info] Started C-reducibility check
[2023-10-02 01:16:42.003] [info] Trying 65709315 possible contractions
[2023-10-02 01:16:42.003] [info] [0/65709315] Starting contraction of size 1
[2023-10-02 01:18:23.624] [info] [45/65709315] Starting contraction of size 2
[2023-10-02 01:44:17.502] [info] [960/65709315] Starting contraction of size 3
[2023-10-02 04:06:06.258] [info] All colors passed! Contracted: 43, 57, 59
[2023-10-02 04:06:06.258] [info] Graph is C-reducible!
