[2023-10-02 00:12:27.489] [info] Kempe type: Projective
[2023-10-02 00:12:27.489] [info] Vertex size: 35, Edge size: 60, Ring size: 15
[2023-10-02 00:12:37.724] [info] Started D-reducibility check
[2023-10-02 00:12:37.750] [info] #1: Feasible / Total: 55956 / 597871
[2023-10-02 00:23:34.333] [info] #2: Feasible / Total: 88211 / 597871
[2023-10-02 00:28:23.404] [info] #3: Feasible / Total: 110080 / 597871
[2023-10-02 00:32:43.181] [info] #4: Feasible / Total: 131749 / 597871
[2023-10-02 00:37:20.017] [info] #5: Feasible / Total: 157678 / 597871
[2023-10-02 00:42:48.540] [info] #6: Feasible / Total: 191347 / 597871
[2023-10-02 00:49:18.058] [info] #7: Feasible / Total: 237314 / 597871
[2023-10-02 00:55:29.723] [info] #8: Feasible / Total: 305911 / 597871
[2023-10-02 01:01:58.886] [info] #9: Feasible / Total: 402556 / 597871
[2023-10-02 01:04:34.058] [info] #10: Feasible / Total: 476653 / 597871
[2023-10-02 01:04:43.759] [info] #11: Feasible / Total: 482371 / 597871
[2023-10-02 01:04:46.976] [info] #11: Feasible / Total: 482371 / 597871
[2023-10-02 01:04:46.982] [info] Graph is not D-reducible.
[2023-10-02 01:04:47.152] [info] Started C-reducibility check
[2023-10-02 01:12:59.549] [info] Trying 65701804 possible contractions
[2023-10-02 01:12:59.549] [info] [0/65701804] Starting contraction of size 1
[2023-10-02 01:13:07.671] [info] All colors passed! Contracted: 52
[2023-10-02 01:13:07.682] [info] Graph is C-reducible!
