[2023-10-05 00:48:35.568] [info] Kempe type: Projective
[2023-10-05 00:48:35.568] [info] Vertex size: 28, Edge size: 48, Ring size: 12
[2023-10-05 00:48:35.682] [info] Started D-reducibility check
[2023-10-05 00:48:35.682] [info] #1: Feasible / Total: 4026 / 22144
[2023-10-05 00:48:43.743] [info] #2: Feasible / Total: 5326 / 22144
[2023-10-05 00:48:45.966] [info] #3: Feasible / Total: 6312 / 22144
[2023-10-05 00:48:47.574] [info] #4: Feasible / Total: 7293 / 22144
[2023-10-05 00:48:49.350] [info] #5: Feasible / Total: 8532 / 22144
[2023-10-05 00:48:52.056] [info] #6: Feasible / Total: 10275 / 22144
[2023-10-05 00:48:55.078] [info] #7: Feasible / Total: 12736 / 22144
[2023-10-05 00:48:57.506] [info] #8: Feasible / Total: 15570 / 22144
[2023-10-05 00:48:59.109] [info] #9: Feasible / Total: 18172 / 22144
[2023-10-05 00:48:59.327] [info] #10: Feasible / Total: 18508 / 22144
[2023-10-05 00:48:59.397] [info] #10: Feasible / Total: 18508 / 22144
[2023-10-05 00:48:59.406] [info] Graph is not D-reducible.
[2023-10-05 00:48:59.425] [info] Started C-reducibility check
[2023-10-05 00:49:23.699] [info] Trying 4250686 possible contractions
[2023-10-05 00:49:23.699] [info] [0/4250686] Starting contraction of size 1
[2023-10-05 00:49:23.819] [info] All colors passed! Contracted: 39
[2023-10-05 00:49:23.826] [info] Graph is C-reducible!
