[2023-10-02 00:12:27.504] [info] Kempe type: Projective
[2023-10-02 00:12:27.504] [info] Vertex size: 32, Edge size: 55, Ring size: 14
[2023-10-02 00:12:27.931] [info] Started D-reducibility check
[2023-10-02 00:12:27.931] [info] #1: Feasible / Total: 20847 / 199291
[2023-10-02 00:14:30.609] [info] #2: Feasible / Total: 37327 / 199291
[2023-10-02 00:15:20.671] [info] #3: Feasible / Total: 44749 / 199291
[2023-10-02 00:15:55.623] [info] #4: Feasible / Total: 51749 / 199291
[2023-10-02 00:16:31.211] [info] #5: Feasible / Total: 57889 / 199291
[2023-10-02 00:17:07.616] [info] #6: Feasible / Total: 64167 / 199291
[2023-10-02 00:17:55.305] [info] #7: Feasible / Total: 72400 / 199291
[2023-10-02 00:19:02.874] [info] #8: Feasible / Total: 85391 / 199291
[2023-10-02 00:20:16.871] [info] #9: Feasible / Total: 107010 / 199291
[2023-10-02 00:21:14.550] [info] #10: Feasible / Total: 129156 / 199291
[2023-10-02 00:21:34.685] [info] #11: Feasible / Total: 138001 / 199291
[2023-10-02 00:21:37.675] [info] #12: Feasible / Total: 138331 / 199291
[2023-10-02 00:21:39.391] [info] #12: Feasible / Total: 138331 / 199291
[2023-10-02 00:21:39.402] [info] Graph is not D-reducible.
[2023-10-02 00:21:39.475] [info] Started C-reducibility check
[2023-10-02 00:23:49.830] [info] Trying 21303420 possible contractions
[2023-10-02 00:23:49.854] [info] [0/21303420] Starting contraction of size 1
[2023-10-02 00:24:04.805] [info] All colors passed! Contracted: 32
[2023-10-02 00:24:04.805] [info] Graph is C-reducible!
