[2023-10-01 18:29:47.248] [info] Kempe type: Projective
[2023-10-01 18:29:47.248] [info] Vertex size: 35, Edge size: 59, Ring size: 13
[2023-10-01 18:29:47.862] [info] Started D-reducibility check
[2023-10-01 18:29:47.862] [info] #1: Feasible / Total: 12114 / 66430
[2023-10-01 18:29:57.464] [info] #2: Feasible / Total: 19448 / 66430
[2023-10-01 18:30:06.152] [info] #3: Feasible / Total: 29573 / 66430
[2023-10-01 18:30:10.621] [info] #4: Feasible / Total: 39736 / 66430
[2023-10-01 18:30:12.348] [info] #5: Feasible / Total: 43389 / 66430
[2023-10-01 18:30:12.855] [info] #6: Feasible / Total: 44012 / 66430
[2023-10-01 18:30:13.332] [info] #7: Feasible / Total: 44430 / 66430
[2023-10-01 18:30:13.843] [info] #8: Feasible / Total: 44954 / 66430
[2023-10-01 18:30:14.339] [info] #9: Feasible / Total: 45392 / 66430
[2023-10-01 18:30:14.788] [info] #10: Feasible / Total: 45639 / 66430
[2023-10-01 18:30:15.116] [info] #11: Feasible / Total: 45702 / 66430
[2023-10-01 18:30:15.315] [info] #12: Feasible / Total: 45810 / 66430
[2023-10-01 18:30:15.628] [info] #13: Feasible / Total: 45859 / 66430
[2023-10-01 18:30:15.857] [info] #13: Feasible / Total: 45859 / 66430
[2023-10-01 18:30:15.857] [info] Graph is not D-reducible.
[2023-10-01 18:30:15.866] [info] Started C-reducibility check
[2023-10-01 18:37:41.101] [info] Trying 79487096 possible contractions
[2023-10-01 18:37:41.101] [info] [0/79487096] Starting contraction of size 1
[2023-10-01 18:37:54.215] [info] All colors passed! Contracted: 13
[2023-10-01 18:37:54.215] [info] Graph is C-reducible!
