[2023-10-02 21:50:37.748] [info] Kempe type: Projective
[2023-10-02 21:50:37.782] [info] Vertex size: 33, Edge size: 57, Ring size: 15
[2023-10-02 21:50:44.222] [info] Started D-reducibility check
[2023-10-02 21:50:44.222] [info] #1: Feasible / Total: 47638 / 597871
[2023-10-02 21:57:28.662] [info] #2: Feasible / Total: 65976 / 597871
[2023-10-02 21:59:10.408] [info] #3: Feasible / Total: 73795 / 597871
[2023-10-02 22:00:14.224] [info] #4: Feasible / Total: 78760 / 597871
[2023-10-02 22:00:59.217] [info] #5: Feasible / Total: 82195 / 597871
[2023-10-02 22:01:37.945] [info] #6: Feasible / Total: 84773 / 597871
[2023-10-02 22:02:10.370] [info] #7: Feasible / Total: 86927 / 597871
[2023-10-02 22:02:38.302] [info] #8: Feasible / Total: 88912 / 597871
[2023-10-02 22:03:11.010] [info] #9: Feasible / Total: 90886 / 597871
[2023-10-02 22:03:41.674] [info] #10: Feasible / Total: 92951 / 597871
[2023-10-02 22:04:13.593] [info] #11: Feasible / Total: 95075 / 597871
[2023-10-02 22:04:38.481] [info] #12: Feasible / Total: 97611 / 597871
[2023-10-02 22:05:09.339] [info] #13: Feasible / Total: 100805 / 597871
[2023-10-02 22:05:42.232] [info] #14: Feasible / Total: 104683 / 597871
[2023-10-02 22:06:25.759] [info] #15: Feasible / Total: 109244 / 597871
[2023-10-02 22:07:11.138] [info] #16: Feasible / Total: 114783 / 597871
[2023-10-02 22:08:04.339] [info] #17: Feasible / Total: 121655 / 597871
[2023-10-02 22:09:05.514] [info] #18: Feasible / Total: 129899 / 597871
[2023-10-02 22:10:10.246] [info] #19: Feasible / Total: 139218 / 597871
[2023-10-02 22:11:08.175] [info] #20: Feasible / Total: 150155 / 597871
[2023-10-02 22:12:10.231] [info] #21: Feasible / Total: 163497 / 597871
[2023-10-02 22:13:25.280] [info] #22: Feasible / Total: 180582 / 597871
[2023-10-02 22:14:42.817] [info] #23: Feasible / Total: 202480 / 597871
[2023-10-02 22:16:12.869] [info] #24: Feasible / Total: 226739 / 597871
[2023-10-02 22:17:42.270] [info] #25: Feasible / Total: 253256 / 597871
[2023-10-02 22:18:58.338] [info] #26: Feasible / Total: 278323 / 597871
[2023-10-02 22:19:57.466] [info] #27: Feasible / Total: 301699 / 597871
[2023-10-02 22:20:45.607] [info] #28: Feasible / Total: 316871 / 597871
[2023-10-02 22:21:28.316] [info] #29: Feasible / Total: 327578 / 597871
[2023-10-02 22:22:09.966] [info] #30: Feasible / Total: 335360 / 597871
[2023-10-02 22:23:06.158] [info] #31: Feasible / Total: 344806 / 597871
[2023-10-02 22:24:25.509] [info] #32: Feasible / Total: 357595 / 597871
[2023-10-02 22:25:49.483] [info] #33: Feasible / Total: 375382 / 597871
[2023-10-02 22:26:59.190] [info] #34: Feasible / Total: 392303 / 597871
[2023-10-02 22:27:32.101] [info] #35: Feasible / Total: 400544 / 597871
[2023-10-02 22:27:40.917] [info] #36: Feasible / Total: 401461 / 597871
[2023-10-02 22:27:43.727] [info] #37: Feasible / Total: 401464 / 597871
[2023-10-02 22:27:46.465] [info] #37: Feasible / Total: 401464 / 597871
[2023-10-02 22:27:46.465] [info] Graph is not D-reducible.
[2023-10-02 22:27:46.557] [info] Started C-reducibility check
[2023-10-02 22:28:58.939] [info] Trying 1775948 possible contractions
[2023-10-02 22:28:58.939] [info] [0/1775948] Starting contraction of size 1
[2023-10-02 22:29:34.423] [info] [42/1775948] Starting contraction of size 2
[2023-10-02 22:38:49.205] [info] [834/1775948] Starting contraction of size 3
[2023-10-02 23:48:29.884] [info] All colors passed! Contracted: 29, 31, 53
[2023-10-02 23:48:29.884] [info] Graph is C-reducible!
