[2023-10-02 00:12:27.627] [info] Kempe type: Projective
[2023-10-02 00:12:27.698] [info] Vertex size: 40, Edge size: 68, Ring size: 16
[2023-10-02 00:13:53.065] [info] Started D-reducibility check
[2023-10-02 00:13:53.074] [info] #1: Feasible / Total: 169600 / 1793614
[2023-10-02 01:38:22.713] [info] #2: Feasible / Total: 266664 / 1793614
[2023-10-02 02:07:45.262] [info] #3: Feasible / Total: 353428 / 1793614
[2023-10-02 02:36:57.259] [info] #4: Feasible / Total: 451792 / 1793614
[2023-10-02 03:00:42.844] [info] #5: Feasible / Total: 578404 / 1793614
[2023-10-02 03:27:47.330] [info] #6: Feasible / Total: 755641 / 1793614
[2023-10-02 03:51:31.897] [info] #7: Feasible / Total: 951041 / 1793614
[2023-10-02 04:01:00.834] [info] #8: Feasible / Total: 1055477 / 1793614
[2023-10-02 04:03:20.101] [info] #9: Feasible / Total: 1074764 / 1793614
[2023-10-02 04:04:12.504] [info] #10: Feasible / Total: 1077691 / 1793614
[2023-10-02 04:04:50.061] [info] #11: Feasible / Total: 1078889 / 1793614
[2023-10-02 04:05:15.466] [info] #12: Feasible / Total: 1079279 / 1793614
[2023-10-02 04:05:43.718] [info] #13: Feasible / Total: 1079748 / 1793614
[2023-10-02 04:06:21.062] [info] #14: Feasible / Total: 1080709 / 1793614
[2023-10-02 04:07:06.423] [info] #15: Feasible / Total: 1082071 / 1793614
[2023-10-02 04:07:45.333] [info] #16: Feasible / Total: 1083479 / 1793614
[2023-10-02 04:08:34.809] [info] #17: Feasible / Total: 1085118 / 1793614
[2023-10-02 04:09:46.880] [info] #18: Feasible / Total: 1087940 / 1793614
[2023-10-02 04:12:02.069] [info] #19: Feasible / Total: 1095062 / 1793614
[2023-10-02 04:16:35.051] [info] #20: Feasible / Total: 1112213 / 1793614
[2023-10-02 04:22:50.873] [info] #21: Feasible / Total: 1140693 / 1793614
[2023-10-02 04:31:28.352] [info] #22: Feasible / Total: 1191596 / 1793614
[2023-10-02 04:40:09.481] [info] #23: Feasible / Total: 1266517 / 1793614
[2023-10-02 04:43:33.973] [info] #24: Feasible / Total: 1315565 / 1793614
[2023-10-02 04:43:54.048] [info] #25: Feasible / Total: 1317636 / 1793614
[2023-10-02 04:44:06.187] [info] #25: Feasible / Total: 1317636 / 1793614
[2023-10-02 04:44:06.187] [info] Graph is not D-reducible.
[2023-10-02 04:44:06.676] [info] Started C-reducibility check
[2023-10-02 06:11:25.642] [info] Trying 363505340 possible contractions
[2023-10-02 06:11:25.642] [info] [0/363505340] Starting contraction of size 1
[2023-10-02 06:13:06.225] [info] All colors passed! Contracted: 34
[2023-10-02 06:13:06.225] [info] Graph is C-reducible!
