[2023-10-01 11:31:08.984] [info] Kempe type: Projective
[2023-10-01 11:31:08.984] [info] Vertex size: 34, Edge size: 58, Ring size: 14
[2023-10-01 11:31:14.322] [info] Started D-reducibility check
[2023-10-01 11:31:14.322] [info] #1: Feasible / Total: 25363 / 199291
[2023-10-01 11:32:46.510] [info] #2: Feasible / Total: 41206 / 199291
[2023-10-01 11:33:32.156] [info] #3: Feasible / Total: 54069 / 199291
[2023-10-01 11:34:19.884] [info] #4: Feasible / Total: 67768 / 199291
[2023-10-01 11:35:13.770] [info] #5: Feasible / Total: 86289 / 199291
[2023-10-01 11:36:09.649] [info] #6: Feasible / Total: 107976 / 199291
[2023-10-01 11:36:47.389] [info] #7: Feasible / Total: 130196 / 199291
[2023-10-01 11:36:53.741] [info] #8: Feasible / Total: 135830 / 199291
[2023-10-01 11:36:55.497] [info] #9: Feasible / Total: 136078 / 199291
[2023-10-01 11:36:56.746] [info] #10: Feasible / Total: 136090 / 199291
[2023-10-01 11:36:57.960] [info] #11: Feasible / Total: 136091 / 199291
[2023-10-01 11:36:59.188] [info] #11: Feasible / Total: 136091 / 199291
[2023-10-01 11:36:59.198] [info] Graph is not D-reducible.
[2023-10-01 11:36:59.233] [info] Started C-reducibility check
[2023-10-01 11:40:48.621] [info] Trying 2436492 possible contractions
[2023-10-01 11:40:48.621] [info] [0/2436492] Starting contraction of size 1
[2023-10-01 11:41:59.944] [info] [44/2436492] Starting contraction of size 2
[2023-10-01 12:00:12.308] [info] [916/2436492] Starting contraction of size 3
[2023-10-01 14:11:11.049] [info] [11237/2436492] Starting contraction of size 4
[2023-10-01 16:19:57.793] [info] All colors passed! Contracted: 20, 21, 48, 53
[2023-10-01 16:19:57.794] [info] Graph is C-reducible!
