[2023-10-02 19:57:05.396] [info] Kempe type: Projective
[2023-10-02 19:57:05.398] [info] Vertex size: 29, Edge size: 50, Ring size: 13
[2023-10-02 19:57:06.327] [info] Started D-reducibility check
[2023-10-02 19:57:06.327] [info] #1: Feasible / Total: 8313 / 66430
[2023-10-02 19:57:35.997] [info] #2: Feasible / Total: 11709 / 66430
[2023-10-02 19:57:48.205] [info] #3: Feasible / Total: 13840 / 66430
[2023-10-02 19:57:55.170] [info] #4: Feasible / Total: 15595 / 66430
[2023-10-02 19:58:02.155] [info] #5: Feasible / Total: 17286 / 66430
[2023-10-02 19:58:08.781] [info] #6: Feasible / Total: 19384 / 66430
[2023-10-02 19:58:16.954] [info] #7: Feasible / Total: 21895 / 66430
[2023-10-02 19:58:25.357] [info] #8: Feasible / Total: 24944 / 66430
[2023-10-02 19:58:33.682] [info] #9: Feasible / Total: 29194 / 66430
[2023-10-02 19:58:43.804] [info] #10: Feasible / Total: 35935 / 66430
[2023-10-02 19:58:51.032] [info] #11: Feasible / Total: 42681 / 66430
[2023-10-02 19:58:53.689] [info] #12: Feasible / Total: 45958 / 66430
[2023-10-02 19:58:54.438] [info] #13: Feasible / Total: 46390 / 66430
[2023-10-02 19:58:54.867] [info] #14: Feasible / Total: 46400 / 66430
[2023-10-02 19:58:55.243] [info] #14: Feasible / Total: 46400 / 66430
[2023-10-02 19:58:55.243] [info] Graph is not D-reducible.
[2023-10-02 19:58:55.252] [info] Started C-reducibility check
[2023-10-02 19:59:13.172] [info] Trying 678893 possible contractions
[2023-10-02 19:59:13.172] [info] [0/678893] Starting contraction of size 1
[2023-10-02 19:59:29.522] [info] [37/678893] Starting contraction of size 2
[2023-10-02 20:02:25.032] [info] [642/678893] Starting contraction of size 3
[2023-10-02 20:06:49.792] [info] All colors passed! Contracted: 25, 27, 48
[2023-10-02 20:06:49.792] [info] Graph is C-reducible!
