[2023-10-02 16:31:56.313] [info] Kempe type: Projective
[2023-10-02 16:31:56.314] [info] Vertex size: 30, Edge size: 51, Ring size: 12
[2023-10-02 16:31:56.829] [info] Started D-reducibility check
[2023-10-02 16:31:56.829] [info] #1: Feasible / Total: 4629 / 22144
[2023-10-02 16:32:00.343] [info] #2: Feasible / Total: 5936 / 22144
[2023-10-02 16:32:01.907] [info] #3: Feasible / Total: 7242 / 22144
[2023-10-02 16:32:03.201] [info] #4: Feasible / Total: 8421 / 22144
[2023-10-02 16:32:04.623] [info] #5: Feasible / Total: 10030 / 22144
[2023-10-02 16:32:05.725] [info] #6: Feasible / Total: 12205 / 22144
[2023-10-02 16:32:06.180] [info] #7: Feasible / Total: 13122 / 22144
[2023-10-02 16:32:06.327] [info] #8: Feasible / Total: 13259 / 22144
[2023-10-02 16:32:06.451] [info] #9: Feasible / Total: 13397 / 22144
[2023-10-02 16:32:06.610] [info] #10: Feasible / Total: 13483 / 22144
[2023-10-02 16:32:06.741] [info] #11: Feasible / Total: 13551 / 22144
[2023-10-02 16:32:06.851] [info] #12: Feasible / Total: 13575 / 22144
[2023-10-02 16:32:06.937] [info] #13: Feasible / Total: 13582 / 22144
[2023-10-02 16:32:07.040] [info] #13: Feasible / Total: 13582 / 22144
[2023-10-02 16:32:07.040] [info] Graph is not D-reducible.
[2023-10-02 16:32:07.043] [info] Started C-reducibility check
[2023-10-02 16:32:34.720] [info] Trying 977692 possible contractions
[2023-10-02 16:32:34.720] [info] [0/977692] Starting contraction of size 1
[2023-10-02 16:32:36.668] [info] All colors passed! Contracted: 32
[2023-10-02 16:32:36.668] [info] Graph is C-reducible!
