[2023-10-02 12:25:42.274] [info] Kempe type: Projective
[2023-10-02 12:25:42.321] [info] Vertex size: 26, Edge size: 45, Ring size: 12
[2023-10-02 12:25:42.695] [info] Started D-reducibility check
[2023-10-02 12:25:42.695] [info] #1: Feasible / Total: 3401 / 22144
[2023-10-02 12:25:47.937] [info] #2: Feasible / Total: 5326 / 22144
[2023-10-02 12:25:49.175] [info] #3: Feasible / Total: 6262 / 22144
[2023-10-02 12:25:50.080] [info] #4: Feasible / Total: 7016 / 22144
[2023-10-02 12:25:51.345] [info] #5: Feasible / Total: 7931 / 22144
[2023-10-02 12:25:52.776] [info] #6: Feasible / Total: 9168 / 22144
[2023-10-02 12:25:54.351] [info] #7: Feasible / Total: 11056 / 22144
[2023-10-02 12:25:56.453] [info] #8: Feasible / Total: 14360 / 22144
[2023-10-02 12:25:57.912] [info] #9: Feasible / Total: 18796 / 22144
[2023-10-02 12:25:58.415] [info] #10: Feasible / Total: 20887 / 22144
[2023-10-02 12:25:58.469] [info] #11: Feasible / Total: 21172 / 22144
[2023-10-02 12:25:58.490] [info] #11: Feasible / Total: 21172 / 22144
[2023-10-02 12:25:58.498] [info] Graph is not D-reducible.
[2023-10-02 12:25:58.502] [info] Started C-reducibility check
[2023-10-02 12:26:01.884] [info] Trying 284980 possible contractions
[2023-10-02 12:26:01.902] [info] [0/284980] Starting contraction of size 1
[2023-10-02 12:26:02.711] [info] All colors passed! Contracted: 44
[2023-10-02 12:26:02.734] [info] Graph is C-reducible!
