[2023-10-04 13:28:03.728] [info] Kempe type: Projective
[2023-10-04 13:28:03.728] [info] Vertex size: 34, Edge size: 58, Ring size: 14
[2023-10-04 13:28:08.231] [info] Started D-reducibility check
[2023-10-04 13:28:08.232] [info] #1: Feasible / Total: 24858 / 199291
[2023-10-04 13:30:29.954] [info] #2: Feasible / Total: 30485 / 199291
[2023-10-04 13:30:58.664] [info] #3: Feasible / Total: 34145 / 199291
[2023-10-04 13:31:23.734] [info] #4: Feasible / Total: 37668 / 199291
[2023-10-04 13:31:54.382] [info] #5: Feasible / Total: 41969 / 199291
[2023-10-04 13:32:19.412] [info] #6: Feasible / Total: 46880 / 199291
[2023-10-04 13:32:43.860] [info] #7: Feasible / Total: 51948 / 199291
[2023-10-04 13:33:08.891] [info] #8: Feasible / Total: 56779 / 199291
[2023-10-04 13:33:34.784] [info] #9: Feasible / Total: 61817 / 199291
[2023-10-04 13:34:07.704] [info] #10: Feasible / Total: 67878 / 199291
[2023-10-04 13:34:51.114] [info] #11: Feasible / Total: 75987 / 199291
[2023-10-04 13:35:51.295] [info] #12: Feasible / Total: 90394 / 199291
[2023-10-04 13:37:14.943] [info] #13: Feasible / Total: 117987 / 199291
[2023-10-04 13:38:04.074] [info] #14: Feasible / Total: 151154 / 199291
[2023-10-04 13:38:10.708] [info] #15: Feasible / Total: 156714 / 199291
[2023-10-04 13:38:12.010] [info] #16: Feasible / Total: 156717 / 199291
[2023-10-04 13:38:13.211] [info] #16: Feasible / Total: 156717 / 199291
[2023-10-04 13:38:13.234] [info] Graph is not D-reducible.
[2023-10-04 13:38:13.314] [info] Started C-reducibility check
[2023-10-04 13:44:33.770] [info] Trying 48386107 possible contractions
[2023-10-04 13:44:33.771] [info] [0/48386107] Starting contraction of size 1
[2023-10-04 13:44:34.917] [info] All colors passed! Contracted: 49
[2023-10-04 13:44:34.917] [info] Graph is C-reducible!
