[2023-10-03 17:50:33.024] [info] Kempe type: Projective
[2023-10-03 17:50:33.034] [info] Vertex size: 35, Edge size: 60, Ring size: 15
[2023-10-03 17:50:38.820] [info] Started D-reducibility check
[2023-10-03 17:50:38.821] [info] #1: Feasible / Total: 56094 / 597871
[2023-10-03 18:00:15.172] [info] #2: Feasible / Total: 77989 / 597871
[2023-10-03 18:04:37.020] [info] #3: Feasible / Total: 92783 / 597871
[2023-10-03 18:08:02.603] [info] #4: Feasible / Total: 105786 / 597871
[2023-10-03 18:11:56.252] [info] #5: Feasible / Total: 124984 / 597871
[2023-10-03 18:17:14.101] [info] #6: Feasible / Total: 157049 / 597871
[2023-10-03 18:24:52.473] [info] #7: Feasible / Total: 213672 / 597871
[2023-10-03 18:35:33.405] [info] #8: Feasible / Total: 326437 / 597871
[2023-10-03 18:44:54.213] [info] #9: Feasible / Total: 509214 / 597871
[2023-10-03 18:46:16.821] [info] #10: Feasible / Total: 565740 / 597871
[2023-10-03 18:46:18.346] [info] #11: Feasible / Total: 565801 / 597871
[2023-10-03 18:46:19.180] [info] #11: Feasible / Total: 565801 / 597871
[2023-10-03 18:46:19.190] [info] Graph is not D-reducible.
[2023-10-03 18:46:19.401] [info] Started C-reducibility check
[2023-10-03 18:53:35.153] [info] Trying 65695008 possible contractions
[2023-10-03 18:53:35.153] [info] [0/65695008] Starting contraction of size 1
[2023-10-03 18:54:01.694] [info] All colors passed! Contracted: 52
[2023-10-03 18:54:01.694] [info] Graph is C-reducible!
