[2023-10-02 12:25:42.380] [info] Kempe type: Projective
[2023-10-02 12:25:42.384] [info] Vertex size: 26, Edge size: 45, Ring size: 12
[2023-10-02 12:25:42.565] [info] Started D-reducibility check
[2023-10-02 12:25:42.565] [info] #1: Feasible / Total: 3363 / 22144
[2023-10-02 12:25:47.143] [info] #2: Feasible / Total: 4449 / 22144
[2023-10-02 12:25:47.974] [info] #3: Feasible / Total: 5122 / 22144
[2023-10-02 12:25:48.696] [info] #4: Feasible / Total: 5711 / 22144
[2023-10-02 12:25:49.298] [info] #5: Feasible / Total: 6238 / 22144
[2023-10-02 12:25:49.929] [info] #6: Feasible / Total: 6887 / 22144
[2023-10-02 12:25:50.293] [info] #7: Feasible / Total: 7719 / 22144
[2023-10-02 12:25:51.097] [info] #8: Feasible / Total: 8821 / 22144
[2023-10-02 12:25:52.543] [info] #9: Feasible / Total: 11378 / 22144
[2023-10-02 12:25:54.360] [info] #10: Feasible / Total: 16227 / 22144
[2023-10-02 12:25:55.228] [info] #11: Feasible / Total: 19521 / 22144
[2023-10-02 12:25:55.370] [info] #12: Feasible / Total: 20021 / 22144
[2023-10-02 12:25:55.388] [info] #12: Feasible / Total: 20021 / 22144
[2023-10-02 12:25:55.398] [info] Graph is not D-reducible.
[2023-10-02 12:25:55.402] [info] Started C-reducibility check
[2023-10-02 12:25:58.209] [info] Trying 285031 possible contractions
[2023-10-02 12:25:58.209] [info] [0/285031] Starting contraction of size 1
[2023-10-02 12:26:00.120] [info] [33/285031] Starting contraction of size 2
[2023-10-02 12:26:24.709] [info] [507/285031] Starting contraction of size 3
[2023-10-02 12:26:38.195] [info] All colors passed! Contracted: 15, 31, 33
[2023-10-02 12:26:38.206] [info] Graph is C-reducible!
