[2023-09-30 23:35:48.168] [info] Kempe type: Projective
[2023-09-30 23:35:48.168] [info] Vertex size: 37, Edge size: 63, Ring size: 15
[2023-09-30 23:36:01.609] [info] Started D-reducibility check
[2023-09-30 23:36:01.615] [info] #1: Feasible / Total: 63728 / 597871
[2023-09-30 23:42:46.929] [info] #2: Feasible / Total: 107220 / 597871
[2023-09-30 23:45:44.172] [info] #3: Feasible / Total: 141108 / 597871
[2023-09-30 23:48:10.148] [info] #4: Feasible / Total: 178209 / 597871
[2023-09-30 23:50:22.435] [info] #5: Feasible / Total: 218676 / 597871
[2023-09-30 23:52:45.220] [info] #6: Feasible / Total: 266096 / 597871
[2023-09-30 23:55:58.823] [info] #7: Feasible / Total: 342639 / 597871
[2023-09-30 23:59:06.947] [info] #8: Feasible / Total: 468607 / 597871
[2023-09-30 23:59:32.574] [info] #9: Feasible / Total: 510229 / 597871
[2023-09-30 23:59:33.677] [info] #10: Feasible / Total: 510331 / 597871
[2023-09-30 23:59:34.697] [info] #10: Feasible / Total: 510331 / 597871
[2023-09-30 23:59:34.697] [info] Graph is not D-reducible.
[2023-09-30 23:59:34.782] [info] Started C-reducibility check
[2023-10-01 00:12:31.517] [info] Trying 4615227 possible contractions
[2023-10-01 00:12:31.517] [info] [0/4615227] Starting contraction of size 1
[2023-10-01 00:12:43.966] [info] All colors passed! Contracted: 20
[2023-10-01 00:12:43.966] [info] Graph is C-reducible!
