[2023-10-02 00:12:27.600] [info] Kempe type: Projective
[2023-10-02 00:12:27.601] [info] Vertex size: 33, Edge size: 56, Ring size: 13
[2023-10-02 00:12:31.424] [info] Started D-reducibility check
[2023-10-02 00:12:31.424] [info] #1: Feasible / Total: 11037 / 66430
[2023-10-02 00:13:09.513] [info] #2: Feasible / Total: 16165 / 66430
[2023-10-02 00:13:21.627] [info] #3: Feasible / Total: 20032 / 66430
[2023-10-02 00:13:30.473] [info] #4: Feasible / Total: 22955 / 66430
[2023-10-02 00:13:42.930] [info] #5: Feasible / Total: 26513 / 66430
[2023-10-02 00:14:03.008] [info] #6: Feasible / Total: 34597 / 66430
[2023-10-02 00:14:17.200] [info] #7: Feasible / Total: 45890 / 66430
[2023-10-02 00:14:20.227] [info] #8: Feasible / Total: 49042 / 66430
[2023-10-02 00:14:21.149] [info] #9: Feasible / Total: 49289 / 66430
[2023-10-02 00:14:22.089] [info] #10: Feasible / Total: 49605 / 66430
[2023-10-02 00:14:22.676] [info] #11: Feasible / Total: 49681 / 66430
[2023-10-02 00:14:23.082] [info] #11: Feasible / Total: 49681 / 66430
[2023-10-02 00:14:23.106] [info] Graph is not D-reducible.
[2023-10-02 00:14:23.140] [info] Started C-reducibility check
[2023-10-02 00:19:35.124] [info] Trying 35749994 possible contractions
[2023-10-02 00:19:35.124] [info] [0/35749994] Starting contraction of size 1
[2023-10-02 00:20:28.468] [info] [43/35749994] Starting contraction of size 2
[2023-10-02 00:25:21.133] [info] All colors passed! Contracted: 17, 29
[2023-10-02 00:25:21.162] [info] Graph is C-reducible!
