[2023-10-05 00:48:35.621] [info] Kempe type: Projective
[2023-10-05 00:48:35.633] [info] Vertex size: 35, Edge size: 60, Ring size: 15
[2023-10-05 00:48:42.625] [info] Started D-reducibility check
[2023-10-05 00:48:42.638] [info] #1: Feasible / Total: 55634 / 597871
[2023-10-05 00:56:40.956] [info] #2: Feasible / Total: 87110 / 597871
[2023-10-05 00:59:13.134] [info] #3: Feasible / Total: 98882 / 597871
[2023-10-05 01:00:41.149] [info] #4: Feasible / Total: 106082 / 597871
[2023-10-05 01:01:53.673] [info] #5: Feasible / Total: 111979 / 597871
[2023-10-05 01:02:52.597] [info] #6: Feasible / Total: 117485 / 597871
[2023-10-05 01:03:45.032] [info] #7: Feasible / Total: 123158 / 597871
[2023-10-05 01:04:35.843] [info] #8: Feasible / Total: 129340 / 597871
[2023-10-05 01:05:20.347] [info] #9: Feasible / Total: 136509 / 597871
[2023-10-05 01:06:22.290] [info] #10: Feasible / Total: 145433 / 597871
[2023-10-05 01:07:32.705] [info] #11: Feasible / Total: 158156 / 597871
[2023-10-05 01:09:06.627] [info] #12: Feasible / Total: 176729 / 597871
[2023-10-05 01:11:02.404] [info] #13: Feasible / Total: 204368 / 597871
[2023-10-05 01:13:18.158] [info] #14: Feasible / Total: 238276 / 597871
[2023-10-05 01:15:14.847] [info] #15: Feasible / Total: 271218 / 597871
[2023-10-05 01:16:31.064] [info] #16: Feasible / Total: 295048 / 597871
[2023-10-05 01:17:02.978] [info] #17: Feasible / Total: 302197 / 597871
[2023-10-05 01:17:19.605] [info] #18: Feasible / Total: 305659 / 597871
[2023-10-05 01:17:30.462] [info] #19: Feasible / Total: 307611 / 597871
[2023-10-05 01:17:40.707] [info] #20: Feasible / Total: 308714 / 597871
[2023-10-05 01:17:49.791] [info] #21: Feasible / Total: 309700 / 597871
[2023-10-05 01:18:00.408] [info] #22: Feasible / Total: 311054 / 597871
[2023-10-05 01:18:08.074] [info] #23: Feasible / Total: 312064 / 597871
[2023-10-05 01:18:13.371] [info] #24: Feasible / Total: 312645 / 597871
[2023-10-05 01:18:18.337] [info] #25: Feasible / Total: 313019 / 597871
[2023-10-05 01:18:23.426] [info] #26: Feasible / Total: 313265 / 597871
[2023-10-05 01:18:29.037] [info] #27: Feasible / Total: 313284 / 597871
[2023-10-05 01:18:33.172] [info] #27: Feasible / Total: 313284 / 597871
[2023-10-05 01:18:33.173] [info] Graph is not D-reducible.
[2023-10-05 01:18:33.325] [info] Started C-reducibility check
[2023-10-05 01:24:41.480] [info] Trying 65450909 possible contractions
[2023-10-05 01:24:41.480] [info] [0/65450909] Starting contraction of size 1
[2023-10-05 01:25:53.234] [info] [45/65450909] Starting contraction of size 2
[2023-10-05 01:43:29.952] [info] [960/65450909] Starting contraction of size 3
[2023-10-05 04:05:24.319] [info] [12110/65450909] Starting contraction of size 4
[2023-10-05 10:41:16.181] [info] All colors passed! Contracted: 32, 33, 52, 53
[2023-10-05 10:41:16.181] [info] Graph is C-reducible!
