[2023-10-02 23:43:09.579] [info] Kempe type: Projective
[2023-10-02 23:43:09.579] [info] Vertex size: 31, Edge size: 53, Ring size: 13
[2023-10-02 23:43:09.990] [info] Started D-reducibility check
[2023-10-02 23:43:09.990] [info] #1: Feasible / Total: 9494 / 66430
[2023-10-02 23:43:15.817] [info] #2: Feasible / Total: 12758 / 66430
[2023-10-02 23:43:19.267] [info] #3: Feasible / Total: 15843 / 66430
[2023-10-02 23:43:22.753] [info] #4: Feasible / Total: 19410 / 66430
[2023-10-02 23:43:26.020] [info] #5: Feasible / Total: 22933 / 66430
[2023-10-02 23:43:30.111] [info] #6: Feasible / Total: 26197 / 66430
[2023-10-02 23:43:35.283] [info] #7: Feasible / Total: 30233 / 66430
[2023-10-02 23:43:39.874] [info] #8: Feasible / Total: 35304 / 66430
[2023-10-02 23:43:42.228] [info] #9: Feasible / Total: 39119 / 66430
[2023-10-02 23:43:45.912] [info] #10: Feasible / Total: 42785 / 66430
[2023-10-02 23:43:50.480] [info] #11: Feasible / Total: 49469 / 66430
[2023-10-02 23:43:52.102] [info] #12: Feasible / Total: 52582 / 66430
[2023-10-02 23:43:52.365] [info] #13: Feasible / Total: 52648 / 66430
[2023-10-02 23:43:52.539] [info] #13: Feasible / Total: 52648 / 66430
[2023-10-02 23:43:52.539] [info] Graph is not D-reducible.
[2023-10-02 23:43:52.548] [info] Started C-reducibility check
[2023-10-02 23:44:40.576] [info] Trying 1197463 possible contractions
[2023-10-02 23:44:40.576] [info] [0/1197463] Starting contraction of size 1
[2023-10-02 23:44:51.275] [info] [40/1197463] Starting contraction of size 2
[2023-10-02 23:48:18.721] [info] [753/1197463] Starting contraction of size 3
[2023-10-02 23:54:17.057] [info] All colors passed! Contracted: 14, 15, 50
[2023-10-02 23:54:17.057] [info] Graph is C-reducible!
