[2023-10-02 16:31:56.281] [info] Kempe type: Projective
[2023-10-02 16:31:56.284] [info] Vertex size: 33, Edge size: 56, Ring size: 13
[2023-10-02 16:31:56.872] [info] Started D-reducibility check
[2023-10-02 16:31:56.872] [info] #1: Feasible / Total: 9837 / 66430
[2023-10-02 16:32:03.534] [info] #2: Feasible / Total: 15388 / 66430
[2023-10-02 16:32:06.847] [info] #3: Feasible / Total: 19263 / 66430
[2023-10-02 16:32:09.786] [info] #4: Feasible / Total: 23019 / 66430
[2023-10-02 16:32:11.640] [info] #5: Feasible / Total: 25391 / 66430
[2023-10-02 16:32:13.806] [info] #6: Feasible / Total: 27461 / 66430
[2023-10-02 16:32:17.618] [info] #7: Feasible / Total: 32028 / 66430
[2023-10-02 16:32:22.062] [info] #8: Feasible / Total: 41472 / 66430
[2023-10-02 16:32:23.711] [info] #9: Feasible / Total: 47563 / 66430
[2023-10-02 16:32:23.952] [info] #10: Feasible / Total: 47905 / 66430
[2023-10-02 16:32:24.091] [info] #11: Feasible / Total: 47922 / 66430
[2023-10-02 16:32:24.224] [info] #11: Feasible / Total: 47922 / 66430
[2023-10-02 16:32:24.224] [info] Graph is not D-reducible.
[2023-10-02 16:32:24.233] [info] Started C-reducibility check
[2023-10-02 16:33:53.168] [info] Trying 2029568 possible contractions
[2023-10-02 16:33:53.168] [info] [0/2029568] Starting contraction of size 1
[2023-10-02 16:34:15.052] [info] [43/2029568] Starting contraction of size 2
[2023-10-02 16:39:53.714] [info] [873/2029568] Starting contraction of size 3
[2023-10-02 17:21:54.367] [info] All colors passed! Contracted: 35, 42, 49
[2023-10-02 17:21:54.367] [info] Graph is C-reducible!
