[2023-10-04 21:56:06.865] [info] Kempe type: Projective
[2023-10-04 21:56:06.875] [info] Vertex size: 31, Edge size: 53, Ring size: 13
[2023-10-04 21:56:07.732] [info] Started D-reducibility check
[2023-10-04 21:56:07.732] [info] #1: Feasible / Total: 8731 / 66430
[2023-10-04 21:56:17.520] [info] #2: Feasible / Total: 12065 / 66430
[2023-10-04 21:56:21.580] [info] #3: Feasible / Total: 14674 / 66430
[2023-10-04 21:56:24.424] [info] #4: Feasible / Total: 16659 / 66430
[2023-10-04 21:56:27.208] [info] #5: Feasible / Total: 18219 / 66430
[2023-10-04 21:56:29.370] [info] #6: Feasible / Total: 19588 / 66430
[2023-10-04 21:56:32.229] [info] #7: Feasible / Total: 21206 / 66430
[2023-10-04 21:56:35.379] [info] #8: Feasible / Total: 23084 / 66430
[2023-10-04 21:56:38.105] [info] #9: Feasible / Total: 25230 / 66430
[2023-10-04 21:56:42.205] [info] #10: Feasible / Total: 28152 / 66430
[2023-10-04 21:56:45.257] [info] #11: Feasible / Total: 31411 / 66430
[2023-10-04 21:56:48.013] [info] #12: Feasible / Total: 34310 / 66430
[2023-10-04 21:56:51.179] [info] #13: Feasible / Total: 37509 / 66430
[2023-10-04 21:56:54.506] [info] #14: Feasible / Total: 41997 / 66430
[2023-10-04 21:56:57.389] [info] #15: Feasible / Total: 46368 / 66430
[2023-10-04 21:56:58.406] [info] #16: Feasible / Total: 48007 / 66430
[2023-10-04 21:56:58.760] [info] #17: Feasible / Total: 48097 / 66430
[2023-10-04 21:56:59.038] [info] #18: Feasible / Total: 48098 / 66430
[2023-10-04 21:56:59.316] [info] #18: Feasible / Total: 48098 / 66430
[2023-10-04 21:56:59.316] [info] Graph is not D-reducible.
[2023-10-04 21:56:59.339] [info] Started C-reducibility check
[2023-10-04 21:57:49.096] [info] Trying 15194041 possible contractions
[2023-10-04 21:57:49.097] [info] [0/15194041] Starting contraction of size 1
[2023-10-04 21:57:57.306] [info] [40/15194041] Starting contraction of size 2
[2023-10-04 21:59:55.886] [info] [753/15194041] Starting contraction of size 3
[2023-10-04 22:16:13.685] [info] [8253/15194041] Starting contraction of size 4
[2023-10-04 23:11:03.939] [info] All colors passed! Contracted: 23, 37, 39, 44
[2023-10-04 23:11:03.939] [info] Graph is C-reducible!
