[2023-09-30 23:35:48.133] [info] Kempe type: Projective
[2023-09-30 23:35:48.133] [info] Vertex size: 35, Edge size: 60, Ring size: 15
[2023-09-30 23:35:51.136] [info] Started D-reducibility check
[2023-09-30 23:35:51.136] [info] #1: Feasible / Total: 53372 / 597871
[2023-09-30 23:40:13.641] [info] #2: Feasible / Total: 87211 / 597871
[2023-09-30 23:43:16.690] [info] #3: Feasible / Total: 109098 / 597871
[2023-09-30 23:45:09.709] [info] #4: Feasible / Total: 130438 / 597871
[2023-09-30 23:46:59.009] [info] #5: Feasible / Total: 153302 / 597871
[2023-09-30 23:48:51.162] [info] #6: Feasible / Total: 178510 / 597871
[2023-09-30 23:51:03.507] [info] #7: Feasible / Total: 210381 / 597871
[2023-09-30 23:53:54.470] [info] #8: Feasible / Total: 256347 / 597871
[2023-09-30 23:56:38.223] [info] #9: Feasible / Total: 323274 / 597871
[2023-09-30 23:58:30.155] [info] #10: Feasible / Total: 391315 / 597871
[2023-09-30 23:59:10.071] [info] #11: Feasible / Total: 422280 / 597871
[2023-09-30 23:59:19.006] [info] #12: Feasible / Total: 426172 / 597871
[2023-09-30 23:59:22.188] [info] #13: Feasible / Total: 426463 / 597871
[2023-09-30 23:59:24.484] [info] #14: Feasible / Total: 426506 / 597871
[2023-09-30 23:59:26.704] [info] #15: Feasible / Total: 426509 / 597871
[2023-09-30 23:59:28.913] [info] #15: Feasible / Total: 426509 / 597871
[2023-09-30 23:59:28.913] [info] Graph is not D-reducible.
[2023-09-30 23:59:29.010] [info] Started C-reducibility check
[2023-10-01 00:03:12.342] [info] Trying 2913014 possible contractions
[2023-10-01 00:03:12.342] [info] [0/2913014] Starting contraction of size 1
[2023-10-01 00:04:30.126] [info] [45/2913014] Starting contraction of size 2
[2023-10-01 00:27:08.448] [info] [960/2913014] Starting contraction of size 3
[2023-10-01 00:58:33.166] [info] All colors passed! Contracted: 23, 38, 52
[2023-10-01 00:58:33.166] [info] Graph is C-reducible!
