[2023-09-30 16:28:17.945] [info] Kempe type: Projective
[2023-09-30 16:28:17.945] [info] Vertex size: 34, Edge size: 58, Ring size: 14
[2023-09-30 16:28:22.731] [info] Started D-reducibility check
[2023-09-30 16:28:22.731] [info] #1: Feasible / Total: 23397 / 199291
[2023-09-30 16:29:15.972] [info] #2: Feasible / Total: 36770 / 199291
[2023-09-30 16:29:33.562] [info] #3: Feasible / Total: 43908 / 199291
[2023-09-30 16:29:55.490] [info] #4: Feasible / Total: 53023 / 199291
[2023-09-30 16:30:14.324] [info] #5: Feasible / Total: 63671 / 199291
[2023-09-30 16:30:32.875] [info] #6: Feasible / Total: 76795 / 199291
[2023-09-30 16:30:48.988] [info] #7: Feasible / Total: 89629 / 199291
[2023-09-30 16:31:02.108] [info] #8: Feasible / Total: 102889 / 199291
[2023-09-30 16:31:15.129] [info] #9: Feasible / Total: 120377 / 199291
[2023-09-30 16:31:19.298] [info] #10: Feasible / Total: 128631 / 199291
[2023-09-30 16:31:20.681] [info] #11: Feasible / Total: 129074 / 199291
[2023-09-30 16:31:22.089] [info] #12: Feasible / Total: 129497 / 199291
[2023-09-30 16:31:23.770] [info] #13: Feasible / Total: 129826 / 199291
[2023-09-30 16:31:25.410] [info] #14: Feasible / Total: 130303 / 199291
[2023-09-30 16:31:27.296] [info] #15: Feasible / Total: 130777 / 199291
[2023-09-30 16:31:28.590] [info] #16: Feasible / Total: 131214 / 199291
[2023-09-30 16:31:29.629] [info] #17: Feasible / Total: 131466 / 199291
[2023-09-30 16:31:30.383] [info] #18: Feasible / Total: 131511 / 199291
[2023-09-30 16:31:31.129] [info] #19: Feasible / Total: 131526 / 199291
[2023-09-30 16:31:31.848] [info] #20: Feasible / Total: 131529 / 199291
[2023-09-30 16:31:32.526] [info] #21: Feasible / Total: 131530 / 199291
[2023-09-30 16:31:33.202] [info] #21: Feasible / Total: 131530 / 199291
[2023-09-30 16:31:33.202] [info] Graph is not D-reducible.
[2023-09-30 16:31:33.233] [info] Started C-reducibility check
[2023-09-30 16:33:56.971] [info] Trying 2440504 possible contractions
[2023-09-30 16:33:56.971] [info] [0/2440504] Starting contraction of size 1
[2023-09-30 16:34:27.869] [info] [44/2440504] Starting contraction of size 2
[2023-09-30 16:36:08.398] [info] All colors passed! Contracted: 21, 48
[2023-09-30 16:36:08.398] [info] Graph is C-reducible!
