[2023-10-02 00:12:28.055] [info] Kempe type: Projective
[2023-10-02 00:12:28.078] [info] Vertex size: 35, Edge size: 60, Ring size: 15
[2023-10-02 00:12:39.459] [info] Started D-reducibility check
[2023-10-02 00:12:39.459] [info] #1: Feasible / Total: 56114 / 597871
[2023-10-02 00:25:03.884] [info] #2: Feasible / Total: 90045 / 597871
[2023-10-02 00:29:37.240] [info] #3: Feasible / Total: 108087 / 597871
[2023-10-02 00:33:14.688] [info] #4: Feasible / Total: 124938 / 597871
[2023-10-02 00:37:01.586] [info] #5: Feasible / Total: 143921 / 597871
[2023-10-02 00:41:10.497] [info] #6: Feasible / Total: 169049 / 597871
[2023-10-02 00:46:39.786] [info] #7: Feasible / Total: 202099 / 597871
[2023-10-02 00:52:34.338] [info] #8: Feasible / Total: 245504 / 597871
[2023-10-02 00:58:06.810] [info] #9: Feasible / Total: 300484 / 597871
[2023-10-02 01:01:45.721] [info] #10: Feasible / Total: 344913 / 597871
[2023-10-02 01:03:41.879] [info] #11: Feasible / Total: 364090 / 597871
[2023-10-02 01:04:27.234] [info] #12: Feasible / Total: 372717 / 597871
[2023-10-02 01:04:37.859] [info] #13: Feasible / Total: 373653 / 597871
[2023-10-02 01:04:44.337] [info] #14: Feasible / Total: 373657 / 597871
[2023-10-02 01:04:50.736] [info] #14: Feasible / Total: 373657 / 597871
[2023-10-02 01:04:50.736] [info] Graph is not D-reducible.
[2023-10-02 01:04:50.923] [info] Started C-reducibility check
[2023-10-02 01:13:08.272] [info] Trying 65718598 possible contractions
[2023-10-02 01:13:08.272] [info] [0/65718598] Starting contraction of size 1
[2023-10-02 01:15:13.452] [info] [45/65718598] Starting contraction of size 2
[2023-10-02 01:46:30.068] [info] [960/65718598] Starting contraction of size 3
[2023-10-02 04:30:41.338] [info] All colors passed! Contracted: 31, 44, 54
[2023-10-02 04:30:41.338] [info] Graph is C-reducible!
