[2023-09-30 14:52:46.477] [info] Kempe type: Projective
[2023-09-30 14:52:46.477] [info] Vertex size: 32, Edge size: 55, Ring size: 14
[2023-09-30 14:52:47.873] [info] Started D-reducibility check
[2023-09-30 14:52:47.873] [info] #1: Feasible / Total: 22181 / 199291
[2023-09-30 14:53:42.789] [info] #2: Feasible / Total: 38877 / 199291
[2023-09-30 14:54:05.800] [info] #3: Feasible / Total: 51012 / 199291
[2023-09-30 14:54:28.042] [info] #4: Feasible / Total: 65232 / 199291
[2023-09-30 14:54:55.139] [info] #5: Feasible / Total: 85879 / 199291
[2023-09-30 14:55:25.401] [info] #6: Feasible / Total: 114052 / 199291
[2023-09-30 14:55:58.736] [info] #7: Feasible / Total: 152989 / 199291
[2023-09-30 14:56:10.610] [info] #8: Feasible / Total: 173610 / 199291
[2023-09-30 14:56:11.259] [info] #9: Feasible / Total: 174010 / 199291
[2023-09-30 14:56:11.500] [info] #9: Feasible / Total: 174010 / 199291
[2023-09-30 14:56:11.500] [info] Graph is not D-reducible.
[2023-09-30 14:56:11.527] [info] Started C-reducibility check
[2023-09-30 14:56:49.841] [info] Trying 1463396 possible contractions
[2023-09-30 14:56:49.841] [info] [0/1463396] Starting contraction of size 1
[2023-09-30 14:57:12.448] [info] [41/1463396] Starting contraction of size 2
[2023-09-30 15:02:50.201] [info] [793/1463396] Starting contraction of size 3
[2023-09-30 15:07:25.027] [info] All colors passed! Contracted: 16, 18, 22
[2023-09-30 15:07:25.027] [info] Graph is C-reducible!
