[2023-10-03 15:49:02.288] [info] Kempe type: Projective
[2023-10-03 15:49:02.302] [info] Vertex size: 29, Edge size: 50, Ring size: 13
[2023-10-03 15:49:03.150] [info] Started D-reducibility check
[2023-10-03 15:49:03.150] [info] #1: Feasible / Total: 8648 / 66430
[2023-10-03 15:49:14.547] [info] #2: Feasible / Total: 11715 / 66430
[2023-10-03 15:49:18.322] [info] #3: Feasible / Total: 13152 / 66430
[2023-10-03 15:49:20.295] [info] #4: Feasible / Total: 14262 / 66430
[2023-10-03 15:49:21.926] [info] #5: Feasible / Total: 15298 / 66430
[2023-10-03 15:49:23.997] [info] #6: Feasible / Total: 16373 / 66430
[2023-10-03 15:49:26.497] [info] #7: Feasible / Total: 17694 / 66430
[2023-10-03 15:49:29.336] [info] #8: Feasible / Total: 19197 / 66430
[2023-10-03 15:49:31.919] [info] #9: Feasible / Total: 20728 / 66430
[2023-10-03 15:49:34.849] [info] #10: Feasible / Total: 22437 / 66430
[2023-10-03 15:49:37.079] [info] #11: Feasible / Total: 24396 / 66430
[2023-10-03 15:49:40.320] [info] #12: Feasible / Total: 27070 / 66430
[2023-10-03 15:49:45.960] [info] #13: Feasible / Total: 31031 / 66430
[2023-10-03 15:49:50.599] [info] #14: Feasible / Total: 35536 / 66430
[2023-10-03 15:49:53.550] [info] #15: Feasible / Total: 38743 / 66430
[2023-10-03 15:49:55.454] [info] #16: Feasible / Total: 42126 / 66430
[2023-10-03 15:49:56.780] [info] #17: Feasible / Total: 44673 / 66430
[2023-10-03 15:49:57.113] [info] #18: Feasible / Total: 44702 / 66430
[2023-10-03 15:49:57.420] [info] #18: Feasible / Total: 44702 / 66430
[2023-10-03 15:49:57.420] [info] Graph is not D-reducible.
[2023-10-03 15:49:57.429] [info] Started C-reducibility check
[2023-10-03 15:50:16.025] [info] Trying 6123079 possible contractions
[2023-10-03 15:50:16.025] [info] [0/6123079] Starting contraction of size 1
[2023-10-03 15:50:24.105] [info] [37/6123079] Starting contraction of size 2
[2023-10-03 15:50:50.541] [info] All colors passed! Contracted: 13, 42
[2023-10-03 15:50:50.570] [info] Graph is C-reducible!
