[2023-10-03 15:49:02.198] [info] Kempe type: Projective
[2023-10-03 15:49:02.210] [info] Vertex size: 31, Edge size: 53, Ring size: 13
[2023-10-03 15:49:03.309] [info] Started D-reducibility check
[2023-10-03 15:49:03.309] [info] #1: Feasible / Total: 9208 / 66430
[2023-10-03 15:49:11.353] [info] #2: Feasible / Total: 11315 / 66430
[2023-10-03 15:49:13.764] [info] #3: Feasible / Total: 12563 / 66430
[2023-10-03 15:49:16.939] [info] #4: Feasible / Total: 13750 / 66430
[2023-10-03 15:49:19.958] [info] #5: Feasible / Total: 14919 / 66430
[2023-10-03 15:49:21.976] [info] #6: Feasible / Total: 16174 / 66430
[2023-10-03 15:49:25.112] [info] #7: Feasible / Total: 17624 / 66430
[2023-10-03 15:49:27.549] [info] #8: Feasible / Total: 19136 / 66430
[2023-10-03 15:49:29.853] [info] #9: Feasible / Total: 20737 / 66430
[2023-10-03 15:49:32.426] [info] #10: Feasible / Total: 22897 / 66430
[2023-10-03 15:49:35.799] [info] #11: Feasible / Total: 26609 / 66430
[2023-10-03 15:49:40.013] [info] #12: Feasible / Total: 31631 / 66430
[2023-10-03 15:49:43.763] [info] #13: Feasible / Total: 38199 / 66430
[2023-10-03 15:49:46.085] [info] #14: Feasible / Total: 43562 / 66430
[2023-10-03 15:49:47.210] [info] #15: Feasible / Total: 45858 / 66430
[2023-10-03 15:49:47.745] [info] #16: Feasible / Total: 46586 / 66430
[2023-10-03 15:49:48.041] [info] #17: Feasible / Total: 46628 / 66430
[2023-10-03 15:49:48.315] [info] #17: Feasible / Total: 46628 / 66430
[2023-10-03 15:49:48.315] [info] Graph is not D-reducible.
[2023-10-03 15:49:48.332] [info] Started C-reducibility check
[2023-10-03 15:50:51.857] [info] Trying 15258661 possible contractions
[2023-10-03 15:50:51.857] [info] [0/15258661] Starting contraction of size 1
[2023-10-03 15:50:52.677] [info] All colors passed! Contracted: 29
[2023-10-03 15:50:52.677] [info] Graph is C-reducible!
