[2023-09-30 23:35:48.121] [info] Kempe type: Projective
[2023-09-30 23:35:48.121] [info] Vertex size: 35, Edge size: 60, Ring size: 15
[2023-09-30 23:35:52.577] [info] Started D-reducibility check
[2023-09-30 23:35:52.577] [info] #1: Feasible / Total: 52411 / 597871
[2023-09-30 23:41:47.689] [info] #2: Feasible / Total: 96520 / 597871
[2023-09-30 23:44:44.514] [info] #3: Feasible / Total: 125807 / 597871
[2023-09-30 23:46:51.443] [info] #4: Feasible / Total: 155217 / 597871
[2023-09-30 23:49:19.691] [info] #5: Feasible / Total: 190460 / 597871
[2023-09-30 23:52:01.540] [info] #6: Feasible / Total: 233725 / 597871
[2023-09-30 23:54:58.738] [info] #7: Feasible / Total: 289513 / 597871
[2023-09-30 23:58:02.013] [info] #8: Feasible / Total: 359786 / 597871
[2023-10-01 00:00:11.284] [info] #9: Feasible / Total: 434242 / 597871
[2023-10-01 00:00:56.750] [info] #10: Feasible / Total: 472634 / 597871
[2023-10-01 00:01:01.339] [info] #11: Feasible / Total: 474094 / 597871
[2023-10-01 00:01:02.932] [info] #12: Feasible / Total: 474117 / 597871
[2023-10-01 00:01:04.467] [info] #12: Feasible / Total: 474117 / 597871
[2023-10-01 00:01:04.467] [info] Graph is not D-reducible.
[2023-10-01 00:01:04.550] [info] Started C-reducibility check
[2023-10-01 00:04:36.220] [info] Trying 2913040 possible contractions
[2023-10-01 00:04:36.220] [info] [0/2913040] Starting contraction of size 1
[2023-10-01 00:05:56.980] [info] [45/2913040] Starting contraction of size 2
[2023-10-01 00:28:29.192] [info] [960/2913040] Starting contraction of size 3
[2023-10-01 04:42:17.369] [info] [12111/2913040] Starting contraction of size 4
[2023-10-02 10:48:19.554] [info] [103265/2913040] Starting contraction of size 5
[2023-10-04 00:48:15.322] [info] All colors passed! Contracted: 16, 37, 41, 45, 55
[2023-10-04 00:48:15.322] [info] Graph is C-reducible!
