[2023-10-02 19:57:05.312] [info] Kempe type: Projective
[2023-10-02 19:57:05.313] [info] Vertex size: 29, Edge size: 50, Ring size: 13
[2023-10-02 19:57:05.935] [info] Started D-reducibility check
[2023-10-02 19:57:05.935] [info] #1: Feasible / Total: 8740 / 66430
[2023-10-02 19:57:34.877] [info] #2: Feasible / Total: 13878 / 66430
[2023-10-02 19:57:45.614] [info] #3: Feasible / Total: 16326 / 66430
[2023-10-02 19:57:52.606] [info] #4: Feasible / Total: 18212 / 66430
[2023-10-02 19:57:59.524] [info] #5: Feasible / Total: 19883 / 66430
[2023-10-02 19:58:06.485] [info] #6: Feasible / Total: 21827 / 66430
[2023-10-02 19:58:13.238] [info] #7: Feasible / Total: 24185 / 66430
[2023-10-02 19:58:21.072] [info] #8: Feasible / Total: 27705 / 66430
[2023-10-02 19:58:30.827] [info] #9: Feasible / Total: 33394 / 66430
[2023-10-02 19:58:39.817] [info] #10: Feasible / Total: 39575 / 66430
[2023-10-02 19:58:47.514] [info] #11: Feasible / Total: 45729 / 66430
[2023-10-02 19:58:51.347] [info] #12: Feasible / Total: 50479 / 66430
[2023-10-02 19:58:51.865] [info] #13: Feasible / Total: 50846 / 66430
[2023-10-02 19:58:52.197] [info] #13: Feasible / Total: 50846 / 66430
[2023-10-02 19:58:52.197] [info] Graph is not D-reducible.
[2023-10-02 19:58:52.227] [info] Started C-reducibility check
[2023-10-02 19:59:11.483] [info] Trying 678785 possible contractions
[2023-10-02 19:59:11.483] [info] [0/678785] Starting contraction of size 1
[2023-10-02 19:59:16.010] [info] All colors passed! Contracted: 25
[2023-10-02 19:59:16.010] [info] Graph is C-reducible!
