[2023-10-02 23:43:09.605] [info] Kempe type: Projective
[2023-10-02 23:43:09.610] [info] Vertex size: 32, Edge size: 55, Ring size: 14
[2023-10-02 23:43:14.123] [info] Started D-reducibility check
[2023-10-02 23:43:14.123] [info] #1: Feasible / Total: 21854 / 199291
[2023-10-02 23:45:43.711] [info] #2: Feasible / Total: 31672 / 199291
[2023-10-02 23:46:35.102] [info] #3: Feasible / Total: 38429 / 199291
[2023-10-02 23:47:09.491] [info] #4: Feasible / Total: 44816 / 199291
[2023-10-02 23:47:49.750] [info] #5: Feasible / Total: 52763 / 199291
[2023-10-02 23:48:46.402] [info] #6: Feasible / Total: 66640 / 199291
[2023-10-02 23:50:15.537] [info] #7: Feasible / Total: 94846 / 199291
[2023-10-02 23:51:50.584] [info] #8: Feasible / Total: 139935 / 199291
[2023-10-02 23:52:15.388] [info] #9: Feasible / Total: 167982 / 199291
[2023-10-02 23:52:16.391] [info] #10: Feasible / Total: 168374 / 199291
[2023-10-02 23:52:17.008] [info] #10: Feasible / Total: 168374 / 199291
[2023-10-02 23:52:17.009] [info] Graph is not D-reducible.
[2023-10-02 23:52:17.064] [info] Started C-reducibility check
[2023-10-02 23:53:43.900] [info] Trying 1466082 possible contractions
[2023-10-02 23:53:43.901] [info] [0/1466082] Starting contraction of size 1
[2023-10-02 23:53:59.309] [info] All colors passed! Contracted: 21
[2023-10-02 23:53:59.309] [info] Graph is C-reducible!
