[2023-10-01 10:31:59.088] [info] Kempe type: Projective
[2023-10-01 10:31:59.088] [info] Vertex size: 37, Edge size: 63, Ring size: 15
[2023-10-01 10:32:08.547] [info] Started D-reducibility check
[2023-10-01 10:32:08.547] [info] #1: Feasible / Total: 61695 / 597871
[2023-10-01 10:37:41.629] [info] #2: Feasible / Total: 102469 / 597871
[2023-10-01 10:40:32.297] [info] #3: Feasible / Total: 140779 / 597871
[2023-10-01 10:43:14.416] [info] #4: Feasible / Total: 188942 / 597871
[2023-10-01 10:46:09.227] [info] #5: Feasible / Total: 242513 / 597871
[2023-10-01 10:49:01.172] [info] #6: Feasible / Total: 298165 / 597871
[2023-10-01 10:50:47.226] [info] #7: Feasible / Total: 342918 / 597871
[2023-10-01 10:51:26.346] [info] #8: Feasible / Total: 360100 / 597871
[2023-10-01 10:51:44.065] [info] #9: Feasible / Total: 365739 / 597871
[2023-10-01 10:51:51.576] [info] #10: Feasible / Total: 367615 / 597871
[2023-10-01 10:51:55.834] [info] #11: Feasible / Total: 368148 / 597871
[2023-10-01 10:51:59.925] [info] #12: Feasible / Total: 368496 / 597871
[2023-10-01 10:52:04.617] [info] #13: Feasible / Total: 369133 / 597871
[2023-10-01 10:52:09.641] [info] #14: Feasible / Total: 369745 / 597871
[2023-10-01 10:52:12.836] [info] #15: Feasible / Total: 369921 / 597871
[2023-10-01 10:52:15.694] [info] #15: Feasible / Total: 369921 / 597871
[2023-10-01 10:52:15.694] [info] Graph is not D-reducible.
[2023-10-01 10:52:15.783] [info] Started C-reducibility check
[2023-10-01 11:05:18.404] [info] Trying 4609686 possible contractions
[2023-10-01 11:05:18.404] [info] [0/4609686] Starting contraction of size 1
[2023-10-01 11:08:08.001] [info] [48/4609686] Starting contraction of size 2
[2023-10-01 12:19:07.958] [info] [1095/4609686] Starting contraction of size 3
[2023-10-01 22:34:24.959] [info] [14868/4609686] Starting contraction of size 4
[2023-10-04 13:14:16.520] [info] All colors passed! Contracted: 41, 43, 50, 57
[2023-10-04 13:14:16.520] [info] Graph is C-reducible!
