[2023-10-03 17:50:32.906] [info] Kempe type: Projective
[2023-10-03 17:50:32.934] [info] Vertex size: 30, Edge size: 51, Ring size: 12
[2023-10-03 17:50:33.313] [info] Started D-reducibility check
[2023-10-03 17:50:33.313] [info] #1: Feasible / Total: 4378 / 22144
[2023-10-03 17:50:44.030] [info] #2: Feasible / Total: 7502 / 22144
[2023-10-03 17:50:48.275] [info] #3: Feasible / Total: 10259 / 22144
[2023-10-03 17:50:51.315] [info] #4: Feasible / Total: 12699 / 22144
[2023-10-03 17:50:52.483] [info] #5: Feasible / Total: 13818 / 22144
[2023-10-03 17:50:52.994] [info] #6: Feasible / Total: 14121 / 22144
[2023-10-03 17:50:53.354] [info] #7: Feasible / Total: 14185 / 22144
[2023-10-03 17:50:53.698] [info] #8: Feasible / Total: 14252 / 22144
[2023-10-03 17:50:54.004] [info] #9: Feasible / Total: 14320 / 22144
[2023-10-03 17:50:54.254] [info] #10: Feasible / Total: 14329 / 22144
[2023-10-03 17:50:54.489] [info] #10: Feasible / Total: 14329 / 22144
[2023-10-03 17:50:54.489] [info] Graph is not D-reducible.
[2023-10-03 17:50:54.509] [info] Started C-reducibility check
[2023-10-03 17:52:30.913] [info] Trying 10866557 possible contractions
[2023-10-03 17:52:30.938] [info] [0/10866557] Starting contraction of size 1
[2023-10-03 17:52:39.867] [info] [39/10866557] Starting contraction of size 2
[2023-10-03 17:53:56.192] [info] All colors passed! Contracted: 16, 26
[2023-10-03 17:53:56.214] [info] Graph is C-reducible!
