[2024-03-24 12:30:42.385] [info] Kempe type: Projective
[2024-03-24 12:30:42.385] [info] Vertex size: 20, Edge size: 35, Ring size: 10
[2024-03-24 12:30:42.406] [info] Started D-reducibility check
[2024-03-24 12:30:42.406] [info] #1: Feasible / Total: 538 / 2461
[2024-03-24 12:30:42.500] [info] #2: Feasible / Total: 729 / 2461
[2024-03-24 12:30:42.525] [info] #3: Feasible / Total: 852 / 2461
[2024-03-24 12:30:42.534] [info] #4: Feasible / Total: 963 / 2461
[2024-03-24 12:30:42.555] [info] #5: Feasible / Total: 1085 / 2461
[2024-03-24 12:30:42.587] [info] #6: Feasible / Total: 1196 / 2461
[2024-03-24 12:30:42.633] [info] #7: Feasible / Total: 1384 / 2461
[2024-03-24 12:30:42.641] [info] #8: Feasible / Total: 1572 / 2461
[2024-03-24 12:30:42.670] [info] #9: Feasible / Total: 1615 / 2461
[2024-03-24 12:30:42.673] [info] #10: Feasible / Total: 1617 / 2461
[2024-03-24 12:30:42.675] [info] #10: Feasible / Total: 1617 / 2461
[2024-03-24 12:30:42.675] [info] Graph is not D-reducible.
[2024-03-24 12:30:42.675] [info] Started C-reducibility check
[2024-03-24 12:30:42.708] [info] Trying 6811 possible contractions
[2024-03-24 12:30:42.708] [info] [0/6811] Starting contraction of size 1
[2024-03-24 12:30:42.868] [info] [25/6811] Starting contraction of size 2
[2024-03-24 12:30:42.971] [info] All colors passed! Contracted: 11, 13
[2024-03-24 12:30:42.971] [info] Graph is C-reducible!
