[2023-09-30 20:00:26.224] [info] Kempe type: Projective
[2023-09-30 20:00:26.224] [info] Vertex size: 26, Edge size: 45, Ring size: 12
[2023-09-30 20:00:26.381] [info] Started D-reducibility check
[2023-09-30 20:00:26.381] [info] #1: Feasible / Total: 3288 / 22144
[2023-09-30 20:00:29.326] [info] #2: Feasible / Total: 4276 / 22144
[2023-09-30 20:00:29.942] [info] #3: Feasible / Total: 4603 / 22144
[2023-09-30 20:00:30.522] [info] #4: Feasible / Total: 4842 / 22144
[2023-09-30 20:00:31.033] [info] #5: Feasible / Total: 5126 / 22144
[2023-09-30 20:00:31.536] [info] #6: Feasible / Total: 5329 / 22144
[2023-09-30 20:00:32.059] [info] #7: Feasible / Total: 5549 / 22144
[2023-09-30 20:00:32.662] [info] #8: Feasible / Total: 5860 / 22144
[2023-09-30 20:00:33.130] [info] #9: Feasible / Total: 6316 / 22144
[2023-09-30 20:00:33.968] [info] #10: Feasible / Total: 7002 / 22144
[2023-09-30 20:00:34.853] [info] #11: Feasible / Total: 8141 / 22144
[2023-09-30 20:00:36.140] [info] #12: Feasible / Total: 9720 / 22144
[2023-09-30 20:00:37.226] [info] #13: Feasible / Total: 11986 / 22144
[2023-09-30 20:00:38.182] [info] #14: Feasible / Total: 15550 / 22144
[2023-09-30 20:00:38.645] [info] #15: Feasible / Total: 17833 / 22144
[2023-09-30 20:00:38.728] [info] #16: Feasible / Total: 17951 / 22144
[2023-09-30 20:00:38.780] [info] #16: Feasible / Total: 17951 / 22144
[2023-09-30 20:00:38.780] [info] Graph is not D-reducible.
[2023-09-30 20:00:38.784] [info] Started C-reducibility check
[2023-09-30 20:00:41.485] [info] Trying 285927 possible contractions
[2023-09-30 20:00:41.506] [info] [0/285927] Starting contraction of size 1
[2023-09-30 20:00:43.665] [info] [33/285927] Starting contraction of size 2
[2023-09-30 20:01:07.791] [info] [507/285927] Starting contraction of size 3
[2023-09-30 20:01:55.016] [info] All colors passed! Contracted: 17, 37, 42
[2023-09-30 20:01:55.016] [info] Graph is C-reducible!
