[2023-10-01 00:58:46.416] [info] Kempe type: Projective
[2023-10-01 00:58:46.416] [info] Vertex size: 32, Edge size: 55, Ring size: 14
[2023-10-01 00:58:49.278] [info] Started D-reducibility check
[2023-10-01 00:58:49.278] [info] #1: Feasible / Total: 22533 / 199291
[2023-10-01 01:01:16.439] [info] #2: Feasible / Total: 35655 / 199291
[2023-10-01 01:01:53.189] [info] #3: Feasible / Total: 42518 / 199291
[2023-10-01 01:02:23.738] [info] #4: Feasible / Total: 48916 / 199291
[2023-10-01 01:02:53.290] [info] #5: Feasible / Total: 56107 / 199291
[2023-10-01 01:03:30.189] [info] #6: Feasible / Total: 66271 / 199291
[2023-10-01 01:04:34.009] [info] #7: Feasible / Total: 84159 / 199291
[2023-10-01 01:05:55.713] [info] #8: Feasible / Total: 114789 / 199291
[2023-10-01 01:06:45.044] [info] #9: Feasible / Total: 146068 / 199291
[2023-10-01 01:06:52.774] [info] #10: Feasible / Total: 152084 / 199291
[2023-10-01 01:06:54.085] [info] #11: Feasible / Total: 152254 / 199291
[2023-10-01 01:06:54.995] [info] #12: Feasible / Total: 152257 / 199291
[2023-10-01 01:06:55.888] [info] #12: Feasible / Total: 152257 / 199291
[2023-10-01 01:06:55.888] [info] Graph is not D-reducible.
[2023-10-01 01:06:55.954] [info] Started C-reducibility check
[2023-10-01 01:08:17.246] [info] Trying 1463198 possible contractions
[2023-10-01 01:08:17.246] [info] [0/1463198] Starting contraction of size 1
[2023-10-01 01:08:20.846] [info] All colors passed! Contracted: 47
[2023-10-01 01:08:20.846] [info] Graph is C-reducible!
