[2023-10-02 21:50:37.744] [info] Kempe type: Projective
[2023-10-02 21:50:37.778] [info] Vertex size: 32, Edge size: 55, Ring size: 14
[2023-10-02 21:50:41.128] [info] Started D-reducibility check
[2023-10-02 21:50:41.128] [info] #1: Feasible / Total: 21197 / 199291
[2023-10-02 21:51:55.843] [info] #2: Feasible / Total: 30921 / 199291
[2023-10-02 21:52:18.672] [info] #3: Feasible / Total: 35946 / 199291
[2023-10-02 21:52:35.106] [info] #4: Feasible / Total: 39304 / 199291
[2023-10-02 21:52:49.489] [info] #5: Feasible / Total: 42234 / 199291
[2023-10-02 21:53:07.101] [info] #6: Feasible / Total: 45239 / 199291
[2023-10-02 21:53:26.772] [info] #7: Feasible / Total: 49209 / 199291
[2023-10-02 21:53:49.131] [info] #8: Feasible / Total: 55508 / 199291
[2023-10-02 21:54:25.493] [info] #9: Feasible / Total: 64701 / 199291
[2023-10-02 21:55:00.661] [info] #10: Feasible / Total: 76389 / 199291
[2023-10-02 21:55:53.582] [info] #11: Feasible / Total: 93591 / 199291
[2023-10-02 21:56:54.672] [info] #12: Feasible / Total: 118356 / 199291
[2023-10-02 21:57:23.621] [info] #13: Feasible / Total: 133349 / 199291
[2023-10-02 21:57:26.760] [info] #14: Feasible / Total: 134156 / 199291
[2023-10-02 21:57:28.043] [info] #15: Feasible / Total: 134165 / 199291
[2023-10-02 21:57:29.285] [info] #15: Feasible / Total: 134165 / 199291
[2023-10-02 21:57:29.285] [info] Graph is not D-reducible.
[2023-10-02 21:57:29.340] [info] Started C-reducibility check
[2023-10-02 21:58:54.647] [info] Trying 1466235 possible contractions
[2023-10-02 21:58:54.647] [info] [0/1466235] Starting contraction of size 1
[2023-10-02 21:59:28.003] [info] [41/1466235] Starting contraction of size 2
[2023-10-02 22:05:45.555] [info] All colors passed! Contracted: 46, 50
[2023-10-02 22:05:45.555] [info] Graph is C-reducible!
