[2023-10-02 12:25:42.483] [info] Kempe type: Projective
[2023-10-02 12:25:42.498] [info] Vertex size: 29, Edge size: 50, Ring size: 13
[2023-10-02 12:25:43.378] [info] Started D-reducibility check
[2023-10-02 12:25:43.378] [info] #1: Feasible / Total: 8676 / 66430
[2023-10-02 12:26:02.369] [info] #2: Feasible / Total: 13418 / 66430
[2023-10-02 12:26:09.362] [info] #3: Feasible / Total: 15981 / 66430
[2023-10-02 12:26:15.951] [info] #4: Feasible / Total: 18483 / 66430
[2023-10-02 12:26:21.618] [info] #5: Feasible / Total: 21283 / 66430
[2023-10-02 12:26:27.980] [info] #6: Feasible / Total: 25027 / 66430
[2023-10-02 12:26:36.219] [info] #7: Feasible / Total: 31315 / 66430
[2023-10-02 12:26:45.674] [info] #8: Feasible / Total: 41397 / 66430
[2023-10-02 12:26:54.417] [info] #9: Feasible / Total: 56054 / 66430
[2023-10-02 12:26:57.593] [info] #10: Feasible / Total: 63847 / 66430
[2023-10-02 12:26:57.797] [info] #11: Feasible / Total: 64810 / 66430
[2023-10-02 12:26:57.837] [info] #11: Feasible / Total: 64810 / 66430
[2023-10-02 12:26:57.837] [info] Graph is not D-reducible.
[2023-10-02 12:26:57.847] [info] Started C-reducibility check
[2023-10-02 12:27:09.971] [info] Trying 680566 possible contractions
[2023-10-02 12:27:09.972] [info] [0/680566] Starting contraction of size 1
[2023-10-02 12:27:11.294] [info] All colors passed! Contracted: 49
[2023-10-02 12:27:11.294] [info] Graph is C-reducible!
