[2023-10-03 15:49:02.353] [info] Kempe type: Projective
[2023-10-03 15:49:02.394] [info] Vertex size: 34, Edge size: 58, Ring size: 14
[2023-10-03 15:49:07.457] [info] Started D-reducibility check
[2023-10-03 15:49:07.457] [info] #1: Feasible / Total: 24826 / 199291
[2023-10-03 15:51:24.941] [info] #2: Feasible / Total: 33995 / 199291
[2023-10-03 15:52:06.208] [info] #3: Feasible / Total: 40218 / 199291
[2023-10-03 15:52:50.347] [info] #4: Feasible / Total: 46970 / 199291
[2023-10-03 15:53:40.045] [info] #5: Feasible / Total: 56981 / 199291
[2023-10-03 15:54:55.542] [info] #6: Feasible / Total: 73665 / 199291
[2023-10-03 15:56:22.612] [info] #7: Feasible / Total: 101033 / 199291
[2023-10-03 15:57:27.355] [info] #8: Feasible / Total: 130133 / 199291
[2023-10-03 15:57:48.487] [info] #9: Feasible / Total: 142963 / 199291
[2023-10-03 15:57:50.676] [info] #10: Feasible / Total: 143499 / 199291
[2023-10-03 15:57:51.754] [info] #10: Feasible / Total: 143499 / 199291
[2023-10-03 15:57:51.754] [info] Graph is not D-reducible.
[2023-10-03 15:57:51.818] [info] Started C-reducibility check
[2023-10-03 16:03:08.464] [info] Trying 48402375 possible contractions
[2023-10-03 16:03:08.464] [info] [0/48402375] Starting contraction of size 1
[2023-10-03 16:04:01.332] [info] [44/48402375] Starting contraction of size 2
[2023-10-03 16:17:34.576] [info] [916/48402375] Starting contraction of size 3
[2023-10-03 16:20:41.726] [info] All colors passed! Contracted: 33, 35, 50
[2023-10-03 16:20:41.726] [info] Graph is C-reducible!
