[2023-10-02 09:49:22.700] [info] Kempe type: Projective
[2023-10-02 09:49:22.706] [info] Vertex size: 34, Edge size: 58, Ring size: 14
[2023-10-02 09:49:28.764] [info] Started D-reducibility check
[2023-10-02 09:49:28.764] [info] #1: Feasible / Total: 25098 / 199291
[2023-10-02 09:52:22.659] [info] #2: Feasible / Total: 39863 / 199291
[2023-10-02 09:53:41.741] [info] #3: Feasible / Total: 53731 / 199291
[2023-10-02 09:55:14.225] [info] #4: Feasible / Total: 74361 / 199291
[2023-10-02 09:57:09.477] [info] #5: Feasible / Total: 107414 / 199291
[2023-10-02 09:58:39.892] [info] #6: Feasible / Total: 144828 / 199291
[2023-10-02 09:59:17.051] [info] #7: Feasible / Total: 174142 / 199291
[2023-10-02 09:59:21.142] [info] #8: Feasible / Total: 176685 / 199291
[2023-10-02 09:59:21.800] [info] #9: Feasible / Total: 176716 / 199291
[2023-10-02 09:59:22.397] [info] #9: Feasible / Total: 176716 / 199291
[2023-10-02 09:59:22.397] [info] Graph is not D-reducible.
[2023-10-02 09:59:22.476] [info] Started C-reducibility check
[2023-10-02 10:04:36.815] [info] Trying 2432483 possible contractions
[2023-10-02 10:04:36.815] [info] [0/2432483] Starting contraction of size 1
[2023-10-02 10:05:55.098] [info] [44/2432483] Starting contraction of size 2
[2023-10-02 10:27:56.746] [info] [916/2432483] Starting contraction of size 3
[2023-10-02 11:57:41.995] [info] All colors passed! Contracted: 39, 44, 53
[2023-10-02 11:57:41.995] [info] Graph is C-reducible!
