[2023-10-03 15:49:02.283] [info] Kempe type: Projective
[2023-10-03 15:49:02.290] [info] Vertex size: 34, Edge size: 58, Ring size: 14
[2023-10-03 15:49:04.856] [info] Started D-reducibility check
[2023-10-03 15:49:04.856] [info] #1: Feasible / Total: 26058 / 199291
[2023-10-03 15:52:55.426] [info] #2: Feasible / Total: 49372 / 199291
[2023-10-03 15:54:47.419] [info] #3: Feasible / Total: 75925 / 199291
[2023-10-03 15:56:41.615] [info] #4: Feasible / Total: 122010 / 199291
[2023-10-03 15:57:28.778] [info] #5: Feasible / Total: 161109 / 199291
[2023-10-03 15:57:32.330] [info] #6: Feasible / Total: 164254 / 199291
[2023-10-03 15:57:34.286] [info] #7: Feasible / Total: 164804 / 199291
[2023-10-03 15:57:36.359] [info] #8: Feasible / Total: 165341 / 199291
[2023-10-03 15:57:37.580] [info] #9: Feasible / Total: 165497 / 199291
[2023-10-03 15:57:38.420] [info] #10: Feasible / Total: 165523 / 199291
[2023-10-03 15:57:39.137] [info] #10: Feasible / Total: 165523 / 199291
[2023-10-03 15:57:39.137] [info] Graph is not D-reducible.
[2023-10-03 15:57:39.190] [info] Started C-reducibility check
[2023-10-03 16:03:11.474] [info] Trying 48602592 possible contractions
[2023-10-03 16:03:11.474] [info] [0/48602592] Starting contraction of size 1
[2023-10-03 16:03:23.284] [info] All colors passed! Contracted: 47
[2023-10-03 16:03:23.284] [info] Graph is C-reducible!
