[2023-10-04 21:56:06.784] [info] Kempe type: Projective
[2023-10-04 21:56:06.794] [info] Vertex size: 36, Edge size: 61, Ring size: 14
[2023-10-04 21:56:09.913] [info] Started D-reducibility check
[2023-10-04 21:56:09.930] [info] #1: Feasible / Total: 24281 / 199291
[2023-10-04 21:57:04.325] [info] #2: Feasible / Total: 37438 / 199291
[2023-10-04 21:57:30.228] [info] #3: Feasible / Total: 49136 / 199291
[2023-10-04 21:57:56.979] [info] #4: Feasible / Total: 60759 / 199291
[2023-10-04 21:58:24.593] [info] #5: Feasible / Total: 72782 / 199291
[2023-10-04 21:58:46.542] [info] #6: Feasible / Total: 84896 / 199291
[2023-10-04 21:59:09.242] [info] #7: Feasible / Total: 97050 / 199291
[2023-10-04 21:59:30.646] [info] #8: Feasible / Total: 107771 / 199291
[2023-10-04 21:59:47.198] [info] #9: Feasible / Total: 118463 / 199291
[2023-10-04 21:59:56.399] [info] #10: Feasible / Total: 127205 / 199291
[2023-10-04 22:00:01.362] [info] #11: Feasible / Total: 131535 / 199291
[2023-10-04 22:00:03.713] [info] #12: Feasible / Total: 133420 / 199291
[2023-10-04 22:00:04.619] [info] #13: Feasible / Total: 133859 / 199291
[2023-10-04 22:00:05.338] [info] #14: Feasible / Total: 133861 / 199291
[2023-10-04 22:00:06.004] [info] #14: Feasible / Total: 133861 / 199291
[2023-10-04 22:00:06.004] [info] Graph is not D-reducible.
[2023-10-04 22:00:06.036] [info] Started C-reducibility check
[2023-10-04 22:11:22.022] [info] Trying 104917966 possible contractions
[2023-10-04 22:11:22.022] [info] [0/104917966] Starting contraction of size 1
[2023-10-04 22:11:30.047] [info] All colors passed! Contracted: 33
[2023-10-04 22:11:30.047] [info] Graph is C-reducible!
