[2023-10-02 12:25:42.396] [info] Kempe type: Projective
[2023-10-02 12:25:42.418] [info] Vertex size: 31, Edge size: 53, Ring size: 13
[2023-10-02 12:25:43.946] [info] Started D-reducibility check
[2023-10-02 12:25:43.946] [info] #1: Feasible / Total: 10487 / 66430
[2023-10-02 12:26:01.939] [info] #2: Feasible / Total: 15047 / 66430
[2023-10-02 12:26:11.344] [info] #3: Feasible / Total: 18857 / 66430
[2023-10-02 12:26:19.507] [info] #4: Feasible / Total: 23167 / 66430
[2023-10-02 12:26:27.088] [info] #5: Feasible / Total: 28104 / 66430
[2023-10-02 12:26:35.538] [info] #6: Feasible / Total: 34429 / 66430
[2023-10-02 12:26:40.297] [info] #7: Feasible / Total: 39648 / 66430
[2023-10-02 12:26:44.179] [info] #8: Feasible / Total: 43926 / 66430
[2023-10-02 12:26:49.582] [info] #9: Feasible / Total: 54661 / 66430
[2023-10-02 12:26:50.810] [info] #10: Feasible / Total: 57933 / 66430
[2023-10-02 12:26:50.960] [info] #11: Feasible / Total: 58046 / 66430
[2023-10-02 12:26:51.071] [info] #11: Feasible / Total: 58046 / 66430
[2023-10-02 12:26:51.071] [info] Graph is not D-reducible.
[2023-10-02 12:26:51.081] [info] Started C-reducibility check
[2023-10-02 12:27:31.206] [info] Trying 1200200 possible contractions
[2023-10-02 12:27:31.207] [info] [0/1200200] Starting contraction of size 1
[2023-10-02 12:27:32.062] [info] All colors passed! Contracted: 36
[2023-10-02 12:27:32.063] [info] Graph is C-reducible!
