[2023-10-04 20:51:57.054] [info] Kempe type: Projective
[2023-10-04 20:51:57.114] [info] Vertex size: 31, Edge size: 53, Ring size: 13
[2023-10-04 20:51:58.587] [info] Started D-reducibility check
[2023-10-04 20:51:58.587] [info] #1: Feasible / Total: 9896 / 66430
[2023-10-04 20:52:30.106] [info] #2: Feasible / Total: 13580 / 66430
[2023-10-04 20:52:41.478] [info] #3: Feasible / Total: 15782 / 66430
[2023-10-04 20:52:51.919] [info] #4: Feasible / Total: 17656 / 66430
[2023-10-04 20:53:00.973] [info] #5: Feasible / Total: 19675 / 66430
[2023-10-04 20:53:10.396] [info] #6: Feasible / Total: 22008 / 66430
[2023-10-04 20:53:19.984] [info] #7: Feasible / Total: 25208 / 66430
[2023-10-04 20:53:33.739] [info] #8: Feasible / Total: 30972 / 66430
[2023-10-04 20:53:50.799] [info] #9: Feasible / Total: 40940 / 66430
[2023-10-04 20:54:05.296] [info] #10: Feasible / Total: 54965 / 66430
[2023-10-04 20:54:07.369] [info] #11: Feasible / Total: 60939 / 66430
[2023-10-04 20:54:07.495] [info] #12: Feasible / Total: 60970 / 66430
[2023-10-04 20:54:07.589] [info] #12: Feasible / Total: 60970 / 66430
[2023-10-04 20:54:07.614] [info] Graph is not D-reducible.
[2023-10-04 20:54:07.626] [info] Started C-reducibility check
[2023-10-04 20:55:42.723] [info] Trying 15258823 possible contractions
[2023-10-04 20:55:42.723] [info] [0/15258823] Starting contraction of size 1
[2023-10-04 20:55:43.654] [info] All colors passed! Contracted: 45
[2023-10-04 20:55:43.674] [info] Graph is C-reducible!
