[2023-10-01 10:31:59.042] [info] Kempe type: Projective
[2023-10-01 10:31:59.042] [info] Vertex size: 29, Edge size: 50, Ring size: 13
[2023-10-01 10:31:59.329] [info] Started D-reducibility check
[2023-10-01 10:31:59.329] [info] #1: Feasible / Total: 8359 / 66430
[2023-10-01 10:32:09.502] [info] #2: Feasible / Total: 11319 / 66430
[2023-10-01 10:32:13.378] [info] #3: Feasible / Total: 12787 / 66430
[2023-10-01 10:32:16.263] [info] #4: Feasible / Total: 13993 / 66430
[2023-10-01 10:32:18.935] [info] #5: Feasible / Total: 15030 / 66430
[2023-10-01 10:32:21.726] [info] #6: Feasible / Total: 16044 / 66430
[2023-10-01 10:32:24.038] [info] #7: Feasible / Total: 17074 / 66430
[2023-10-01 10:32:26.268] [info] #8: Feasible / Total: 18105 / 66430
[2023-10-01 10:32:28.672] [info] #9: Feasible / Total: 19286 / 66430
[2023-10-01 10:32:31.062] [info] #10: Feasible / Total: 21236 / 66430
[2023-10-01 10:32:34.683] [info] #11: Feasible / Total: 24385 / 66430
[2023-10-01 10:32:38.191] [info] #12: Feasible / Total: 27495 / 66430
[2023-10-01 10:32:39.927] [info] #13: Feasible / Total: 29109 / 66430
[2023-10-01 10:32:40.813] [info] #14: Feasible / Total: 29402 / 66430
[2023-10-01 10:32:41.410] [info] #15: Feasible / Total: 29455 / 66430
[2023-10-01 10:32:41.965] [info] #16: Feasible / Total: 29485 / 66430
[2023-10-01 10:32:42.495] [info] #17: Feasible / Total: 29502 / 66430
[2023-10-01 10:32:42.998] [info] #17: Feasible / Total: 29502 / 66430
[2023-10-01 10:32:42.998] [info] Graph is not D-reducible.
[2023-10-01 10:32:43.013] [info] Started C-reducibility check
[2023-10-01 10:32:55.919] [info] Trying 678929 possible contractions
[2023-10-01 10:32:55.920] [info] [0/678929] Starting contraction of size 1
[2023-10-01 10:32:58.426] [info] All colors passed! Contracted: 38
[2023-10-01 10:32:58.427] [info] Graph is C-reducible!
