[2023-09-30 16:00:54.128] [info] Kempe type: Projective
[2023-09-30 16:00:54.128] [info] Vertex size: 31, Edge size: 53, Ring size: 13
[2023-09-30 16:00:54.522] [info] Started D-reducibility check
[2023-09-30 16:00:54.522] [info] #1: Feasible / Total: 9652 / 66430
[2023-09-30 16:01:10.394] [info] #2: Feasible / Total: 16952 / 66430
[2023-09-30 16:01:15.590] [info] #3: Feasible / Total: 20372 / 66430
[2023-09-30 16:01:17.750] [info] #4: Feasible / Total: 21948 / 66430
[2023-09-30 16:01:19.733] [info] #5: Feasible / Total: 23108 / 66430
[2023-09-30 16:01:21.246] [info] #6: Feasible / Total: 24587 / 66430
[2023-09-30 16:01:23.705] [info] #7: Feasible / Total: 26546 / 66430
[2023-09-30 16:01:27.565] [info] #8: Feasible / Total: 30017 / 66430
[2023-09-30 16:01:33.172] [info] #9: Feasible / Total: 36399 / 66430
[2023-09-30 16:01:37.128] [info] #10: Feasible / Total: 43811 / 66430
[2023-09-30 16:01:38.035] [info] #11: Feasible / Total: 45913 / 66430
[2023-09-30 16:01:38.326] [info] #12: Feasible / Total: 45974 / 66430
[2023-09-30 16:01:38.487] [info] #12: Feasible / Total: 45974 / 66430
[2023-09-30 16:01:38.487] [info] Graph is not D-reducible.
[2023-09-30 16:01:38.497] [info] Started C-reducibility check
[2023-09-30 16:02:07.777] [info] Trying 1202752 possible contractions
[2023-09-30 16:02:07.778] [info] [0/1202752] Starting contraction of size 1
[2023-09-30 16:02:12.918] [info] All colors passed! Contracted: 40
[2023-09-30 16:02:12.918] [info] Graph is C-reducible!
