[2023-10-02 23:43:09.634] [info] Kempe type: Projective
[2023-10-02 23:43:09.638] [info] Vertex size: 29, Edge size: 50, Ring size: 13
[2023-10-02 23:43:10.413] [info] Started D-reducibility check
[2023-10-02 23:43:10.422] [info] #1: Feasible / Total: 8059 / 66430
[2023-10-02 23:43:22.717] [info] #2: Feasible / Total: 12448 / 66430
[2023-10-02 23:43:27.844] [info] #3: Feasible / Total: 14687 / 66430
[2023-10-02 23:43:30.659] [info] #4: Feasible / Total: 16666 / 66430
[2023-10-02 23:43:33.139] [info] #5: Feasible / Total: 18916 / 66430
[2023-10-02 23:43:35.161] [info] #6: Feasible / Total: 21296 / 66430
[2023-10-02 23:43:37.491] [info] #7: Feasible / Total: 23523 / 66430
[2023-10-02 23:43:39.940] [info] #8: Feasible / Total: 25723 / 66430
[2023-10-02 23:43:42.746] [info] #9: Feasible / Total: 28267 / 66430
[2023-10-02 23:43:46.505] [info] #10: Feasible / Total: 31520 / 66430
[2023-10-02 23:43:49.873] [info] #11: Feasible / Total: 35084 / 66430
[2023-10-02 23:43:52.725] [info] #12: Feasible / Total: 38745 / 66430
[2023-10-02 23:43:53.586] [info] #13: Feasible / Total: 39685 / 66430
[2023-10-02 23:43:53.971] [info] #14: Feasible / Total: 39696 / 66430
[2023-10-02 23:43:54.344] [info] #14: Feasible / Total: 39696 / 66430
[2023-10-02 23:43:54.344] [info] Graph is not D-reducible.
[2023-10-02 23:43:54.368] [info] Started C-reducibility check
[2023-10-02 23:44:06.053] [info] Trying 677115 possible contractions
[2023-10-02 23:44:06.053] [info] [0/677115] Starting contraction of size 1
[2023-10-02 23:44:07.883] [info] All colors passed! Contracted: 17
[2023-10-02 23:44:07.883] [info] Graph is C-reducible!
