[2023-10-04 20:51:57.020] [info] Kempe type: Projective
[2023-10-04 20:51:57.030] [info] Vertex size: 37, Edge size: 63, Ring size: 15
[2023-10-04 20:52:14.406] [info] Started D-reducibility check
[2023-10-04 20:52:14.414] [info] #1: Feasible / Total: 61497 / 597871
[2023-10-04 21:00:55.163] [info] #2: Feasible / Total: 85924 / 597871
[2023-10-04 21:03:32.115] [info] #3: Feasible / Total: 95180 / 597871
[2023-10-04 21:05:01.747] [info] #4: Feasible / Total: 101833 / 597871
[2023-10-04 21:06:11.530] [info] #5: Feasible / Total: 107471 / 597871
[2023-10-04 21:07:10.791] [info] #6: Feasible / Total: 113034 / 597871
[2023-10-04 21:07:55.115] [info] #7: Feasible / Total: 118333 / 597871
[2023-10-04 21:08:36.594] [info] #8: Feasible / Total: 123624 / 597871
[2023-10-04 21:09:25.783] [info] #9: Feasible / Total: 129209 / 597871
[2023-10-04 21:10:34.594] [info] #10: Feasible / Total: 136777 / 597871
[2023-10-04 21:12:10.282] [info] #11: Feasible / Total: 148062 / 597871
[2023-10-04 21:14:58.715] [info] #12: Feasible / Total: 169918 / 597871
[2023-10-04 21:18:37.816] [info] #13: Feasible / Total: 206066 / 597871
[2023-10-04 21:22:31.915] [info] #14: Feasible / Total: 253080 / 597871
[2023-10-04 21:26:43.725] [info] #15: Feasible / Total: 314662 / 597871
[2023-10-04 21:30:27.330] [info] #16: Feasible / Total: 378937 / 597871
[2023-10-04 21:31:03.067] [info] #17: Feasible / Total: 397686 / 597871
[2023-10-04 21:31:06.811] [info] #18: Feasible / Total: 397850 / 597871
[2023-10-04 21:31:09.701] [info] #19: Feasible / Total: 397852 / 597871
[2023-10-04 21:31:13.149] [info] #19: Feasible / Total: 397852 / 597871
[2023-10-04 21:31:13.149] [info] Graph is not D-reducible.
[2023-10-04 21:31:13.245] [info] Started C-reducibility check
[2023-10-04 21:51:52.049] [info] Trying 139573377 possible contractions
[2023-10-04 21:51:52.054] [info] [0/139573377] Starting contraction of size 1
[2023-10-04 21:53:49.583] [info] [48/139573377] Starting contraction of size 2
[2023-10-04 22:32:33.415] [info] [1095/139573377] Starting contraction of size 3
[2023-10-05 03:34:53.241] [info] All colors passed! Contracted: 38, 60, 62
[2023-10-05 03:34:53.241] [info] Graph is C-reducible!
