[2023-10-04 10:10:41.713] [info] Kempe type: Projective
[2023-10-04 10:10:41.718] [info] Vertex size: 37, Edge size: 63, Ring size: 15
[2023-10-04 10:10:54.226] [info] Started D-reducibility check
[2023-10-04 10:10:54.226] [info] #1: Feasible / Total: 68839 / 597871
[2023-10-04 10:19:48.781] [info] #2: Feasible / Total: 91600 / 597871
[2023-10-04 10:23:40.824] [info] #3: Feasible / Total: 112716 / 597871
[2023-10-04 10:27:03.101] [info] #4: Feasible / Total: 138024 / 597871
[2023-10-04 10:30:37.150] [info] #5: Feasible / Total: 174048 / 597871
[2023-10-04 10:35:22.983] [info] #6: Feasible / Total: 232320 / 597871
[2023-10-04 10:40:53.598] [info] #7: Feasible / Total: 327688 / 597871
[2023-10-04 10:45:43.958] [info] #8: Feasible / Total: 443313 / 597871
[2023-10-04 10:47:54.113] [info] #9: Feasible / Total: 522867 / 597871
[2023-10-04 10:48:03.483] [info] #10: Feasible / Total: 527971 / 597871
[2023-10-04 10:48:04.500] [info] #10: Feasible / Total: 527971 / 597871
[2023-10-04 10:48:04.500] [info] Graph is not D-reducible.
[2023-10-04 10:48:04.593] [info] Started C-reducibility check
[2023-10-04 11:07:37.363] [info] Trying 139011436 possible contractions
[2023-10-04 11:07:37.363] [info] [0/139011436] Starting contraction of size 1
[2023-10-04 11:08:49.022] [info] All colors passed! Contracted: 17
[2023-10-04 11:08:49.023] [info] Graph is C-reducible!
