[2023-10-04 13:28:03.628] [info] Kempe type: Projective
[2023-10-04 13:28:03.740] [info] Vertex size: 33, Edge size: 56, Ring size: 13
[2023-10-04 13:28:05.988] [info] Started D-reducibility check
[2023-10-04 13:28:05.989] [info] #1: Feasible / Total: 10606 / 66430
[2023-10-04 13:28:43.361] [info] #2: Feasible / Total: 15649 / 66430
[2023-10-04 13:29:03.275] [info] #3: Feasible / Total: 20096 / 66430
[2023-10-04 13:29:16.461] [info] #4: Feasible / Total: 24655 / 66430
[2023-10-04 13:29:27.803] [info] #5: Feasible / Total: 29708 / 66430
[2023-10-04 13:29:37.287] [info] #6: Feasible / Total: 35383 / 66430
[2023-10-04 13:29:45.300] [info] #7: Feasible / Total: 42087 / 66430
[2023-10-04 13:29:48.148] [info] #8: Feasible / Total: 43947 / 66430
[2023-10-04 13:29:49.269] [info] #9: Feasible / Total: 44161 / 66430
[2023-10-04 13:29:50.206] [info] #10: Feasible / Total: 44288 / 66430
[2023-10-04 13:29:50.958] [info] #11: Feasible / Total: 44360 / 66430
[2023-10-04 13:29:51.672] [info] #12: Feasible / Total: 44379 / 66430
[2023-10-04 13:29:52.237] [info] #13: Feasible / Total: 44382 / 66430
[2023-10-04 13:29:52.878] [info] #13: Feasible / Total: 44382 / 66430
[2023-10-04 13:29:52.902] [info] Graph is not D-reducible.
[2023-10-04 13:29:52.929] [info] Started C-reducibility check
[2023-10-04 13:35:06.048] [info] Trying 35761867 possible contractions
[2023-10-04 13:35:06.070] [info] [0/35761867] Starting contraction of size 1
[2023-10-04 13:35:14.805] [info] All colors passed! Contracted: 18
[2023-10-04 13:35:14.806] [info] Graph is C-reducible!
