[2023-09-30 14:52:46.421] [info] Kempe type: Projective
[2023-09-30 14:52:46.422] [info] Vertex size: 32, Edge size: 55, Ring size: 14
[2023-09-30 14:52:47.247] [info] Started D-reducibility check
[2023-09-30 14:52:47.247] [info] #1: Feasible / Total: 21918 / 199291
[2023-09-30 14:53:43.994] [info] #2: Feasible / Total: 37632 / 199291
[2023-09-30 14:54:05.737] [info] #3: Feasible / Total: 49381 / 199291
[2023-09-30 14:54:25.257] [info] #4: Feasible / Total: 62722 / 199291
[2023-09-30 14:54:50.659] [info] #5: Feasible / Total: 79592 / 199291
[2023-09-30 14:55:19.992] [info] #6: Feasible / Total: 103266 / 199291
[2023-09-30 14:55:44.230] [info] #7: Feasible / Total: 129638 / 199291
[2023-09-30 14:55:50.624] [info] #8: Feasible / Total: 139139 / 199291
[2023-09-30 14:55:51.405] [info] #9: Feasible / Total: 139326 / 199291
[2023-09-30 14:55:51.974] [info] #9: Feasible / Total: 139326 / 199291
[2023-09-30 14:55:51.974] [info] Graph is not D-reducible.
[2023-09-30 14:55:52.002] [info] Started C-reducibility check
[2023-09-30 14:56:30.637] [info] Trying 1466310 possible contractions
[2023-09-30 14:56:30.637] [info] [0/1466310] Starting contraction of size 1
[2023-09-30 14:56:52.496] [info] [41/1466310] Starting contraction of size 2
[2023-09-30 14:59:08.845] [info] All colors passed! Contracted: 23, 27
[2023-09-30 14:59:08.845] [info] Graph is C-reducible!
