[2023-10-01 18:29:47.280] [info] Kempe type: Projective
[2023-10-01 18:29:47.280] [info] Vertex size: 29, Edge size: 50, Ring size: 13
[2023-10-01 18:29:48.059] [info] Started D-reducibility check
[2023-10-01 18:29:48.059] [info] #1: Feasible / Total: 8058 / 66430
[2023-10-01 18:29:59.541] [info] #2: Feasible / Total: 11466 / 66430
[2023-10-01 18:30:04.401] [info] #3: Feasible / Total: 13486 / 66430
[2023-10-01 18:30:08.336] [info] #4: Feasible / Total: 15607 / 66430
[2023-10-01 18:30:12.116] [info] #5: Feasible / Total: 17410 / 66430
[2023-10-01 18:30:15.550] [info] #6: Feasible / Total: 19118 / 66430
[2023-10-01 18:30:19.338] [info] #7: Feasible / Total: 21225 / 66430
[2023-10-01 18:30:22.955] [info] #8: Feasible / Total: 23559 / 66430
[2023-10-01 18:30:27.137] [info] #9: Feasible / Total: 26767 / 66430
[2023-10-01 18:30:32.280] [info] #10: Feasible / Total: 31664 / 66430
[2023-10-01 18:30:37.693] [info] #11: Feasible / Total: 38108 / 66430
[2023-10-01 18:30:41.968] [info] #12: Feasible / Total: 44776 / 66430
[2023-10-01 18:30:43.365] [info] #13: Feasible / Total: 46913 / 66430
[2023-10-01 18:30:43.727] [info] #14: Feasible / Total: 47035 / 66430
[2023-10-01 18:30:43.985] [info] #14: Feasible / Total: 47035 / 66430
[2023-10-01 18:30:43.990] [info] Graph is not D-reducible.
[2023-10-01 18:30:44.005] [info] Started C-reducibility check
[2023-10-01 18:31:00.210] [info] Trying 6145497 possible contractions
[2023-10-01 18:31:00.210] [info] [0/6145497] Starting contraction of size 1
[2023-10-01 18:31:06.514] [info] [37/6145497] Starting contraction of size 2
[2023-10-01 18:32:44.232] [info] [642/6145497] Starting contraction of size 3
[2023-10-01 18:34:31.707] [info] All colors passed! Contracted: 23, 42, 44
[2023-10-01 18:34:31.707] [info] Graph is C-reducible!
