[2023-09-30 15:10:14.112] [info] Kempe type: Projective
[2023-09-30 15:10:14.112] [info] Vertex size: 34, Edge size: 58, Ring size: 14
[2023-09-30 15:10:19.718] [info] Started D-reducibility check
[2023-09-30 15:10:19.719] [info] #1: Feasible / Total: 24306 / 199291
[2023-09-30 15:11:23.768] [info] #2: Feasible / Total: 40380 / 199291
[2023-09-30 15:11:59.520] [info] #3: Feasible / Total: 52213 / 199291
[2023-09-30 15:12:28.450] [info] #4: Feasible / Total: 66007 / 199291
[2023-09-30 15:12:52.039] [info] #5: Feasible / Total: 82571 / 199291
[2023-09-30 15:13:09.665] [info] #6: Feasible / Total: 97516 / 199291
[2023-09-30 15:13:28.876] [info] #7: Feasible / Total: 116191 / 199291
[2023-09-30 15:13:42.375] [info] #8: Feasible / Total: 137711 / 199291
[2023-09-30 15:13:46.866] [info] #9: Feasible / Total: 142032 / 199291
[2023-09-30 15:13:49.524] [info] #10: Feasible / Total: 143262 / 199291
[2023-09-30 15:13:50.554] [info] #11: Feasible / Total: 143676 / 199291
[2023-09-30 15:13:51.095] [info] #12: Feasible / Total: 143689 / 199291
[2023-09-30 15:13:51.616] [info] #12: Feasible / Total: 143689 / 199291
[2023-09-30 15:13:51.616] [info] Graph is not D-reducible.
[2023-09-30 15:13:51.647] [info] Started C-reducibility check
[2023-09-30 15:16:21.489] [info] Trying 2440222 possible contractions
[2023-09-30 15:16:21.489] [info] [0/2440222] Starting contraction of size 1
[2023-09-30 15:17:18.966] [info] [44/2440222] Starting contraction of size 2
[2023-09-30 15:19:56.646] [info] All colors passed! Contracted: 18, 48
[2023-09-30 15:19:56.646] [info] Graph is C-reducible!
