[2023-10-04 10:10:41.805] [info] Kempe type: Projective
[2023-10-04 10:10:41.805] [info] Vertex size: 28, Edge size: 48, Ring size: 12
[2023-10-04 10:10:42.319] [info] Started D-reducibility check
[2023-10-04 10:10:42.319] [info] #1: Feasible / Total: 3671 / 22144
[2023-10-04 10:10:46.771] [info] #2: Feasible / Total: 4428 / 22144
[2023-10-04 10:10:47.027] [info] #3: Feasible / Total: 4759 / 22144
[2023-10-04 10:10:47.382] [info] #4: Feasible / Total: 4996 / 22144
[2023-10-04 10:10:47.671] [info] #5: Feasible / Total: 5282 / 22144
[2023-10-04 10:10:47.953] [info] #6: Feasible / Total: 5616 / 22144
[2023-10-04 10:10:48.301] [info] #7: Feasible / Total: 6133 / 22144
[2023-10-04 10:10:48.779] [info] #8: Feasible / Total: 6952 / 22144
[2023-10-04 10:10:49.378] [info] #9: Feasible / Total: 8334 / 22144
[2023-10-04 10:10:50.036] [info] #10: Feasible / Total: 10453 / 22144
[2023-10-04 10:10:50.958] [info] #11: Feasible / Total: 12682 / 22144
[2023-10-04 10:10:51.809] [info] #12: Feasible / Total: 14200 / 22144
[2023-10-04 10:10:52.381] [info] #13: Feasible / Total: 15358 / 22144
[2023-10-04 10:10:52.526] [info] #14: Feasible / Total: 15597 / 22144
[2023-10-04 10:10:52.594] [info] #15: Feasible / Total: 15620 / 22144
[2023-10-04 10:10:52.658] [info] #15: Feasible / Total: 15620 / 22144
[2023-10-04 10:10:52.658] [info] Graph is not D-reducible.
[2023-10-04 10:10:52.670] [info] Started C-reducibility check
[2023-10-04 10:11:02.947] [info] Trying 4235705 possible contractions
[2023-10-04 10:11:02.947] [info] [0/4235705] Starting contraction of size 1
[2023-10-04 10:11:04.811] [info] [36/4235705] Starting contraction of size 2
[2023-10-04 10:11:31.843] [info] [606/4235705] Starting contraction of size 3
[2023-10-04 10:15:59.246] [info] [5854/4235705] Starting contraction of size 4
[2023-10-04 10:31:30.840] [info] All colors passed! Contracted: 15, 34, 37, 47
[2023-10-04 10:31:30.841] [info] Graph is C-reducible!
