[2023-09-30 15:10:14.203] [info] Kempe type: Projective
[2023-09-30 15:10:14.203] [info] Vertex size: 31, Edge size: 53, Ring size: 13
[2023-09-30 15:10:15.560] [info] Started D-reducibility check
[2023-09-30 15:10:15.560] [info] #1: Feasible / Total: 9830 / 66430
[2023-09-30 15:10:34.201] [info] #2: Feasible / Total: 19140 / 66430
[2023-09-30 15:10:41.539] [info] #3: Feasible / Total: 24216 / 66430
[2023-09-30 15:10:43.541] [info] #4: Feasible / Total: 25857 / 66430
[2023-09-30 15:10:44.504] [info] #5: Feasible / Total: 26177 / 66430
[2023-09-30 15:10:45.620] [info] #6: Feasible / Total: 26598 / 66430
[2023-09-30 15:10:46.966] [info] #7: Feasible / Total: 27053 / 66430
[2023-09-30 15:10:48.236] [info] #8: Feasible / Total: 27510 / 66430
[2023-09-30 15:10:49.359] [info] #9: Feasible / Total: 28019 / 66430
[2023-09-30 15:10:50.502] [info] #10: Feasible / Total: 28559 / 66430
[2023-09-30 15:10:51.422] [info] #11: Feasible / Total: 29286 / 66430
[2023-09-30 15:10:53.337] [info] #12: Feasible / Total: 30616 / 66430
[2023-09-30 15:10:56.368] [info] #13: Feasible / Total: 32949 / 66430
[2023-09-30 15:11:00.488] [info] #14: Feasible / Total: 36844 / 66430
[2023-09-30 15:11:04.751] [info] #15: Feasible / Total: 41250 / 66430
[2023-09-30 15:11:07.380] [info] #16: Feasible / Total: 45339 / 66430
[2023-09-30 15:11:09.229] [info] #17: Feasible / Total: 48576 / 66430
[2023-09-30 15:11:11.469] [info] #18: Feasible / Total: 54966 / 66430
[2023-09-30 15:11:12.032] [info] #19: Feasible / Total: 56914 / 66430
[2023-09-30 15:11:12.157] [info] #19: Feasible / Total: 56914 / 66430
[2023-09-30 15:11:12.157] [info] Graph is not D-reducible.
[2023-09-30 15:11:12.172] [info] Started C-reducibility check
[2023-09-30 15:11:51.762] [info] Trying 1200284 possible contractions
[2023-09-30 15:11:51.763] [info] [0/1200284] Starting contraction of size 1
[2023-09-30 15:11:52.135] [info] All colors passed! Contracted: 37
[2023-09-30 15:11:52.135] [info] Graph is C-reducible!
