[2023-09-30 16:28:17.961] [info] Kempe type: Projective
[2023-09-30 16:28:17.961] [info] Vertex size: 32, Edge size: 55, Ring size: 14
[2023-09-30 16:28:19.773] [info] Started D-reducibility check
[2023-09-30 16:28:19.773] [info] #1: Feasible / Total: 21334 / 199291
[2023-09-30 16:28:59.195] [info] #2: Feasible / Total: 29384 / 199291
[2023-09-30 16:29:09.355] [info] #3: Feasible / Total: 33169 / 199291
[2023-09-30 16:29:17.125] [info] #4: Feasible / Total: 35809 / 199291
[2023-09-30 16:29:22.540] [info] #5: Feasible / Total: 37783 / 199291
[2023-09-30 16:29:26.752] [info] #6: Feasible / Total: 39519 / 199291
[2023-09-30 16:29:31.187] [info] #7: Feasible / Total: 41111 / 199291
[2023-09-30 16:29:35.174] [info] #8: Feasible / Total: 42660 / 199291
[2023-09-30 16:29:39.488] [info] #9: Feasible / Total: 44485 / 199291
[2023-09-30 16:29:43.820] [info] #10: Feasible / Total: 46493 / 199291
[2023-09-30 16:29:49.160] [info] #11: Feasible / Total: 48782 / 199291
[2023-09-30 16:29:53.346] [info] #12: Feasible / Total: 51156 / 199291
[2023-09-30 16:29:58.214] [info] #13: Feasible / Total: 53939 / 199291
[2023-09-30 16:30:03.844] [info] #14: Feasible / Total: 57173 / 199291
[2023-09-30 16:30:09.737] [info] #15: Feasible / Total: 60948 / 199291
[2023-09-30 16:30:15.788] [info] #16: Feasible / Total: 65302 / 199291
[2023-09-30 16:30:22.305] [info] #17: Feasible / Total: 69766 / 199291
[2023-09-30 16:30:28.915] [info] #18: Feasible / Total: 74345 / 199291
[2023-09-30 16:30:34.625] [info] #19: Feasible / Total: 80135 / 199291
[2023-09-30 16:30:39.648] [info] #20: Feasible / Total: 85940 / 199291
[2023-09-30 16:30:44.816] [info] #21: Feasible / Total: 90908 / 199291
[2023-09-30 16:30:47.986] [info] #22: Feasible / Total: 93455 / 199291
[2023-09-30 16:30:49.834] [info] #23: Feasible / Total: 94617 / 199291
[2023-09-30 16:30:51.093] [info] #24: Feasible / Total: 94796 / 199291
[2023-09-30 16:30:52.113] [info] #24: Feasible / Total: 94796 / 199291
[2023-09-30 16:30:52.113] [info] Graph is not D-reducible.
[2023-09-30 16:30:52.141] [info] Started C-reducibility check
[2023-09-30 16:31:32.024] [info] Trying 1466459 possible contractions
[2023-09-30 16:31:32.024] [info] [0/1466459] Starting contraction of size 1
[2023-09-30 16:31:52.369] [info] [41/1466459] Starting contraction of size 2
[2023-09-30 16:36:45.333] [info] [793/1466459] Starting contraction of size 3
[2023-09-30 16:37:23.180] [info] All colors passed! Contracted: 15, 33, 39
[2023-09-30 16:37:23.180] [info] Graph is C-reducible!
