[2023-10-02 16:31:56.323] [info] Kempe type: Projective
[2023-10-02 16:31:56.324] [info] Vertex size: 31, Edge size: 53, Ring size: 13
[2023-10-02 16:31:57.012] [info] Started D-reducibility check
[2023-10-02 16:31:57.012] [info] #1: Feasible / Total: 9941 / 66430
[2023-10-02 16:32:10.424] [info] #2: Feasible / Total: 15840 / 66430
[2023-10-02 16:32:14.813] [info] #3: Feasible / Total: 21919 / 66430
[2023-10-02 16:32:19.413] [info] #4: Feasible / Total: 29745 / 66430
[2023-10-02 16:32:24.214] [info] #5: Feasible / Total: 39733 / 66430
[2023-10-02 16:32:26.158] [info] #6: Feasible / Total: 47246 / 66430
[2023-10-02 16:32:26.471] [info] #7: Feasible / Total: 47730 / 66430
[2023-10-02 16:32:26.657] [info] #8: Feasible / Total: 47793 / 66430
[2023-10-02 16:32:26.822] [info] #9: Feasible / Total: 47804 / 66430
[2023-10-02 16:32:26.957] [info] #9: Feasible / Total: 47804 / 66430
[2023-10-02 16:32:26.957] [info] Graph is not D-reducible.
[2023-10-02 16:32:26.967] [info] Started C-reducibility check
[2023-10-02 16:32:50.803] [info] Trying 1197859 possible contractions
[2023-10-02 16:32:50.803] [info] [0/1197859] Starting contraction of size 1
[2023-10-02 16:33:02.131] [info] [40/1197859] Starting contraction of size 2
[2023-10-02 16:35:56.477] [info] [753/1197859] Starting contraction of size 3
[2023-10-02 16:36:35.896] [info] All colors passed! Contracted: 25, 37, 39
[2023-10-02 16:36:35.896] [info] Graph is C-reducible!
