[2023-10-02 00:12:27.489] [info] Kempe type: Projective
[2023-10-02 00:12:27.489] [info] Vertex size: 32, Edge size: 55, Ring size: 14
[2023-10-02 00:12:28.020] [info] Started D-reducibility check
[2023-10-02 00:12:28.020] [info] #1: Feasible / Total: 21420 / 199291
[2023-10-02 00:13:13.657] [info] #2: Feasible / Total: 28240 / 199291
[2023-10-02 00:13:32.762] [info] #3: Feasible / Total: 32309 / 199291
[2023-10-02 00:13:48.900] [info] #4: Feasible / Total: 35085 / 199291
[2023-10-02 00:14:03.317] [info] #5: Feasible / Total: 37246 / 199291
[2023-10-02 00:14:13.575] [info] #6: Feasible / Total: 38909 / 199291
[2023-10-02 00:14:25.092] [info] #7: Feasible / Total: 40310 / 199291
[2023-10-02 00:14:37.944] [info] #8: Feasible / Total: 41601 / 199291
[2023-10-02 00:14:51.161] [info] #9: Feasible / Total: 42739 / 199291
[2023-10-02 00:15:04.099] [info] #10: Feasible / Total: 43935 / 199291
[2023-10-02 00:15:17.478] [info] #11: Feasible / Total: 45309 / 199291
[2023-10-02 00:15:32.828] [info] #12: Feasible / Total: 46882 / 199291
[2023-10-02 00:15:48.495] [info] #13: Feasible / Total: 49014 / 199291
[2023-10-02 00:16:07.047] [info] #14: Feasible / Total: 51811 / 199291
[2023-10-02 00:16:29.413] [info] #15: Feasible / Total: 55837 / 199291
[2023-10-02 00:16:59.629] [info] #16: Feasible / Total: 61328 / 199291
[2023-10-02 00:17:32.966] [info] #17: Feasible / Total: 68739 / 199291
[2023-10-02 00:18:18.122] [info] #18: Feasible / Total: 78135 / 199291
[2023-10-02 00:19:03.301] [info] #19: Feasible / Total: 88191 / 199291
[2023-10-02 00:19:35.878] [info] #20: Feasible / Total: 96562 / 199291
[2023-10-02 00:19:50.542] [info] #21: Feasible / Total: 99971 / 199291
[2023-10-02 00:19:56.109] [info] #22: Feasible / Total: 100685 / 199291
[2023-10-02 00:19:58.671] [info] #23: Feasible / Total: 100728 / 199291
[2023-10-02 00:20:00.878] [info] #24: Feasible / Total: 100731 / 199291
[2023-10-02 00:20:03.719] [info] #24: Feasible / Total: 100731 / 199291
[2023-10-02 00:20:03.719] [info] Graph is not D-reducible.
[2023-10-02 00:20:03.749] [info] Started C-reducibility check
[2023-10-02 00:22:19.954] [info] Trying 21304413 possible contractions
[2023-10-02 00:22:19.954] [info] [0/21304413] Starting contraction of size 1
[2023-10-02 00:23:06.749] [info] [41/21304413] Starting contraction of size 2
[2023-10-02 00:34:46.417] [info] [793/21304413] Starting contraction of size 3
[2023-10-02 00:42:43.121] [info] All colors passed! Contracted: 27, 29, 54
[2023-10-02 00:42:43.126] [info] Graph is C-reducible!
