[2023-10-02 09:49:22.687] [info] Kempe type: Projective
[2023-10-02 09:49:22.689] [info] Vertex size: 35, Edge size: 60, Ring size: 15
[2023-10-02 09:49:26.667] [info] Started D-reducibility check
[2023-10-02 09:49:26.667] [info] #1: Feasible / Total: 55201 / 597871
[2023-10-02 09:56:24.826] [info] #2: Feasible / Total: 80963 / 597871
[2023-10-02 09:59:32.420] [info] #3: Feasible / Total: 95591 / 597871
[2023-10-02 10:01:30.982] [info] #4: Feasible / Total: 104969 / 597871
[2023-10-02 10:03:10.364] [info] #5: Feasible / Total: 112101 / 597871
[2023-10-02 10:04:33.068] [info] #6: Feasible / Total: 118951 / 597871
[2023-10-02 10:05:52.600] [info] #7: Feasible / Total: 126154 / 597871
[2023-10-02 10:07:23.546] [info] #8: Feasible / Total: 134367 / 597871
[2023-10-02 10:08:56.969] [info] #9: Feasible / Total: 144390 / 597871
[2023-10-02 10:10:49.219] [info] #10: Feasible / Total: 155989 / 597871
[2023-10-02 10:12:48.126] [info] #11: Feasible / Total: 169047 / 597871
[2023-10-02 10:15:06.678] [info] #12: Feasible / Total: 184567 / 597871
[2023-10-02 10:17:46.717] [info] #13: Feasible / Total: 205421 / 597871
[2023-10-02 10:20:33.139] [info] #14: Feasible / Total: 230620 / 597871
[2023-10-02 10:23:40.624] [info] #15: Feasible / Total: 259445 / 597871
[2023-10-02 10:27:41.421] [info] #16: Feasible / Total: 297353 / 597871
[2023-10-02 10:31:39.962] [info] #17: Feasible / Total: 341629 / 597871
[2023-10-02 10:33:12.731] [info] #18: Feasible / Total: 361633 / 597871
[2023-10-02 10:33:55.193] [info] #19: Feasible / Total: 371168 / 597871
[2023-10-02 10:34:16.044] [info] #20: Feasible / Total: 377497 / 597871
[2023-10-02 10:34:28.650] [info] #21: Feasible / Total: 379567 / 597871
[2023-10-02 10:34:36.872] [info] #22: Feasible / Total: 380478 / 597871
[2023-10-02 10:34:42.323] [info] #23: Feasible / Total: 380734 / 597871
[2023-10-02 10:34:47.753] [info] #24: Feasible / Total: 380785 / 597871
[2023-10-02 10:34:54.124] [info] #25: Feasible / Total: 380798 / 597871
[2023-10-02 10:35:00.207] [info] #26: Feasible / Total: 380799 / 597871
[2023-10-02 10:35:05.692] [info] #26: Feasible / Total: 380799 / 597871
[2023-10-02 10:35:05.692] [info] Graph is not D-reducible.
[2023-10-02 10:35:05.867] [info] Started C-reducibility check
[2023-10-02 10:42:01.751] [info] Trying 2908557 possible contractions
[2023-10-02 10:42:01.751] [info] [0/2908557] Starting contraction of size 1
[2023-10-02 10:44:10.074] [info] [45/2908557] Starting contraction of size 2
[2023-10-02 11:11:59.931] [info] [960/2908557] Starting contraction of size 3
[2023-10-02 14:52:57.388] [info] [12110/2908557] Starting contraction of size 4
[2023-10-03 16:35:02.151] [info] [103231/2908557] Starting contraction of size 5
[2023-10-05 23:11:13.683] [info] All colors passed! Contracted: 18, 36, 44, 48, 53
[2023-10-05 23:11:13.685] [info] Graph is C-reducible!
