[2023-09-30 20:00:26.289] [info] Kempe type: Projective
[2023-09-30 20:00:26.289] [info] Vertex size: 31, Edge size: 53, Ring size: 13
[2023-09-30 20:00:27.358] [info] Started D-reducibility check
[2023-09-30 20:00:27.358] [info] #1: Feasible / Total: 9902 / 66430
[2023-09-30 20:00:44.166] [info] #2: Feasible / Total: 14113 / 66430
[2023-09-30 20:00:51.087] [info] #3: Feasible / Total: 16829 / 66430
[2023-09-30 20:00:53.916] [info] #4: Feasible / Total: 18348 / 66430
[2023-09-30 20:00:55.580] [info] #5: Feasible / Total: 19103 / 66430
[2023-09-30 20:00:57.068] [info] #6: Feasible / Total: 19688 / 66430
[2023-09-30 20:00:58.844] [info] #7: Feasible / Total: 20465 / 66430
[2023-09-30 20:01:01.228] [info] #8: Feasible / Total: 21748 / 66430
[2023-09-30 20:01:04.611] [info] #9: Feasible / Total: 23995 / 66430
[2023-09-30 20:01:10.315] [info] #10: Feasible / Total: 28385 / 66430
[2023-09-30 20:01:18.732] [info] #11: Feasible / Total: 37015 / 66430
[2023-09-30 20:01:22.849] [info] #12: Feasible / Total: 45195 / 66430
[2023-09-30 20:01:23.248] [info] #13: Feasible / Total: 46427 / 66430
[2023-09-30 20:01:23.392] [info] #14: Feasible / Total: 46431 / 66430
[2023-09-30 20:01:23.537] [info] #14: Feasible / Total: 46431 / 66430
[2023-09-30 20:01:23.538] [info] Graph is not D-reducible.
[2023-09-30 20:01:23.547] [info] Started C-reducibility check
[2023-09-30 20:01:57.596] [info] Trying 1200415 possible contractions
[2023-09-30 20:01:57.596] [info] [0/1200415] Starting contraction of size 1
[2023-09-30 20:02:01.390] [info] All colors passed! Contracted: 39
[2023-09-30 20:02:01.390] [info] Graph is C-reducible!
