[2023-10-02 12:25:42.270] [info] Kempe type: Projective
[2023-10-02 12:25:42.294] [info] Vertex size: 25, Edge size: 43, Ring size: 11
[2023-10-02 12:25:42.577] [info] Started D-reducibility check
[2023-10-02 12:25:42.577] [info] #1: Feasible / Total: 1459 / 7381
[2023-10-02 12:25:43.749] [info] #2: Feasible / Total: 1797 / 7381
[2023-10-02 12:25:44.023] [info] #3: Feasible / Total: 1957 / 7381
[2023-10-02 12:25:44.181] [info] #4: Feasible / Total: 2039 / 7381
[2023-10-02 12:25:44.338] [info] #5: Feasible / Total: 2131 / 7381
[2023-10-02 12:25:44.466] [info] #6: Feasible / Total: 2224 / 7381
[2023-10-02 12:25:44.628] [info] #7: Feasible / Total: 2302 / 7381
[2023-10-02 12:25:44.769] [info] #8: Feasible / Total: 2347 / 7381
[2023-10-02 12:25:44.867] [info] #9: Feasible / Total: 2380 / 7381
[2023-10-02 12:25:44.987] [info] #10: Feasible / Total: 2422 / 7381
[2023-10-02 12:25:45.111] [info] #11: Feasible / Total: 2482 / 7381
[2023-10-02 12:25:45.246] [info] #12: Feasible / Total: 2559 / 7381
[2023-10-02 12:25:45.381] [info] #13: Feasible / Total: 2673 / 7381
[2023-10-02 12:25:45.571] [info] #14: Feasible / Total: 2870 / 7381
[2023-10-02 12:25:45.784] [info] #15: Feasible / Total: 3183 / 7381
[2023-10-02 12:25:46.091] [info] #16: Feasible / Total: 3963 / 7381
[2023-10-02 12:25:46.446] [info] #17: Feasible / Total: 4825 / 7381
[2023-10-02 12:25:46.613] [info] #18: Feasible / Total: 5365 / 7381
[2023-10-02 12:25:46.660] [info] #19: Feasible / Total: 5425 / 7381
[2023-10-02 12:25:46.691] [info] #19: Feasible / Total: 5425 / 7381
[2023-10-02 12:25:46.691] [info] Graph is not D-reducible.
[2023-10-02 12:25:46.693] [info] Started C-reducibility check
[2023-10-02 12:25:49.425] [info] Trying 220505 possible contractions
[2023-10-02 12:25:49.425] [info] [0/220505] Starting contraction of size 1
[2023-10-02 12:25:50.449] [info] [32/220505] Starting contraction of size 2
[2023-10-02 12:25:54.421] [info] All colors passed! Contracted: 14, 41
[2023-10-02 12:25:54.442] [info] Graph is C-reducible!
