[2023-10-02 12:25:42.394] [info] Kempe type: Projective
[2023-10-02 12:25:42.394] [info] Vertex size: 31, Edge size: 53, Ring size: 13
[2023-10-02 12:25:42.957] [info] Started D-reducibility check
[2023-10-02 12:25:42.957] [info] #1: Feasible / Total: 10072 / 66430
[2023-10-02 12:26:00.957] [info] #2: Feasible / Total: 13965 / 66430
[2023-10-02 12:26:06.191] [info] #3: Feasible / Total: 16695 / 66430
[2023-10-02 12:26:10.062] [info] #4: Feasible / Total: 18568 / 66430
[2023-10-02 12:26:14.283] [info] #5: Feasible / Total: 20907 / 66430
[2023-10-02 12:26:17.643] [info] #6: Feasible / Total: 24360 / 66430
[2023-10-02 12:26:21.476] [info] #7: Feasible / Total: 29655 / 66430
[2023-10-02 12:26:28.855] [info] #8: Feasible / Total: 38682 / 66430
[2023-10-02 12:26:33.054] [info] #9: Feasible / Total: 50992 / 66430
[2023-10-02 12:26:34.207] [info] #10: Feasible / Total: 54493 / 66430
[2023-10-02 12:26:34.373] [info] #11: Feasible / Total: 54514 / 66430
[2023-10-02 12:26:34.532] [info] #11: Feasible / Total: 54514 / 66430
[2023-10-02 12:26:34.532] [info] Graph is not D-reducible.
[2023-10-02 12:26:34.556] [info] Started C-reducibility check
[2023-10-02 12:27:04.058] [info] Trying 1202745 possible contractions
[2023-10-02 12:27:04.058] [info] [0/1202745] Starting contraction of size 1
[2023-10-02 12:27:05.315] [info] All colors passed! Contracted: 38
[2023-10-02 12:27:05.315] [info] Graph is C-reducible!
