[2023-10-01 10:31:59.081] [info] Kempe type: Projective
[2023-10-01 10:31:59.081] [info] Vertex size: 40, Edge size: 68, Ring size: 16
[2023-10-01 10:32:41.842] [info] Started D-reducibility check
[2023-10-01 10:32:41.846] [info] #1: Feasible / Total: 164141 / 1793614
[2023-10-01 11:22:10.015] [info] #2: Feasible / Total: 262801 / 1793614
[2023-10-01 11:50:21.927] [info] #3: Feasible / Total: 349160 / 1793614
[2023-10-01 12:24:03.256] [info] #4: Feasible / Total: 469293 / 1793614
[2023-10-01 13:01:06.775] [info] #5: Feasible / Total: 645050 / 1793614
[2023-10-01 13:40:26.492] [info] #6: Feasible / Total: 904689 / 1793614
[2023-10-01 14:10:27.361] [info] #7: Feasible / Total: 1266352 / 1793614
[2023-10-01 14:15:34.800] [info] #8: Feasible / Total: 1415368 / 1793614
[2023-10-01 14:16:18.115] [info] #9: Feasible / Total: 1419600 / 1793614
[2023-10-01 14:16:40.773] [info] #10: Feasible / Total: 1421163 / 1793614
[2023-10-01 14:16:53.581] [info] #11: Feasible / Total: 1421585 / 1793614
[2023-10-01 14:17:03.223] [info] #12: Feasible / Total: 1421626 / 1793614
[2023-10-01 14:17:12.430] [info] #12: Feasible / Total: 1421626 / 1793614
[2023-10-01 14:17:12.430] [info] Graph is not D-reducible.
[2023-10-01 14:17:12.923] [info] Started C-reducibility check
[2023-10-01 15:48:39.443] [info] Trying 8234632 possible contractions
[2023-10-01 15:48:39.443] [info] [0/8234632] Starting contraction of size 1
[2023-10-01 15:50:49.552] [info] All colors passed! Contracted: 32
[2023-10-01 15:50:49.552] [info] Graph is C-reducible!
