[2023-10-01 00:58:46.360] [info] Kempe type: Projective
[2023-10-01 00:58:46.361] [info] Vertex size: 37, Edge size: 63, Ring size: 15
[2023-10-01 00:58:59.413] [info] Started D-reducibility check
[2023-10-01 00:58:59.430] [info] #1: Feasible / Total: 62040 / 597871
[2023-10-01 01:09:55.967] [info] #2: Feasible / Total: 112314 / 597871
[2023-10-01 01:14:23.039] [info] #3: Feasible / Total: 152435 / 597871
[2023-10-01 01:18:54.613] [info] #4: Feasible / Total: 203474 / 597871
[2023-10-01 01:23:35.460] [info] #5: Feasible / Total: 271702 / 597871
[2023-10-01 01:28:32.024] [info] #6: Feasible / Total: 360238 / 597871
[2023-10-01 01:31:16.733] [info] #7: Feasible / Total: 431338 / 597871
[2023-10-01 01:31:59.534] [info] #8: Feasible / Total: 448604 / 597871
[2023-10-01 01:32:05.895] [info] #9: Feasible / Total: 449496 / 597871
[2023-10-01 01:32:08.314] [info] #10: Feasible / Total: 449501 / 597871
[2023-10-01 01:32:10.657] [info] #10: Feasible / Total: 449501 / 597871
[2023-10-01 01:32:10.657] [info] Graph is not D-reducible.
[2023-10-01 01:32:10.746] [info] Started C-reducibility check
[2023-10-01 01:48:50.151] [info] Trying 4615308 possible contractions
[2023-10-01 01:48:50.151] [info] [0/4615308] Starting contraction of size 1
[2023-10-01 01:48:59.884] [info] All colors passed! Contracted: 32
[2023-10-01 01:48:59.884] [info] Graph is C-reducible!
