[2023-10-01 11:31:09.020] [info] Kempe type: Projective
[2023-10-01 11:31:09.020] [info] Vertex size: 34, Edge size: 58, Ring size: 14
[2023-10-01 11:31:12.374] [info] Started D-reducibility check
[2023-10-01 11:31:12.374] [info] #1: Feasible / Total: 24334 / 199291
[2023-10-01 11:34:05.863] [info] #2: Feasible / Total: 39875 / 199291
[2023-10-01 11:35:03.033] [info] #3: Feasible / Total: 53484 / 199291
[2023-10-01 11:35:58.586] [info] #4: Feasible / Total: 72303 / 199291
[2023-10-01 11:37:02.197] [info] #5: Feasible / Total: 97014 / 199291
[2023-10-01 11:38:02.435] [info] #6: Feasible / Total: 130357 / 199291
[2023-10-01 11:38:20.855] [info] #7: Feasible / Total: 150954 / 199291
[2023-10-01 11:38:23.772] [info] #8: Feasible / Total: 151751 / 199291
[2023-10-01 11:38:25.550] [info] #9: Feasible / Total: 152054 / 199291
[2023-10-01 11:38:26.922] [info] #10: Feasible / Total: 152198 / 199291
[2023-10-01 11:38:28.311] [info] #11: Feasible / Total: 152331 / 199291
[2023-10-01 11:38:29.385] [info] #12: Feasible / Total: 152381 / 199291
[2023-10-01 11:38:30.323] [info] #13: Feasible / Total: 152385 / 199291
[2023-10-01 11:38:31.239] [info] #13: Feasible / Total: 152385 / 199291
[2023-10-01 11:38:31.239] [info] Graph is not D-reducible.
[2023-10-01 11:38:31.288] [info] Started C-reducibility check
[2023-10-01 11:42:39.513] [info] Trying 2436438 possible contractions
[2023-10-01 11:42:39.513] [info] [0/2436438] Starting contraction of size 1
[2023-10-01 11:43:17.947] [info] [44/2436438] Starting contraction of size 2
[2023-10-01 11:45:36.253] [info] All colors passed! Contracted: 19, 30
[2023-10-01 11:45:36.253] [info] Graph is C-reducible!
