[2023-10-02 09:49:22.705] [info] Kempe type: Projective
[2023-10-02 09:49:22.705] [info] Vertex size: 35, Edge size: 60, Ring size: 15
[2023-10-02 09:49:33.364] [info] Started D-reducibility check
[2023-10-02 09:49:33.364] [info] #1: Feasible / Total: 55346 / 597871
[2023-10-02 10:00:15.864] [info] #2: Feasible / Total: 84967 / 597871
[2023-10-02 10:04:32.639] [info] #3: Feasible / Total: 102653 / 597871
[2023-10-02 10:07:33.337] [info] #4: Feasible / Total: 116676 / 597871
[2023-10-02 10:10:31.684] [info] #5: Feasible / Total: 133513 / 597871
[2023-10-02 10:13:59.944] [info] #6: Feasible / Total: 157238 / 597871
[2023-10-02 10:17:55.094] [info] #7: Feasible / Total: 190465 / 597871
[2023-10-02 10:22:10.643] [info] #8: Feasible / Total: 239295 / 597871
[2023-10-02 10:27:19.307] [info] #9: Feasible / Total: 307266 / 597871
[2023-10-02 10:32:34.917] [info] #10: Feasible / Total: 387964 / 597871
[2023-10-02 10:35:16.254] [info] #11: Feasible / Total: 448802 / 597871
[2023-10-02 10:35:41.832] [info] #12: Feasible / Total: 460166 / 597871
[2023-10-02 10:35:45.341] [info] #13: Feasible / Total: 460445 / 597871
[2023-10-02 10:35:48.820] [info] #14: Feasible / Total: 460449 / 597871
[2023-10-02 10:35:51.709] [info] #14: Feasible / Total: 460449 / 597871
[2023-10-02 10:35:51.709] [info] Graph is not D-reducible.
[2023-10-02 10:35:51.845] [info] Started C-reducibility check
[2023-10-02 10:42:04.063] [info] Trying 2913012 possible contractions
[2023-10-02 10:42:04.063] [info] [0/2913012] Starting contraction of size 1
[2023-10-02 10:44:35.482] [info] [45/2913012] Starting contraction of size 2
[2023-10-02 11:17:52.281] [info] [960/2913012] Starting contraction of size 3
[2023-10-02 15:56:20.183] [info] [12111/2913012] Starting contraction of size 4
[2023-10-02 17:12:07.463] [info] All colors passed! Contracted: 19, 27, 30, 32
[2023-10-02 17:12:07.463] [info] Graph is C-reducible!
