[2023-10-01 11:31:08.973] [info] Kempe type: Projective
[2023-10-01 11:31:08.973] [info] Vertex size: 32, Edge size: 55, Ring size: 14
[2023-10-01 11:31:11.651] [info] Started D-reducibility check
[2023-10-01 11:31:11.651] [info] #1: Feasible / Total: 21001 / 199291
[2023-10-01 11:33:30.603] [info] #2: Feasible / Total: 37935 / 199291
[2023-10-01 11:34:05.017] [info] #3: Feasible / Total: 46418 / 199291
[2023-10-01 11:34:36.122] [info] #4: Feasible / Total: 54641 / 199291
[2023-10-01 11:35:06.191] [info] #5: Feasible / Total: 63691 / 199291
[2023-10-01 11:35:39.004] [info] #6: Feasible / Total: 74598 / 199291
[2023-10-01 11:36:22.073] [info] #7: Feasible / Total: 89619 / 199291
[2023-10-01 11:37:03.122] [info] #8: Feasible / Total: 107170 / 199291
[2023-10-01 11:37:28.285] [info] #9: Feasible / Total: 124191 / 199291
[2023-10-01 11:37:46.794] [info] #10: Feasible / Total: 139050 / 199291
[2023-10-01 11:37:58.181] [info] #11: Feasible / Total: 149981 / 199291
[2023-10-01 11:37:59.081] [info] #12: Feasible / Total: 151207 / 199291
[2023-10-01 11:37:59.981] [info] #12: Feasible / Total: 151207 / 199291
[2023-10-01 11:37:59.994] [info] Graph is not D-reducible.
[2023-10-01 11:38:00.043] [info] Started C-reducibility check
[2023-10-01 11:39:08.481] [info] Trying 1463397 possible contractions
[2023-10-01 11:39:08.481] [info] [0/1463397] Starting contraction of size 1
[2023-10-01 11:39:11.149] [info] All colors passed! Contracted: 33
[2023-10-01 11:39:11.150] [info] Graph is C-reducible!
