[2023-10-04 13:28:03.653] [info] Kempe type: Projective
[2023-10-04 13:28:03.660] [info] Vertex size: 31, Edge size: 53, Ring size: 13
[2023-10-04 13:28:05.262] [info] Started D-reducibility check
[2023-10-04 13:28:05.262] [info] #1: Feasible / Total: 9793 / 66430
[2023-10-04 13:28:41.866] [info] #2: Feasible / Total: 14315 / 66430
[2023-10-04 13:28:58.186] [info] #3: Feasible / Total: 17726 / 66430
[2023-10-04 13:29:13.550] [info] #4: Feasible / Total: 21965 / 66430
[2023-10-04 13:29:32.387] [info] #5: Feasible / Total: 28663 / 66430
[2023-10-04 13:29:52.434] [info] #6: Feasible / Total: 38480 / 66430
[2023-10-04 13:30:05.664] [info] #7: Feasible / Total: 50204 / 66430
[2023-10-04 13:30:10.229] [info] #8: Feasible / Total: 55480 / 66430
[2023-10-04 13:30:10.648] [info] #9: Feasible / Total: 55654 / 66430
[2023-10-04 13:30:10.798] [info] #9: Feasible / Total: 55654 / 66430
[2023-10-04 13:30:10.799] [info] Graph is not D-reducible.
[2023-10-04 13:30:10.814] [info] Started C-reducibility check
[2023-10-04 13:31:44.556] [info] Trying 15131838 possible contractions
[2023-10-04 13:31:44.574] [info] [0/15131838] Starting contraction of size 1
[2023-10-04 13:32:04.420] [info] [40/15131838] Starting contraction of size 2
[2023-10-04 13:37:10.918] [info] [753/15131838] Starting contraction of size 3
[2023-10-04 14:06:21.594] [info] All colors passed! Contracted: 16, 25, 48
[2023-10-04 14:06:21.595] [info] Graph is C-reducible!
