[2023-10-02 21:50:37.751] [info] Kempe type: Projective
[2023-10-02 21:50:37.890] [info] Vertex size: 33, Edge size: 56, Ring size: 13
[2023-10-02 21:50:42.069] [info] Started D-reducibility check
[2023-10-02 21:50:42.069] [info] #1: Feasible / Total: 10953 / 66430
[2023-10-02 21:51:18.617] [info] #2: Feasible / Total: 17003 / 66430
[2023-10-02 21:51:40.541] [info] #3: Feasible / Total: 24187 / 66430
[2023-10-02 21:51:59.210] [info] #4: Feasible / Total: 32837 / 66430
[2023-10-02 21:52:09.777] [info] #5: Feasible / Total: 39802 / 66430
[2023-10-02 21:52:13.414] [info] #6: Feasible / Total: 41840 / 66430
[2023-10-02 21:52:15.419] [info] #7: Feasible / Total: 42630 / 66430
[2023-10-02 21:52:16.737] [info] #8: Feasible / Total: 42949 / 66430
[2023-10-02 21:52:17.964] [info] #9: Feasible / Total: 43217 / 66430
[2023-10-02 21:52:18.701] [info] #10: Feasible / Total: 43287 / 66430
[2023-10-02 21:52:19.320] [info] #11: Feasible / Total: 43302 / 66430
[2023-10-02 21:52:19.922] [info] #12: Feasible / Total: 43305 / 66430
[2023-10-02 21:52:20.419] [info] #12: Feasible / Total: 43305 / 66430
[2023-10-02 21:52:20.419] [info] Graph is not D-reducible.
[2023-10-02 21:52:20.448] [info] Started C-reducibility check
[2023-10-02 21:56:19.442] [info] Trying 2029829 possible contractions
[2023-10-02 21:56:19.443] [info] [0/2029829] Starting contraction of size 1
[2023-10-02 21:56:55.716] [info] [43/2029829] Starting contraction of size 2
[2023-10-02 22:04:37.087] [info] [873/2029829] Starting contraction of size 3
[2023-10-02 22:50:04.252] [info] [10406/2029829] Starting contraction of size 4
[2023-10-03 03:54:14.948] [info] [83274/2029829] Starting contraction of size 5
[2023-10-03 05:03:42.274] [info] All colors passed! Contracted: 16, 30, 32, 48, 53
[2023-10-03 05:03:42.274] [info] Graph is C-reducible!
