[2023-09-30 23:35:48.153] [info] Kempe type: Projective
[2023-09-30 23:35:48.153] [info] Vertex size: 29, Edge size: 50, Ring size: 13
[2023-09-30 23:35:48.699] [info] Started D-reducibility check
[2023-09-30 23:35:48.699] [info] #1: Feasible / Total: 8285 / 66430
[2023-09-30 23:36:02.818] [info] #2: Feasible / Total: 13149 / 66430
[2023-09-30 23:36:09.262] [info] #3: Feasible / Total: 15448 / 66430
[2023-09-30 23:36:14.313] [info] #4: Feasible / Total: 17559 / 66430
[2023-09-30 23:36:19.059] [info] #5: Feasible / Total: 19904 / 66430
[2023-09-30 23:36:22.850] [info] #6: Feasible / Total: 22068 / 66430
[2023-09-30 23:36:26.836] [info] #7: Feasible / Total: 24131 / 66430
[2023-09-30 23:36:33.270] [info] #8: Feasible / Total: 27024 / 66430
[2023-09-30 23:36:39.656] [info] #9: Feasible / Total: 31811 / 66430
[2023-09-30 23:36:47.662] [info] #10: Feasible / Total: 39023 / 66430
[2023-09-30 23:36:52.204] [info] #11: Feasible / Total: 47163 / 66430
[2023-09-30 23:36:53.210] [info] #12: Feasible / Total: 49486 / 66430
[2023-09-30 23:36:53.440] [info] #13: Feasible / Total: 49570 / 66430
[2023-09-30 23:36:53.662] [info] #13: Feasible / Total: 49570 / 66430
[2023-09-30 23:36:53.662] [info] Graph is not D-reducible.
[2023-09-30 23:36:53.683] [info] Started C-reducibility check
[2023-09-30 23:37:07.131] [info] Trying 677132 possible contractions
[2023-09-30 23:37:07.142] [info] [0/677132] Starting contraction of size 1
[2023-09-30 23:37:08.673] [info] All colors passed! Contracted: 28
[2023-09-30 23:37:08.682] [info] Graph is C-reducible!
