[2023-09-30 14:55:36.176] [info] Kempe type: Projective
[2023-09-30 14:55:36.176] [info] Vertex size: 31, Edge size: 53, Ring size: 13
[2023-09-30 14:55:36.936] [info] Started D-reducibility check
[2023-09-30 14:55:36.936] [info] #1: Feasible / Total: 10093 / 66430
[2023-09-30 14:55:52.652] [info] #2: Feasible / Total: 13998 / 66430
[2023-09-30 14:55:57.124] [info] #3: Feasible / Total: 16229 / 66430
[2023-09-30 14:56:00.728] [info] #4: Feasible / Total: 17865 / 66430
[2023-09-30 14:56:03.895] [info] #5: Feasible / Total: 19278 / 66430
[2023-09-30 14:56:07.208] [info] #6: Feasible / Total: 20896 / 66430
[2023-09-30 14:56:10.649] [info] #7: Feasible / Total: 22684 / 66430
[2023-09-30 14:56:14.079] [info] #8: Feasible / Total: 24881 / 66430
[2023-09-30 14:56:18.214] [info] #9: Feasible / Total: 27610 / 66430
[2023-09-30 14:56:22.411] [info] #10: Feasible / Total: 30688 / 66430
[2023-09-30 14:56:26.949] [info] #11: Feasible / Total: 34481 / 66430
[2023-09-30 14:56:30.783] [info] #12: Feasible / Total: 39440 / 66430
[2023-09-30 14:56:31.161] [info] #13: Feasible / Total: 40512 / 66430
[2023-09-30 14:56:31.354] [info] #14: Feasible / Total: 40516 / 66430
[2023-09-30 14:56:31.546] [info] #14: Feasible / Total: 40516 / 66430
[2023-09-30 14:56:31.546] [info] Graph is not D-reducible.
[2023-09-30 14:56:31.556] [info] Started C-reducibility check
[2023-09-30 14:57:04.643] [info] Trying 1200218 possible contractions
[2023-09-30 14:57:04.643] [info] [0/1200218] Starting contraction of size 1
[2023-09-30 14:57:11.224] [info] [40/1200218] Starting contraction of size 2
[2023-09-30 14:58:44.290] [info] [753/1200218] Starting contraction of size 3
[2023-09-30 15:07:25.509] [info] All colors passed! Contracted: 26, 29, 31
[2023-09-30 15:07:25.509] [info] Graph is C-reducible!
