[2023-10-04 20:51:57.056] [info] Kempe type: Projective
[2023-10-04 20:51:57.057] [info] Vertex size: 34, Edge size: 58, Ring size: 14
[2023-10-04 20:51:58.642] [info] Started D-reducibility check
[2023-10-04 20:51:58.650] [info] #1: Feasible / Total: 23396 / 199291
[2023-10-04 20:53:45.121] [info] #2: Feasible / Total: 33138 / 199291
[2023-10-04 20:54:25.464] [info] #3: Feasible / Total: 41979 / 199291
[2023-10-04 20:55:03.659] [info] #4: Feasible / Total: 50946 / 199291
[2023-10-04 20:55:29.546] [info] #5: Feasible / Total: 57074 / 199291
[2023-10-04 20:55:54.112] [info] #6: Feasible / Total: 61479 / 199291
[2023-10-04 20:56:29.829] [info] #7: Feasible / Total: 67678 / 199291
[2023-10-04 20:57:30.662] [info] #8: Feasible / Total: 80571 / 199291
[2023-10-04 20:58:53.166] [info] #9: Feasible / Total: 106349 / 199291
[2023-10-04 20:59:48.874] [info] #10: Feasible / Total: 137252 / 199291
[2023-10-04 21:00:04.731] [info] #11: Feasible / Total: 148477 / 199291
[2023-10-04 21:00:06.217] [info] #12: Feasible / Total: 148857 / 199291
[2023-10-04 21:00:07.391] [info] #12: Feasible / Total: 148857 / 199291
[2023-10-04 21:00:07.392] [info] Graph is not D-reducible.
[2023-10-04 21:00:07.453] [info] Started C-reducibility check
[2023-10-04 21:05:35.138] [info] Trying 48385984 possible contractions
[2023-10-04 21:05:35.139] [info] [0/48385984] Starting contraction of size 1
[2023-10-04 21:05:35.981] [info] All colors passed! Contracted: 30
[2023-10-04 21:05:35.981] [info] Graph is C-reducible!
