[2023-09-30 14:55:36.136] [info] Kempe type: Projective
[2023-09-30 14:55:36.136] [info] Vertex size: 30, Edge size: 51, Ring size: 12
[2023-09-30 14:55:36.678] [info] Started D-reducibility check
[2023-09-30 14:55:36.685] [info] #1: Feasible / Total: 4736 / 22144
[2023-09-30 14:55:40.562] [info] #2: Feasible / Total: 6451 / 22144
[2023-09-30 14:55:42.026] [info] #3: Feasible / Total: 7669 / 22144
[2023-09-30 14:55:43.240] [info] #4: Feasible / Total: 8792 / 22144
[2023-09-30 14:55:44.681] [info] #5: Feasible / Total: 10356 / 22144
[2023-09-30 14:55:46.019] [info] #6: Feasible / Total: 12778 / 22144
[2023-09-30 14:55:46.349] [info] #7: Feasible / Total: 13834 / 22144
[2023-09-30 14:55:46.611] [info] #8: Feasible / Total: 13987 / 22144
[2023-09-30 14:55:46.805] [info] #9: Feasible / Total: 14043 / 22144
[2023-09-30 14:55:46.970] [info] #10: Feasible / Total: 14063 / 22144
[2023-09-30 14:55:47.112] [info] #11: Feasible / Total: 14068 / 22144
[2023-09-30 14:55:47.240] [info] #11: Feasible / Total: 14068 / 22144
[2023-09-30 14:55:47.240] [info] Graph is not D-reducible.
[2023-09-30 14:55:47.264] [info] Started C-reducibility check
[2023-09-30 14:56:21.393] [info] Trying 977708 possible contractions
[2023-09-30 14:56:21.402] [info] [0/977708] Starting contraction of size 1
[2023-09-30 14:56:23.703] [info] All colors passed! Contracted: 26
[2023-09-30 14:56:23.703] [info] Graph is C-reducible!
