[2023-10-04 16:22:03.936] [info] Kempe type: Projective
[2023-10-04 16:22:04.026] [info] Vertex size: 36, Edge size: 61, Ring size: 14
[2023-10-04 16:22:09.759] [info] Started D-reducibility check
[2023-10-04 16:22:09.759] [info] #1: Feasible / Total: 27913 / 199291
[2023-10-04 16:24:28.951] [info] #2: Feasible / Total: 44194 / 199291
[2023-10-04 16:25:30.340] [info] #3: Feasible / Total: 62697 / 199291
[2023-10-04 16:26:32.399] [info] #4: Feasible / Total: 82810 / 199291
[2023-10-04 16:27:39.701] [info] #5: Feasible / Total: 114474 / 199291
[2023-10-04 16:27:55.742] [info] #6: Feasible / Total: 128855 / 199291
[2023-10-04 16:28:03.380] [info] #7: Feasible / Total: 130920 / 199291
[2023-10-04 16:28:10.689] [info] #8: Feasible / Total: 133024 / 199291
[2023-10-04 16:28:15.589] [info] #9: Feasible / Total: 134086 / 199291
[2023-10-04 16:28:18.425] [info] #10: Feasible / Total: 134582 / 199291
[2023-10-04 16:28:20.611] [info] #11: Feasible / Total: 134911 / 199291
[2023-10-04 16:28:23.302] [info] #12: Feasible / Total: 135412 / 199291
[2023-10-04 16:28:26.342] [info] #13: Feasible / Total: 136036 / 199291
[2023-10-04 16:28:28.603] [info] #14: Feasible / Total: 136259 / 199291
[2023-10-04 16:28:29.934] [info] #15: Feasible / Total: 136273 / 199291
[2023-10-04 16:28:31.159] [info] #15: Feasible / Total: 136273 / 199291
[2023-10-04 16:28:31.170] [info] Graph is not D-reducible.
[2023-10-04 16:28:31.220] [info] Started C-reducibility check
[2023-10-04 16:43:20.405] [info] Trying 105317793 possible contractions
[2023-10-04 16:43:20.411] [info] [0/105317793] Starting contraction of size 1
[2023-10-04 16:43:22.349] [info] All colors passed! Contracted: 20
[2023-10-04 16:43:22.350] [info] Graph is C-reducible!
