[2023-10-02 09:49:22.756] [info] Kempe type: Projective
[2023-10-02 09:49:22.766] [info] Vertex size: 34, Edge size: 58, Ring size: 14
[2023-10-02 09:49:28.864] [info] Started D-reducibility check
[2023-10-02 09:49:28.864] [info] #1: Feasible / Total: 25425 / 199291
[2023-10-02 09:52:20.600] [info] #2: Feasible / Total: 41489 / 199291
[2023-10-02 09:53:19.528] [info] #3: Feasible / Total: 50154 / 199291
[2023-10-02 09:54:04.491] [info] #4: Feasible / Total: 58338 / 199291
[2023-10-02 09:54:50.210] [info] #5: Feasible / Total: 68268 / 199291
[2023-10-02 09:55:56.745] [info] #6: Feasible / Total: 82348 / 199291
[2023-10-02 09:57:22.933] [info] #7: Feasible / Total: 103707 / 199291
[2023-10-02 09:58:54.975] [info] #8: Feasible / Total: 129981 / 199291
[2023-10-02 09:59:34.242] [info] #9: Feasible / Total: 148714 / 199291
[2023-10-02 09:59:39.886] [info] #10: Feasible / Total: 152015 / 199291
[2023-10-02 09:59:41.979] [info] #11: Feasible / Total: 152298 / 199291
[2023-10-02 09:59:43.159] [info] #12: Feasible / Total: 152299 / 199291
[2023-10-02 09:59:44.066] [info] #12: Feasible / Total: 152299 / 199291
[2023-10-02 09:59:44.066] [info] Graph is not D-reducible.
[2023-10-02 09:59:44.127] [info] Started C-reducibility check
[2023-10-02 10:05:25.462] [info] Trying 2440215 possible contractions
[2023-10-02 10:05:25.462] [info] [0/2440215] Starting contraction of size 1
[2023-10-02 10:05:52.497] [info] All colors passed! Contracted: 44
[2023-10-02 10:05:52.497] [info] Graph is C-reducible!
