[2023-09-30 15:10:14.009] [info] Kempe type: Projective
[2023-09-30 15:10:14.009] [info] Vertex size: 41, Edge size: 70, Ring size: 17
[2023-09-30 15:11:05.735] [info] Started D-reducibility check
[2023-09-30 15:11:05.735] [info] #1: Feasible / Total: 361521 / 5380840
[2023-09-30 19:02:27.416] [info] #2: Feasible / Total: 721210 / 5380840
[2023-09-30 20:52:53.653] [info] #3: Feasible / Total: 908535 / 5380840
[2023-09-30 22:07:23.742] [info] #4: Feasible / Total: 1063233 / 5380840
[2023-09-30 23:04:30.807] [info] #5: Feasible / Total: 1201560 / 5380840
[2023-09-30 23:53:31.751] [info] #6: Feasible / Total: 1322047 / 5380840
[2023-10-01 00:29:59.177] [info] #7: Feasible / Total: 1420188 / 5380840
[2023-10-01 00:55:28.492] [info] #8: Feasible / Total: 1491950 / 5380840
[2023-10-01 01:26:15.892] [info] #9: Feasible / Total: 1539666 / 5380840
[2023-10-01 01:45:13.822] [info] #10: Feasible / Total: 1572269 / 5380840
[2023-10-01 01:57:42.064] [info] #11: Feasible / Total: 1597886 / 5380840
[2023-10-01 02:07:15.587] [info] #12: Feasible / Total: 1614448 / 5380840
[2023-10-01 02:15:46.759] [info] #13: Feasible / Total: 1628421 / 5380840
[2023-10-01 02:23:38.555] [info] #14: Feasible / Total: 1641855 / 5380840
[2023-10-01 02:31:07.711] [info] #15: Feasible / Total: 1654160 / 5380840
[2023-10-01 02:38:18.060] [info] #16: Feasible / Total: 1664906 / 5380840
[2023-10-01 02:45:36.445] [info] #17: Feasible / Total: 1675319 / 5380840
[2023-10-01 02:52:39.125] [info] #18: Feasible / Total: 1685421 / 5380840
[2023-10-01 03:00:09.244] [info] #19: Feasible / Total: 1695312 / 5380840
[2023-10-01 03:08:08.972] [info] #20: Feasible / Total: 1704907 / 5380840
[2023-10-01 03:16:20.120] [info] #21: Feasible / Total: 1715105 / 5380840
[2023-10-01 03:25:06.321] [info] #22: Feasible / Total: 1726677 / 5380840
[2023-10-01 03:33:35.022] [info] #23: Feasible / Total: 1738785 / 5380840
[2023-10-01 03:43:35.195] [info] #24: Feasible / Total: 1752433 / 5380840
[2023-10-01 03:54:06.795] [info] #25: Feasible / Total: 1767383 / 5380840
[2023-10-01 04:06:12.811] [info] #26: Feasible / Total: 1785076 / 5380840
[2023-10-01 04:20:31.522] [info] #27: Feasible / Total: 1807386 / 5380840
[2023-10-01 04:34:24.414] [info] #28: Feasible / Total: 1832377 / 5380840
[2023-10-01 04:50:18.354] [info] #29: Feasible / Total: 1864152 / 5380840
[2023-10-01 05:07:57.736] [info] #30: Feasible / Total: 1901758 / 5380840
[2023-10-01 05:28:33.564] [info] #31: Feasible / Total: 1950344 / 5380840
[2023-10-01 05:53:05.245] [info] #32: Feasible / Total: 2009972 / 5380840
[2023-10-01 06:22:02.785] [info] #33: Feasible / Total: 2076001 / 5380840
[2023-10-01 06:56:37.430] [info] #34: Feasible / Total: 2153756 / 5380840
[2023-10-01 07:44:08.144] [info] #35: Feasible / Total: 2260342 / 5380840
[2023-10-01 08:54:03.634] [info] #36: Feasible / Total: 2428539 / 5380840
[2023-10-01 11:10:43.024] [info] #37: Feasible / Total: 2792501 / 5380840
[2023-10-01 16:01:43.174] [info] #38: Feasible / Total: 3718851 / 5380840
[2023-10-01 19:56:06.279] [info] #39: Feasible / Total: 5137789 / 5380840
[2023-10-01 20:11:44.409] [info] #40: Feasible / Total: 5380840 / 5380840
[2023-10-01 20:11:44.409] [info] Graph is D-reducible!
