[2023-10-02 19:57:05.312] [info] Kempe type: Projective
[2023-10-02 19:57:05.314] [info] Vertex size: 26, Edge size: 45, Ring size: 12
[2023-10-02 19:57:05.568] [info] Started D-reducibility check
[2023-10-02 19:57:05.568] [info] #1: Feasible / Total: 3399 / 22144
[2023-10-02 19:57:11.156] [info] #2: Feasible / Total: 4022 / 22144
[2023-10-02 19:57:12.311] [info] #3: Feasible / Total: 4324 / 22144
[2023-10-02 19:57:13.218] [info] #4: Feasible / Total: 4591 / 22144
[2023-10-02 19:57:14.019] [info] #5: Feasible / Total: 4839 / 22144
[2023-10-02 19:57:14.815] [info] #6: Feasible / Total: 5054 / 22144
[2023-10-02 19:57:15.681] [info] #7: Feasible / Total: 5380 / 22144
[2023-10-02 19:57:16.690] [info] #8: Feasible / Total: 5892 / 22144
[2023-10-02 19:57:17.919] [info] #9: Feasible / Total: 6640 / 22144
[2023-10-02 19:57:19.250] [info] #10: Feasible / Total: 7568 / 22144
[2023-10-02 19:57:21.047] [info] #11: Feasible / Total: 8951 / 22144
[2023-10-02 19:57:22.657] [info] #12: Feasible / Total: 10513 / 22144
[2023-10-02 19:57:24.768] [info] #13: Feasible / Total: 12860 / 22144
[2023-10-02 19:57:26.110] [info] #14: Feasible / Total: 15161 / 22144
[2023-10-02 19:57:26.374] [info] #15: Feasible / Total: 15332 / 22144
[2023-10-02 19:57:26.521] [info] #15: Feasible / Total: 15332 / 22144
[2023-10-02 19:57:26.521] [info] Graph is not D-reducible.
[2023-10-02 19:57:26.524] [info] Started C-reducibility check
[2023-10-02 19:57:31.530] [info] Trying 284057 possible contractions
[2023-10-02 19:57:31.530] [info] [0/284057] Starting contraction of size 1
[2023-10-02 19:57:32.586] [info] All colors passed! Contracted: 30
[2023-10-02 19:57:32.587] [info] Graph is C-reducible!
