[2023-09-30 15:10:14.044] [info] Kempe type: Projective
[2023-09-30 15:10:14.044] [info] Vertex size: 37, Edge size: 63, Ring size: 15
[2023-09-30 15:10:21.964] [info] Started D-reducibility check
[2023-09-30 15:10:21.964] [info] #1: Feasible / Total: 61342 / 597871
[2023-09-30 15:14:56.191] [info] #2: Feasible / Total: 102687 / 597871
[2023-09-30 15:17:43.397] [info] #3: Feasible / Total: 138029 / 597871
[2023-09-30 15:20:09.232] [info] #4: Feasible / Total: 180743 / 597871
[2023-09-30 15:22:47.675] [info] #5: Feasible / Total: 238616 / 597871
[2023-09-30 15:25:20.771] [info] #6: Feasible / Total: 313009 / 597871
[2023-09-30 15:26:26.801] [info] #7: Feasible / Total: 367995 / 597871
[2023-09-30 15:26:38.869] [info] #8: Feasible / Total: 375348 / 597871
[2023-09-30 15:26:44.438] [info] #9: Feasible / Total: 376183 / 597871
[2023-09-30 15:26:48.040] [info] #10: Feasible / Total: 376418 / 597871
[2023-09-30 15:26:51.185] [info] #11: Feasible / Total: 376469 / 597871
[2023-09-30 15:26:54.045] [info] #12: Feasible / Total: 376481 / 597871
[2023-09-30 15:26:56.895] [info] #12: Feasible / Total: 376481 / 597871
[2023-09-30 15:26:56.895] [info] Graph is not D-reducible.
[2023-09-30 15:26:56.972] [info] Started C-reducibility check
[2023-09-30 15:40:19.700] [info] Trying 4621064 possible contractions
[2023-09-30 15:40:19.700] [info] [0/4621064] Starting contraction of size 1
[2023-09-30 15:40:26.714] [info] All colors passed! Contracted: 32
[2023-09-30 15:40:26.714] [info] Graph is C-reducible!
