[2023-10-02 09:49:22.924] [info] Kempe type: Projective
[2023-10-02 09:49:22.926] [info] Vertex size: 34, Edge size: 58, Ring size: 14
[2023-10-02 09:49:29.928] [info] Started D-reducibility check
[2023-10-02 09:49:29.928] [info] #1: Feasible / Total: 24494 / 199291
[2023-10-02 09:53:09.824] [info] #2: Feasible / Total: 40938 / 199291
[2023-10-02 09:54:30.999] [info] #3: Feasible / Total: 53965 / 199291
[2023-10-02 09:55:36.788] [info] #4: Feasible / Total: 66647 / 199291
[2023-10-02 09:56:38.254] [info] #5: Feasible / Total: 78777 / 199291
[2023-10-02 09:57:49.893] [info] #6: Feasible / Total: 97052 / 199291
[2023-10-02 09:58:52.545] [info] #7: Feasible / Total: 118354 / 199291
[2023-10-02 09:59:15.845] [info] #8: Feasible / Total: 129582 / 199291
[2023-10-02 09:59:20.970] [info] #9: Feasible / Total: 131989 / 199291
[2023-10-02 09:59:24.012] [info] #10: Feasible / Total: 132587 / 199291
[2023-10-02 09:59:26.571] [info] #11: Feasible / Total: 132803 / 199291
[2023-10-02 09:59:27.544] [info] #12: Feasible / Total: 132814 / 199291
[2023-10-02 09:59:29.205] [info] #12: Feasible / Total: 132814 / 199291
[2023-10-02 09:59:29.205] [info] Graph is not D-reducible.
[2023-10-02 09:59:29.285] [info] Started C-reducibility check
[2023-10-02 10:05:08.934] [info] Trying 2436489 possible contractions
[2023-10-02 10:05:08.935] [info] [0/2436489] Starting contraction of size 1
[2023-10-02 10:06:17.254] [info] [44/2436489] Starting contraction of size 2
[2023-10-02 10:23:12.629] [info] [916/2436489] Starting contraction of size 3
[2023-10-02 12:11:10.438] [info] [11237/2436489] Starting contraction of size 4
[2023-10-02 18:17:48.509] [info] All colors passed! Contracted: 26, 50, 51, 52
[2023-10-02 18:17:48.509] [info] Graph is C-reducible!
