[2023-09-30 16:50:13.022] [info] Kempe type: Projective
[2023-09-30 16:50:13.022] [info] Vertex size: 32, Edge size: 55, Ring size: 14
[2023-09-30 16:50:14.087] [info] Started D-reducibility check
[2023-09-30 16:50:14.087] [info] #1: Feasible / Total: 22594 / 199291
[2023-09-30 16:51:35.432] [info] #2: Feasible / Total: 30838 / 199291
[2023-09-30 16:52:01.436] [info] #3: Feasible / Total: 36833 / 199291
[2023-09-30 16:52:18.788] [info] #4: Feasible / Total: 43328 / 199291
[2023-09-30 16:52:39.056] [info] #5: Feasible / Total: 51443 / 199291
[2023-09-30 16:53:17.222] [info] #6: Feasible / Total: 65614 / 199291
[2023-09-30 16:54:13.164] [info] #7: Feasible / Total: 97192 / 199291
[2023-09-30 16:55:14.756] [info] #8: Feasible / Total: 155311 / 199291
[2023-09-30 16:55:33.103] [info] #9: Feasible / Total: 188287 / 199291
[2023-09-30 16:55:33.677] [info] #10: Feasible / Total: 189601 / 199291
[2023-09-30 16:55:33.784] [info] #10: Feasible / Total: 189601 / 199291
[2023-09-30 16:55:33.784] [info] Graph is not D-reducible.
[2023-09-30 16:55:33.812] [info] Started C-reducibility check
[2023-09-30 16:56:25.618] [info] Trying 1466255 possible contractions
[2023-09-30 16:56:25.618] [info] [0/1466255] Starting contraction of size 1
[2023-09-30 16:56:45.103] [info] [41/1466255] Starting contraction of size 2
[2023-09-30 16:56:50.288] [info] All colors passed! Contracted: 21, 26
[2023-09-30 16:56:50.288] [info] Graph is C-reducible!
