[2023-10-02 21:50:37.707] [info] Kempe type: Projective
[2023-10-02 21:50:37.726] [info] Vertex size: 29, Edge size: 50, Ring size: 13
[2023-10-02 21:50:38.876] [info] Started D-reducibility check
[2023-10-02 21:50:38.876] [info] #1: Feasible / Total: 8176 / 66430
[2023-10-02 21:51:01.792] [info] #2: Feasible / Total: 11502 / 66430
[2023-10-02 21:51:10.622] [info] #3: Feasible / Total: 13350 / 66430
[2023-10-02 21:51:15.464] [info] #4: Feasible / Total: 14330 / 66430
[2023-10-02 21:51:19.382] [info] #5: Feasible / Total: 14952 / 66430
[2023-10-02 21:51:23.915] [info] #6: Feasible / Total: 15717 / 66430
[2023-10-02 21:51:28.634] [info] #7: Feasible / Total: 16548 / 66430
[2023-10-02 21:51:33.148] [info] #8: Feasible / Total: 17656 / 66430
[2023-10-02 21:51:38.043] [info] #9: Feasible / Total: 19247 / 66430
[2023-10-02 21:51:41.659] [info] #10: Feasible / Total: 21370 / 66430
[2023-10-02 21:51:47.163] [info] #11: Feasible / Total: 24539 / 66430
[2023-10-02 21:51:53.834] [info] #12: Feasible / Total: 29526 / 66430
[2023-10-02 21:52:00.190] [info] #13: Feasible / Total: 36446 / 66430
[2023-10-02 21:52:04.222] [info] #14: Feasible / Total: 41523 / 66430
[2023-10-02 21:52:05.794] [info] #15: Feasible / Total: 42925 / 66430
[2023-10-02 21:52:06.194] [info] #16: Feasible / Total: 43008 / 66430
[2023-10-02 21:52:06.509] [info] #17: Feasible / Total: 43009 / 66430
[2023-10-02 21:52:06.839] [info] #17: Feasible / Total: 43009 / 66430
[2023-10-02 21:52:06.839] [info] Graph is not D-reducible.
[2023-10-02 21:52:06.858] [info] Started C-reducibility check
[2023-10-02 21:52:20.034] [info] Trying 678868 possible contractions
[2023-10-02 21:52:20.042] [info] [0/678868] Starting contraction of size 1
[2023-10-02 21:52:20.248] [info] All colors passed! Contracted: 18
[2023-10-02 21:52:20.258] [info] Graph is C-reducible!
