[2023-10-02 09:49:22.768] [info] Kempe type: Projective
[2023-10-02 09:49:22.782] [info] Vertex size: 39, Edge size: 66, Ring size: 15
[2023-10-02 09:49:53.497] [info] Started D-reducibility check
[2023-10-02 09:49:53.497] [info] #1: Feasible / Total: 73601 / 597871
[2023-10-02 10:01:46.401] [info] #2: Feasible / Total: 104139 / 597871
[2023-10-02 10:07:41.873] [info] #3: Feasible / Total: 139815 / 597871
[2023-10-02 10:11:44.372] [info] #4: Feasible / Total: 174997 / 597871
[2023-10-02 10:14:46.858] [info] #5: Feasible / Total: 201017 / 597871
[2023-10-02 10:17:36.718] [info] #6: Feasible / Total: 222920 / 597871
[2023-10-02 10:20:25.631] [info] #7: Feasible / Total: 244364 / 597871
[2023-10-02 10:23:03.870] [info] #8: Feasible / Total: 267802 / 597871
[2023-10-02 10:26:03.330] [info] #9: Feasible / Total: 297993 / 597871
[2023-10-02 10:29:41.683] [info] #10: Feasible / Total: 347518 / 597871
[2023-10-02 10:33:04.823] [info] #11: Feasible / Total: 399026 / 597871
[2023-10-02 10:34:51.113] [info] #12: Feasible / Total: 424671 / 597871
[2023-10-02 10:35:10.522] [info] #13: Feasible / Total: 426707 / 597871
[2023-10-02 10:35:16.333] [info] #14: Feasible / Total: 426731 / 597871
[2023-10-02 10:35:20.184] [info] #14: Feasible / Total: 426731 / 597871
[2023-10-02 10:35:20.184] [info] Graph is not D-reducible.
[2023-10-02 10:35:20.274] [info] Started C-reducibility check
[2023-10-02 11:45:22.226] [info] Trying 7094540 possible contractions
[2023-10-02 11:45:22.226] [info] [0/7094540] Starting contraction of size 1
[2023-10-02 11:50:30.239] [info] [51/7094540] Starting contraction of size 2
[2023-10-02 13:27:02.847] [info] [1239/7094540] Starting contraction of size 3
[2023-10-03 04:59:17.733] [info] All colors passed! Contracted: 53, 55, 65
[2023-10-03 04:59:17.733] [info] Graph is C-reducible!
