[2023-10-02 21:50:37.670] [info] Kempe type: Projective
[2023-10-02 21:50:37.718] [info] Vertex size: 32, Edge size: 55, Ring size: 14
[2023-10-02 21:50:40.705] [info] Started D-reducibility check
[2023-10-02 21:50:40.705] [info] #1: Feasible / Total: 21891 / 199291
[2023-10-02 21:52:40.656] [info] #2: Feasible / Total: 28736 / 199291
[2023-10-02 21:53:09.750] [info] #3: Feasible / Total: 32045 / 199291
[2023-10-02 21:53:25.491] [info] #4: Feasible / Total: 34082 / 199291
[2023-10-02 21:53:37.630] [info] #5: Feasible / Total: 35489 / 199291
[2023-10-02 21:53:46.046] [info] #6: Feasible / Total: 36713 / 199291
[2023-10-02 21:53:54.776] [info] #7: Feasible / Total: 37868 / 199291
[2023-10-02 21:54:03.210] [info] #8: Feasible / Total: 39050 / 199291
[2023-10-02 21:54:11.481] [info] #9: Feasible / Total: 40322 / 199291
[2023-10-02 21:54:22.249] [info] #10: Feasible / Total: 41725 / 199291
[2023-10-02 21:54:33.155] [info] #11: Feasible / Total: 43237 / 199291
[2023-10-02 21:54:45.502] [info] #12: Feasible / Total: 45201 / 199291
[2023-10-02 21:55:00.665] [info] #13: Feasible / Total: 47660 / 199291
[2023-10-02 21:55:18.825] [info] #14: Feasible / Total: 50893 / 199291
[2023-10-02 21:55:37.537] [info] #15: Feasible / Total: 54458 / 199291
[2023-10-02 21:56:02.601] [info] #16: Feasible / Total: 59448 / 199291
[2023-10-02 21:56:29.924] [info] #17: Feasible / Total: 66562 / 199291
[2023-10-02 21:57:02.218] [info] #18: Feasible / Total: 75914 / 199291
[2023-10-02 21:57:41.891] [info] #19: Feasible / Total: 88044 / 199291
[2023-10-02 21:58:32.523] [info] #20: Feasible / Total: 104057 / 199291
[2023-10-02 21:59:27.501] [info] #21: Feasible / Total: 127468 / 199291
[2023-10-02 22:00:02.844] [info] #22: Feasible / Total: 155236 / 199291
[2023-10-02 22:00:07.364] [info] #23: Feasible / Total: 160130 / 199291
[2023-10-02 22:00:08.173] [info] #24: Feasible / Total: 160132 / 199291
[2023-10-02 22:00:08.966] [info] #24: Feasible / Total: 160132 / 199291
[2023-10-02 22:00:08.966] [info] Graph is not D-reducible.
[2023-10-02 22:00:09.031] [info] Started C-reducibility check
[2023-10-02 22:01:25.099] [info] Trying 1463172 possible contractions
[2023-10-02 22:01:25.099] [info] [0/1463172] Starting contraction of size 1
[2023-10-02 22:01:34.242] [info] All colors passed! Contracted: 35
[2023-10-02 22:01:34.242] [info] Graph is C-reducible!
