[2023-10-04 10:10:41.695] [info] Kempe type: Projective
[2023-10-04 10:10:41.695] [info] Vertex size: 36, Edge size: 61, Ring size: 14
[2023-10-04 10:10:44.061] [info] Started D-reducibility check
[2023-10-04 10:10:44.061] [info] #1: Feasible / Total: 29683 / 199291
[2023-10-04 10:11:56.637] [info] #2: Feasible / Total: 45031 / 199291
[2023-10-04 10:13:02.090] [info] #3: Feasible / Total: 59884 / 199291
[2023-10-04 10:14:04.673] [info] #4: Feasible / Total: 76931 / 199291
[2023-10-04 10:15:10.266] [info] #5: Feasible / Total: 100357 / 199291
[2023-10-04 10:15:46.462] [info] #6: Feasible / Total: 124084 / 199291
[2023-10-04 10:15:55.917] [info] #7: Feasible / Total: 132596 / 199291
[2023-10-04 10:16:01.799] [info] #8: Feasible / Total: 135234 / 199291
[2023-10-04 10:16:05.079] [info] #9: Feasible / Total: 136429 / 199291
[2023-10-04 10:16:06.401] [info] #10: Feasible / Total: 136672 / 199291
[2023-10-04 10:16:07.314] [info] #11: Feasible / Total: 136689 / 199291
[2023-10-04 10:16:08.465] [info] #11: Feasible / Total: 136689 / 199291
[2023-10-04 10:16:08.471] [info] Graph is not D-reducible.
[2023-10-04 10:16:08.517] [info] Started C-reducibility check
[2023-10-04 10:32:31.156] [info] Trying 105323258 possible contractions
[2023-10-04 10:32:31.156] [info] [0/105323258] Starting contraction of size 1
[2023-10-04 10:34:33.457] [info] All colors passed! Contracted: 21
[2023-10-04 10:34:33.458] [info] Graph is C-reducible!
