[2023-10-02 00:12:27.762] [info] Kempe type: Projective
[2023-10-02 00:12:27.818] [info] Vertex size: 27, Edge size: 46, Ring size: 11
[2023-10-02 00:12:28.078] [info] Started D-reducibility check
[2023-10-02 00:12:28.078] [info] #1: Feasible / Total: 1727 / 7381
[2023-10-02 00:12:29.283] [info] #2: Feasible / Total: 2377 / 7381
[2023-10-02 00:12:29.815] [info] #3: Feasible / Total: 3017 / 7381
[2023-10-02 00:12:30.243] [info] #4: Feasible / Total: 3573 / 7381
[2023-10-02 00:12:30.421] [info] #5: Feasible / Total: 3911 / 7381
[2023-10-02 00:12:30.526] [info] #6: Feasible / Total: 4014 / 7381
[2023-10-02 00:12:30.621] [info] #7: Feasible / Total: 4093 / 7381
[2023-10-02 00:12:30.779] [info] #8: Feasible / Total: 4233 / 7381
[2023-10-02 00:12:30.876] [info] #9: Feasible / Total: 4343 / 7381
[2023-10-02 00:12:30.983] [info] #10: Feasible / Total: 4432 / 7381
[2023-10-02 00:12:31.088] [info] #11: Feasible / Total: 4532 / 7381
[2023-10-02 00:12:31.212] [info] #12: Feasible / Total: 4670 / 7381
[2023-10-02 00:12:31.268] [info] #13: Feasible / Total: 4689 / 7381
[2023-10-02 00:12:31.326] [info] #13: Feasible / Total: 4689 / 7381
[2023-10-02 00:12:31.326] [info] Graph is not D-reducible.
[2023-10-02 00:12:31.327] [info] Started C-reducibility check
[2023-10-02 00:12:49.933] [info] Trying 2911174 possible contractions
[2023-10-02 00:12:49.938] [info] [0/2911174] Starting contraction of size 1
[2023-10-02 00:12:51.852] [info] All colors passed! Contracted: 35
[2023-10-02 00:12:51.852] [info] Graph is C-reducible!
