[2023-09-30 23:27:32.408] [info] Kempe type: Projective
[2023-09-30 23:27:32.408] [info] Vertex size: 31, Edge size: 53, Ring size: 13
[2023-09-30 23:27:32.703] [info] Started D-reducibility check
[2023-09-30 23:27:32.703] [info] #1: Feasible / Total: 8766 / 66430
[2023-09-30 23:27:38.730] [info] #2: Feasible / Total: 13813 / 66430
[2023-09-30 23:27:40.892] [info] #3: Feasible / Total: 16153 / 66430
[2023-09-30 23:27:42.464] [info] #4: Feasible / Total: 18248 / 66430
[2023-09-30 23:27:43.684] [info] #5: Feasible / Total: 19610 / 66430
[2023-09-30 23:27:44.683] [info] #6: Feasible / Total: 20516 / 66430
[2023-09-30 23:27:45.479] [info] #7: Feasible / Total: 21253 / 66430
[2023-09-30 23:27:46.332] [info] #8: Feasible / Total: 21983 / 66430
[2023-09-30 23:27:47.347] [info] #9: Feasible / Total: 22930 / 66430
[2023-09-30 23:27:48.803] [info] #10: Feasible / Total: 24816 / 66430
[2023-09-30 23:27:51.448] [info] #11: Feasible / Total: 28222 / 66430
[2023-09-30 23:27:54.410] [info] #12: Feasible / Total: 32605 / 66430
[2023-09-30 23:27:55.940] [info] #13: Feasible / Total: 35203 / 66430
[2023-09-30 23:27:56.218] [info] #14: Feasible / Total: 35430 / 66430
[2023-09-30 23:27:56.431] [info] #14: Feasible / Total: 35430 / 66430
[2023-09-30 23:27:56.431] [info] Graph is not D-reducible.
[2023-09-30 23:27:56.441] [info] Started C-reducibility check
[2023-09-30 23:28:20.678] [info] Trying 1200396 possible contractions
[2023-09-30 23:28:20.678] [info] [0/1200396] Starting contraction of size 1
[2023-09-30 23:28:28.111] [info] [40/1200396] Starting contraction of size 2
[2023-09-30 23:30:17.768] [info] [753/1200396] Starting contraction of size 3
[2023-09-30 23:42:31.390] [info] All colors passed! Contracted: 28, 30, 52
[2023-09-30 23:42:31.390] [info] Graph is C-reducible!
