[2023-10-02 16:31:56.281] [info] Kempe type: Projective
[2023-10-02 16:31:56.281] [info] Vertex size: 33, Edge size: 56, Ring size: 13
[2023-10-02 16:31:57.409] [info] Started D-reducibility check
[2023-10-02 16:31:57.409] [info] #1: Feasible / Total: 11001 / 66430
[2023-10-02 16:32:10.890] [info] #2: Feasible / Total: 16070 / 66430
[2023-10-02 16:32:16.914] [info] #3: Feasible / Total: 20072 / 66430
[2023-10-02 16:32:21.577] [info] #4: Feasible / Total: 23191 / 66430
[2023-10-02 16:32:25.381] [info] #5: Feasible / Total: 25542 / 66430
[2023-10-02 16:32:31.331] [info] #6: Feasible / Total: 29055 / 66430
[2023-10-02 16:32:39.023] [info] #7: Feasible / Total: 37077 / 66430
[2023-10-02 16:32:46.498] [info] #8: Feasible / Total: 49820 / 66430
[2023-10-02 16:32:47.976] [info] #9: Feasible / Total: 54365 / 66430
[2023-10-02 16:32:48.170] [info] #10: Feasible / Total: 54595 / 66430
[2023-10-02 16:32:48.408] [info] #11: Feasible / Total: 54702 / 66430
[2023-10-02 16:32:48.523] [info] #12: Feasible / Total: 54877 / 66430
[2023-10-02 16:32:48.728] [info] #13: Feasible / Total: 55033 / 66430
[2023-10-02 16:32:48.815] [info] #14: Feasible / Total: 55094 / 66430
[2023-10-02 16:32:48.918] [info] #15: Feasible / Total: 55101 / 66430
[2023-10-02 16:32:49.073] [info] #15: Feasible / Total: 55101 / 66430
[2023-10-02 16:32:49.073] [info] Graph is not D-reducible.
[2023-10-02 16:32:49.082] [info] Started C-reducibility check
[2023-10-02 16:34:38.316] [info] Trying 2029570 possible contractions
[2023-10-02 16:34:38.316] [info] [0/2029570] Starting contraction of size 1
[2023-10-02 16:34:56.540] [info] [43/2029570] Starting contraction of size 2
[2023-10-02 16:35:45.137] [info] All colors passed! Contracted: 17, 42
[2023-10-02 16:35:45.137] [info] Graph is C-reducible!
