[2023-10-01 18:29:47.241] [info] Kempe type: Projective
[2023-10-01 18:29:47.241] [info] Vertex size: 36, Edge size: 61, Ring size: 14
[2023-10-01 18:29:48.459] [info] Started D-reducibility check
[2023-10-01 18:29:48.459] [info] #1: Feasible / Total: 30132 / 199291
[2023-10-01 18:31:40.592] [info] #2: Feasible / Total: 52198 / 199291
[2023-10-01 18:32:15.540] [info] #3: Feasible / Total: 65258 / 199291
[2023-10-01 18:32:34.999] [info] #4: Feasible / Total: 72712 / 199291
[2023-10-01 18:32:57.450] [info] #5: Feasible / Total: 79745 / 199291
[2023-10-01 18:33:27.975] [info] #6: Feasible / Total: 91808 / 199291
[2023-10-01 18:34:05.643] [info] #7: Feasible / Total: 119057 / 199291
[2023-10-01 18:34:39.217] [info] #8: Feasible / Total: 165659 / 199291
[2023-10-01 18:34:44.349] [info] #9: Feasible / Total: 177750 / 199291
[2023-10-01 18:34:44.601] [info] #10: Feasible / Total: 177787 / 199291
[2023-10-01 18:34:44.820] [info] #10: Feasible / Total: 177787 / 199291
[2023-10-01 18:34:44.820] [info] Graph is not D-reducible.
[2023-10-01 18:34:44.848] [info] Started C-reducibility check
[2023-10-01 18:47:51.072] [info] Trying 105716780 possible contractions
[2023-10-01 18:47:51.072] [info] [0/105716780] Starting contraction of size 1
[2023-10-01 18:47:53.594] [info] All colors passed! Contracted: 17
[2023-10-01 18:47:53.594] [info] Graph is C-reducible!
