[2023-10-05 00:48:35.661] [info] Kempe type: Projective
[2023-10-05 00:48:35.670] [info] Vertex size: 38, Edge size: 65, Ring size: 16
[2023-10-05 00:49:09.502] [info] Started D-reducibility check
[2023-10-05 00:49:09.503] [info] #1: Feasible / Total: 146944 / 1793614
[2023-10-05 01:43:27.925] [info] #2: Feasible / Total: 233006 / 1793614
[2023-10-05 01:59:40.081] [info] #3: Feasible / Total: 289559 / 1793614
[2023-10-05 02:14:46.749] [info] #4: Feasible / Total: 344824 / 1793614
[2023-10-05 02:33:21.431] [info] #5: Feasible / Total: 417573 / 1793614
[2023-10-05 02:57:20.602] [info] #6: Feasible / Total: 525484 / 1793614
[2023-10-05 03:29:11.151] [info] #7: Feasible / Total: 686638 / 1793614
[2023-10-05 04:06:57.779] [info] #8: Feasible / Total: 925246 / 1793614
[2023-10-05 04:42:18.248] [info] #9: Feasible / Total: 1248046 / 1793614
[2023-10-05 04:51:58.375] [info] #10: Feasible / Total: 1434605 / 1793614
[2023-10-05 04:52:20.056] [info] #11: Feasible / Total: 1439596 / 1793614
[2023-10-05 04:52:28.411] [info] #11: Feasible / Total: 1439596 / 1793614
[2023-10-05 04:52:28.411] [info] Graph is not D-reducible.
[2023-10-05 04:52:28.895] [info] Started C-reducibility check
[2023-10-05 05:17:07.624] [info] Trying 182709392 possible contractions
[2023-10-05 05:17:07.624] [info] [0/182709392] Starting contraction of size 1
[2023-10-05 05:17:41.812] [info] All colors passed! Contracted: 19
[2023-10-05 05:17:41.812] [info] Graph is C-reducible!
