[2023-10-01 00:58:46.350] [info] Kempe type: Projective
[2023-10-01 00:58:46.370] [info] Vertex size: 29, Edge size: 50, Ring size: 13
[2023-10-01 00:58:46.896] [info] Started D-reducibility check
[2023-10-01 00:58:46.898] [info] #1: Feasible / Total: 8530 / 66430
[2023-10-01 00:59:09.461] [info] #2: Feasible / Total: 12414 / 66430
[2023-10-01 00:59:19.020] [info] #3: Feasible / Total: 14856 / 66430
[2023-10-01 00:59:27.316] [info] #4: Feasible / Total: 17224 / 66430
[2023-10-01 00:59:36.110] [info] #5: Feasible / Total: 20325 / 66430
[2023-10-01 00:59:46.668] [info] #6: Feasible / Total: 24636 / 66430
[2023-10-01 01:00:00.403] [info] #7: Feasible / Total: 31752 / 66430
[2023-10-01 01:00:13.749] [info] #8: Feasible / Total: 41164 / 66430
[2023-10-01 01:00:18.572] [info] #9: Feasible / Total: 45853 / 66430
[2023-10-01 01:00:19.460] [info] #10: Feasible / Total: 46193 / 66430
[2023-10-01 01:00:19.889] [info] #10: Feasible / Total: 46193 / 66430
[2023-10-01 01:00:19.889] [info] Graph is not D-reducible.
[2023-10-01 01:00:19.923] [info] Started C-reducibility check
[2023-10-01 01:00:38.864] [info] Trying 678890 possible contractions
[2023-10-01 01:00:38.864] [info] [0/678890] Starting contraction of size 1
[2023-10-01 01:00:53.113] [info] [37/678890] Starting contraction of size 2
[2023-10-01 01:02:29.213] [info] All colors passed! Contracted: 18, 42
[2023-10-01 01:02:29.218] [info] Graph is C-reducible!
