[2023-09-30 16:50:13.058] [info] Kempe type: Projective
[2023-09-30 16:50:13.058] [info] Vertex size: 32, Edge size: 55, Ring size: 14
[2023-09-30 16:50:14.314] [info] Started D-reducibility check
[2023-09-30 16:50:14.314] [info] #1: Feasible / Total: 22568 / 199291
[2023-09-30 16:51:18.751] [info] #2: Feasible / Total: 29456 / 199291
[2023-09-30 16:51:33.032] [info] #3: Feasible / Total: 33183 / 199291
[2023-09-30 16:51:45.204] [info] #4: Feasible / Total: 36275 / 199291
[2023-09-30 16:51:54.847] [info] #5: Feasible / Total: 39303 / 199291
[2023-09-30 16:52:04.723] [info] #6: Feasible / Total: 42559 / 199291
[2023-09-30 16:52:16.412] [info] #7: Feasible / Total: 46213 / 199291
[2023-09-30 16:52:31.606] [info] #8: Feasible / Total: 51069 / 199291
[2023-09-30 16:52:47.169] [info] #9: Feasible / Total: 58204 / 199291
[2023-09-30 16:53:07.587] [info] #10: Feasible / Total: 68580 / 199291
[2023-09-30 16:53:32.715] [info] #11: Feasible / Total: 82909 / 199291
[2023-09-30 16:54:00.257] [info] #12: Feasible / Total: 103073 / 199291
[2023-09-30 16:54:34.572] [info] #13: Feasible / Total: 141876 / 199291
[2023-09-30 16:54:53.352] [info] #14: Feasible / Total: 169718 / 199291
[2023-09-30 16:54:55.265] [info] #15: Feasible / Total: 171626 / 199291
[2023-09-30 16:54:55.773] [info] #16: Feasible / Total: 171825 / 199291
[2023-09-30 16:54:56.038] [info] #16: Feasible / Total: 171825 / 199291
[2023-09-30 16:54:56.039] [info] Graph is not D-reducible.
[2023-09-30 16:54:56.072] [info] Started C-reducibility check
[2023-09-30 16:55:39.408] [info] Trying 1466259 possible contractions
[2023-09-30 16:55:39.408] [info] [0/1466259] Starting contraction of size 1
[2023-09-30 16:55:54.837] [info] [41/1466259] Starting contraction of size 2
[2023-09-30 16:59:57.369] [info] [793/1466259] Starting contraction of size 3
[2023-09-30 17:00:16.975] [info] All colors passed! Contracted: 15, 19, 49
[2023-09-30 17:00:16.975] [info] Graph is C-reducible!
