[2023-10-01 00:58:46.357] [info] Kempe type: Projective
[2023-10-01 00:58:46.357] [info] Vertex size: 26, Edge size: 45, Ring size: 12
[2023-10-01 00:58:46.487] [info] Started D-reducibility check
[2023-10-01 00:58:46.487] [info] #1: Feasible / Total: 3241 / 22144
[2023-10-01 00:58:49.335] [info] #2: Feasible / Total: 4655 / 22144
[2023-10-01 00:58:50.244] [info] #3: Feasible / Total: 5064 / 22144
[2023-10-01 00:58:50.880] [info] #4: Feasible / Total: 5327 / 22144
[2023-10-01 00:58:51.588] [info] #5: Feasible / Total: 5646 / 22144
[2023-10-01 00:58:52.141] [info] #6: Feasible / Total: 6082 / 22144
[2023-10-01 00:58:53.640] [info] #7: Feasible / Total: 6908 / 22144
[2023-10-01 00:58:55.188] [info] #8: Feasible / Total: 8093 / 22144
[2023-10-01 00:58:57.258] [info] #9: Feasible / Total: 10419 / 22144
[2023-10-01 00:58:59.893] [info] #10: Feasible / Total: 14052 / 22144
[2023-10-01 00:59:01.556] [info] #11: Feasible / Total: 17923 / 22144
[2023-10-01 00:59:01.874] [info] #12: Feasible / Total: 19122 / 22144
[2023-10-01 00:59:01.925] [info] #13: Feasible / Total: 19124 / 22144
[2023-10-01 00:59:01.999] [info] #13: Feasible / Total: 19124 / 22144
[2023-10-01 00:59:01.999] [info] Graph is not D-reducible.
[2023-10-01 00:59:02.003] [info] Started C-reducibility check
[2023-10-01 00:59:06.016] [info] Trying 285935 possible contractions
[2023-10-01 00:59:06.016] [info] [0/285935] Starting contraction of size 1
[2023-10-01 00:59:06.233] [info] All colors passed! Contracted: 36
[2023-10-01 00:59:06.233] [info] Graph is C-reducible!
