[2023-10-02 00:12:27.746] [info] Kempe type: Projective
[2023-10-02 00:12:27.774] [info] Vertex size: 32, Edge size: 55, Ring size: 14
[2023-10-02 00:12:29.958] [info] Started D-reducibility check
[2023-10-02 00:12:29.958] [info] #1: Feasible / Total: 22309 / 199291
[2023-10-02 00:14:30.770] [info] #2: Feasible / Total: 31517 / 199291
[2023-10-02 00:15:10.766] [info] #3: Feasible / Total: 37618 / 199291
[2023-10-02 00:15:43.768] [info] #4: Feasible / Total: 43267 / 199291
[2023-10-02 00:16:13.127] [info] #5: Feasible / Total: 48367 / 199291
[2023-10-02 00:16:43.134] [info] #6: Feasible / Total: 53664 / 199291
[2023-10-02 00:17:28.763] [info] #7: Feasible / Total: 62130 / 199291
[2023-10-02 00:18:39.265] [info] #8: Feasible / Total: 76601 / 199291
[2023-10-02 00:20:22.733] [info] #9: Feasible / Total: 101462 / 199291
[2023-10-02 00:21:53.241] [info] #10: Feasible / Total: 136901 / 199291
[2023-10-02 00:22:30.384] [info] #11: Feasible / Total: 157505 / 199291
[2023-10-02 00:22:33.889] [info] #12: Feasible / Total: 158461 / 199291
[2023-10-02 00:22:35.130] [info] #12: Feasible / Total: 158461 / 199291
[2023-10-02 00:22:35.130] [info] Graph is not D-reducible.
[2023-10-02 00:22:35.228] [info] Started C-reducibility check
[2023-10-02 00:24:43.320] [info] Trying 21219001 possible contractions
[2023-10-02 00:24:43.350] [info] [0/21219001] Starting contraction of size 1
[2023-10-02 00:24:56.357] [info] All colors passed! Contracted: 45
[2023-10-02 00:24:56.374] [info] Graph is C-reducible!
