[2023-09-30 23:27:32.377] [info] Kempe type: Projective
[2023-09-30 23:27:32.377] [info] Vertex size: 31, Edge size: 53, Ring size: 13
[2023-09-30 23:27:32.633] [info] Started D-reducibility check
[2023-09-30 23:27:32.633] [info] #1: Feasible / Total: 9849 / 66430
[2023-09-30 23:27:45.038] [info] #2: Feasible / Total: 15381 / 66430
[2023-09-30 23:27:49.138] [info] #3: Feasible / Total: 18830 / 66430
[2023-09-30 23:27:52.677] [info] #4: Feasible / Total: 21253 / 66430
[2023-09-30 23:27:54.840] [info] #5: Feasible / Total: 22394 / 66430
[2023-09-30 23:27:55.855] [info] #6: Feasible / Total: 23076 / 66430
[2023-09-30 23:27:56.591] [info] #7: Feasible / Total: 23590 / 66430
[2023-09-30 23:27:57.232] [info] #8: Feasible / Total: 24142 / 66430
[2023-09-30 23:27:57.853] [info] #9: Feasible / Total: 24620 / 66430
[2023-09-30 23:27:58.700] [info] #10: Feasible / Total: 25042 / 66430
[2023-09-30 23:27:59.663] [info] #11: Feasible / Total: 25544 / 66430
[2023-09-30 23:28:00.859] [info] #12: Feasible / Total: 26380 / 66430
[2023-09-30 23:28:02.252] [info] #13: Feasible / Total: 27562 / 66430
[2023-09-30 23:28:03.959] [info] #14: Feasible / Total: 29806 / 66430
[2023-09-30 23:28:07.068] [info] #15: Feasible / Total: 34577 / 66430
[2023-09-30 23:28:10.271] [info] #16: Feasible / Total: 42049 / 66430
[2023-09-30 23:28:11.361] [info] #17: Feasible / Total: 44864 / 66430
[2023-09-30 23:28:11.603] [info] #18: Feasible / Total: 45182 / 66430
[2023-09-30 23:28:11.797] [info] #19: Feasible / Total: 45408 / 66430
[2023-09-30 23:28:11.998] [info] #20: Feasible / Total: 45649 / 66430
[2023-09-30 23:28:12.146] [info] #21: Feasible / Total: 45709 / 66430
[2023-09-30 23:28:12.286] [info] #21: Feasible / Total: 45709 / 66430
[2023-09-30 23:28:12.286] [info] Graph is not D-reducible.
[2023-09-30 23:28:12.296] [info] Started C-reducibility check
[2023-09-30 23:28:40.025] [info] Trying 1200221 possible contractions
[2023-09-30 23:28:40.025] [info] [0/1200221] Starting contraction of size 1
[2023-09-30 23:28:49.224] [info] [40/1200221] Starting contraction of size 2
[2023-09-30 23:30:45.512] [info] [753/1200221] Starting contraction of size 3
[2023-09-30 23:35:34.120] [info] All colors passed! Contracted: 14, 36, 46
[2023-09-30 23:35:34.120] [info] Graph is C-reducible!
