[2023-10-03 17:50:32.930] [info] Kempe type: Projective
[2023-10-03 17:50:32.994] [info] Vertex size: 32, Edge size: 55, Ring size: 14
[2023-10-03 17:50:36.335] [info] Started D-reducibility check
[2023-10-03 17:50:36.335] [info] #1: Feasible / Total: 22257 / 199291
[2023-10-03 17:52:20.148] [info] #2: Feasible / Total: 30785 / 199291
[2023-10-03 17:53:00.746] [info] #3: Feasible / Total: 35502 / 199291
[2023-10-03 17:53:30.136] [info] #4: Feasible / Total: 39341 / 199291
[2023-10-03 17:54:02.288] [info] #5: Feasible / Total: 43668 / 199291
[2023-10-03 17:54:43.506] [info] #6: Feasible / Total: 49497 / 199291
[2023-10-03 17:55:27.632] [info] #7: Feasible / Total: 58248 / 199291
[2023-10-03 17:56:39.242] [info] #8: Feasible / Total: 73852 / 199291
[2023-10-03 17:58:14.979] [info] #9: Feasible / Total: 102855 / 199291
[2023-10-03 17:59:58.787] [info] #10: Feasible / Total: 148352 / 199291
[2023-10-03 18:00:18.689] [info] #11: Feasible / Total: 170846 / 199291
[2023-10-03 18:00:19.571] [info] #12: Feasible / Total: 170899 / 199291
[2023-10-03 18:00:20.397] [info] #12: Feasible / Total: 170899 / 199291
[2023-10-03 18:00:20.397] [info] Graph is not D-reducible.
[2023-10-03 18:00:20.472] [info] Started C-reducibility check
[2023-10-03 18:02:22.085] [info] Trying 21215630 possible contractions
[2023-10-03 18:02:22.085] [info] [0/21215630] Starting contraction of size 1
[2023-10-03 18:02:23.924] [info] All colors passed! Contracted: 29
[2023-10-03 18:02:23.924] [info] Graph is C-reducible!
