[2023-10-02 23:43:09.576] [info] Kempe type: Projective
[2023-10-02 23:43:09.577] [info] Vertex size: 32, Edge size: 55, Ring size: 14
[2023-10-02 23:43:10.164] [info] Started D-reducibility check
[2023-10-02 23:43:10.164] [info] #1: Feasible / Total: 20319 / 199291
[2023-10-02 23:44:42.185] [info] #2: Feasible / Total: 40794 / 199291
[2023-10-02 23:45:24.440] [info] #3: Feasible / Total: 49715 / 199291
[2023-10-02 23:45:48.815] [info] #4: Feasible / Total: 55787 / 199291
[2023-10-02 23:46:10.064] [info] #5: Feasible / Total: 60994 / 199291
[2023-10-02 23:46:34.835] [info] #6: Feasible / Total: 66349 / 199291
[2023-10-02 23:46:59.273] [info] #7: Feasible / Total: 72774 / 199291
[2023-10-02 23:47:23.394] [info] #8: Feasible / Total: 80332 / 199291
[2023-10-02 23:47:47.124] [info] #9: Feasible / Total: 88754 / 199291
[2023-10-02 23:48:06.368] [info] #10: Feasible / Total: 97732 / 199291
[2023-10-02 23:48:25.617] [info] #11: Feasible / Total: 107573 / 199291
[2023-10-02 23:48:36.541] [info] #12: Feasible / Total: 115236 / 199291
[2023-10-02 23:48:40.168] [info] #13: Feasible / Total: 116293 / 199291
[2023-10-02 23:48:42.372] [info] #14: Feasible / Total: 116308 / 199291
[2023-10-02 23:48:44.387] [info] #14: Feasible / Total: 116308 / 199291
[2023-10-02 23:48:44.387] [info] Graph is not D-reducible.
[2023-10-02 23:48:44.484] [info] Started C-reducibility check
[2023-10-02 23:50:22.504] [info] Trying 1466267 possible contractions
[2023-10-02 23:50:22.504] [info] [0/1466267] Starting contraction of size 1
[2023-10-02 23:50:57.727] [info] [41/1466267] Starting contraction of size 2
[2023-10-02 23:59:50.109] [info] [793/1466267] Starting contraction of size 3
[2023-10-03 00:24:46.817] [info] All colors passed! Contracted: 28, 41, 44
[2023-10-03 00:24:46.817] [info] Graph is C-reducible!
