[2023-10-01 11:31:09.017] [info] Kempe type: Projective
[2023-10-01 11:31:09.017] [info] Vertex size: 37, Edge size: 63, Ring size: 15
[2023-10-01 11:31:23.600] [info] Started D-reducibility check
[2023-10-01 11:31:23.600] [info] #1: Feasible / Total: 66749 / 597871
[2023-10-01 11:39:56.021] [info] #2: Feasible / Total: 93363 / 597871
[2023-10-01 11:43:10.882] [info] #3: Feasible / Total: 112776 / 597871
[2023-10-01 11:46:00.234] [info] #4: Feasible / Total: 135202 / 597871
[2023-10-01 11:49:41.207] [info] #5: Feasible / Total: 165087 / 597871
[2023-10-01 11:54:18.734] [info] #6: Feasible / Total: 211710 / 597871
[2023-10-01 11:59:49.044] [info] #7: Feasible / Total: 293798 / 597871
[2023-10-01 12:05:45.689] [info] #8: Feasible / Total: 416391 / 597871
[2023-10-01 12:07:54.676] [info] #9: Feasible / Total: 482381 / 597871
[2023-10-01 12:08:06.584] [info] #10: Feasible / Total: 485842 / 597871
[2023-10-01 12:08:08.386] [info] #11: Feasible / Total: 485849 / 597871
[2023-10-01 12:08:10.127] [info] #11: Feasible / Total: 485849 / 597871
[2023-10-01 12:08:10.127] [info] Graph is not D-reducible.
[2023-10-01 12:08:10.304] [info] Started C-reducibility check
[2023-10-01 12:25:40.207] [info] Trying 4609771 possible contractions
[2023-10-01 12:25:40.208] [info] [0/4609771] Starting contraction of size 1
[2023-10-01 12:28:06.263] [info] [48/4609771] Starting contraction of size 2
[2023-10-01 13:11:41.057] [info] [1095/4609771] Starting contraction of size 3
[2023-10-01 14:23:10.141] [info] All colors passed! Contracted: 27, 29, 62
[2023-10-01 14:23:10.141] [info] Graph is C-reducible!
