[2023-10-03 17:50:33.058] [info] Kempe type: Projective
[2023-10-03 17:50:33.070] [info] Vertex size: 37, Edge size: 63, Ring size: 15
[2023-10-03 17:50:42.580] [info] Started D-reducibility check
[2023-10-03 17:50:42.581] [info] #1: Feasible / Total: 59860 / 597871
[2023-10-03 17:59:03.436] [info] #2: Feasible / Total: 89633 / 597871
[2023-10-03 18:04:34.458] [info] #3: Feasible / Total: 116684 / 597871
[2023-10-03 18:10:11.845] [info] #4: Feasible / Total: 151087 / 597871
[2023-10-03 18:15:48.627] [info] #5: Feasible / Total: 200959 / 597871
[2023-10-03 18:21:17.375] [info] #6: Feasible / Total: 255083 / 597871
[2023-10-03 18:25:56.555] [info] #7: Feasible / Total: 303539 / 597871
[2023-10-03 18:29:19.677] [info] #8: Feasible / Total: 340927 / 597871
[2023-10-03 18:30:58.807] [info] #9: Feasible / Total: 357754 / 597871
[2023-10-03 18:31:19.662] [info] #10: Feasible / Total: 360157 / 597871
[2023-10-03 18:31:26.892] [info] #11: Feasible / Total: 360211 / 597871
[2023-10-03 18:31:33.657] [info] #11: Feasible / Total: 360211 / 597871
[2023-10-03 18:31:33.662] [info] Graph is not D-reducible.
[2023-10-03 18:31:33.864] [info] Started C-reducibility check
[2023-10-03 18:58:14.936] [info] Trying 139014742 possible contractions
[2023-10-03 18:58:14.936] [info] [0/139014742] Starting contraction of size 1
[2023-10-03 18:58:22.931] [info] All colors passed! Contracted: 33
[2023-10-03 18:58:22.931] [info] Graph is C-reducible!
