[2023-10-02 12:25:42.456] [info] Kempe type: Projective
[2023-10-02 12:25:42.482] [info] Vertex size: 25, Edge size: 43, Ring size: 11
[2023-10-02 12:25:42.563] [info] Started D-reducibility check
[2023-10-02 12:25:42.563] [info] #1: Feasible / Total: 1478 / 7381
[2023-10-02 12:25:43.659] [info] #2: Feasible / Total: 1913 / 7381
[2023-10-02 12:25:44.085] [info] #3: Feasible / Total: 2223 / 7381
[2023-10-02 12:25:44.463] [info] #4: Feasible / Total: 2530 / 7381
[2023-10-02 12:25:44.796] [info] #5: Feasible / Total: 2846 / 7381
[2023-10-02 12:25:45.171] [info] #6: Feasible / Total: 3245 / 7381
[2023-10-02 12:25:45.541] [info] #7: Feasible / Total: 3926 / 7381
[2023-10-02 12:25:45.901] [info] #8: Feasible / Total: 4632 / 7381
[2023-10-02 12:25:46.020] [info] #9: Feasible / Total: 4740 / 7381
[2023-10-02 12:25:46.058] [info] #9: Feasible / Total: 4740 / 7381
[2023-10-02 12:25:46.058] [info] Graph is not D-reducible.
[2023-10-02 12:25:46.059] [info] Started C-reducibility check
[2023-10-02 12:25:49.086] [info] Trying 219676 possible contractions
[2023-10-02 12:25:49.086] [info] [0/219676] Starting contraction of size 1
[2023-10-02 12:25:50.079] [info] [32/219676] Starting contraction of size 2
[2023-10-02 12:25:57.786] [info] All colors passed! Contracted: 18, 38
[2023-10-02 12:25:57.806] [info] Graph is C-reducible!
