[2023-10-04 16:22:03.940] [info] Kempe type: Projective
[2023-10-04 16:22:04.018] [info] Vertex size: 29, Edge size: 50, Ring size: 13
[2023-10-04 16:22:05.448] [info] Started D-reducibility check
[2023-10-04 16:22:05.458] [info] #1: Feasible / Total: 8409 / 66430
[2023-10-04 16:22:26.667] [info] #2: Feasible / Total: 11419 / 66430
[2023-10-04 16:22:31.834] [info] #3: Feasible / Total: 12441 / 66430
[2023-10-04 16:22:34.584] [info] #4: Feasible / Total: 12990 / 66430
[2023-10-04 16:22:36.605] [info] #5: Feasible / Total: 13327 / 66430
[2023-10-04 16:22:38.842] [info] #6: Feasible / Total: 13614 / 66430
[2023-10-04 16:22:40.540] [info] #7: Feasible / Total: 13921 / 66430
[2023-10-04 16:22:42.483] [info] #8: Feasible / Total: 14226 / 66430
[2023-10-04 16:22:44.243] [info] #9: Feasible / Total: 14444 / 66430
[2023-10-04 16:22:46.006] [info] #10: Feasible / Total: 14622 / 66430
[2023-10-04 16:22:47.506] [info] #11: Feasible / Total: 14789 / 66430
[2023-10-04 16:22:49.210] [info] #12: Feasible / Total: 14974 / 66430
[2023-10-04 16:22:50.700] [info] #13: Feasible / Total: 15176 / 66430
[2023-10-04 16:22:51.970] [info] #14: Feasible / Total: 15411 / 66430
[2023-10-04 16:22:53.575] [info] #15: Feasible / Total: 15644 / 66430
[2023-10-04 16:22:54.983] [info] #16: Feasible / Total: 15832 / 66430
[2023-10-04 16:22:56.396] [info] #17: Feasible / Total: 16033 / 66430
[2023-10-04 16:22:57.892] [info] #18: Feasible / Total: 16278 / 66430
[2023-10-04 16:22:59.710] [info] #19: Feasible / Total: 16595 / 66430
[2023-10-04 16:23:01.495] [info] #20: Feasible / Total: 17013 / 66430
[2023-10-04 16:23:03.346] [info] #21: Feasible / Total: 17460 / 66430
[2023-10-04 16:23:05.470] [info] #22: Feasible / Total: 17922 / 66430
[2023-10-04 16:23:07.121] [info] #23: Feasible / Total: 18414 / 66430
[2023-10-04 16:23:08.982] [info] #24: Feasible / Total: 18917 / 66430
[2023-10-04 16:23:10.882] [info] #25: Feasible / Total: 19348 / 66430
[2023-10-04 16:23:12.955] [info] #26: Feasible / Total: 19688 / 66430
[2023-10-04 16:23:14.757] [info] #27: Feasible / Total: 20013 / 66430
[2023-10-04 16:23:16.920] [info] #28: Feasible / Total: 20425 / 66430
[2023-10-04 16:23:18.895] [info] #29: Feasible / Total: 20908 / 66430
[2023-10-04 16:23:21.557] [info] #30: Feasible / Total: 21599 / 66430
[2023-10-04 16:23:24.021] [info] #31: Feasible / Total: 22235 / 66430
[2023-10-04 16:23:26.851] [info] #32: Feasible / Total: 22813 / 66430
[2023-10-04 16:23:29.096] [info] #33: Feasible / Total: 23365 / 66430
[2023-10-04 16:23:31.014] [info] #34: Feasible / Total: 23816 / 66430
[2023-10-04 16:23:32.551] [info] #35: Feasible / Total: 24425 / 66430
[2023-10-04 16:23:33.361] [info] #36: Feasible / Total: 24944 / 66430
[2023-10-04 16:23:34.587] [info] #37: Feasible / Total: 25336 / 66430
[2023-10-04 16:23:36.171] [info] #38: Feasible / Total: 25965 / 66430
[2023-10-04 16:23:37.790] [info] #39: Feasible / Total: 26768 / 66430
[2023-10-04 16:23:39.584] [info] #40: Feasible / Total: 27669 / 66430
[2023-10-04 16:23:41.333] [info] #41: Feasible / Total: 28940 / 66430
[2023-10-04 16:23:43.336] [info] #42: Feasible / Total: 30041 / 66430
[2023-10-04 16:23:46.310] [info] #43: Feasible / Total: 31617 / 66430
[2023-10-04 16:23:48.588] [info] #44: Feasible / Total: 33529 / 66430
[2023-10-04 16:23:50.514] [info] #45: Feasible / Total: 35092 / 66430
[2023-10-04 16:23:51.595] [info] #46: Feasible / Total: 35360 / 66430
[2023-10-04 16:23:52.311] [info] #47: Feasible / Total: 35372 / 66430
[2023-10-04 16:23:52.800] [info] #48: Feasible / Total: 35374 / 66430
[2023-10-04 16:23:53.327] [info] #48: Feasible / Total: 35374 / 66430
[2023-10-04 16:23:53.327] [info] Graph is not D-reducible.
[2023-10-04 16:23:53.340] [info] Started C-reducibility check
[2023-10-04 16:24:15.375] [info] Trying 6123076 possible contractions
[2023-10-04 16:24:15.375] [info] [0/6123076] Starting contraction of size 1
[2023-10-04 16:24:20.031] [info] All colors passed! Contracted: 21
[2023-10-04 16:24:20.038] [info] Graph is C-reducible!
