[2023-10-02 23:43:09.676] [info] Kempe type: Projective
[2023-10-02 23:43:09.866] [info] Vertex size: 35, Edge size: 60, Ring size: 15
[2023-10-02 23:43:15.853] [info] Started D-reducibility check
[2023-10-02 23:43:15.853] [info] #1: Feasible / Total: 54386 / 597871
[2023-10-02 23:52:55.613] [info] #2: Feasible / Total: 83635 / 597871
[2023-10-02 23:57:43.992] [info] #3: Feasible / Total: 105879 / 597871
[2023-10-03 00:01:27.238] [info] #4: Feasible / Total: 127828 / 597871
[2023-10-03 00:06:05.017] [info] #5: Feasible / Total: 158624 / 597871
[2023-10-03 00:11:32.212] [info] #6: Feasible / Total: 206974 / 597871
[2023-10-03 00:17:50.935] [info] #7: Feasible / Total: 285934 / 597871
[2023-10-03 00:23:53.992] [info] #8: Feasible / Total: 388988 / 597871
[2023-10-03 00:25:29.556] [info] #9: Feasible / Total: 432022 / 597871
[2023-10-03 00:25:35.516] [info] #10: Feasible / Total: 432515 / 597871
[2023-10-03 00:25:38.672] [info] #10: Feasible / Total: 432515 / 597871
[2023-10-03 00:25:38.672] [info] Graph is not D-reducible.
[2023-10-03 00:25:38.876] [info] Started C-reducibility check
[2023-10-03 00:31:50.640] [info] Trying 2917153 possible contractions
[2023-10-03 00:31:50.640] [info] [0/2917153] Starting contraction of size 1
[2023-10-03 00:31:54.485] [info] All colors passed! Contracted: 32
[2023-10-03 00:31:54.485] [info] Graph is C-reducible!
