[2023-10-01 00:58:46.452] [info] Kempe type: Projective
[2023-10-01 00:58:46.453] [info] Vertex size: 29, Edge size: 50, Ring size: 13
[2023-10-01 00:58:47.652] [info] Started D-reducibility check
[2023-10-01 00:58:47.652] [info] #1: Feasible / Total: 8538 / 66430
[2023-10-01 00:59:09.852] [info] #2: Feasible / Total: 11465 / 66430
[2023-10-01 00:59:19.993] [info] #3: Feasible / Total: 13115 / 66430
[2023-10-01 00:59:26.476] [info] #4: Feasible / Total: 14682 / 66430
[2023-10-01 00:59:32.795] [info] #5: Feasible / Total: 16460 / 66430
[2023-10-01 00:59:37.428] [info] #6: Feasible / Total: 18783 / 66430
[2023-10-01 00:59:42.892] [info] #7: Feasible / Total: 21289 / 66430
[2023-10-01 00:59:48.237] [info] #8: Feasible / Total: 24425 / 66430
[2023-10-01 00:59:53.996] [info] #9: Feasible / Total: 28486 / 66430
[2023-10-01 00:59:58.757] [info] #10: Feasible / Total: 33742 / 66430
[2023-10-01 01:00:02.560] [info] #11: Feasible / Total: 38478 / 66430
[2023-10-01 01:00:05.157] [info] #12: Feasible / Total: 41373 / 66430
[2023-10-01 01:00:06.067] [info] #13: Feasible / Total: 41909 / 66430
[2023-10-01 01:00:06.684] [info] #14: Feasible / Total: 42061 / 66430
[2023-10-01 01:00:07.217] [info] #15: Feasible / Total: 42067 / 66430
[2023-10-01 01:00:07.716] [info] #15: Feasible / Total: 42067 / 66430
[2023-10-01 01:00:07.716] [info] Graph is not D-reducible.
[2023-10-01 01:00:07.738] [info] Started C-reducibility check
[2023-10-01 01:00:21.578] [info] Trying 680644 possible contractions
[2023-10-01 01:00:21.578] [info] [0/680644] Starting contraction of size 1
[2023-10-01 01:00:33.132] [info] [37/680644] Starting contraction of size 2
[2023-10-01 01:03:17.971] [info] [642/680644] Starting contraction of size 3
[2023-10-01 01:19:54.484] [info] [6427/680644] Starting contraction of size 4
[2023-10-01 02:16:59.526] [info] [42542/680644] Starting contraction of size 5
[2023-10-01 04:04:29.624] [info] All colors passed! Contracted: 25, 27, 35, 44, 48
[2023-10-01 04:04:29.624] [info] Graph is C-reducible!
