[2023-10-04 10:10:41.670] [info] Kempe type: Projective
[2023-10-04 10:10:41.671] [info] Vertex size: 33, Edge size: 56, Ring size: 13
[2023-10-04 10:10:42.376] [info] Started D-reducibility check
[2023-10-04 10:10:42.376] [info] #1: Feasible / Total: 10709 / 66430
[2023-10-04 10:11:12.715] [info] #2: Feasible / Total: 15936 / 66430
[2023-10-04 10:11:28.104] [info] #3: Feasible / Total: 19913 / 66430
[2023-10-04 10:11:38.875] [info] #4: Feasible / Total: 23597 / 66430
[2023-10-04 10:11:49.009] [info] #5: Feasible / Total: 27983 / 66430
[2023-10-04 10:11:59.774] [info] #6: Feasible / Total: 33830 / 66430
[2023-10-04 10:12:06.468] [info] #7: Feasible / Total: 38972 / 66430
[2023-10-04 10:12:09.202] [info] #8: Feasible / Total: 40747 / 66430
[2023-10-04 10:12:10.237] [info] #9: Feasible / Total: 41118 / 66430
[2023-10-04 10:12:10.825] [info] #10: Feasible / Total: 41172 / 66430
[2023-10-04 10:12:11.368] [info] #10: Feasible / Total: 41172 / 66430
[2023-10-04 10:12:11.368] [info] Graph is not D-reducible.
[2023-10-04 10:12:11.401] [info] Started C-reducibility check
[2023-10-04 10:16:41.676] [info] Trying 35618123 possible contractions
[2023-10-04 10:16:41.676] [info] [0/35618123] Starting contraction of size 1
[2023-10-04 10:17:00.537] [info] [43/35618123] Starting contraction of size 2
[2023-10-04 10:21:47.242] [info] [873/35618123] Starting contraction of size 3
[2023-10-04 10:52:06.682] [info] [10405/35618123] Starting contraction of size 4
[2023-10-04 13:17:21.750] [info] [83241/35618123] Starting contraction of size 5
[2023-10-05 01:54:10.864] [info] [476026/35618123] Starting contraction of size 6
[2023-10-05 07:27:33.121] [info] All colors passed! Contracted: 16, 26, 35, 39, 46, 53
[2023-10-05 07:27:33.121] [info] Graph is C-reducible!
