[2023-09-30 16:50:13.069] [info] Kempe type: Projective
[2023-09-30 16:50:13.069] [info] Vertex size: 31, Edge size: 53, Ring size: 13
[2023-09-30 16:50:13.910] [info] Started D-reducibility check
[2023-09-30 16:50:13.910] [info] #1: Feasible / Total: 10574 / 66430
[2023-09-30 16:50:25.348] [info] #2: Feasible / Total: 14471 / 66430
[2023-09-30 16:50:31.032] [info] #3: Feasible / Total: 18799 / 66430
[2023-09-30 16:50:37.331] [info] #4: Feasible / Total: 24733 / 66430
[2023-09-30 16:50:44.552] [info] #5: Feasible / Total: 33189 / 66430
[2023-09-30 16:50:51.652] [info] #6: Feasible / Total: 42021 / 66430
[2023-09-30 16:50:55.331] [info] #7: Feasible / Total: 45425 / 66430
[2023-09-30 16:50:56.071] [info] #8: Feasible / Total: 45768 / 66430
[2023-09-30 16:50:56.464] [info] #9: Feasible / Total: 45790 / 66430
[2023-09-30 16:50:56.754] [info] #9: Feasible / Total: 45790 / 66430
[2023-09-30 16:50:56.754] [info] Graph is not D-reducible.
[2023-09-30 16:50:56.779] [info] Started C-reducibility check
[2023-09-30 16:51:33.447] [info] Trying 1202768 possible contractions
[2023-09-30 16:51:33.447] [info] [0/1202768] Starting contraction of size 1
[2023-09-30 16:51:38.258] [info] [40/1202768] Starting contraction of size 2
[2023-09-30 16:53:02.767] [info] [753/1202768] Starting contraction of size 3
[2023-09-30 16:55:27.439] [info] All colors passed! Contracted: 16, 42, 52
[2023-09-30 16:55:27.439] [info] Graph is C-reducible!
