[2023-10-02 19:57:05.393] [info] Kempe type: Projective
[2023-10-02 19:57:05.395] [info] Vertex size: 32, Edge size: 55, Ring size: 14
[2023-10-02 19:57:07.820] [info] Started D-reducibility check
[2023-10-02 19:57:07.820] [info] #1: Feasible / Total: 22625 / 199291
[2023-10-02 19:59:29.698] [info] #2: Feasible / Total: 31949 / 199291
[2023-10-02 20:00:05.813] [info] #3: Feasible / Total: 38127 / 199291
[2023-10-02 20:00:33.321] [info] #4: Feasible / Total: 44963 / 199291
[2023-10-02 20:01:09.906] [info] #5: Feasible / Total: 55186 / 199291
[2023-10-02 20:02:02.057] [info] #6: Feasible / Total: 73385 / 199291
[2023-10-02 20:03:14.150] [info] #7: Feasible / Total: 108330 / 199291
[2023-10-02 20:04:19.086] [info] #8: Feasible / Total: 164104 / 199291
[2023-10-02 20:04:27.826] [info] #9: Feasible / Total: 184801 / 199291
[2023-10-02 20:04:28.158] [info] #10: Feasible / Total: 184810 / 199291
[2023-10-02 20:04:28.451] [info] #10: Feasible / Total: 184810 / 199291
[2023-10-02 20:04:28.451] [info] Graph is not D-reducible.
[2023-10-02 20:04:28.501] [info] Started C-reducibility check
[2023-10-02 20:05:19.954] [info] Trying 1466063 possible contractions
[2023-10-02 20:05:19.954] [info] [0/1466063] Starting contraction of size 1
[2023-10-02 20:05:23.376] [info] All colors passed! Contracted: 41
[2023-10-02 20:05:23.376] [info] Graph is C-reducible!
