[2023-10-01 11:31:08.985] [info] Kempe type: Projective
[2023-10-01 11:31:08.985] [info] Vertex size: 29, Edge size: 50, Ring size: 13
[2023-10-01 11:31:09.563] [info] Started D-reducibility check
[2023-10-01 11:31:09.563] [info] #1: Feasible / Total: 8584 / 66430
[2023-10-01 11:31:31.445] [info] #2: Feasible / Total: 11916 / 66430
[2023-10-01 11:31:40.704] [info] #3: Feasible / Total: 13681 / 66430
[2023-10-01 11:31:46.962] [info] #4: Feasible / Total: 15011 / 66430
[2023-10-01 11:31:53.190] [info] #5: Feasible / Total: 16511 / 66430
[2023-10-01 11:31:58.986] [info] #6: Feasible / Total: 18384 / 66430
[2023-10-01 11:32:06.583] [info] #7: Feasible / Total: 21001 / 66430
[2023-10-01 11:32:13.962] [info] #8: Feasible / Total: 24163 / 66430
[2023-10-01 11:32:21.332] [info] #9: Feasible / Total: 28170 / 66430
[2023-10-01 11:32:31.074] [info] #10: Feasible / Total: 33450 / 66430
[2023-10-01 11:32:39.825] [info] #11: Feasible / Total: 39192 / 66430
[2023-10-01 11:32:44.569] [info] #12: Feasible / Total: 42449 / 66430
[2023-10-01 11:32:46.333] [info] #13: Feasible / Total: 43537 / 66430
[2023-10-01 11:32:47.581] [info] #14: Feasible / Total: 44123 / 66430
[2023-10-01 11:32:48.514] [info] #15: Feasible / Total: 44747 / 66430
[2023-10-01 11:32:49.440] [info] #16: Feasible / Total: 45018 / 66430
[2023-10-01 11:32:49.929] [info] #17: Feasible / Total: 45034 / 66430
[2023-10-01 11:32:50.360] [info] #17: Feasible / Total: 45034 / 66430
[2023-10-01 11:32:50.360] [info] Graph is not D-reducible.
[2023-10-01 11:32:50.389] [info] Started C-reducibility check
[2023-10-01 11:33:07.336] [info] Trying 678886 possible contractions
[2023-10-01 11:33:07.336] [info] [0/678886] Starting contraction of size 1
[2023-10-01 11:33:15.553] [info] [37/678886] Starting contraction of size 2
[2023-10-01 11:35:17.744] [info] [642/678886] Starting contraction of size 3
[2023-10-01 11:47:29.304] [info] [6426/678886] Starting contraction of size 4
[2023-10-01 12:34:53.920] [info] [42516/678886] Starting contraction of size 5
[2023-10-01 15:03:19.925] [info] [198164/678886] Starting contraction of size 6
[2023-10-01 18:25:48.632] [info] All colors passed! Contracted: 14, 21, 22, 28, 46, 48
[2023-10-01 18:25:48.632] [info] Graph is C-reducible!
