[2023-10-05 00:48:35.513] [info] Kempe type: Projective
[2023-10-05 00:48:35.523] [info] Vertex size: 35, Edge size: 60, Ring size: 15
[2023-10-05 00:48:43.373] [info] Started D-reducibility check
[2023-10-05 00:48:43.378] [info] #1: Feasible / Total: 52592 / 597871
[2023-10-05 00:55:44.963] [info] #2: Feasible / Total: 70039 / 597871
[2023-10-05 00:57:46.484] [info] #3: Feasible / Total: 77279 / 597871
[2023-10-05 00:59:12.556] [info] #4: Feasible / Total: 82559 / 597871
[2023-10-05 01:00:23.083] [info] #5: Feasible / Total: 87223 / 597871
[2023-10-05 01:01:26.357] [info] #6: Feasible / Total: 91982 / 597871
[2023-10-05 01:02:27.129] [info] #7: Feasible / Total: 97556 / 597871
[2023-10-05 01:03:24.125] [info] #8: Feasible / Total: 104187 / 597871
[2023-10-05 01:04:21.528] [info] #9: Feasible / Total: 111136 / 597871
[2023-10-05 01:05:12.104] [info] #10: Feasible / Total: 117701 / 597871
[2023-10-05 01:06:03.179] [info] #11: Feasible / Total: 124608 / 597871
[2023-10-05 01:07:00.975] [info] #12: Feasible / Total: 132535 / 597871
[2023-10-05 01:07:56.368] [info] #13: Feasible / Total: 141645 / 597871
[2023-10-05 01:08:55.797] [info] #14: Feasible / Total: 149462 / 597871
[2023-10-05 01:09:54.538] [info] #15: Feasible / Total: 156970 / 597871
[2023-10-05 01:10:52.295] [info] #16: Feasible / Total: 165034 / 597871
[2023-10-05 01:11:51.631] [info] #17: Feasible / Total: 172697 / 597871
[2023-10-05 01:12:53.152] [info] #18: Feasible / Total: 180554 / 597871
[2023-10-05 01:13:59.405] [info] #19: Feasible / Total: 188898 / 597871
[2023-10-05 01:15:04.106] [info] #20: Feasible / Total: 199357 / 597871
[2023-10-05 01:16:17.123] [info] #21: Feasible / Total: 212376 / 597871
[2023-10-05 01:17:44.582] [info] #22: Feasible / Total: 229376 / 597871
[2023-10-05 01:19:44.764] [info] #23: Feasible / Total: 254977 / 597871
[2023-10-05 01:22:32.554] [info] #24: Feasible / Total: 300898 / 597871
[2023-10-05 01:24:43.639] [info] #25: Feasible / Total: 355846 / 597871
[2023-10-05 01:25:27.015] [info] #26: Feasible / Total: 379383 / 597871
[2023-10-05 01:25:30.716] [info] #27: Feasible / Total: 380090 / 597871
[2023-10-05 01:25:34.138] [info] #27: Feasible / Total: 380090 / 597871
[2023-10-05 01:25:34.138] [info] Graph is not D-reducible.
[2023-10-05 01:25:34.329] [info] Started C-reducibility check
[2023-10-05 01:30:54.973] [info] Trying 65695491 possible contractions
[2023-10-05 01:30:54.973] [info] [0/65695491] Starting contraction of size 1
[2023-10-05 01:30:55.985] [info] All colors passed! Contracted: 23
[2023-10-05 01:30:55.986] [info] Graph is C-reducible!
