[2023-10-04 20:51:57.149] [info] Kempe type: Projective
[2023-10-04 20:51:57.166] [info] Vertex size: 31, Edge size: 53, Ring size: 13
[2023-10-04 20:51:58.569] [info] Started D-reducibility check
[2023-10-04 20:51:58.578] [info] #1: Feasible / Total: 9223 / 66430
[2023-10-04 20:52:27.472] [info] #2: Feasible / Total: 11705 / 66430
[2023-10-04 20:52:39.377] [info] #3: Feasible / Total: 13727 / 66430
[2023-10-04 20:52:51.302] [info] #4: Feasible / Total: 16246 / 66430
[2023-10-04 20:53:04.544] [info] #5: Feasible / Total: 20025 / 66430
[2023-10-04 20:53:20.755] [info] #6: Feasible / Total: 25277 / 66430
[2023-10-04 20:53:35.353] [info] #7: Feasible / Total: 33484 / 66430
[2023-10-04 20:53:47.400] [info] #8: Feasible / Total: 42836 / 66430
[2023-10-04 20:53:52.567] [info] #9: Feasible / Total: 48153 / 66430
[2023-10-04 20:53:53.363] [info] #10: Feasible / Total: 48470 / 66430
[2023-10-04 20:53:53.848] [info] #10: Feasible / Total: 48470 / 66430
[2023-10-04 20:53:53.862] [info] Graph is not D-reducible.
[2023-10-04 20:53:53.889] [info] Started C-reducibility check
[2023-10-04 20:55:14.027] [info] Trying 15260842 possible contractions
[2023-10-04 20:55:14.027] [info] [0/15260842] Starting contraction of size 1
[2023-10-04 20:55:14.560] [info] All colors passed! Contracted: 21
[2023-10-04 20:55:14.560] [info] Graph is C-reducible!
