[2023-10-04 10:10:41.748] [info] Kempe type: Projective
[2023-10-04 10:10:41.826] [info] Vertex size: 37, Edge size: 63, Ring size: 15
[2023-10-04 10:10:51.526] [info] Started D-reducibility check
[2023-10-04 10:10:51.527] [info] #1: Feasible / Total: 68023 / 597871
[2023-10-04 10:21:19.711] [info] #2: Feasible / Total: 103164 / 597871
[2023-10-04 10:25:48.819] [info] #3: Feasible / Total: 129169 / 597871
[2023-10-04 10:29:36.063] [info] #4: Feasible / Total: 162166 / 597871
[2023-10-04 10:34:33.866] [info] #5: Feasible / Total: 215732 / 597871
[2023-10-04 10:40:10.745] [info] #6: Feasible / Total: 305832 / 597871
[2023-10-04 10:44:06.808] [info] #7: Feasible / Total: 404305 / 597871
[2023-10-04 10:44:51.912] [info] #8: Feasible / Total: 430422 / 597871
[2023-10-04 10:44:57.408] [info] #9: Feasible / Total: 431344 / 597871
[2023-10-04 10:45:00.305] [info] #10: Feasible / Total: 431359 / 597871
[2023-10-04 10:45:02.582] [info] #10: Feasible / Total: 431359 / 597871
[2023-10-04 10:45:02.582] [info] Graph is not D-reducible.
[2023-10-04 10:45:02.680] [info] Started C-reducibility check
[2023-10-04 11:03:19.312] [info] Trying 139010933 possible contractions
[2023-10-04 11:03:19.312] [info] [0/139010933] Starting contraction of size 1
[2023-10-04 11:04:56.757] [info] [48/139010933] Starting contraction of size 2
[2023-10-04 11:26:55.383] [info] All colors passed! Contracted: 45, 52
[2023-10-04 11:26:55.384] [info] Graph is C-reducible!
