[2023-09-30 16:28:17.852] [info] Kempe type: Projective
[2023-09-30 16:28:17.852] [info] Vertex size: 36, Edge size: 61, Ring size: 14
[2023-09-30 16:28:23.476] [info] Started D-reducibility check
[2023-09-30 16:28:23.486] [info] #1: Feasible / Total: 28328 / 199291
[2023-09-30 16:29:47.036] [info] #2: Feasible / Total: 48478 / 199291
[2023-09-30 16:30:24.868] [info] #3: Feasible / Total: 70549 / 199291
[2023-09-30 16:31:05.406] [info] #4: Feasible / Total: 100433 / 199291
[2023-09-30 16:31:32.810] [info] #5: Feasible / Total: 140099 / 199291
[2023-09-30 16:31:41.036] [info] #6: Feasible / Total: 155043 / 199291
[2023-09-30 16:31:42.275] [info] #7: Feasible / Total: 156172 / 199291
[2023-09-30 16:31:42.760] [info] #8: Feasible / Total: 156199 / 199291
[2023-09-30 16:31:43.152] [info] #8: Feasible / Total: 156199 / 199291
[2023-09-30 16:31:43.152] [info] Graph is not D-reducible.
[2023-09-30 16:31:43.181] [info] Started C-reducibility check
[2023-09-30 16:39:45.400] [info] Trying 3916513 possible contractions
[2023-09-30 16:39:45.400] [info] [0/3916513] Starting contraction of size 1
[2023-09-30 16:41:15.058] [info] [47/3916513] Starting contraction of size 2
[2023-09-30 17:10:00.498] [info] [1048/3916513] Starting contraction of size 3
[2023-09-30 18:21:58.052] [info] All colors passed! Contracted: 40, 44, 57
[2023-09-30 18:21:58.052] [info] Graph is C-reducible!
