[2023-10-01 10:31:59.046] [info] Kempe type: Projective
[2023-10-01 10:31:59.046] [info] Vertex size: 31, Edge size: 53, Ring size: 13
[2023-10-01 10:31:59.513] [info] Started D-reducibility check
[2023-10-01 10:31:59.513] [info] #1: Feasible / Total: 9738 / 66430
[2023-10-01 10:32:09.255] [info] #2: Feasible / Total: 13240 / 66430
[2023-10-01 10:32:13.471] [info] #3: Feasible / Total: 15785 / 66430
[2023-10-01 10:32:15.677] [info] #4: Feasible / Total: 17470 / 66430
[2023-10-01 10:32:18.029] [info] #5: Feasible / Total: 18510 / 66430
[2023-10-01 10:32:20.001] [info] #6: Feasible / Total: 19204 / 66430
[2023-10-01 10:32:21.609] [info] #7: Feasible / Total: 19675 / 66430
[2023-10-01 10:32:23.110] [info] #8: Feasible / Total: 20063 / 66430
[2023-10-01 10:32:24.524] [info] #9: Feasible / Total: 20445 / 66430
[2023-10-01 10:32:26.298] [info] #10: Feasible / Total: 21036 / 66430
[2023-10-01 10:32:28.281] [info] #11: Feasible / Total: 21809 / 66430
[2023-10-01 10:32:29.682] [info] #12: Feasible / Total: 22667 / 66430
[2023-10-01 10:32:31.773] [info] #13: Feasible / Total: 23892 / 66430
[2023-10-01 10:32:34.722] [info] #14: Feasible / Total: 25740 / 66430
[2023-10-01 10:32:37.939] [info] #15: Feasible / Total: 27805 / 66430
[2023-10-01 10:32:41.651] [info] #16: Feasible / Total: 30764 / 66430
[2023-10-01 10:32:43.662] [info] #17: Feasible / Total: 32692 / 66430
[2023-10-01 10:32:44.253] [info] #18: Feasible / Total: 33152 / 66430
[2023-10-01 10:32:44.710] [info] #19: Feasible / Total: 33166 / 66430
[2023-10-01 10:32:45.150] [info] #20: Feasible / Total: 33167 / 66430
[2023-10-01 10:32:45.612] [info] #20: Feasible / Total: 33167 / 66430
[2023-10-01 10:32:45.612] [info] Graph is not D-reducible.
[2023-10-01 10:32:45.634] [info] Started C-reducibility check
[2023-10-01 10:33:31.562] [info] Trying 1200176 possible contractions
[2023-10-01 10:33:31.562] [info] [0/1200176] Starting contraction of size 1
[2023-10-01 10:33:42.973] [info] [40/1200176] Starting contraction of size 2
[2023-10-01 10:36:34.156] [info] [753/1200176] Starting contraction of size 3
[2023-10-01 10:53:02.739] [info] [8254/1200176] Starting contraction of size 4
[2023-10-01 12:45:08.135] [info] [60300/1200176] Starting contraction of size 5
[2023-10-01 15:11:56.620] [info] All colors passed! Contracted: 16, 35, 37, 46, 51
[2023-10-01 15:11:56.620] [info] Graph is C-reducible!
