[2023-10-02 23:43:09.756] [info] Kempe type: Projective
[2023-10-02 23:43:09.822] [info] Vertex size: 34, Edge size: 58, Ring size: 14
[2023-10-02 23:43:13.935] [info] Started D-reducibility check
[2023-10-02 23:43:13.935] [info] #1: Feasible / Total: 23798 / 199291
[2023-10-02 23:44:17.183] [info] #2: Feasible / Total: 31014 / 199291
[2023-10-02 23:44:43.105] [info] #3: Feasible / Total: 36794 / 199291
[2023-10-02 23:45:24.569] [info] #4: Feasible / Total: 43897 / 199291
[2023-10-02 23:46:07.398] [info] #5: Feasible / Total: 53317 / 199291
[2023-10-02 23:47:09.932] [info] #6: Feasible / Total: 66946 / 199291
[2023-10-02 23:48:21.945] [info] #7: Feasible / Total: 88415 / 199291
[2023-10-02 23:49:50.004] [info] #8: Feasible / Total: 118972 / 199291
[2023-10-02 23:51:11.856] [info] #9: Feasible / Total: 154543 / 199291
[2023-10-02 23:51:38.299] [info] #10: Feasible / Total: 187262 / 199291
[2023-10-02 23:51:38.839] [info] #11: Feasible / Total: 187737 / 199291
[2023-10-02 23:51:39.051] [info] #11: Feasible / Total: 187737 / 199291
[2023-10-02 23:51:39.051] [info] Graph is not D-reducible.
[2023-10-02 23:51:39.115] [info] Started C-reducibility check
[2023-10-02 23:57:15.345] [info] Trying 2436230 possible contractions
[2023-10-02 23:57:15.345] [info] [0/2436230] Starting contraction of size 1
[2023-10-02 23:58:09.121] [info] [44/2436230] Starting contraction of size 2
[2023-10-03 00:01:15.563] [info] All colors passed! Contracted: 31, 40
[2023-10-03 00:01:15.563] [info] Graph is C-reducible!
