[2023-09-30 14:52:46.461] [info] Kempe type: Projective
[2023-09-30 14:52:46.461] [info] Vertex size: 29, Edge size: 50, Ring size: 13
[2023-09-30 14:52:47.316] [info] Started D-reducibility check
[2023-09-30 14:52:47.316] [info] #1: Feasible / Total: 8825 / 66430
[2023-09-30 14:53:03.162] [info] #2: Feasible / Total: 12967 / 66430
[2023-09-30 14:53:07.593] [info] #3: Feasible / Total: 15052 / 66430
[2023-09-30 14:53:10.930] [info] #4: Feasible / Total: 16755 / 66430
[2023-09-30 14:53:13.867] [info] #5: Feasible / Total: 19137 / 66430
[2023-09-30 14:53:17.879] [info] #6: Feasible / Total: 22480 / 66430
[2023-09-30 14:53:22.008] [info] #7: Feasible / Total: 26663 / 66430
[2023-09-30 14:53:25.837] [info] #8: Feasible / Total: 33705 / 66430
[2023-09-30 14:53:28.407] [info] #9: Feasible / Total: 40832 / 66430
[2023-09-30 14:53:28.834] [info] #10: Feasible / Total: 41566 / 66430
[2023-09-30 14:53:29.261] [info] #11: Feasible / Total: 41598 / 66430
[2023-09-30 14:53:29.508] [info] #11: Feasible / Total: 41598 / 66430
[2023-09-30 14:53:29.508] [info] Graph is not D-reducible.
[2023-09-30 14:53:29.518] [info] Started C-reducibility check
[2023-09-30 14:53:38.421] [info] Trying 678909 possible contractions
[2023-09-30 14:53:38.421] [info] [0/678909] Starting contraction of size 1
[2023-09-30 14:53:41.701] [info] All colors passed! Contracted: 21
[2023-09-30 14:53:41.701] [info] Graph is C-reducible!
