[2023-10-04 20:51:56.980] [info] Kempe type: Projective
[2023-10-04 20:51:56.983] [info] Vertex size: 32, Edge size: 55, Ring size: 14
[2023-10-04 20:52:00.456] [info] Started D-reducibility check
[2023-10-04 20:52:00.456] [info] #1: Feasible / Total: 21681 / 199291
[2023-10-04 20:54:38.080] [info] #2: Feasible / Total: 36061 / 199291
[2023-10-04 20:55:35.516] [info] #3: Feasible / Total: 44369 / 199291
[2023-10-04 20:56:20.319] [info] #4: Feasible / Total: 52325 / 199291
[2023-10-04 20:57:08.127] [info] #5: Feasible / Total: 63014 / 199291
[2023-10-04 20:58:02.757] [info] #6: Feasible / Total: 80747 / 199291
[2023-10-04 20:59:03.289] [info] #7: Feasible / Total: 103939 / 199291
[2023-10-04 20:59:38.308] [info] #8: Feasible / Total: 120149 / 199291
[2023-10-04 20:59:46.401] [info] #9: Feasible / Total: 122382 / 199291
[2023-10-04 20:59:51.094] [info] #10: Feasible / Total: 123215 / 199291
[2023-10-04 20:59:54.549] [info] #11: Feasible / Total: 123726 / 199291
[2023-10-04 20:59:57.307] [info] #12: Feasible / Total: 123989 / 199291
[2023-10-04 20:59:59.806] [info] #13: Feasible / Total: 124097 / 199291
[2023-10-04 21:00:01.856] [info] #14: Feasible / Total: 124125 / 199291
[2023-10-04 21:00:03.446] [info] #15: Feasible / Total: 124126 / 199291
[2023-10-04 21:00:05.279] [info] #15: Feasible / Total: 124126 / 199291
[2023-10-04 21:00:05.279] [info] Graph is not D-reducible.
[2023-10-04 21:00:05.316] [info] Started C-reducibility check
[2023-10-04 21:02:05.172] [info] Trying 21215889 possible contractions
[2023-10-04 21:02:05.182] [info] [0/21215889] Starting contraction of size 1
[2023-10-04 21:02:17.453] [info] All colors passed! Contracted: 41
[2023-10-04 21:02:17.470] [info] Graph is C-reducible!
