[2023-10-02 12:25:42.373] [info] Kempe type: Projective
[2023-10-02 12:25:42.378] [info] Vertex size: 28, Edge size: 48, Ring size: 12
[2023-10-02 12:25:42.883] [info] Started D-reducibility check
[2023-10-02 12:25:42.883] [info] #1: Feasible / Total: 4059 / 22144
[2023-10-02 12:25:49.447] [info] #2: Feasible / Total: 5879 / 22144
[2023-10-02 12:25:50.730] [info] #3: Feasible / Total: 6977 / 22144
[2023-10-02 12:25:52.031] [info] #4: Feasible / Total: 8570 / 22144
[2023-10-02 12:25:53.477] [info] #5: Feasible / Total: 10777 / 22144
[2023-10-02 12:25:54.656] [info] #6: Feasible / Total: 12753 / 22144
[2023-10-02 12:25:54.875] [info] #7: Feasible / Total: 13163 / 22144
[2023-10-02 12:25:54.977] [info] #8: Feasible / Total: 13188 / 22144
[2023-10-02 12:25:55.084] [info] #9: Feasible / Total: 13211 / 22144
[2023-10-02 12:25:55.173] [info] #10: Feasible / Total: 13221 / 22144
[2023-10-02 12:25:55.264] [info] #11: Feasible / Total: 13222 / 22144
[2023-10-02 12:25:55.353] [info] #11: Feasible / Total: 13222 / 22144
[2023-10-02 12:25:55.353] [info] Graph is not D-reducible.
[2023-10-02 12:25:55.357] [info] Started C-reducibility check
[2023-10-02 12:26:04.267] [info] Trying 542470 possible contractions
[2023-10-02 12:26:04.267] [info] [0/542470] Starting contraction of size 1
[2023-10-02 12:26:05.698] [info] All colors passed! Contracted: 35
[2023-10-02 12:26:05.698] [info] Graph is C-reducible!
