[2023-09-30 16:00:54.155] [info] Kempe type: Projective
[2023-09-30 16:00:54.155] [info] Vertex size: 34, Edge size: 58, Ring size: 14
[2023-09-30 16:00:55.301] [info] Started D-reducibility check
[2023-09-30 16:00:55.301] [info] #1: Feasible / Total: 25017 / 199291
[2023-09-30 16:01:50.871] [info] #2: Feasible / Total: 45275 / 199291
[2023-09-30 16:02:18.629] [info] #3: Feasible / Total: 61639 / 199291
[2023-09-30 16:02:43.169] [info] #4: Feasible / Total: 77021 / 199291
[2023-09-30 16:03:09.123] [info] #5: Feasible / Total: 98052 / 199291
[2023-09-30 16:03:31.671] [info] #6: Feasible / Total: 124035 / 199291
[2023-09-30 16:03:41.862] [info] #7: Feasible / Total: 138518 / 199291
[2023-09-30 16:03:43.246] [info] #8: Feasible / Total: 139299 / 199291
[2023-09-30 16:03:43.818] [info] #9: Feasible / Total: 139313 / 199291
[2023-09-30 16:03:44.372] [info] #9: Feasible / Total: 139313 / 199291
[2023-09-30 16:03:44.372] [info] Graph is not D-reducible.
[2023-09-30 16:03:44.401] [info] Started C-reducibility check
[2023-09-30 16:05:52.469] [info] Trying 2440479 possible contractions
[2023-09-30 16:05:52.470] [info] [0/2440479] Starting contraction of size 1
[2023-09-30 16:06:21.913] [info] [44/2440479] Starting contraction of size 2
[2023-09-30 16:14:34.683] [info] [916/2440479] Starting contraction of size 3
[2023-09-30 17:43:07.475] [info] [11238/2440479] Starting contraction of size 4
[2023-10-01 02:36:14.302] [info] All colors passed! Contracted: 40, 44, 46, 54
[2023-10-01 02:36:14.302] [info] Graph is C-reducible!
