[2023-10-02 09:49:22.705] [info] Kempe type: Projective
[2023-10-02 09:49:22.705] [info] Vertex size: 32, Edge size: 55, Ring size: 14
[2023-10-02 09:49:24.748] [info] Started D-reducibility check
[2023-10-02 09:49:24.748] [info] #1: Feasible / Total: 21538 / 199291
[2023-10-02 09:51:49.810] [info] #2: Feasible / Total: 30395 / 199291
[2023-10-02 09:52:27.411] [info] #3: Feasible / Total: 35092 / 199291
[2023-10-02 09:52:52.377] [info] #4: Feasible / Total: 38186 / 199291
[2023-10-02 09:53:15.266] [info] #5: Feasible / Total: 41435 / 199291
[2023-10-02 09:53:46.184] [info] #6: Feasible / Total: 45515 / 199291
[2023-10-02 09:54:15.172] [info] #7: Feasible / Total: 50872 / 199291
[2023-10-02 09:54:55.689] [info] #8: Feasible / Total: 58895 / 199291
[2023-10-02 09:55:49.947] [info] #9: Feasible / Total: 71554 / 199291
[2023-10-02 09:57:03.978] [info] #10: Feasible / Total: 90604 / 199291
[2023-10-02 09:58:08.959] [info] #11: Feasible / Total: 112800 / 199291
[2023-10-02 09:58:52.301] [info] #12: Feasible / Total: 128779 / 199291
[2023-10-02 09:59:03.634] [info] #13: Feasible / Total: 132241 / 199291
[2023-10-02 09:59:07.329] [info] #14: Feasible / Total: 132805 / 199291
[2023-10-02 09:59:09.507] [info] #15: Feasible / Total: 132909 / 199291
[2023-10-02 09:59:10.834] [info] #16: Feasible / Total: 132916 / 199291
[2023-10-02 09:59:12.852] [info] #16: Feasible / Total: 132916 / 199291
[2023-10-02 09:59:12.852] [info] Graph is not D-reducible.
[2023-10-02 09:59:12.942] [info] Started C-reducibility check
[2023-10-02 10:00:53.210] [info] Trying 1466259 possible contractions
[2023-10-02 10:00:53.211] [info] [0/1466259] Starting contraction of size 1
[2023-10-02 10:01:52.553] [info] [41/1466259] Starting contraction of size 2
[2023-10-02 10:14:52.752] [info] [793/1466259] Starting contraction of size 3
[2023-10-02 11:34:54.887] [info] [8969/1466259] Starting contraction of size 4
[2023-10-02 11:41:10.430] [info] All colors passed! Contracted: 23, 24, 29, 31
[2023-10-02 11:41:10.430] [info] Graph is C-reducible!
