[2023-10-03 17:50:33.242] [info] Kempe type: Projective
[2023-10-03 17:50:33.270] [info] Vertex size: 31, Edge size: 53, Ring size: 13
[2023-10-03 17:50:34.132] [info] Started D-reducibility check
[2023-10-03 17:50:34.132] [info] #1: Feasible / Total: 9164 / 66430
[2023-10-03 17:51:03.024] [info] #2: Feasible / Total: 11998 / 66430
[2023-10-03 17:51:16.292] [info] #3: Feasible / Total: 14151 / 66430
[2023-10-03 17:51:27.252] [info] #4: Feasible / Total: 16074 / 66430
[2023-10-03 17:51:36.588] [info] #5: Feasible / Total: 17735 / 66430
[2023-10-03 17:51:44.604] [info] #6: Feasible / Total: 19425 / 66430
[2023-10-03 17:51:52.053] [info] #7: Feasible / Total: 21409 / 66430
[2023-10-03 17:52:02.638] [info] #8: Feasible / Total: 24499 / 66430
[2023-10-03 17:52:15.939] [info] #9: Feasible / Total: 29691 / 66430
[2023-10-03 17:52:28.581] [info] #10: Feasible / Total: 36814 / 66430
[2023-10-03 17:52:38.452] [info] #11: Feasible / Total: 43764 / 66430
[2023-10-03 17:52:43.940] [info] #12: Feasible / Total: 48315 / 66430
[2023-10-03 17:52:48.174] [info] #13: Feasible / Total: 50747 / 66430
[2023-10-03 17:52:49.467] [info] #14: Feasible / Total: 52598 / 66430
[2023-10-03 17:52:49.797] [info] #15: Feasible / Total: 52678 / 66430
[2023-10-03 17:52:50.121] [info] #15: Feasible / Total: 52678 / 66430
[2023-10-03 17:52:50.123] [info] Graph is not D-reducible.
[2023-10-03 17:52:50.166] [info] Started C-reducibility check
[2023-10-03 17:54:24.171] [info] Trying 15255779 possible contractions
[2023-10-03 17:54:24.171] [info] [0/15255779] Starting contraction of size 1
[2023-10-03 17:54:24.534] [info] All colors passed! Contracted: 25
[2023-10-03 17:54:24.534] [info] Graph is C-reducible!
