[2023-10-05 00:48:35.491] [info] Kempe type: Projective
[2023-10-05 00:48:35.492] [info] Vertex size: 32, Edge size: 55, Ring size: 14
[2023-10-05 00:48:36.063] [info] Started D-reducibility check
[2023-10-05 00:48:36.063] [info] #1: Feasible / Total: 20930 / 199291
[2023-10-05 00:49:16.401] [info] #2: Feasible / Total: 29539 / 199291
[2023-10-05 00:49:37.476] [info] #3: Feasible / Total: 34564 / 199291
[2023-10-05 00:49:58.993] [info] #4: Feasible / Total: 39135 / 199291
[2023-10-05 00:50:18.114] [info] #5: Feasible / Total: 43674 / 199291
[2023-10-05 00:50:40.979] [info] #6: Feasible / Total: 48915 / 199291
[2023-10-05 00:51:07.330] [info] #7: Feasible / Total: 54770 / 199291
[2023-10-05 00:51:39.764] [info] #8: Feasible / Total: 61240 / 199291
[2023-10-05 00:52:18.626] [info] #9: Feasible / Total: 69197 / 199291
[2023-10-05 00:53:05.239] [info] #10: Feasible / Total: 81049 / 199291
[2023-10-05 00:53:59.323] [info] #11: Feasible / Total: 98668 / 199291
[2023-10-05 00:54:49.426] [info] #12: Feasible / Total: 121477 / 199291
[2023-10-05 00:55:14.463] [info] #13: Feasible / Total: 135821 / 199291
[2023-10-05 00:55:22.472] [info] #14: Feasible / Total: 142531 / 199291
[2023-10-05 00:55:24.500] [info] #15: Feasible / Total: 143156 / 199291
[2023-10-05 00:55:25.616] [info] #16: Feasible / Total: 143159 / 199291
[2023-10-05 00:55:26.474] [info] #16: Feasible / Total: 143159 / 199291
[2023-10-05 00:55:26.474] [info] Graph is not D-reducible.
[2023-10-05 00:55:26.527] [info] Started C-reducibility check
[2023-10-05 00:57:11.075] [info] Trying 21218730 possible contractions
[2023-10-05 00:57:11.086] [info] [0/21218730] Starting contraction of size 1
[2023-10-05 00:57:46.251] [info] [41/21218730] Starting contraction of size 2
[2023-10-05 01:06:34.845] [info] [793/21218730] Starting contraction of size 3
[2023-10-05 01:13:23.829] [info] All colors passed! Contracted: 17, 46, 49
[2023-10-05 01:13:23.829] [info] Graph is C-reducible!
