[2023-10-04 13:28:03.640] [info] Kempe type: Projective
[2023-10-04 13:28:03.646] [info] Vertex size: 33, Edge size: 56, Ring size: 13
[2023-10-04 13:28:06.229] [info] Started D-reducibility check
[2023-10-04 13:28:06.270] [info] #1: Feasible / Total: 11734 / 66430
[2023-10-04 13:28:43.764] [info] #2: Feasible / Total: 16737 / 66430
[2023-10-04 13:28:58.338] [info] #3: Feasible / Total: 19955 / 66430
[2023-10-04 13:29:10.412] [info] #4: Feasible / Total: 23138 / 66430
[2023-10-04 13:29:22.479] [info] #5: Feasible / Total: 27463 / 66430
[2023-10-04 13:29:37.778] [info] #6: Feasible / Total: 34089 / 66430
[2023-10-04 13:29:46.830] [info] #7: Feasible / Total: 42371 / 66430
[2023-10-04 13:29:49.012] [info] #8: Feasible / Total: 44192 / 66430
[2023-10-04 13:29:49.723] [info] #9: Feasible / Total: 44303 / 66430
[2023-10-04 13:29:50.392] [info] #10: Feasible / Total: 44355 / 66430
[2023-10-04 13:29:50.971] [info] #11: Feasible / Total: 44377 / 66430
[2023-10-04 13:29:51.493] [info] #12: Feasible / Total: 44382 / 66430
[2023-10-04 13:29:52.014] [info] #12: Feasible / Total: 44382 / 66430
[2023-10-04 13:29:52.014] [info] Graph is not D-reducible.
[2023-10-04 13:29:52.069] [info] Started C-reducibility check
[2023-10-04 13:34:19.292] [info] Trying 35765575 possible contractions
[2023-10-04 13:34:19.292] [info] [0/35765575] Starting contraction of size 1
[2023-10-04 13:34:23.592] [info] All colors passed! Contracted: 39
[2023-10-04 13:34:23.593] [info] Graph is C-reducible!
