[2023-10-01 00:58:46.388] [info] Kempe type: Projective
[2023-10-01 00:58:46.388] [info] Vertex size: 35, Edge size: 60, Ring size: 15
[2023-10-01 00:58:54.380] [info] Started D-reducibility check
[2023-10-01 00:58:54.380] [info] #1: Feasible / Total: 55113 / 597871
[2023-10-01 01:05:48.852] [info] #2: Feasible / Total: 75554 / 597871
[2023-10-01 01:08:35.641] [info] #3: Feasible / Total: 86969 / 597871
[2023-10-01 01:10:37.109] [info] #4: Feasible / Total: 96826 / 597871
[2023-10-01 01:12:16.129] [info] #5: Feasible / Total: 106789 / 597871
[2023-10-01 01:13:57.728] [info] #6: Feasible / Total: 119355 / 597871
[2023-10-01 01:16:03.682] [info] #7: Feasible / Total: 136306 / 597871
[2023-10-01 01:18:29.818] [info] #8: Feasible / Total: 162084 / 597871
[2023-10-01 01:22:24.532] [info] #9: Feasible / Total: 203024 / 597871
[2023-10-01 01:27:13.302] [info] #10: Feasible / Total: 267386 / 597871
[2023-10-01 01:32:43.969] [info] #11: Feasible / Total: 367521 / 597871
[2023-10-01 01:36:32.128] [info] #12: Feasible / Total: 473380 / 597871
[2023-10-01 01:37:24.746] [info] #13: Feasible / Total: 505975 / 597871
[2023-10-01 01:37:32.660] [info] #14: Feasible / Total: 509717 / 597871
[2023-10-01 01:37:34.285] [info] #15: Feasible / Total: 509720 / 597871
[2023-10-01 01:37:35.495] [info] #15: Feasible / Total: 509720 / 597871
[2023-10-01 01:37:35.495] [info] Graph is not D-reducible.
[2023-10-01 01:37:35.581] [info] Started C-reducibility check
[2023-10-01 01:42:10.715] [info] Trying 2912979 possible contractions
[2023-10-01 01:42:10.715] [info] [0/2912979] Starting contraction of size 1
[2023-10-01 01:43:17.803] [info] [45/2912979] Starting contraction of size 2
[2023-10-01 02:00:27.299] [info] [960/2912979] Starting contraction of size 3
[2023-10-01 02:02:57.948] [info] All colors passed! Contracted: 35, 39, 58
[2023-10-01 02:02:57.948] [info] Graph is C-reducible!
