[2023-10-02 21:50:37.649] [info] Kempe type: Projective
[2023-10-02 21:50:37.670] [info] Vertex size: 38, Edge size: 65, Ring size: 16
[2023-10-02 21:51:09.860] [info] Started D-reducibility check
[2023-10-02 21:51:09.860] [info] #1: Feasible / Total: 135641 / 1793614
[2023-10-02 22:24:51.144] [info] #2: Feasible / Total: 205097 / 1793614
[2023-10-02 22:34:57.984] [info] #3: Feasible / Total: 241539 / 1793614
[2023-10-02 22:40:18.760] [info] #4: Feasible / Total: 258775 / 1793614
[2023-10-02 22:44:28.867] [info] #5: Feasible / Total: 272078 / 1793614
[2023-10-02 22:48:25.059] [info] #6: Feasible / Total: 284384 / 1793614
[2023-10-02 22:52:09.068] [info] #7: Feasible / Total: 296817 / 1793614
[2023-10-02 22:56:21.498] [info] #8: Feasible / Total: 309085 / 1793614
[2023-10-02 23:00:26.774] [info] #9: Feasible / Total: 321835 / 1793614
[2023-10-02 23:04:16.501] [info] #10: Feasible / Total: 334458 / 1793614
[2023-10-02 23:08:23.611] [info] #11: Feasible / Total: 347847 / 1793614
[2023-10-02 23:12:42.995] [info] #12: Feasible / Total: 363435 / 1793614
[2023-10-02 23:17:27.672] [info] #13: Feasible / Total: 381666 / 1793614
[2023-10-02 23:22:29.580] [info] #14: Feasible / Total: 401472 / 1793614
[2023-10-02 23:28:12.045] [info] #15: Feasible / Total: 426296 / 1793614
[2023-10-02 23:34:13.038] [info] #16: Feasible / Total: 454007 / 1793614
[2023-10-02 23:40:48.803] [info] #17: Feasible / Total: 484470 / 1793614
[2023-10-02 23:55:57.692] [info] #18: Feasible / Total: 518999 / 1793614
[2023-10-03 00:11:51.204] [info] #19: Feasible / Total: 558725 / 1793614
[2023-10-03 00:27:15.415] [info] #20: Feasible / Total: 604314 / 1793614
[2023-10-03 00:42:03.281] [info] #21: Feasible / Total: 661055 / 1793614
[2023-10-03 00:52:27.504] [info] #22: Feasible / Total: 718545 / 1793614
[2023-10-03 00:56:47.358] [info] #23: Feasible / Total: 747935 / 1793614
[2023-10-03 00:58:58.190] [info] #24: Feasible / Total: 757259 / 1793614
[2023-10-03 01:00:18.752] [info] #25: Feasible / Total: 761476 / 1793614
[2023-10-03 01:01:19.487] [info] #26: Feasible / Total: 763833 / 1793614
[2023-10-03 01:02:18.121] [info] #27: Feasible / Total: 765678 / 1793614
[2023-10-03 01:03:12.323] [info] #28: Feasible / Total: 767906 / 1793614
[2023-10-03 01:04:05.119] [info] #29: Feasible / Total: 770399 / 1793614
[2023-10-03 01:05:00.620] [info] #30: Feasible / Total: 773100 / 1793614
[2023-10-03 01:05:59.007] [info] #31: Feasible / Total: 774804 / 1793614
[2023-10-03 01:06:53.094] [info] #32: Feasible / Total: 777211 / 1793614
[2023-10-03 01:07:48.349] [info] #33: Feasible / Total: 780006 / 1793614
[2023-10-03 01:08:33.900] [info] #34: Feasible / Total: 781453 / 1793614
[2023-10-03 01:09:12.475] [info] #35: Feasible / Total: 781847 / 1793614
[2023-10-03 01:09:59.466] [info] #36: Feasible / Total: 781935 / 1793614
[2023-10-03 01:10:42.321] [info] #37: Feasible / Total: 781984 / 1793614
[2023-10-03 01:11:22.895] [info] #38: Feasible / Total: 782034 / 1793614
[2023-10-03 01:11:59.818] [info] #39: Feasible / Total: 782054 / 1793614
[2023-10-03 01:12:36.663] [info] #39: Feasible / Total: 782054 / 1793614
[2023-10-03 01:12:36.663] [info] Graph is not D-reducible.
[2023-10-03 01:12:37.193] [info] Started C-reducibility check
[2023-10-03 01:42:03.674] [info] Trying 5414134 possible contractions
[2023-10-03 01:42:03.674] [info] [0/5414134] Starting contraction of size 1
[2023-10-03 01:46:14.985] [info] [49/5414134] Starting contraction of size 2
[2023-10-03 03:05:50.150] [info] [1143/5414134] Starting contraction of size 3
[2023-10-03 07:49:50.347] [info] All colors passed! Contracted: 20, 57, 64
[2023-10-03 07:49:50.347] [info] Graph is C-reducible!
