[2023-09-30 16:00:54.165] [info] Kempe type: Projective
[2023-09-30 16:00:54.165] [info] Vertex size: 31, Edge size: 53, Ring size: 13
[2023-09-30 16:00:54.904] [info] Started D-reducibility check
[2023-09-30 16:00:54.904] [info] #1: Feasible / Total: 9888 / 66430
[2023-09-30 16:01:13.299] [info] #2: Feasible / Total: 17107 / 66430
[2023-09-30 16:01:22.772] [info] #3: Feasible / Total: 24029 / 66430
[2023-09-30 16:01:30.706] [info] #4: Feasible / Total: 33333 / 66430
[2023-09-30 16:01:36.038] [info] #5: Feasible / Total: 42760 / 66430
[2023-09-30 16:01:37.043] [info] #6: Feasible / Total: 45494 / 66430
[2023-09-30 16:01:37.211] [info] #7: Feasible / Total: 45513 / 66430
[2023-09-30 16:01:37.357] [info] #7: Feasible / Total: 45513 / 66430
[2023-09-30 16:01:37.357] [info] Graph is not D-reducible.
[2023-09-30 16:01:37.367] [info] Started C-reducibility check
[2023-09-30 16:02:05.043] [info] Trying 1200436 possible contractions
[2023-09-30 16:02:05.043] [info] [0/1200436] Starting contraction of size 1
[2023-09-30 16:02:17.861] [info] [40/1200436] Starting contraction of size 2
[2023-09-30 16:05:06.460] [info] [753/1200436] Starting contraction of size 3
[2023-09-30 16:29:39.358] [info] [8254/1200436] Starting contraction of size 4
[2023-09-30 16:37:15.667] [info] All colors passed! Contracted: 21, 25, 27, 44
[2023-09-30 16:37:15.667] [info] Graph is C-reducible!
