[2023-10-02 09:49:22.794] [info] Kempe type: Projective
[2023-10-02 09:49:22.798] [info] Vertex size: 37, Edge size: 63, Ring size: 15
[2023-10-02 09:49:32.971] [info] Started D-reducibility check
[2023-10-02 09:49:32.971] [info] #1: Feasible / Total: 62503 / 597871
[2023-10-02 10:00:48.759] [info] #2: Feasible / Total: 95984 / 597871
[2023-10-02 10:07:05.087] [info] #3: Feasible / Total: 126819 / 597871
[2023-10-02 10:13:27.116] [info] #4: Feasible / Total: 172581 / 597871
[2023-10-02 10:21:22.504] [info] #5: Feasible / Total: 245912 / 597871
[2023-10-02 10:27:36.919] [info] #6: Feasible / Total: 335179 / 597871
[2023-10-02 10:32:57.023] [info] #7: Feasible / Total: 428990 / 597871
[2023-10-02 10:37:12.261] [info] #8: Feasible / Total: 503239 / 597871
[2023-10-02 10:38:33.086] [info] #9: Feasible / Total: 532304 / 597871
[2023-10-02 10:38:35.385] [info] #10: Feasible / Total: 532369 / 597871
[2023-10-02 10:38:36.843] [info] #10: Feasible / Total: 532369 / 597871
[2023-10-02 10:38:36.843] [info] Graph is not D-reducible.
[2023-10-02 10:38:37.035] [info] Started C-reducibility check
[2023-10-02 10:59:22.463] [info] Trying 4609412 possible contractions
[2023-10-02 10:59:22.464] [info] [0/4609412] Starting contraction of size 1
[2023-10-02 10:59:38.708] [info] All colors passed! Contracted: 28
[2023-10-02 10:59:38.709] [info] Graph is C-reducible!
