[2023-09-30 16:50:13.047] [info] Kempe type: Projective
[2023-09-30 16:50:13.047] [info] Vertex size: 30, Edge size: 51, Ring size: 12
[2023-09-30 16:50:13.456] [info] Started D-reducibility check
[2023-09-30 16:50:13.456] [info] #1: Feasible / Total: 4484 / 22144
[2023-09-30 16:50:18.791] [info] #2: Feasible / Total: 7526 / 22144
[2023-09-30 16:50:19.632] [info] #3: Feasible / Total: 8366 / 22144
[2023-09-30 16:50:20.028] [info] #4: Feasible / Total: 8595 / 22144
[2023-09-30 16:50:20.317] [info] #5: Feasible / Total: 8750 / 22144
[2023-09-30 16:50:20.553] [info] #6: Feasible / Total: 8986 / 22144
[2023-09-30 16:50:20.857] [info] #7: Feasible / Total: 9248 / 22144
[2023-09-30 16:50:21.108] [info] #8: Feasible / Total: 9477 / 22144
[2023-09-30 16:50:21.368] [info] #9: Feasible / Total: 9626 / 22144
[2023-09-30 16:50:21.610] [info] #10: Feasible / Total: 9868 / 22144
[2023-09-30 16:50:21.791] [info] #11: Feasible / Total: 10054 / 22144
[2023-09-30 16:50:21.914] [info] #12: Feasible / Total: 10062 / 22144
[2023-09-30 16:50:22.020] [info] #12: Feasible / Total: 10062 / 22144
[2023-09-30 16:50:22.020] [info] Graph is not D-reducible.
[2023-09-30 16:50:22.024] [info] Started C-reducibility check
[2023-09-30 16:50:56.415] [info] Trying 977511 possible contractions
[2023-09-30 16:50:56.415] [info] [0/977511] Starting contraction of size 1
[2023-09-30 16:50:59.926] [info] [39/977511] Starting contraction of size 2
[2023-09-30 16:51:58.748] [info] [714/977511] Starting contraction of size 3
[2023-09-30 16:58:10.083] [info] [7578/977511] Starting contraction of size 4
[2023-09-30 17:24:25.012] [info] [53388/977511] Starting contraction of size 5
[2023-09-30 19:10:07.444] [info] [266026/977511] Starting contraction of size 6
[2023-09-30 20:49:52.642] [info] All colors passed! Contracted: 18, 20, 26, 27, 29, 33
[2023-09-30 20:49:52.642] [info] Graph is C-reducible!
