[2023-10-03 17:50:33.025] [info] Kempe type: Projective
[2023-10-03 17:50:33.034] [info] Vertex size: 28, Edge size: 48, Ring size: 12
[2023-10-03 17:50:33.300] [info] Started D-reducibility check
[2023-10-03 17:50:33.300] [info] #1: Feasible / Total: 3709 / 22144
[2023-10-03 17:50:39.538] [info] #2: Feasible / Total: 4251 / 22144
[2023-10-03 17:50:40.692] [info] #3: Feasible / Total: 4515 / 22144
[2023-10-03 17:50:41.748] [info] #4: Feasible / Total: 4705 / 22144
[2023-10-03 17:50:42.493] [info] #5: Feasible / Total: 4828 / 22144
[2023-10-03 17:50:43.245] [info] #6: Feasible / Total: 4935 / 22144
[2023-10-03 17:50:44.015] [info] #7: Feasible / Total: 5027 / 22144
[2023-10-03 17:50:44.659] [info] #8: Feasible / Total: 5092 / 22144
[2023-10-03 17:50:45.285] [info] #9: Feasible / Total: 5152 / 22144
[2023-10-03 17:50:45.963] [info] #10: Feasible / Total: 5229 / 22144
[2023-10-03 17:50:46.664] [info] #11: Feasible / Total: 5330 / 22144
[2023-10-03 17:50:47.406] [info] #12: Feasible / Total: 5461 / 22144
[2023-10-03 17:50:48.150] [info] #13: Feasible / Total: 5591 / 22144
[2023-10-03 17:50:48.868] [info] #14: Feasible / Total: 5732 / 22144
[2023-10-03 17:50:49.891] [info] #15: Feasible / Total: 5946 / 22144
[2023-10-03 17:50:50.969] [info] #16: Feasible / Total: 6284 / 22144
[2023-10-03 17:50:52.403] [info] #17: Feasible / Total: 6881 / 22144
[2023-10-03 17:50:54.675] [info] #18: Feasible / Total: 8068 / 22144
[2023-10-03 17:50:58.195] [info] #19: Feasible / Total: 10093 / 22144
[2023-10-03 17:51:01.925] [info] #20: Feasible / Total: 13226 / 22144
[2023-10-03 17:51:03.659] [info] #21: Feasible / Total: 15187 / 22144
[2023-10-03 17:51:04.011] [info] #22: Feasible / Total: 15275 / 22144
[2023-10-03 17:51:04.203] [info] #22: Feasible / Total: 15275 / 22144
[2023-10-03 17:51:04.203] [info] Graph is not D-reducible.
[2023-10-03 17:51:04.206] [info] Started C-reducibility check
[2023-10-03 17:51:34.234] [info] Trying 4249985 possible contractions
[2023-10-03 17:51:34.270] [info] [0/4249985] Starting contraction of size 1
[2023-10-03 17:51:41.191] [info] [36/4249985] Starting contraction of size 2
[2023-10-03 17:51:45.151] [info] All colors passed! Contracted: 31, 42
[2023-10-03 17:51:45.170] [info] Graph is C-reducible!
