[2023-11-07 14:34:56.866] [info] Kempe type: Projective
[2023-11-07 14:34:56.866] [info] Vertex size: 28, Edge size: 48, Ring size: 12
[2023-11-07 14:34:56.959] [info] Started D-reducibility check
[2023-11-07 14:34:56.959] [info] #1: Feasible / Total: 3758 / 22144
[2023-11-07 14:34:58.448] [info] #2: Feasible / Total: 5658 / 22144
[2023-11-07 14:34:59.325] [info] #3: Feasible / Total: 7560 / 22144
[2023-11-07 14:35:02.565] [info] #4: Feasible / Total: 11010 / 22144
[2023-11-07 14:35:05.456] [info] #5: Feasible / Total: 16086 / 22144
[2023-11-07 14:35:06.105] [info] #6: Feasible / Total: 18812 / 22144
[2023-11-07 14:35:06.153] [info] #7: Feasible / Total: 18955 / 22144
[2023-11-07 14:35:06.194] [info] #8: Feasible / Total: 18958 / 22144
[2023-11-07 14:35:06.229] [info] #8: Feasible / Total: 18958 / 22144
[2023-11-07 14:35:06.229] [info] Graph is not D-reducible.
[2023-11-07 14:35:06.232] [info] Started C-reducibility check
[2023-11-07 14:35:19.293] [info] Trying 2629257 possible contractions
[2023-11-07 14:35:19.293] [info] [0/2629257] Starting contraction of size 1
[2023-11-07 14:35:21.807] [info] [36/2629257] Starting contraction of size 2
[2023-11-07 14:35:56.084] [info] [606/2629257] Starting contraction of size 3
[2023-11-07 14:39:06.286] [info] All colors passed! Contracted: 30, 39, 42
[2023-11-07 14:39:06.286] [info] Graph is C-reducible!
