[2023-11-07 14:34:59.128] [info] Kempe type: Projective
[2023-11-07 14:34:59.128] [info] Vertex size: 34, Edge size: 58, Ring size: 14
[2023-11-07 14:35:00.540] [info] Started D-reducibility check
[2023-11-07 14:35:00.540] [info] #1: Feasible / Total: 25367 / 199291
[2023-11-07 14:36:26.751] [info] #2: Feasible / Total: 46448 / 199291
[2023-11-07 14:36:56.398] [info] #3: Feasible / Total: 65651 / 199291
[2023-11-07 14:37:32.141] [info] #4: Feasible / Total: 90363 / 199291
[2023-11-07 14:38:06.900] [info] #5: Feasible / Total: 122754 / 199291
[2023-11-07 14:38:22.753] [info] #6: Feasible / Total: 149449 / 199291
[2023-11-07 14:38:25.916] [info] #7: Feasible / Total: 155111 / 199291
[2023-11-07 14:38:26.429] [info] #8: Feasible / Total: 155191 / 199291
[2023-11-07 14:38:26.826] [info] #8: Feasible / Total: 155191 / 199291
[2023-11-07 14:38:26.826] [info] Graph is not D-reducible.
[2023-11-07 14:38:26.851] [info] Started C-reducibility check
[2023-11-07 14:40:46.300] [info] Trying 22304515 possible contractions
[2023-11-07 14:40:46.300] [info] [0/22304515] Starting contraction of size 1
[2023-11-07 14:41:10.054] [info] [44/22304515] Starting contraction of size 2
[2023-11-07 14:47:56.782] [info] [916/22304515] Starting contraction of size 3
[2023-11-07 15:52:36.692] [info] [11237/22304515] Starting contraction of size 4
[2023-11-07 21:54:10.384] [info] All colors passed! Contracted: 39, 43, 47, 48
[2023-11-07 21:54:10.384] [info] Graph is C-reducible!
