[2023-11-07 14:34:58.336] [info] Kempe type: Projective
[2023-11-07 14:34:58.336] [info] Vertex size: 34, Edge size: 58, Ring size: 14
[2023-11-07 14:35:00.054] [info] Started D-reducibility check
[2023-11-07 14:35:00.054] [info] #1: Feasible / Total: 25325 / 199291
[2023-11-07 14:35:48.052] [info] #2: Feasible / Total: 41565 / 199291
[2023-11-07 14:36:13.990] [info] #3: Feasible / Total: 55328 / 199291
[2023-11-07 14:36:38.523] [info] #4: Feasible / Total: 70872 / 199291
[2023-11-07 14:37:12.906] [info] #5: Feasible / Total: 96039 / 199291
[2023-11-07 14:37:47.345] [info] #6: Feasible / Total: 131055 / 199291
[2023-11-07 14:37:59.952] [info] #7: Feasible / Total: 149733 / 199291
[2023-11-07 14:38:02.416] [info] #8: Feasible / Total: 153544 / 199291
[2023-11-07 14:38:03.117] [info] #9: Feasible / Total: 153933 / 199291
[2023-11-07 14:38:03.534] [info] #10: Feasible / Total: 153963 / 199291
[2023-11-07 14:38:03.932] [info] #10: Feasible / Total: 153963 / 199291
[2023-11-07 14:38:03.932] [info] Graph is not D-reducible.
[2023-11-07 14:38:03.957] [info] Started C-reducibility check
[2023-11-07 14:40:21.774] [info] Trying 22231485 possible contractions
[2023-11-07 14:40:21.774] [info] [0/22231485] Starting contraction of size 1
[2023-11-07 14:40:47.449] [info] [44/22231485] Starting contraction of size 2
[2023-11-07 14:48:02.084] [info] [916/22231485] Starting contraction of size 3
[2023-11-07 15:56:29.191] [info] [11236/22231485] Starting contraction of size 4
[2023-11-07 18:46:12.025] [info] All colors passed! Contracted: 17, 46, 48, 51
[2023-11-07 18:46:12.025] [info] Graph is C-reducible!
