[2023-11-07 14:35:02.172] [info] Kempe type: Projective
[2023-11-07 14:35:02.172] [info] Vertex size: 30, Edge size: 51, Ring size: 12
[2023-11-07 14:35:02.442] [info] Started D-reducibility check
[2023-11-07 14:35:02.442] [info] #1: Feasible / Total: 4070 / 22144
[2023-11-07 14:35:06.927] [info] #2: Feasible / Total: 5609 / 22144
[2023-11-07 14:35:08.329] [info] #3: Feasible / Total: 6728 / 22144
[2023-11-07 14:35:09.755] [info] #4: Feasible / Total: 7771 / 22144
[2023-11-07 14:35:11.139] [info] #5: Feasible / Total: 8994 / 22144
[2023-11-07 14:35:12.386] [info] #6: Feasible / Total: 10808 / 22144
[2023-11-07 14:35:13.438] [info] #7: Feasible / Total: 12885 / 22144
[2023-11-07 14:35:13.804] [info] #8: Feasible / Total: 13582 / 22144
[2023-11-07 14:35:14.012] [info] #9: Feasible / Total: 13847 / 22144
[2023-11-07 14:35:14.104] [info] #10: Feasible / Total: 13910 / 22144
[2023-11-07 14:35:14.195] [info] #10: Feasible / Total: 13910 / 22144
[2023-11-07 14:35:14.196] [info] Graph is not D-reducible.
[2023-11-07 14:35:14.199] [info] Started C-reducibility check
[2023-11-07 14:35:43.750] [info] Trying 6019589 possible contractions
[2023-11-07 14:35:43.750] [info] [0/6019589] Starting contraction of size 1
[2023-11-07 14:35:47.649] [info] [39/6019589] Starting contraction of size 2
[2023-11-07 14:36:28.121] [info] [714/6019589] Starting contraction of size 3
[2023-11-07 14:41:43.832] [info] [7577/6019589] Starting contraction of size 4
[2023-11-07 15:10:06.888] [info] [53360/6019589] Starting contraction of size 5
[2023-11-07 16:57:46.731] [info] [265692/6019589] Starting contraction of size 6
[2023-11-07 17:11:44.906] [info] All colors passed! Contracted: 14, 18, 22, 26, 42, 49
[2023-11-07 17:11:44.906] [info] Graph is C-reducible!
