[2023-11-07 14:35:02.356] [info] Kempe type: Projective
[2023-11-07 14:35:02.356] [info] Vertex size: 28, Edge size: 48, Ring size: 12
[2023-11-07 14:35:02.492] [info] Started D-reducibility check
[2023-11-07 14:35:02.492] [info] #1: Feasible / Total: 3521 / 22144
[2023-11-07 14:35:05.024] [info] #2: Feasible / Total: 5016 / 22144
[2023-11-07 14:35:06.806] [info] #3: Feasible / Total: 6386 / 22144
[2023-11-07 14:35:08.424] [info] #4: Feasible / Total: 7962 / 22144
[2023-11-07 14:35:09.966] [info] #5: Feasible / Total: 10145 / 22144
[2023-11-07 14:35:11.345] [info] #6: Feasible / Total: 12735 / 22144
[2023-11-07 14:35:11.900] [info] #7: Feasible / Total: 13642 / 22144
[2023-11-07 14:35:12.060] [info] #8: Feasible / Total: 13663 / 22144
[2023-11-07 14:35:12.190] [info] #8: Feasible / Total: 13663 / 22144
[2023-11-07 14:35:12.194] [info] Graph is not D-reducible.
[2023-11-07 14:35:12.198] [info] Started C-reducibility check
[2023-11-07 14:35:23.623] [info] Trying 2628494 possible contractions
[2023-11-07 14:35:23.623] [info] [0/2628494] Starting contraction of size 1
[2023-11-07 14:35:27.548] [info] [36/2628494] Starting contraction of size 2
[2023-11-07 14:36:06.206] [info] [606/2628494] Starting contraction of size 3
[2023-11-07 14:39:40.808] [info] [5854/2628494] Starting contraction of size 4
[2023-11-07 14:57:41.913] [info] [37197/2628494] Starting contraction of size 5
[2023-11-07 16:00:08.726] [info] [165736/2628494] Starting contraction of size 6
[2023-11-07 16:08:12.496] [info] All colors passed! Contracted: 13, 17, 19, 20, 28, 40
[2023-11-07 16:08:12.496] [info] Graph is C-reducible!
