[2023-11-07 14:35:05.220] [info] Kempe type: Projective
[2023-11-07 14:35:05.220] [info] Vertex size: 28, Edge size: 48, Ring size: 12
[2023-11-07 14:35:05.370] [info] Started D-reducibility check
[2023-11-07 14:35:05.370] [info] #1: Feasible / Total: 3559 / 22144
[2023-11-07 14:35:09.435] [info] #2: Feasible / Total: 4636 / 22144
[2023-11-07 14:35:10.079] [info] #3: Feasible / Total: 4849 / 22144
[2023-11-07 14:35:10.613] [info] #4: Feasible / Total: 4952 / 22144
[2023-11-07 14:35:11.107] [info] #5: Feasible / Total: 5019 / 22144
[2023-11-07 14:35:11.511] [info] #6: Feasible / Total: 5075 / 22144
[2023-11-07 14:35:11.985] [info] #7: Feasible / Total: 5154 / 22144
[2023-11-07 14:35:12.577] [info] #8: Feasible / Total: 5277 / 22144
[2023-11-07 14:35:13.093] [info] #9: Feasible / Total: 5383 / 22144
[2023-11-07 14:35:13.502] [info] #10: Feasible / Total: 5483 / 22144
[2023-11-07 14:35:13.823] [info] #11: Feasible / Total: 5592 / 22144
[2023-11-07 14:35:14.166] [info] #12: Feasible / Total: 5713 / 22144
[2023-11-07 14:35:14.548] [info] #13: Feasible / Total: 5891 / 22144
[2023-11-07 14:35:15.063] [info] #14: Feasible / Total: 6105 / 22144
[2023-11-07 14:35:15.554] [info] #15: Feasible / Total: 6316 / 22144
[2023-11-07 14:35:15.988] [info] #16: Feasible / Total: 6488 / 22144
[2023-11-07 14:35:16.386] [info] #17: Feasible / Total: 6692 / 22144
[2023-11-07 14:35:16.839] [info] #18: Feasible / Total: 6958 / 22144
[2023-11-07 14:35:17.373] [info] #19: Feasible / Total: 7303 / 22144
[2023-11-07 14:35:17.793] [info] #20: Feasible / Total: 7766 / 22144
[2023-11-07 14:35:18.264] [info] #21: Feasible / Total: 8350 / 22144
[2023-11-07 14:35:18.786] [info] #22: Feasible / Total: 9152 / 22144
[2023-11-07 14:35:19.368] [info] #23: Feasible / Total: 10077 / 22144
[2023-11-07 14:35:19.887] [info] #24: Feasible / Total: 11103 / 22144
[2023-11-07 14:35:20.364] [info] #25: Feasible / Total: 12206 / 22144
[2023-11-07 14:35:20.676] [info] #26: Feasible / Total: 12944 / 22144
[2023-11-07 14:35:20.800] [info] #27: Feasible / Total: 13034 / 22144
[2023-11-07 14:35:20.893] [info] #28: Feasible / Total: 13035 / 22144
[2023-11-07 14:35:20.989] [info] #28: Feasible / Total: 13035 / 22144
[2023-11-07 14:35:20.989] [info] Graph is not D-reducible.
[2023-11-07 14:35:20.992] [info] Started C-reducibility check
[2023-11-07 14:35:29.708] [info] Trying 2640184 possible contractions
[2023-11-07 14:35:29.709] [info] [0/2640184] Starting contraction of size 1
[2023-11-07 14:35:31.523] [info] [36/2640184] Starting contraction of size 2
[2023-11-07 14:35:53.337] [info] [606/2640184] Starting contraction of size 3
[2023-11-07 14:37:28.795] [info] [5855/2640184] Starting contraction of size 4
[2023-11-07 14:45:45.302] [info] [37222/2640184] Starting contraction of size 5
[2023-11-07 14:52:02.108] [info] All colors passed! Contracted: 17, 29, 34, 43, 44
[2023-11-07 14:52:02.108] [info] Graph is C-reducible!
