[2023-11-05 12:26:02.779] [info] Kempe type: Projective
[2023-11-05 12:26:02.779] [info] Vertex size: 29, Edge size: 49, Ring size: 11
[2023-11-05 12:26:02.806] [info] Started D-reducibility check
[2023-11-05 12:26:02.806] [info] #1: Feasible / Total: 1784 / 7381
[2023-11-05 12:26:02.961] [info] #2: Feasible / Total: 2227 / 7381
[2023-11-05 12:26:03.033] [info] #3: Feasible / Total: 2616 / 7381
[2023-11-05 12:26:03.090] [info] #4: Feasible / Total: 2878 / 7381
[2023-11-05 12:26:03.146] [info] #5: Feasible / Total: 3134 / 7381
[2023-11-05 12:26:03.204] [info] #6: Feasible / Total: 3572 / 7381
[2023-11-05 12:26:03.259] [info] #7: Feasible / Total: 4240 / 7381
[2023-11-05 12:26:03.275] [info] #8: Feasible / Total: 4354 / 7381
[2023-11-05 12:26:03.287] [info] #9: Feasible / Total: 4366 / 7381
[2023-11-05 12:26:03.298] [info] #10: Feasible / Total: 4368 / 7381
[2023-11-05 12:26:03.308] [info] #10: Feasible / Total: 4368 / 7381
[2023-11-05 12:26:03.308] [info] Graph is not D-reducible.
[2023-11-05 12:26:03.309] [info] Started C-reducibility check
[2023-11-05 12:26:11.919] [info] Trying 786488 possible contractions
[2023-11-05 12:26:11.919] [info] [0/786488] Starting contraction of size 1
[2023-11-05 12:26:12.020] [info] All colors passed! Contracted: 26
[2023-11-05 12:26:12.020] [info] Graph is C-reducible!
