[2023-10-17 12:56:30.673] [info] Kempe type: Projective
[2023-10-17 12:56:30.673] [info] Vertex size: 25, Edge size: 43, Ring size: 11
[2023-10-17 12:56:30.686] [info] Started D-reducibility check
[2023-10-17 12:56:30.686] [info] #1: Feasible / Total: 1467 / 7381
[2023-10-17 12:56:30.841] [info] #2: Feasible / Total: 1948 / 7381
[2023-10-17 12:56:30.919] [info] #3: Feasible / Total: 2326 / 7381
[2023-10-17 12:56:30.986] [info] #4: Feasible / Total: 2670 / 7381
[2023-10-17 12:56:31.069] [info] #5: Feasible / Total: 3125 / 7381
[2023-10-17 12:56:31.146] [info] #6: Feasible / Total: 3804 / 7381
[2023-10-17 12:56:31.207] [info] #7: Feasible / Total: 4465 / 7381
[2023-10-17 12:56:31.265] [info] #8: Feasible / Total: 4892 / 7381
[2023-10-17 12:56:31.310] [info] #9: Feasible / Total: 5366 / 7381
[2023-10-17 12:56:31.330] [info] #10: Feasible / Total: 5730 / 7381
[2023-10-17 12:56:31.339] [info] #11: Feasible / Total: 5755 / 7381
[2023-10-17 12:56:31.345] [info] #11: Feasible / Total: 5755 / 7381
[2023-10-17 12:56:31.345] [info] Graph is not D-reducible.
[2023-10-17 12:56:31.346] [info] Started C-reducibility check
[2023-10-17 12:56:32.273] [info] Trying 749383 possible contractions
[2023-10-17 12:56:32.273] [info] [0/749383] Starting contraction of size 1
[2023-10-17 12:56:32.532] [info] All colors passed! Contracted: 21
[2023-10-17 12:56:32.532] [info] Graph is C-reducible!
