[2023-10-17 12:56:39.101] [info] Kempe type: Projective
[2023-10-17 12:56:39.101] [info] Vertex size: 25, Edge size: 43, Ring size: 11
[2023-10-17 12:56:39.137] [info] Started D-reducibility check
[2023-10-17 12:56:39.151] [info] #1: Feasible / Total: 1506 / 7381
[2023-10-17 12:56:40.216] [info] #2: Feasible / Total: 2104 / 7381
[2023-10-17 12:56:40.439] [info] #3: Feasible / Total: 2707 / 7381
[2023-10-17 12:56:40.696] [info] #4: Feasible / Total: 3623 / 7381
[2023-10-17 12:56:40.928] [info] #5: Feasible / Total: 4901 / 7381
[2023-10-17 12:56:41.131] [info] #6: Feasible / Total: 6012 / 7381
[2023-10-17 12:56:41.155] [info] #7: Feasible / Total: 6300 / 7381
[2023-10-17 12:56:41.171] [info] #8: Feasible / Total: 6301 / 7381
[2023-10-17 12:56:41.175] [info] #8: Feasible / Total: 6301 / 7381
[2023-10-17 12:56:41.175] [info] Graph is not D-reducible.
[2023-10-17 12:56:41.176] [info] Started C-reducibility check
[2023-10-17 12:56:43.015] [info] Trying 749341 possible contractions
[2023-10-17 12:56:43.015] [info] [0/749341] Starting contraction of size 1
[2023-10-17 12:56:43.570] [info] [32/749341] Starting contraction of size 2
[2023-10-17 12:56:50.078] [info] [475/749341] Starting contraction of size 3
[2023-10-17 12:56:57.560] [info] All colors passed! Contracted: 16, 34, 40
[2023-10-17 12:56:57.560] [info] Graph is C-reducible!
