[2023-10-17 12:56:40.408] [info] Kempe type: Projective
[2023-10-17 12:56:40.408] [info] Vertex size: 33, Edge size: 56, Ring size: 13
[2023-10-17 12:56:41.683] [info] Started D-reducibility check
[2023-10-17 12:56:41.683] [info] #1: Feasible / Total: 9810 / 66430
[2023-10-17 12:57:12.551] [info] #2: Feasible / Total: 13190 / 66430
[2023-10-17 12:57:27.849] [info] #3: Feasible / Total: 15979 / 66430
[2023-10-17 12:57:41.377] [info] #4: Feasible / Total: 18581 / 66430
[2023-10-17 12:57:53.131] [info] #5: Feasible / Total: 21060 / 66430
[2023-10-17 12:58:02.058] [info] #6: Feasible / Total: 23501 / 66430
[2023-10-17 12:58:09.933] [info] #7: Feasible / Total: 26515 / 66430
[2023-10-17 12:58:19.495] [info] #8: Feasible / Total: 31494 / 66430
[2023-10-17 12:58:27.174] [info] #9: Feasible / Total: 39519 / 66430
[2023-10-17 12:58:34.877] [info] #10: Feasible / Total: 46495 / 66430
[2023-10-17 12:58:40.910] [info] #11: Feasible / Total: 55599 / 66430
[2023-10-17 12:58:41.689] [info] #12: Feasible / Total: 57390 / 66430
[2023-10-17 12:58:41.866] [info] #13: Feasible / Total: 57391 / 66430
[2023-10-17 12:58:42.052] [info] #13: Feasible / Total: 57391 / 66430
[2023-10-17 12:58:42.052] [info] Graph is not D-reducible.
[2023-10-17 12:58:42.083] [info] Started C-reducibility check
[2023-10-17 13:01:37.712] [info] Trying 17044539 possible contractions
[2023-10-17 13:01:37.718] [info] [0/17044539] Starting contraction of size 1
[2023-10-17 13:01:39.256] [info] All colors passed! Contracted: 13
[2023-10-17 13:01:39.256] [info] Graph is C-reducible!
