[2023-10-17 12:56:38.709] [info] Kempe type: Projective
[2023-10-17 12:56:38.709] [info] Vertex size: 36, Edge size: 61, Ring size: 14
[2023-10-17 12:56:44.714] [info] Started D-reducibility check
[2023-10-17 12:56:44.714] [info] #1: Feasible / Total: 28974 / 199291
[2023-10-17 12:59:23.956] [info] #2: Feasible / Total: 42187 / 199291
[2023-10-17 13:00:09.867] [info] #3: Feasible / Total: 53829 / 199291
[2023-10-17 13:01:00.830] [info] #4: Feasible / Total: 71319 / 199291
[2023-10-17 13:02:00.621] [info] #5: Feasible / Total: 101691 / 199291
[2023-10-17 13:02:52.978] [info] #6: Feasible / Total: 149385 / 199291
[2023-10-17 13:03:13.880] [info] #7: Feasible / Total: 175421 / 199291
[2023-10-17 13:03:14.830] [info] #8: Feasible / Total: 175969 / 199291
[2023-10-17 13:03:15.173] [info] #8: Feasible / Total: 175969 / 199291
[2023-10-17 13:03:15.173] [info] Graph is not D-reducible.
[2023-10-17 13:03:15.225] [info] Started C-reducibility check
[2023-10-17 13:12:38.513] [info] Trying 43574522 possible contractions
[2023-10-17 13:12:38.513] [info] [0/43574522] Starting contraction of size 1
[2023-10-17 13:13:15.355] [info] [47/43574522] Starting contraction of size 2
[2023-10-17 13:24:23.231] [info] [1048/43574522] Starting contraction of size 3
[2023-10-17 13:43:24.818] [info] All colors passed! Contracted: 17, 32, 59
[2023-10-17 13:43:24.818] [info] Graph is C-reducible!
