[2023-10-17 12:56:39.824] [info] Kempe type: Projective
[2023-10-17 12:56:39.824] [info] Vertex size: 32, Edge size: 55, Ring size: 14
[2023-10-17 12:56:44.109] [info] Started D-reducibility check
[2023-10-17 12:56:44.110] [info] #1: Feasible / Total: 21134 / 199291
[2023-10-17 12:59:34.109] [info] #2: Feasible / Total: 42944 / 199291
[2023-10-17 13:00:36.337] [info] #3: Feasible / Total: 56672 / 199291
[2023-10-17 13:01:34.840] [info] #4: Feasible / Total: 76822 / 199291
[2023-10-17 13:02:41.281] [info] #5: Feasible / Total: 109601 / 199291
[2023-10-17 13:03:26.657] [info] #6: Feasible / Total: 147635 / 199291
[2023-10-17 13:03:39.469] [info] #7: Feasible / Total: 161093 / 199291
[2023-10-17 13:03:40.250] [info] #8: Feasible / Total: 161183 / 199291
[2023-10-17 13:03:40.620] [info] #8: Feasible / Total: 161183 / 199291
[2023-10-17 13:03:40.620] [info] Graph is not D-reducible.
[2023-10-17 13:03:40.648] [info] Started C-reducibility check
[2023-10-17 13:04:32.443] [info] Trying 10825896 possible contractions
[2023-10-17 13:04:32.443] [info] [0/10825896] Starting contraction of size 1
[2023-10-17 13:04:57.241] [info] [41/10825896] Starting contraction of size 2
[2023-10-17 13:10:12.167] [info] [793/10825896] Starting contraction of size 3
[2023-10-17 13:55:14.742] [info] [8968/10825896] Starting contraction of size 4
[2023-10-17 15:41:39.439] [info] All colors passed! Contracted: 18, 38, 42, 45
[2023-10-17 15:41:39.439] [info] Graph is C-reducible!
