[2023-10-17 12:56:34.524] [info] Kempe type: Projective
[2023-10-17 12:56:34.524] [info] Vertex size: 24, Edge size: 41, Ring size: 10
[2023-10-17 12:56:34.529] [info] Started D-reducibility check
[2023-10-17 12:56:34.529] [info] #1: Feasible / Total: 635 / 2461
[2023-10-17 12:56:34.586] [info] #2: Feasible / Total: 781 / 2461
[2023-10-17 12:56:34.596] [info] #3: Feasible / Total: 874 / 2461
[2023-10-17 12:56:34.602] [info] #4: Feasible / Total: 892 / 2461
[2023-10-17 12:56:34.617] [info] #5: Feasible / Total: 901 / 2461
[2023-10-17 12:56:34.622] [info] #6: Feasible / Total: 902 / 2461
[2023-10-17 12:56:34.645] [info] #6: Feasible / Total: 902 / 2461
[2023-10-17 12:56:34.650] [info] Graph is not D-reducible.
[2023-10-17 12:56:34.650] [info] Started C-reducibility check
[2023-10-17 12:56:37.155] [info] Trying 515038 possible contractions
[2023-10-17 12:56:37.155] [info] [0/515038] Starting contraction of size 1
[2023-10-17 12:56:37.792] [info] [31/515038] Starting contraction of size 2
[2023-10-17 12:56:45.872] [info] [444/515038] Starting contraction of size 3
[2023-10-17 12:57:22.393] [info] [3560/515038] Starting contraction of size 4
[2023-10-17 12:58:23.070] [info] [18365/515038] Starting contraction of size 5
[2023-10-17 12:59:41.685] [info] All colors passed! Contracted: 11, 28, 30, 32, 34
[2023-10-17 12:59:41.686] [info] Graph is C-reducible!
