[2023-10-17 12:56:34.136] [info] Kempe type: Projective
[2023-10-17 12:56:34.136] [info] Vertex size: 24, Edge size: 41, Ring size: 10
[2023-10-17 12:56:34.176] [info] Started D-reducibility check
[2023-10-17 12:56:34.176] [info] #1: Feasible / Total: 628 / 2461
[2023-10-17 12:56:34.326] [info] #2: Feasible / Total: 839 / 2461
[2023-10-17 12:56:34.393] [info] #3: Feasible / Total: 929 / 2461
[2023-10-17 12:56:34.421] [info] #4: Feasible / Total: 1013 / 2461
[2023-10-17 12:56:34.451] [info] #5: Feasible / Total: 1064 / 2461
[2023-10-17 12:56:34.482] [info] #6: Feasible / Total: 1153 / 2461
[2023-10-17 12:56:34.490] [info] #7: Feasible / Total: 1287 / 2461
[2023-10-17 12:56:34.521] [info] #8: Feasible / Total: 1457 / 2461
[2023-10-17 12:56:34.550] [info] #9: Feasible / Total: 1512 / 2461
[2023-10-17 12:56:34.553] [info] #10: Feasible / Total: 1515 / 2461
[2023-10-17 12:56:34.579] [info] #10: Feasible / Total: 1515 / 2461
[2023-10-17 12:56:34.579] [info] Graph is not D-reducible.
[2023-10-17 12:56:34.580] [info] Started C-reducibility check
[2023-10-17 12:56:37.039] [info] Trying 517064 possible contractions
[2023-10-17 12:56:37.039] [info] [0/517064] Starting contraction of size 1
[2023-10-17 12:56:37.546] [info] [31/517064] Starting contraction of size 2
[2023-10-17 12:56:44.251] [info] [444/517064] Starting contraction of size 3
[2023-10-17 12:57:22.253] [info] [3561/517064] Starting contraction of size 4
[2023-10-17 12:58:52.458] [info] [18386/517064] Starting contraction of size 5
[2023-10-17 13:01:28.971] [info] [65343/517064] Starting contraction of size 6
[2023-10-17 13:02:07.767] [info] All colors passed! Contracted: 11, 12, 18, 29, 31, 37
[2023-10-17 13:02:07.767] [info] Graph is C-reducible!
