[2023-10-17 12:56:36.647] [info] Kempe type: Projective
[2023-10-17 12:56:36.648] [info] Vertex size: 28, Edge size: 48, Ring size: 12
[2023-10-17 12:56:36.954] [info] Started D-reducibility check
[2023-10-17 12:56:36.954] [info] #1: Feasible / Total: 3910 / 22144
[2023-10-17 12:56:44.425] [info] #2: Feasible / Total: 5196 / 22144
[2023-10-17 12:56:48.133] [info] #3: Feasible / Total: 6462 / 22144
[2023-10-17 12:56:52.307] [info] #4: Feasible / Total: 8164 / 22144
[2023-10-17 12:56:58.268] [info] #5: Feasible / Total: 10990 / 22144
[2023-10-17 12:57:04.027] [info] #6: Feasible / Total: 15769 / 22144
[2023-10-17 12:57:05.678] [info] #7: Feasible / Total: 18112 / 22144
[2023-10-17 12:57:05.864] [info] #8: Feasible / Total: 18162 / 22144
[2023-10-17 12:57:05.942] [info] #8: Feasible / Total: 18162 / 22144
[2023-10-17 12:57:05.970] [info] Graph is not D-reducible.
[2023-10-17 12:57:05.973] [info] Started C-reducibility check
[2023-10-17 12:57:31.449] [info] Trying 2640576 possible contractions
[2023-10-17 12:57:31.458] [info] [0/2640576] Starting contraction of size 1
[2023-10-17 12:57:37.093] [info] [36/2640576] Starting contraction of size 2
[2023-10-17 12:58:41.930] [info] [606/2640576] Starting contraction of size 3
[2023-10-17 12:58:51.578] [info] All colors passed! Contracted: 26, 32, 46
[2023-10-17 12:58:51.579] [info] Graph is C-reducible!
