[2023-10-17 12:56:41.365] [info] Kempe type: Projective
[2023-10-17 12:56:41.375] [info] Vertex size: 33, Edge size: 56, Ring size: 13
[2023-10-17 12:56:42.733] [info] Started D-reducibility check
[2023-10-17 12:56:42.733] [info] #1: Feasible / Total: 9582 / 66430
[2023-10-17 12:57:00.727] [info] #2: Feasible / Total: 16453 / 66430
[2023-10-17 12:57:05.436] [info] #3: Feasible / Total: 20279 / 66430
[2023-10-17 12:57:08.833] [info] #4: Feasible / Total: 24183 / 66430
[2023-10-17 12:57:11.449] [info] #5: Feasible / Total: 27553 / 66430
[2023-10-17 12:57:12.856] [info] #6: Feasible / Total: 29602 / 66430
[2023-10-17 12:57:14.060] [info] #7: Feasible / Total: 30595 / 66430
[2023-10-17 12:57:14.578] [info] #8: Feasible / Total: 31027 / 66430
[2023-10-17 12:57:15.064] [info] #9: Feasible / Total: 31120 / 66430
[2023-10-17 12:57:15.349] [info] #10: Feasible / Total: 31161 / 66430
[2023-10-17 12:57:15.605] [info] #11: Feasible / Total: 31174 / 66430
[2023-10-17 12:57:15.883] [info] #11: Feasible / Total: 31174 / 66430
[2023-10-17 12:57:15.883] [info] Graph is not D-reducible.
[2023-10-17 12:57:15.908] [info] Started C-reducibility check
[2023-10-17 13:00:12.992] [info] Trying 17109097 possible contractions
[2023-10-17 13:00:12.992] [info] [0/17109097] Starting contraction of size 1
[2023-10-17 13:00:20.400] [info] All colors passed! Contracted: 20
[2023-10-17 13:00:20.400] [info] Graph is C-reducible!
