[2023-10-17 12:56:38.416] [info] Kempe type: Projective
[2023-10-17 12:56:38.416] [info] Vertex size: 31, Edge size: 53, Ring size: 13
[2023-10-17 12:56:39.287] [info] Started D-reducibility check
[2023-10-17 12:56:39.302] [info] #1: Feasible / Total: 10100 / 66430
[2023-10-17 12:57:18.838] [info] #2: Feasible / Total: 13312 / 66430
[2023-10-17 12:57:35.488] [info] #3: Feasible / Total: 16318 / 66430
[2023-10-17 12:57:51.865] [info] #4: Feasible / Total: 20883 / 66430
[2023-10-17 12:58:11.698] [info] #5: Feasible / Total: 28057 / 66430
[2023-10-17 12:58:32.554] [info] #6: Feasible / Total: 40671 / 66430
[2023-10-17 12:58:44.889] [info] #7: Feasible / Total: 53372 / 66430
[2023-10-17 12:58:47.623] [info] #8: Feasible / Total: 56085 / 66430
[2023-10-17 12:58:47.866] [info] #9: Feasible / Total: 56106 / 66430
[2023-10-17 12:58:47.941] [info] #9: Feasible / Total: 56106 / 66430
[2023-10-17 12:58:47.941] [info] Graph is not D-reducible.
[2023-10-17 12:58:47.949] [info] Started C-reducibility check
[2023-10-17 12:59:47.713] [info] Trying 8095685 possible contractions
[2023-10-17 12:59:47.714] [info] [0/8095685] Starting contraction of size 1
[2023-10-17 12:59:57.503] [info] [40/8095685] Starting contraction of size 2
[2023-10-17 13:02:05.005] [info] [753/8095685] Starting contraction of size 3
[2023-10-17 13:13:21.009] [info] All colors passed! Contracted: 36, 38, 51
[2023-10-17 13:13:21.009] [info] Graph is C-reducible!
