[2023-10-17 12:56:38.772] [info] Kempe type: Projective
[2023-10-17 12:56:38.773] [info] Vertex size: 36, Edge size: 61, Ring size: 14
[2023-10-17 12:56:45.309] [info] Started D-reducibility check
[2023-10-17 12:56:45.309] [info] #1: Feasible / Total: 28372 / 199291
[2023-10-17 12:59:38.959] [info] #2: Feasible / Total: 45140 / 199291
[2023-10-17 13:00:30.786] [info] #3: Feasible / Total: 62088 / 199291
[2023-10-17 13:01:36.719] [info] #4: Feasible / Total: 84557 / 199291
[2023-10-17 13:02:52.234] [info] #5: Feasible / Total: 121130 / 199291
[2023-10-17 13:03:32.017] [info] #6: Feasible / Total: 157439 / 199291
[2023-10-17 13:03:39.650] [info] #7: Feasible / Total: 166445 / 199291
[2023-10-17 13:03:40.974] [info] #8: Feasible / Total: 166814 / 199291
[2023-10-17 13:03:41.574] [info] #8: Feasible / Total: 166814 / 199291
[2023-10-17 13:03:41.574] [info] Graph is not D-reducible.
[2023-10-17 13:03:41.621] [info] Started C-reducibility check
[2023-10-17 13:12:52.256] [info] Trying 43574812 possible contractions
[2023-10-17 13:12:52.256] [info] [0/43574812] Starting contraction of size 1
[2023-10-17 13:13:29.824] [info] [47/43574812] Starting contraction of size 2
[2023-10-17 13:24:59.879] [info] [1048/43574812] Starting contraction of size 3
[2023-10-17 14:04:02.838] [info] All colors passed! Contracted: 18, 56, 60
[2023-10-17 14:04:02.838] [info] Graph is C-reducible!
