[2023-10-17 12:56:30.806] [info] Kempe type: Projective
[2023-10-17 12:56:30.806] [info] Vertex size: 30, Edge size: 51, Ring size: 12
[2023-10-17 12:56:30.897] [info] Started D-reducibility check
[2023-10-17 12:56:30.897] [info] #1: Feasible / Total: 4239 / 22144
[2023-10-17 12:56:32.774] [info] #2: Feasible / Total: 6775 / 22144
[2023-10-17 12:56:33.535] [info] #3: Feasible / Total: 9332 / 22144
[2023-10-17 12:56:34.317] [info] #4: Feasible / Total: 13047 / 22144
[2023-10-17 12:56:34.894] [info] #5: Feasible / Total: 17111 / 22144
[2023-10-17 12:56:35.089] [info] #6: Feasible / Total: 18107 / 22144
[2023-10-17 12:56:35.111] [info] #7: Feasible / Total: 18109 / 22144
[2023-10-17 12:56:35.130] [info] #7: Feasible / Total: 18109 / 22144
[2023-10-17 12:56:35.130] [info] Graph is not D-reducible.
[2023-10-17 12:56:35.134] [info] Started C-reducibility check
[2023-10-17 12:56:51.717] [info] Trying 6020866 possible contractions
[2023-10-17 12:56:51.717] [info] [0/6020866] Starting contraction of size 1
[2023-10-17 12:56:55.657] [info] [39/6020866] Starting contraction of size 2
[2023-10-17 12:58:07.777] [info] [714/6020866] Starting contraction of size 3
[2023-10-17 13:07:14.147] [info] [7577/6020866] Starting contraction of size 4
[2023-10-17 13:08:53.677] [info] All colors passed! Contracted: 27, 35, 40, 45
[2023-10-17 13:08:53.677] [info] Graph is C-reducible!
