[2023-10-17 12:56:33.368] [info] Kempe type: Projective
[2023-10-17 12:56:33.368] [info] Vertex size: 31, Edge size: 53, Ring size: 13
[2023-10-17 12:56:33.888] [info] Started D-reducibility check
[2023-10-17 12:56:33.889] [info] #1: Feasible / Total: 9485 / 66430
[2023-10-17 12:57:15.959] [info] #2: Feasible / Total: 14237 / 66430
[2023-10-17 12:57:33.392] [info] #3: Feasible / Total: 18130 / 66430
[2023-10-17 12:57:48.195] [info] #4: Feasible / Total: 22214 / 66430
[2023-10-17 12:58:02.540] [info] #5: Feasible / Total: 28005 / 66430
[2023-10-17 12:58:11.818] [info] #6: Feasible / Total: 37015 / 66430
[2023-10-17 12:58:18.750] [info] #7: Feasible / Total: 47411 / 66430
[2023-10-17 12:58:20.140] [info] #8: Feasible / Total: 50858 / 66430
[2023-10-17 12:58:20.573] [info] #9: Feasible / Total: 51271 / 66430
[2023-10-17 12:58:20.840] [info] #10: Feasible / Total: 51274 / 66430
[2023-10-17 12:58:21.146] [info] #10: Feasible / Total: 51274 / 66430
[2023-10-17 12:58:21.146] [info] Graph is not D-reducible.
[2023-10-17 12:58:21.163] [info] Started C-reducibility check
[2023-10-17 12:59:15.591] [info] Trying 8161492 possible contractions
[2023-10-17 12:59:15.591] [info] [0/8161492] Starting contraction of size 1
[2023-10-17 12:59:26.717] [info] [40/8161492] Starting contraction of size 2
[2023-10-17 13:01:54.593] [info] [753/8161492] Starting contraction of size 3
[2023-10-17 13:03:46.097] [info] All colors passed! Contracted: 26, 40, 46
[2023-10-17 13:03:46.097] [info] Graph is C-reducible!
