[2023-10-17 12:56:31.464] [info] Kempe type: Projective
[2023-10-17 12:56:31.464] [info] Vertex size: 35, Edge size: 60, Ring size: 15
[2023-10-17 12:56:37.211] [info] Started D-reducibility check
[2023-10-17 12:56:37.212] [info] #1: Feasible / Total: 58239 / 597871
[2023-10-17 13:05:15.548] [info] #2: Feasible / Total: 99669 / 597871
[2023-10-17 13:08:11.658] [info] #3: Feasible / Total: 131190 / 597871
[2023-10-17 13:10:25.104] [info] #4: Feasible / Total: 166171 / 597871
[2023-10-17 13:13:07.843] [info] #5: Feasible / Total: 213037 / 597871
[2023-10-17 13:16:45.850] [info] #6: Feasible / Total: 289566 / 597871
[2023-10-17 13:20:02.644] [info] #7: Feasible / Total: 398528 / 597871
[2023-10-17 13:20:51.568] [info] #8: Feasible / Total: 451168 / 597871
[2023-10-17 13:20:55.216] [info] #9: Feasible / Total: 452989 / 597871
[2023-10-17 13:20:57.049] [info] #9: Feasible / Total: 452989 / 597871
[2023-10-17 13:20:57.049] [info] Graph is not D-reducible.
[2023-10-17 13:20:57.117] [info] Started C-reducibility check
[2023-10-17 13:24:40.907] [info] Trying 28946842 possible contractions
[2023-10-17 13:24:40.907] [info] [0/28946842] Starting contraction of size 1
[2023-10-17 13:25:43.126] [info] [45/28946842] Starting contraction of size 2
[2023-10-17 13:43:42.534] [info] [960/28946842] Starting contraction of size 3
[2023-10-17 14:06:17.156] [info] All colors passed! Contracted: 15, 45, 56
[2023-10-17 14:06:17.156] [info] Graph is C-reducible!
