[2023-10-17 12:56:34.820] [info] Kempe type: Projective
[2023-10-17 12:56:34.820] [info] Vertex size: 31, Edge size: 53, Ring size: 13
[2023-10-17 12:56:35.232] [info] Started D-reducibility check
[2023-10-17 12:56:35.232] [info] #1: Feasible / Total: 9328 / 66430
[2023-10-17 12:56:56.467] [info] #2: Feasible / Total: 12371 / 66430
[2023-10-17 12:56:59.934] [info] #3: Feasible / Total: 14184 / 66430
[2023-10-17 12:57:02.774] [info] #4: Feasible / Total: 15451 / 66430
[2023-10-17 12:57:05.276] [info] #5: Feasible / Total: 16826 / 66430
[2023-10-17 12:57:07.859] [info] #6: Feasible / Total: 18600 / 66430
[2023-10-17 12:57:11.157] [info] #7: Feasible / Total: 20637 / 66430
[2023-10-17 12:57:14.931] [info] #8: Feasible / Total: 23261 / 66430
[2023-10-17 12:57:19.522] [info] #9: Feasible / Total: 27028 / 66430
[2023-10-17 12:57:25.813] [info] #10: Feasible / Total: 32789 / 66430
[2023-10-17 12:57:30.923] [info] #11: Feasible / Total: 40506 / 66430
[2023-10-17 12:57:35.110] [info] #12: Feasible / Total: 46441 / 66430
[2023-10-17 12:57:35.905] [info] #13: Feasible / Total: 47264 / 66430
[2023-10-17 12:57:36.182] [info] #13: Feasible / Total: 47264 / 66430
[2023-10-17 12:57:36.182] [info] Graph is not D-reducible.
[2023-10-17 12:57:36.204] [info] Started C-reducibility check
[2023-10-17 12:58:25.042] [info] Trying 8126230 possible contractions
[2023-10-17 12:58:25.042] [info] [0/8126230] Starting contraction of size 1
[2023-10-17 12:58:25.357] [info] All colors passed! Contracted: 38
[2023-10-17 12:58:25.357] [info] Graph is C-reducible!
