[2023-10-17 12:56:35.292] [info] Kempe type: Projective
[2023-10-17 12:56:35.292] [info] Vertex size: 30, Edge size: 51, Ring size: 12
[2023-10-17 12:56:35.562] [info] Started D-reducibility check
[2023-10-17 12:56:35.562] [info] #1: Feasible / Total: 4112 / 22144
[2023-10-17 12:56:39.532] [info] #2: Feasible / Total: 5518 / 22144
[2023-10-17 12:56:42.419] [info] #3: Feasible / Total: 6898 / 22144
[2023-10-17 12:56:44.789] [info] #4: Feasible / Total: 7807 / 22144
[2023-10-17 12:56:47.537] [info] #5: Feasible / Total: 8641 / 22144
[2023-10-17 12:56:51.141] [info] #6: Feasible / Total: 9974 / 22144
[2023-10-17 12:56:54.652] [info] #7: Feasible / Total: 11604 / 22144
[2023-10-17 12:56:57.546] [info] #8: Feasible / Total: 13571 / 22144
[2023-10-17 12:57:01.001] [info] #9: Feasible / Total: 16371 / 22144
[2023-10-17 12:57:01.742] [info] #10: Feasible / Total: 17220 / 22144
[2023-10-17 12:57:01.931] [info] #11: Feasible / Total: 17248 / 22144
[2023-10-17 12:57:02.059] [info] #11: Feasible / Total: 17248 / 22144
[2023-10-17 12:57:02.082] [info] Graph is not D-reducible.
[2023-10-17 12:57:02.085] [info] Started C-reducibility check
[2023-10-17 12:58:11.234] [info] Trying 5993678 possible contractions
[2023-10-17 12:58:11.258] [info] [0/5993678] Starting contraction of size 1
[2023-10-17 12:58:14.842] [info] [39/5993678] Starting contraction of size 2
[2023-10-17 12:59:07.525] [info] [714/5993678] Starting contraction of size 3
[2023-10-17 13:03:44.021] [info] [7576/5993678] Starting contraction of size 4
[2023-10-17 13:06:44.747] [info] All colors passed! Contracted: 28, 29, 31, 43
[2023-10-17 13:06:44.747] [info] Graph is C-reducible!
