[2023-10-17 12:56:37.696] [info] Kempe type: Projective
[2023-10-17 12:56:37.696] [info] Vertex size: 27, Edge size: 46, Ring size: 11
[2023-10-17 12:56:37.782] [info] Started D-reducibility check
[2023-10-17 12:56:37.782] [info] #1: Feasible / Total: 1573 / 7381
[2023-10-17 12:56:38.493] [info] #2: Feasible / Total: 1831 / 7381
[2023-10-17 12:56:38.694] [info] #3: Feasible / Total: 1969 / 7381
[2023-10-17 12:56:38.888] [info] #4: Feasible / Total: 2043 / 7381
[2023-10-17 12:56:39.010] [info] #5: Feasible / Total: 2089 / 7381
[2023-10-17 12:56:39.124] [info] #6: Feasible / Total: 2101 / 7381
[2023-10-17 12:56:39.214] [info] #7: Feasible / Total: 2103 / 7381
[2023-10-17 12:56:39.317] [info] #7: Feasible / Total: 2103 / 7381
[2023-10-17 12:56:39.317] [info] Graph is not D-reducible.
[2023-10-17 12:56:39.318] [info] Started C-reducibility check
[2023-10-17 12:57:00.435] [info] Trying 1886587 possible contractions
[2023-10-17 12:57:00.436] [info] [0/1886587] Starting contraction of size 1
[2023-10-17 12:57:03.238] [info] [35/1886587] Starting contraction of size 2
[2023-10-17 12:57:34.250] [info] [571/1886587] Starting contraction of size 3
[2023-10-17 12:59:49.550] [info] [5317/1886587] Starting contraction of size 4
[2023-10-17 13:05:26.292] [info] [32408/1886587] Starting contraction of size 5
[2023-10-17 13:17:35.391] [info] [137907/1886587] Starting contraction of size 6
[2023-10-17 13:40:31.813] [info] All colors passed! Contracted: 24, 27, 28, 29, 40, 44
[2023-10-17 13:40:31.813] [info] Graph is C-reducible!
