[2023-10-17 12:56:34.803] [info] Kempe type: Projective
[2023-10-17 12:56:34.803] [info] Vertex size: 27, Edge size: 46, Ring size: 11
[2023-10-17 12:56:34.822] [info] Started D-reducibility check
[2023-10-17 12:56:34.847] [info] #1: Feasible / Total: 1648 / 7381
[2023-10-17 12:56:35.277] [info] #2: Feasible / Total: 2192 / 7381
[2023-10-17 12:56:35.624] [info] #3: Feasible / Total: 2663 / 7381
[2023-10-17 12:56:35.940] [info] #4: Feasible / Total: 2962 / 7381
[2023-10-17 12:56:36.246] [info] #5: Feasible / Total: 3247 / 7381
[2023-10-17 12:56:36.523] [info] #6: Feasible / Total: 3561 / 7381
[2023-10-17 12:56:36.767] [info] #7: Feasible / Total: 3875 / 7381
[2023-10-17 12:56:36.962] [info] #8: Feasible / Total: 4081 / 7381
[2023-10-17 12:56:37.124] [info] #9: Feasible / Total: 4400 / 7381
[2023-10-17 12:56:37.320] [info] #10: Feasible / Total: 4727 / 7381
[2023-10-17 12:56:37.561] [info] #11: Feasible / Total: 5245 / 7381
[2023-10-17 12:56:37.722] [info] #12: Feasible / Total: 5738 / 7381
[2023-10-17 12:56:37.808] [info] #13: Feasible / Total: 5936 / 7381
[2023-10-17 12:56:37.849] [info] #14: Feasible / Total: 5941 / 7381
[2023-10-17 12:56:37.854] [info] #14: Feasible / Total: 5941 / 7381
[2023-10-17 12:56:37.854] [info] Graph is not D-reducible.
[2023-10-17 12:56:37.882] [info] Started C-reducibility check
[2023-10-17 12:56:58.644] [info] Trying 1886624 possible contractions
[2023-10-17 12:56:58.644] [info] [0/1886624] Starting contraction of size 1
[2023-10-17 12:56:58.754] [info] All colors passed! Contracted: 31
[2023-10-17 12:56:58.754] [info] Graph is C-reducible!
