[2023-10-17 12:56:35.128] [info] Kempe type: Projective
[2023-10-17 12:56:35.128] [info] Vertex size: 27, Edge size: 46, Ring size: 11
[2023-10-17 12:56:35.229] [info] Started D-reducibility check
[2023-10-17 12:56:35.229] [info] #1: Feasible / Total: 1603 / 7381
[2023-10-17 12:56:36.320] [info] #2: Feasible / Total: 2296 / 7381
[2023-10-17 12:56:36.775] [info] #3: Feasible / Total: 2699 / 7381
[2023-10-17 12:56:37.182] [info] #4: Feasible / Total: 3128 / 7381
[2023-10-17 12:56:37.580] [info] #5: Feasible / Total: 3550 / 7381
[2023-10-17 12:56:37.782] [info] #6: Feasible / Total: 3754 / 7381
[2023-10-17 12:56:37.897] [info] #7: Feasible / Total: 3827 / 7381
[2023-10-17 12:56:37.978] [info] #8: Feasible / Total: 3863 / 7381
[2023-10-17 12:56:38.056] [info] #9: Feasible / Total: 3876 / 7381
[2023-10-17 12:56:38.116] [info] #10: Feasible / Total: 3879 / 7381
[2023-10-17 12:56:38.176] [info] #10: Feasible / Total: 3879 / 7381
[2023-10-17 12:56:38.176] [info] Graph is not D-reducible.
[2023-10-17 12:56:38.177] [info] Started C-reducibility check
[2023-10-17 12:56:59.563] [info] Trying 1887583 possible contractions
[2023-10-17 12:56:59.586] [info] [0/1887583] Starting contraction of size 1
[2023-10-17 12:57:02.328] [info] [35/1887583] Starting contraction of size 2
[2023-10-17 12:57:33.742] [info] [571/1887583] Starting contraction of size 3
[2023-10-17 12:59:47.355] [info] [5317/1887583] Starting contraction of size 4
[2023-10-17 13:05:28.744] [info] [32409/1887583] Starting contraction of size 5
[2023-10-17 13:17:31.542] [info] [137925/1887583] Starting contraction of size 6
[2023-10-17 13:19:56.033] [info] All colors passed! Contracted: 29, 30, 33, 35, 38, 44
[2023-10-17 13:19:56.033] [info] Graph is C-reducible!
